<?xml version="1.0" encoding="UTF-8"?>
<testsuite name="RecipesApplicationTest" tests="1" skipped="0" failures="0" errors="0" timestamp="2023-02-15T17:25:55" hostname="kronos-Olympos" time="29.564">
  <properties/>
  <testcase name="start" classname="RecipesApplicationTest" time="29.564"/>
  <system-out><![CDATA[?[1;31m
Start test 1?[0m
?[0;34m
?[0m?[0;34m  .   ____          _            __ _ _
?[0m?[0;34m /\\ / ___'_ __ _ _(_)_ __  __ _ \ \ \ \
?[0m?[0;34m( ( )\___ | '_ | '_| | '_ \/ _` | \ \ \ \
?[0m?[0;34m \\/  ___)| |_)| | | | | || (_| |  ) ) ) )
?[0m?[0;34m  '  |____| .__|_| |_|_| |_\__, | / / / /
?[0m?[0;34m =========|_|==============|___/=/_/_/_/
?[0m?[0;34m :: Spring Boot ::                (v2.5.6)
?[0m?[0;34m
?[0m?[0;34m2023-02-15 18:25:56.139  INFO 1091321 --- [    Test worker] recipes.RecipesApplication               : Starting RecipesApplication using Java 17.0.6 on kronos-Olympos with PID 1091321 (started by kronos in /home/kronos/IdeaProjects/Recipes/Recipes/task)
?[0m?[0;34m2023-02-15 18:25:56.141  INFO 1091321 --- [    Test worker] recipes.RecipesApplication               : No active profile set, falling back to default profiles: default
?[0m?[0;34m2023-02-15 18:25:56.647  INFO 1091321 --- [    Test worker] .s.d.r.c.RepositoryConfigurationDelegate : Bootstrapping Spring Data JPA repositories in DEFAULT mode.
?[0m?[0;34m2023-02-15 18:25:56.675  INFO 1091321 --- [    Test worker] .s.d.r.c.RepositoryConfigurationDelegate : Finished Spring Data repository scanning in 24 ms. Found 2 JPA repository interfaces.
?[0m?[0;34m2023-02-15 18:25:57.013  INFO 1091321 --- [    Test worker] o.s.b.w.embedded.tomcat.TomcatWebServer  : Tomcat initialized with port(s): 8881 (http)
?[0m?[0;34m2023-02-15 18:25:57.021  INFO 1091321 --- [    Test worker] o.apache.catalina.core.StandardService   : Starting service [Tomcat]
?[0m?[0;34m2023-02-15 18:25:57.022  INFO 1091321 --- [    Test worker] org.apache.catalina.core.StandardEngine  : Starting Servlet engine: [Apache Tomcat/9.0.54]
?[0m?[0;34m2023-02-15 18:25:57.082  INFO 1091321 --- [    Test worker] o.a.c.c.C.[Tomcat].[localhost].[/]       : Initializing Spring embedded WebApplicationContext
?[0m?[0;34m2023-02-15 18:25:57.083  INFO 1091321 --- [    Test worker] w.s.c.ServletWebServerApplicationContext : Root WebApplicationContext: initialization completed in 920 ms
?[0m?[0;34m2023-02-15 18:25:57.312  INFO 1091321 --- [    Test worker] o.hibernate.jpa.internal.util.LogHelper  : HHH000204: Processing PersistenceUnitInfo [name: default]
?[0m?[0;34m2023-02-15 18:25:57.344  INFO 1091321 --- [    Test worker] org.hibernate.Version                    : HHH000412: Hibernate ORM core version 5.4.32.Final
?[0m?[0;34m2023-02-15 18:25:57.427  INFO 1091321 --- [    Test worker] o.hibernate.annotations.common.Version   : HCANN000001: Hibernate Commons Annotations {5.1.2.Final}
?[0m?[0;34m2023-02-15 18:25:57.495  INFO 1091321 --- [    Test worker] com.zaxxer.hikari.HikariDataSource       : HikariPool-1 - Starting...
?[0m?[0;34m2023-02-15 18:25:57.611  INFO 1091321 --- [    Test worker] com.zaxxer.hikari.HikariDataSource       : HikariPool-1 - Start completed.
?[0m?[0;34m2023-02-15 18:25:57.620  INFO 1091321 --- [    Test worker] org.hibernate.dialect.Dialect            : HHH000400: Using dialect: org.hibernate.dialect.H2Dialect
?[0m?[0;34m2023-02-15 18:25:58.031  INFO 1091321 --- [    Test worker] o.h.e.t.j.p.i.JtaPlatformInitiator       : HHH000490: Using JtaPlatform implementation: [org.hibernate.engine.transaction.jta.platform.internal.NoJtaPlatform]
?[0m?[0;34m2023-02-15 18:25:58.035  INFO 1091321 --- [    Test worker] j.LocalContainerEntityManagerFactoryBean : Initialized JPA EntityManagerFactory for persistence unit 'default'
?[0m?[0;34m2023-02-15 18:25:58.079  WARN 1091321 --- [    Test worker] JpaBaseConfiguration$JpaWebConfiguration : spring.jpa.open-in-view is enabled by default. Therefore, database queries may be performed during view rendering. Explicitly configure spring.jpa.open-in-view to disable this warning
?[0m?[0;34m2023-02-15 18:25:58.633  INFO 1091321 --- [    Test worker] o.s.b.a.e.web.EndpointLinksResolver      : Exposing 14 endpoint(s) beneath base path '/actuator'
?[0m?[0;34m2023-02-15 18:25:58.660 DEBUG 1091321 --- [    Test worker] edFilterInvocationSecurityMetadataSource : Adding web access control expression [authenticated] for Mvc [pattern='/api/recipe/**']
?[0m?[0;34m2023-02-15 18:25:58.661 DEBUG 1091321 --- [    Test worker] edFilterInvocationSecurityMetadataSource : Adding web access control expression [permitAll] for Mvc [pattern='/api/register']
?[0m?[0;34m2023-02-15 18:25:58.661 DEBUG 1091321 --- [    Test worker] edFilterInvocationSecurityMetadataSource : Adding web access control expression [permitAll] for Mvc [pattern='/*']
?[0m?[0;34m2023-02-15 18:25:58.666  INFO 1091321 --- [    Test worker] o.s.s.web.DefaultSecurityFilterChain     : Will secure any request with [org.springframework.security.web.context.request.async.WebAsyncManagerIntegrationFilter@193792e6, org.springframework.security.web.context.SecurityContextPersistenceFilter@73dc7db0, org.springframework.security.web.header.HeaderWriterFilter@1b83fac3, org.springframework.security.web.authentication.logout.LogoutFilter@341141ab, org.springframework.security.web.authentication.www.BasicAuthenticationFilter@220d7eb7, org.springframework.security.web.savedrequest.RequestCacheAwareFilter@319ea996, org.springframework.security.web.servletapi.SecurityContextHolderAwareRequestFilter@6c0bf8f4, org.springframework.security.web.authentication.AnonymousAuthenticationFilter@21f9a305, org.springframework.security.web.session.SessionManagementFilter@3533d790, org.springframework.security.web.access.ExceptionTranslationFilter@3f7bf0f6, org.springframework.security.web.access.intercept.FilterSecurityInterceptor@4d204b30]
?[0m?[0;34m2023-02-15 18:25:58.815  INFO 1091321 --- [    Test worker] o.s.b.w.embedded.tomcat.TomcatWebServer  : Tomcat started on port(s): 8881 (http) with context path ''
?[0m?[0;34m2023-02-15 18:25:58.826  INFO 1091321 --- [    Test worker] recipes.RecipesApplication               : Started RecipesApplication in 2.899 seconds (JVM running for 3.316)
?[0;34m2023-02-15 18:25:59.029  INFO 1091321 --- [nio-8881-exec-1] o.a.c.c.C.[Tomcat].[localhost].[/]       : Initializing Spring DispatcherServlet 'dispatcherServlet'
?[0m?[0;34m2023-02-15 18:25:59.030  INFO 1091321 --- [nio-8881-exec-1] o.s.web.servlet.DispatcherServlet        : Initializing Servlet 'dispatcherServlet'
?[0m?[0;34m2023-02-15 18:25:59.031  INFO 1091321 --- [nio-8881-exec-1] o.s.web.servlet.DispatcherServlet        : Completed initialization in 1 ms
?[0m?[0;34m2023-02-15 18:25:59.036 DEBUG 1091321 --- [nio-8881-exec-1] o.s.security.web.FilterChainProxy        : Securing POST /api/register
?[0m?[0;34m2023-02-15 18:25:59.038 DEBUG 1091321 --- [nio-8881-exec-1] s.s.w.c.SecurityContextPersistenceFilter : Set SecurityContextHolder to empty SecurityContext
?[0m?[0;34m2023-02-15 18:25:59.040 DEBUG 1091321 --- [nio-8881-exec-1] o.s.s.w.a.AnonymousAuthenticationFilter  : Set SecurityContextHolder to anonymous SecurityContext
?[0m?[0;34m2023-02-15 18:25:59.050 DEBUG 1091321 --- [nio-8881-exec-1] o.s.s.w.a.i.FilterSecurityInterceptor    : Authorized filter invocation [POST /api/register] with attributes [permitAll]
?[0m?[0;34m2023-02-15 18:25:59.051 DEBUG 1091321 --- [nio-8881-exec-1] o.s.security.web.FilterChainProxy        : Secured POST /api/register
?[0m?[0;34m2023-02-15 18:25:59.266 DEBUG 1091321 --- [nio-8881-exec-1] w.c.HttpSessionSecurityContextRepository : Did not store anonymous SecurityContext
?[0m?[0;34m2023-02-15 18:25:59.267 DEBUG 1091321 --- [nio-8881-exec-1] s.s.w.c.SecurityContextPersistenceFilter : Cleared SecurityContextHolder to complete request
?[0m?[1;31m
Start test 2?[0m
?[0;34m2023-02-15 18:25:59.277 DEBUG 1091321 --- [nio-8881-exec-2] o.s.security.web.FilterChainProxy        : Securing POST /api/register
?[0m?[0;34m2023-02-15 18:25:59.277 DEBUG 1091321 --- [nio-8881-exec-2] s.s.w.c.SecurityContextPersistenceFilter : Set SecurityContextHolder to empty SecurityContext
?[0m?[0;34m2023-02-15 18:25:59.278 DEBUG 1091321 --- [nio-8881-exec-2] o.s.s.w.a.AnonymousAuthenticationFilter  : Set SecurityContextHolder to anonymous SecurityContext
?[0m?[0;34m2023-02-15 18:25:59.279 DEBUG 1091321 --- [nio-8881-exec-2] o.s.s.w.a.i.FilterSecurityInterceptor    : Authorized filter invocation [POST /api/register] with attributes [permitAll]
?[0m?[0;34m2023-02-15 18:25:59.279 DEBUG 1091321 --- [nio-8881-exec-2] o.s.security.web.FilterChainProxy        : Secured POST /api/register
?[0m?[0;34m2023-02-15 18:25:59.285 DEBUG 1091321 --- [nio-8881-exec-2] w.c.HttpSessionSecurityContextRepository : Did not store anonymous SecurityContext
?[0m?[0;34m2023-02-15 18:25:59.286 DEBUG 1091321 --- [nio-8881-exec-2] w.c.HttpSessionSecurityContextRepository : Did not store anonymous SecurityContext
?[0m?[0;34m2023-02-15 18:25:59.286 DEBUG 1091321 --- [nio-8881-exec-2] s.s.w.c.SecurityContextPersistenceFilter : Cleared SecurityContextHolder to complete request
?[0m?[0;34m2023-02-15 18:25:59.288 DEBUG 1091321 --- [nio-8881-exec-2] o.s.security.web.FilterChainProxy        : Securing POST /error
?[0m?[0;34m2023-02-15 18:25:59.288 DEBUG 1091321 --- [nio-8881-exec-2] s.s.w.c.SecurityContextPersistenceFilter : Set SecurityContextHolder to empty SecurityContext
?[0m?[0;34m2023-02-15 18:25:59.288 DEBUG 1091321 --- [nio-8881-exec-2] o.s.s.w.a.AnonymousAuthenticationFilter  : Set SecurityContextHolder to anonymous SecurityContext
?[0m?[0;34m2023-02-15 18:25:59.288 DEBUG 1091321 --- [nio-8881-exec-2] o.s.security.web.FilterChainProxy        : Secured POST /error
?[0m?[0;34m2023-02-15 18:25:59.301 DEBUG 1091321 --- [nio-8881-exec-2] w.c.HttpSessionSecurityContextRepository : Did not store anonymous SecurityContext
?[0m?[0;34m2023-02-15 18:25:59.302 DEBUG 1091321 --- [nio-8881-exec-2] w.c.HttpSessionSecurityContextRepository : Did not store anonymous SecurityContext
?[0m?[0;34m2023-02-15 18:25:59.302 DEBUG 1091321 --- [nio-8881-exec-2] s.s.w.c.SecurityContextPersistenceFilter : Cleared SecurityContextHolder to complete request
?[1;31m
Start test 3?[0m
?[0;34m2023-02-15 18:25:59.307 DEBUG 1091321 --- [nio-8881-exec-3] o.s.security.web.FilterChainProxy        : Securing POST /api/register
?[0m?[0;34m2023-02-15 18:25:59.307 DEBUG 1091321 --- [nio-8881-exec-3] s.s.w.c.SecurityContextPersistenceFilter : Set SecurityContextHolder to empty SecurityContext
?[0m?[0;34m2023-02-15 18:25:59.307 DEBUG 1091321 --- [nio-8881-exec-3] o.s.s.w.a.AnonymousAuthenticationFilter  : Set SecurityContextHolder to anonymous SecurityContext
?[0m?[0;34m2023-02-15 18:25:59.308 DEBUG 1091321 --- [nio-8881-exec-3] o.s.s.w.a.i.FilterSecurityInterceptor    : Authorized filter invocation [POST /api/register] with attributes [permitAll]
?[0m?[0;34m2023-02-15 18:25:59.308 DEBUG 1091321 --- [nio-8881-exec-3] o.s.security.web.FilterChainProxy        : Secured POST /api/register
?[0m?[0;34m2023-02-15 18:25:59.370 DEBUG 1091321 --- [nio-8881-exec-3] w.c.HttpSessionSecurityContextRepository : Did not store anonymous SecurityContext
?[0m?[0;34m2023-02-15 18:25:59.371 DEBUG 1091321 --- [nio-8881-exec-3] s.s.w.c.SecurityContextPersistenceFilter : Cleared SecurityContextHolder to complete request
?[1;31m
Start test 4?[0m
?[0;34m2023-02-15 18:25:59.376 DEBUG 1091321 --- [nio-8881-exec-4] o.s.security.web.FilterChainProxy        : Securing POST /api/register
?[0m?[0;34m2023-02-15 18:25:59.376 DEBUG 1091321 --- [nio-8881-exec-4] s.s.w.c.SecurityContextPersistenceFilter : Set SecurityContextHolder to empty SecurityContext
?[0m?[0;34m2023-02-15 18:25:59.376 DEBUG 1091321 --- [nio-8881-exec-4] o.s.s.w.a.AnonymousAuthenticationFilter  : Set SecurityContextHolder to anonymous SecurityContext
?[0m?[0;34m2023-02-15 18:25:59.377 DEBUG 1091321 --- [nio-8881-exec-4] o.s.s.w.a.i.FilterSecurityInterceptor    : Authorized filter invocation [POST /api/register] with attributes [permitAll]
?[0m?[0;34m2023-02-15 18:25:59.378 DEBUG 1091321 --- [nio-8881-exec-4] o.s.security.web.FilterChainProxy        : Secured POST /api/register
?[0m?[0;34m2023-02-15 18:25:59.440 DEBUG 1091321 --- [nio-8881-exec-4] w.c.HttpSessionSecurityContextRepository : Did not store anonymous SecurityContext
?[0m?[0;34m2023-02-15 18:25:59.440 DEBUG 1091321 --- [nio-8881-exec-4] s.s.w.c.SecurityContextPersistenceFilter : Cleared SecurityContextHolder to complete request
?[1;31m
Start test 5?[0m
?[0;34m2023-02-15 18:25:59.445 DEBUG 1091321 --- [nio-8881-exec-5] o.s.security.web.FilterChainProxy        : Securing POST /api/register
?[0m?[0;34m2023-02-15 18:25:59.445 DEBUG 1091321 --- [nio-8881-exec-5] s.s.w.c.SecurityContextPersistenceFilter : Set SecurityContextHolder to empty SecurityContext
?[0m?[0;34m2023-02-15 18:25:59.446 DEBUG 1091321 --- [nio-8881-exec-5] o.s.s.w.a.AnonymousAuthenticationFilter  : Set SecurityContextHolder to anonymous SecurityContext
?[0m?[0;34m2023-02-15 18:25:59.447 DEBUG 1091321 --- [nio-8881-exec-5] o.s.s.w.a.i.FilterSecurityInterceptor    : Authorized filter invocation [POST /api/register] with attributes [permitAll]
?[0m?[0;34m2023-02-15 18:25:59.447 DEBUG 1091321 --- [nio-8881-exec-5] o.s.security.web.FilterChainProxy        : Secured POST /api/register
?[0m?[0;34m2023-02-15 18:25:59.449 DEBUG 1091321 --- [nio-8881-exec-5] w.c.HttpSessionSecurityContextRepository : Did not store anonymous SecurityContext
?[0m?[0;34m2023-02-15 18:25:59.450 DEBUG 1091321 --- [nio-8881-exec-5] w.c.HttpSessionSecurityContextRepository : Did not store anonymous SecurityContext
?[0m?[0;34m2023-02-15 18:25:59.450 DEBUG 1091321 --- [nio-8881-exec-5] s.s.w.c.SecurityContextPersistenceFilter : Cleared SecurityContextHolder to complete request
?[0m?[0;34m2023-02-15 18:25:59.450 DEBUG 1091321 --- [nio-8881-exec-5] o.s.security.web.FilterChainProxy        : Securing POST /error
?[0m?[0;34m2023-02-15 18:25:59.450 DEBUG 1091321 --- [nio-8881-exec-5] s.s.w.c.SecurityContextPersistenceFilter : Set SecurityContextHolder to empty SecurityContext
?[0m?[0;34m2023-02-15 18:25:59.450 DEBUG 1091321 --- [nio-8881-exec-5] o.s.s.w.a.AnonymousAuthenticationFilter  : Set SecurityContextHolder to anonymous SecurityContext
?[0m?[0;34m2023-02-15 18:25:59.450 DEBUG 1091321 --- [nio-8881-exec-5] o.s.security.web.FilterChainProxy        : Secured POST /error
?[0m?[0;34m2023-02-15 18:25:59.451 DEBUG 1091321 --- [nio-8881-exec-5] w.c.HttpSessionSecurityContextRepository : Did not store anonymous SecurityContext
?[0m?[0;34m2023-02-15 18:25:59.452 DEBUG 1091321 --- [nio-8881-exec-5] w.c.HttpSessionSecurityContextRepository : Did not store anonymous SecurityContext
?[0m?[0;34m2023-02-15 18:25:59.452 DEBUG 1091321 --- [nio-8881-exec-5] s.s.w.c.SecurityContextPersistenceFilter : Cleared SecurityContextHolder to complete request
?[1;31m
Start test 6?[0m
?[0;34m2023-02-15 18:25:59.456 DEBUG 1091321 --- [nio-8881-exec-6] o.s.security.web.FilterChainProxy        : Securing POST /api/register
?[0m?[0;34m2023-02-15 18:25:59.456 DEBUG 1091321 --- [nio-8881-exec-6] s.s.w.c.SecurityContextPersistenceFilter : Set SecurityContextHolder to empty SecurityContext
?[0m?[0;34m2023-02-15 18:25:59.456 DEBUG 1091321 --- [nio-8881-exec-6] o.s.s.w.a.AnonymousAuthenticationFilter  : Set SecurityContextHolder to anonymous SecurityContext
?[0m?[0;34m2023-02-15 18:25:59.457 DEBUG 1091321 --- [nio-8881-exec-6] o.s.s.w.a.i.FilterSecurityInterceptor    : Authorized filter invocation [POST /api/register] with attributes [permitAll]
?[0m?[0;34m2023-02-15 18:25:59.457 DEBUG 1091321 --- [nio-8881-exec-6] o.s.security.web.FilterChainProxy        : Secured POST /api/register
?[0m?[0;34m2023-02-15 18:25:59.459 DEBUG 1091321 --- [nio-8881-exec-6] w.c.HttpSessionSecurityContextRepository : Did not store anonymous SecurityContext
?[0m?[0;34m2023-02-15 18:25:59.460 DEBUG 1091321 --- [nio-8881-exec-6] w.c.HttpSessionSecurityContextRepository : Did not store anonymous SecurityContext
?[0m?[0;34m2023-02-15 18:25:59.460 DEBUG 1091321 --- [nio-8881-exec-6] s.s.w.c.SecurityContextPersistenceFilter : Cleared SecurityContextHolder to complete request
?[0m?[0;34m2023-02-15 18:25:59.460 DEBUG 1091321 --- [nio-8881-exec-6] o.s.security.web.FilterChainProxy        : Securing POST /error
?[0m?[0;34m2023-02-15 18:25:59.460 DEBUG 1091321 --- [nio-8881-exec-6] s.s.w.c.SecurityContextPersistenceFilter : Set SecurityContextHolder to empty SecurityContext
?[0m?[0;34m2023-02-15 18:25:59.460 DEBUG 1091321 --- [nio-8881-exec-6] o.s.s.w.a.AnonymousAuthenticationFilter  : Set SecurityContextHolder to anonymous SecurityContext
?[0m?[0;34m2023-02-15 18:25:59.460 DEBUG 1091321 --- [nio-8881-exec-6] o.s.security.web.FilterChainProxy        : Secured POST /error
?[0m?[0;34m2023-02-15 18:25:59.462 DEBUG 1091321 --- [nio-8881-exec-6] w.c.HttpSessionSecurityContextRepository : Did not store anonymous SecurityContext
?[0m?[0;34m2023-02-15 18:25:59.462 DEBUG 1091321 --- [nio-8881-exec-6] w.c.HttpSessionSecurityContextRepository : Did not store anonymous SecurityContext
?[0m?[0;34m2023-02-15 18:25:59.462 DEBUG 1091321 --- [nio-8881-exec-6] s.s.w.c.SecurityContextPersistenceFilter : Cleared SecurityContextHolder to complete request
?[1;31m
Start test 7?[0m
?[0;34m2023-02-15 18:25:59.466 DEBUG 1091321 --- [nio-8881-exec-7] o.s.security.web.FilterChainProxy        : Securing POST /api/register
?[0m?[0;34m2023-02-15 18:25:59.466 DEBUG 1091321 --- [nio-8881-exec-7] s.s.w.c.SecurityContextPersistenceFilter : Set SecurityContextHolder to empty SecurityContext
?[0m?[0;34m2023-02-15 18:25:59.466 DEBUG 1091321 --- [nio-8881-exec-7] o.s.s.w.a.AnonymousAuthenticationFilter  : Set SecurityContextHolder to anonymous SecurityContext
?[0m?[0;34m2023-02-15 18:25:59.467 DEBUG 1091321 --- [nio-8881-exec-7] o.s.s.w.a.i.FilterSecurityInterceptor    : Authorized filter invocation [POST /api/register] with attributes [permitAll]
?[0m?[0;34m2023-02-15 18:25:59.467 DEBUG 1091321 --- [nio-8881-exec-7] o.s.security.web.FilterChainProxy        : Secured POST /api/register
?[0m?[0;34m2023-02-15 18:25:59.469 DEBUG 1091321 --- [nio-8881-exec-7] w.c.HttpSessionSecurityContextRepository : Did not store anonymous SecurityContext
?[0m?[0;34m2023-02-15 18:25:59.470 DEBUG 1091321 --- [nio-8881-exec-7] w.c.HttpSessionSecurityContextRepository : Did not store anonymous SecurityContext
?[0m?[0;34m2023-02-15 18:25:59.470 DEBUG 1091321 --- [nio-8881-exec-7] s.s.w.c.SecurityContextPersistenceFilter : Cleared SecurityContextHolder to complete request
?[0m?[0;34m2023-02-15 18:25:59.470 DEBUG 1091321 --- [nio-8881-exec-7] o.s.security.web.FilterChainProxy        : Securing POST /error
?[0m?[0;34m2023-02-15 18:25:59.470 DEBUG 1091321 --- [nio-8881-exec-7] s.s.w.c.SecurityContextPersistenceFilter : Set SecurityContextHolder to empty SecurityContext
?[0m?[0;34m2023-02-15 18:25:59.470 DEBUG 1091321 --- [nio-8881-exec-7] o.s.s.w.a.AnonymousAuthenticationFilter  : Set SecurityContextHolder to anonymous SecurityContext
?[0m?[0;34m2023-02-15 18:25:59.470 DEBUG 1091321 --- [nio-8881-exec-7] o.s.security.web.FilterChainProxy        : Secured POST /error
?[0m?[0;34m2023-02-15 18:25:59.471 DEBUG 1091321 --- [nio-8881-exec-7] w.c.HttpSessionSecurityContextRepository : Did not store anonymous SecurityContext
?[0m?[0;34m2023-02-15 18:25:59.472 DEBUG 1091321 --- [nio-8881-exec-7] w.c.HttpSessionSecurityContextRepository : Did not store anonymous SecurityContext
?[0m?[0;34m2023-02-15 18:25:59.472 DEBUG 1091321 --- [nio-8881-exec-7] s.s.w.c.SecurityContextPersistenceFilter : Cleared SecurityContextHolder to complete request
?[1;31m
Start test 8?[0m
?[0;34m2023-02-15 18:25:59.476 DEBUG 1091321 --- [nio-8881-exec-8] o.s.security.web.FilterChainProxy        : Securing POST /api/register
?[0m?[0;34m2023-02-15 18:25:59.476 DEBUG 1091321 --- [nio-8881-exec-8] s.s.w.c.SecurityContextPersistenceFilter : Set SecurityContextHolder to empty SecurityContext
?[0m?[0;34m2023-02-15 18:25:59.476 DEBUG 1091321 --- [nio-8881-exec-8] o.s.s.w.a.AnonymousAuthenticationFilter  : Set SecurityContextHolder to anonymous SecurityContext
?[0m?[0;34m2023-02-15 18:25:59.477 DEBUG 1091321 --- [nio-8881-exec-8] o.s.s.w.a.i.FilterSecurityInterceptor    : Authorized filter invocation [POST /api/register] with attributes [permitAll]
?[0m?[0;34m2023-02-15 18:25:59.477 DEBUG 1091321 --- [nio-8881-exec-8] o.s.security.web.FilterChainProxy        : Secured POST /api/register
?[0m?[0;34m2023-02-15 18:25:59.479 DEBUG 1091321 --- [nio-8881-exec-8] w.c.HttpSessionSecurityContextRepository : Did not store anonymous SecurityContext
?[0m?[0;34m2023-02-15 18:25:59.480 DEBUG 1091321 --- [nio-8881-exec-8] w.c.HttpSessionSecurityContextRepository : Did not store anonymous SecurityContext
?[0m?[0;34m2023-02-15 18:25:59.480 DEBUG 1091321 --- [nio-8881-exec-8] s.s.w.c.SecurityContextPersistenceFilter : Cleared SecurityContextHolder to complete request
?[0m?[0;34m2023-02-15 18:25:59.480 DEBUG 1091321 --- [nio-8881-exec-8] o.s.security.web.FilterChainProxy        : Securing POST /error
?[0m?[0;34m2023-02-15 18:25:59.480 DEBUG 1091321 --- [nio-8881-exec-8] s.s.w.c.SecurityContextPersistenceFilter : Set SecurityContextHolder to empty SecurityContext
?[0m?[0;34m2023-02-15 18:25:59.480 DEBUG 1091321 --- [nio-8881-exec-8] o.s.s.w.a.AnonymousAuthenticationFilter  : Set SecurityContextHolder to anonymous SecurityContext
?[0m?[0;34m2023-02-15 18:25:59.480 DEBUG 1091321 --- [nio-8881-exec-8] o.s.security.web.FilterChainProxy        : Secured POST /error
?[0m?[0;34m2023-02-15 18:25:59.481 DEBUG 1091321 --- [nio-8881-exec-8] w.c.HttpSessionSecurityContextRepository : Did not store anonymous SecurityContext
?[0m?[0;34m2023-02-15 18:25:59.482 DEBUG 1091321 --- [nio-8881-exec-8] w.c.HttpSessionSecurityContextRepository : Did not store anonymous SecurityContext
?[0m?[0;34m2023-02-15 18:25:59.482 DEBUG 1091321 --- [nio-8881-exec-8] s.s.w.c.SecurityContextPersistenceFilter : Cleared SecurityContextHolder to complete request
?[1;31m
Start test 9?[0m
?[0;34m2023-02-15 18:25:59.487 DEBUG 1091321 --- [nio-8881-exec-9] o.s.security.web.FilterChainProxy        : Securing POST /api/recipe/new
?[0m?[0;34m2023-02-15 18:25:59.487 DEBUG 1091321 --- [nio-8881-exec-9] s.s.w.c.SecurityContextPersistenceFilter : Set SecurityContextHolder to empty SecurityContext
?[0m?[0;34m2023-02-15 18:25:59.606 DEBUG 1091321 --- [nio-8881-exec-9] o.s.s.a.dao.DaoAuthenticationProvider    : Authenticated user
?[0m?[0;34m2023-02-15 18:25:59.607 DEBUG 1091321 --- [nio-8881-exec-9] o.s.s.w.a.www.BasicAuthenticationFilter  : Set SecurityContextHolder to UsernamePasswordAuthenticationToken [Principal=org.springframework.security.core.userdetails.User [Username=LoginTest2@test.com, Password=[PROTECTED], Enabled=true, AccountNonExpired=true, credentialsNonExpired=true, AccountNonLocked=true, Granted Authorities=[USER]], Credentials=[PROTECTED], Authenticated=true, Details=WebAuthenticationDetails [RemoteIpAddress=127.0.0.1, SessionId=null], Granted Authorities=[USER]]
?[0m?[0;34m2023-02-15 18:25:59.616 DEBUG 1091321 --- [nio-8881-exec-9] w.c.HttpSessionSecurityContextRepository : Created HttpSession as SecurityContext is non-default
?[0m?[0;34m2023-02-15 18:25:59.616 DEBUG 1091321 --- [nio-8881-exec-9] w.c.HttpSessionSecurityContextRepository : Stored SecurityContextImpl [Authentication=UsernamePasswordAuthenticationToken [Principal=org.springframework.security.core.userdetails.User [Username=LoginTest2@test.com, Password=[PROTECTED], Enabled=true, AccountNonExpired=true, credentialsNonExpired=true, AccountNonLocked=true, Granted Authorities=[USER]], Credentials=[PROTECTED], Authenticated=true, Details=WebAuthenticationDetails [RemoteIpAddress=127.0.0.1, SessionId=null], Granted Authorities=[USER]]] to HttpSession [org.apache.catalina.session.StandardSessionFacade@6f9116ce]
?[0m?[0;34m2023-02-15 18:25:59.617 DEBUG 1091321 --- [nio-8881-exec-9] o.s.s.w.a.i.FilterSecurityInterceptor    : Authorized filter invocation [POST /api/recipe/new] with attributes [authenticated]
?[0m?[0;34m2023-02-15 18:25:59.617 DEBUG 1091321 --- [nio-8881-exec-9] o.s.security.web.FilterChainProxy        : Secured POST /api/recipe/new
?[0m?[0;34m2023-02-15 18:25:59.650 DEBUG 1091321 --- [nio-8881-exec-9] w.c.HttpSessionSecurityContextRepository : Stored SecurityContextImpl [Authentication=UsernamePasswordAuthenticationToken [Principal=org.springframework.security.core.userdetails.User [Username=LoginTest2@test.com, Password=[PROTECTED], Enabled=true, AccountNonExpired=true, credentialsNonExpired=true, AccountNonLocked=true, Granted Authorities=[USER]], Credentials=[PROTECTED], Authenticated=true, Details=WebAuthenticationDetails [RemoteIpAddress=127.0.0.1, SessionId=null], Granted Authorities=[USER]]] to HttpSession [org.apache.catalina.session.StandardSessionFacade@6f9116ce]
?[0m?[0;34m2023-02-15 18:25:59.651 DEBUG 1091321 --- [nio-8881-exec-9] w.c.HttpSessionSecurityContextRepository : Stored SecurityContextImpl [Authentication=UsernamePasswordAuthenticationToken [Principal=org.springframework.security.core.userdetails.User [Username=LoginTest2@test.com, Password=[PROTECTED], Enabled=true, AccountNonExpired=true, credentialsNonExpired=true, AccountNonLocked=true, Granted Authorities=[USER]], Credentials=[PROTECTED], Authenticated=true, Details=WebAuthenticationDetails [RemoteIpAddress=127.0.0.1, SessionId=null], Granted Authorities=[USER]]] to HttpSession [org.apache.catalina.session.StandardSessionFacade@6f9116ce]
?[0m?[0;34m2023-02-15 18:25:59.651 DEBUG 1091321 --- [nio-8881-exec-9] s.s.w.c.SecurityContextPersistenceFilter : Cleared SecurityContextHolder to complete request
?[1;31m
Start test 10?[0m
?[0;34m2023-02-15 18:25:59.660 DEBUG 1091321 --- [io-8881-exec-10] o.s.security.web.FilterChainProxy        : Securing POST /api/recipe/new
?[0m?[0;34m2023-02-15 18:25:59.660 DEBUG 1091321 --- [io-8881-exec-10] s.s.w.c.SecurityContextPersistenceFilter : Set SecurityContextHolder to empty SecurityContext
?[0m?[0;34m2023-02-15 18:25:59.718 DEBUG 1091321 --- [io-8881-exec-10] o.s.s.a.dao.DaoAuthenticationProvider    : Authenticated user
?[0m?[0;34m2023-02-15 18:25:59.718 DEBUG 1091321 --- [io-8881-exec-10] o.s.s.w.a.www.BasicAuthenticationFilter  : Set SecurityContextHolder to UsernamePasswordAuthenticationToken [Principal=org.springframework.security.core.userdetails.User [Username=LoginTest2@test.com, Password=[PROTECTED], Enabled=true, AccountNonExpired=true, credentialsNonExpired=true, AccountNonLocked=true, Granted Authorities=[USER]], Credentials=[PROTECTED], Authenticated=true, Details=WebAuthenticationDetails [RemoteIpAddress=127.0.0.1, SessionId=null], Granted Authorities=[USER]]
?[0m?[0;34m2023-02-15 18:25:59.718 DEBUG 1091321 --- [io-8881-exec-10] w.c.HttpSessionSecurityContextRepository : Created HttpSession as SecurityContext is non-default
?[0m?[0;34m2023-02-15 18:25:59.718 DEBUG 1091321 --- [io-8881-exec-10] w.c.HttpSessionSecurityContextRepository : Stored SecurityContextImpl [Authentication=UsernamePasswordAuthenticationToken [Principal=org.springframework.security.core.userdetails.User [Username=LoginTest2@test.com, Password=[PROTECTED], Enabled=true, AccountNonExpired=true, credentialsNonExpired=true, AccountNonLocked=true, Granted Authorities=[USER]], Credentials=[PROTECTED], Authenticated=true, Details=WebAuthenticationDetails [RemoteIpAddress=127.0.0.1, SessionId=null], Granted Authorities=[USER]]] to HttpSession [org.apache.catalina.session.StandardSessionFacade@40162e51]
?[0m?[0;34m2023-02-15 18:25:59.719 DEBUG 1091321 --- [io-8881-exec-10] o.s.s.w.a.i.FilterSecurityInterceptor    : Authorized filter invocation [POST /api/recipe/new] with attributes [authenticated]
?[0m?[0;34m2023-02-15 18:25:59.719 DEBUG 1091321 --- [io-8881-exec-10] o.s.security.web.FilterChainProxy        : Secured POST /api/recipe/new
?[0m?[0;34m2023-02-15 18:25:59.724 DEBUG 1091321 --- [io-8881-exec-10] w.c.HttpSessionSecurityContextRepository : Stored SecurityContextImpl [Authentication=UsernamePasswordAuthenticationToken [Principal=org.springframework.security.core.userdetails.User [Username=LoginTest2@test.com, Password=[PROTECTED], Enabled=true, AccountNonExpired=true, credentialsNonExpired=true, AccountNonLocked=true, Granted Authorities=[USER]], Credentials=[PROTECTED], Authenticated=true, Details=WebAuthenticationDetails [RemoteIpAddress=127.0.0.1, SessionId=null], Granted Authorities=[USER]]] to HttpSession [org.apache.catalina.session.StandardSessionFacade@40162e51]
?[0m?[0;34m2023-02-15 18:25:59.725 DEBUG 1091321 --- [io-8881-exec-10] w.c.HttpSessionSecurityContextRepository : Stored SecurityContextImpl [Authentication=UsernamePasswordAuthenticationToken [Principal=org.springframework.security.core.userdetails.User [Username=LoginTest2@test.com, Password=[PROTECTED], Enabled=true, AccountNonExpired=true, credentialsNonExpired=true, AccountNonLocked=true, Granted Authorities=[USER]], Credentials=[PROTECTED], Authenticated=true, Details=WebAuthenticationDetails [RemoteIpAddress=127.0.0.1, SessionId=null], Granted Authorities=[USER]]] to HttpSession [org.apache.catalina.session.StandardSessionFacade@40162e51]
?[0m?[0;34m2023-02-15 18:25:59.725 DEBUG 1091321 --- [io-8881-exec-10] s.s.w.c.SecurityContextPersistenceFilter : Cleared SecurityContextHolder to complete request
?[1;31m
Start test 11?[0m
?[0m?[0;34m2023-02-15 18:25:59.729 DEBUG 1091321 --- [nio-8881-exec-1] o.s.security.web.FilterChainProxy        : Securing GET /api/recipe/1
?[0m?[0;34m2023-02-15 18:25:59.729 DEBUG 1091321 --- [nio-8881-exec-1] s.s.w.c.SecurityContextPersistenceFilter : Set SecurityContextHolder to empty SecurityContext
?[0m?[0;34m2023-02-15 18:25:59.788 DEBUG 1091321 --- [nio-8881-exec-1] o.s.s.a.dao.DaoAuthenticationProvider    : Authenticated user
?[0m?[0;34m2023-02-15 18:25:59.788 DEBUG 1091321 --- [nio-8881-exec-1] o.s.s.w.a.www.BasicAuthenticationFilter  : Set SecurityContextHolder to UsernamePasswordAuthenticationToken [Principal=org.springframework.security.core.userdetails.User [Username=LoginTest2@test.com, Password=[PROTECTED], Enabled=true, AccountNonExpired=true, credentialsNonExpired=true, AccountNonLocked=true, Granted Authorities=[USER]], Credentials=[PROTECTED], Authenticated=true, Details=WebAuthenticationDetails [RemoteIpAddress=127.0.0.1, SessionId=null], Granted Authorities=[USER]]
?[0m?[0;34m2023-02-15 18:25:59.788 DEBUG 1091321 --- [nio-8881-exec-1] w.c.HttpSessionSecurityContextRepository : Created HttpSession as SecurityContext is non-default
?[0m?[0;34m2023-02-15 18:25:59.788 DEBUG 1091321 --- [nio-8881-exec-1] w.c.HttpSessionSecurityContextRepository : Stored SecurityContextImpl [Authentication=UsernamePasswordAuthenticationToken [Principal=org.springframework.security.core.userdetails.User [Username=LoginTest2@test.com, Password=[PROTECTED], Enabled=true, AccountNonExpired=true, credentialsNonExpired=true, AccountNonLocked=true, Granted Authorities=[USER]], Credentials=[PROTECTED], Authenticated=true, Details=WebAuthenticationDetails [RemoteIpAddress=127.0.0.1, SessionId=null], Granted Authorities=[USER]]] to HttpSession [org.apache.catalina.session.StandardSessionFacade@4fef51d9]
?[0m?[0;34m2023-02-15 18:25:59.790 DEBUG 1091321 --- [nio-8881-exec-1] o.s.s.w.a.i.FilterSecurityInterceptor    : Authorized filter invocation [GET /api/recipe/1] with attributes [authenticated]
?[0m?[0;34m2023-02-15 18:25:59.790 DEBUG 1091321 --- [nio-8881-exec-1] o.s.security.web.FilterChainProxy        : Secured GET /api/recipe/1
?[0m?[0;34m2023-02-15 18:25:59.803 DEBUG 1091321 --- [nio-8881-exec-1] w.c.HttpSessionSecurityContextRepository : Stored SecurityContextImpl [Authentication=UsernamePasswordAuthenticationToken [Principal=org.springframework.security.core.userdetails.User [Username=LoginTest2@test.com, Password=[PROTECTED], Enabled=true, AccountNonExpired=true, credentialsNonExpired=true, AccountNonLocked=true, Granted Authorities=[USER]], Credentials=[PROTECTED], Authenticated=true, Details=WebAuthenticationDetails [RemoteIpAddress=127.0.0.1, SessionId=null], Granted Authorities=[USER]]] to HttpSession [org.apache.catalina.session.StandardSessionFacade@4fef51d9]
?[0m?[0;34m2023-02-15 18:25:59.804 DEBUG 1091321 --- [nio-8881-exec-1] w.c.HttpSessionSecurityContextRepository : Stored SecurityContextImpl [Authentication=UsernamePasswordAuthenticationToken [Principal=org.springframework.security.core.userdetails.User [Username=LoginTest2@test.com, Password=[PROTECTED], Enabled=true, AccountNonExpired=true, credentialsNonExpired=true, AccountNonLocked=true, Granted Authorities=[USER]], Credentials=[PROTECTED], Authenticated=true, Details=WebAuthenticationDetails [RemoteIpAddress=127.0.0.1, SessionId=null], Granted Authorities=[USER]]] to HttpSession [org.apache.catalina.session.StandardSessionFacade@4fef51d9]
?[0m?[0;34m2023-02-15 18:25:59.804 DEBUG 1091321 --- [nio-8881-exec-1] s.s.w.c.SecurityContextPersistenceFilter : Cleared SecurityContextHolder to complete request
?[1;31m
Start test 12?[0m
?[0m?[0;34m2023-02-15 18:25:59.810 DEBUG 1091321 --- [nio-8881-exec-2] o.s.security.web.FilterChainProxy        : Securing GET /api/recipe/2
?[0m?[0;34m2023-02-15 18:25:59.810 DEBUG 1091321 --- [nio-8881-exec-2] s.s.w.c.SecurityContextPersistenceFilter : Set SecurityContextHolder to empty SecurityContext
?[0m?[0;34m2023-02-15 18:25:59.868 DEBUG 1091321 --- [nio-8881-exec-2] o.s.s.a.dao.DaoAuthenticationProvider    : Authenticated user
?[0m?[0;34m2023-02-15 18:25:59.868 DEBUG 1091321 --- [nio-8881-exec-2] o.s.s.w.a.www.BasicAuthenticationFilter  : Set SecurityContextHolder to UsernamePasswordAuthenticationToken [Principal=org.springframework.security.core.userdetails.User [Username=LoginTest2@test.com, Password=[PROTECTED], Enabled=true, AccountNonExpired=true, credentialsNonExpired=true, AccountNonLocked=true, Granted Authorities=[USER]], Credentials=[PROTECTED], Authenticated=true, Details=WebAuthenticationDetails [RemoteIpAddress=127.0.0.1, SessionId=null], Granted Authorities=[USER]]
?[0m?[0;34m2023-02-15 18:25:59.868 DEBUG 1091321 --- [nio-8881-exec-2] w.c.HttpSessionSecurityContextRepository : Created HttpSession as SecurityContext is non-default
?[0m?[0;34m2023-02-15 18:25:59.869 DEBUG 1091321 --- [nio-8881-exec-2] w.c.HttpSessionSecurityContextRepository : Stored SecurityContextImpl [Authentication=UsernamePasswordAuthenticationToken [Principal=org.springframework.security.core.userdetails.User [Username=LoginTest2@test.com, Password=[PROTECTED], Enabled=true, AccountNonExpired=true, credentialsNonExpired=true, AccountNonLocked=true, Granted Authorities=[USER]], Credentials=[PROTECTED], Authenticated=true, Details=WebAuthenticationDetails [RemoteIpAddress=127.0.0.1, SessionId=null], Granted Authorities=[USER]]] to HttpSession [org.apache.catalina.session.StandardSessionFacade@974f807]
?[0m?[0;34m2023-02-15 18:25:59.869 DEBUG 1091321 --- [nio-8881-exec-2] o.s.s.w.a.i.FilterSecurityInterceptor    : Authorized filter invocation [GET /api/recipe/2] with attributes [authenticated]
?[0m?[0;34m2023-02-15 18:25:59.869 DEBUG 1091321 --- [nio-8881-exec-2] o.s.security.web.FilterChainProxy        : Secured GET /api/recipe/2
?[0m?[0;34m2023-02-15 18:25:59.873 DEBUG 1091321 --- [nio-8881-exec-2] w.c.HttpSessionSecurityContextRepository : Stored SecurityContextImpl [Authentication=UsernamePasswordAuthenticationToken [Principal=org.springframework.security.core.userdetails.User [Username=LoginTest2@test.com, Password=[PROTECTED], Enabled=true, AccountNonExpired=true, credentialsNonExpired=true, AccountNonLocked=true, Granted Authorities=[USER]], Credentials=[PROTECTED], Authenticated=true, Details=WebAuthenticationDetails [RemoteIpAddress=127.0.0.1, SessionId=null], Granted Authorities=[USER]]] to HttpSession [org.apache.catalina.session.StandardSessionFacade@974f807]
?[0m?[0;34m2023-02-15 18:25:59.874 DEBUG 1091321 --- [nio-8881-exec-2] w.c.HttpSessionSecurityContextRepository : Stored SecurityContextImpl [Authentication=UsernamePasswordAuthenticationToken [Principal=org.springframework.security.core.userdetails.User [Username=LoginTest2@test.com, Password=[PROTECTED], Enabled=true, AccountNonExpired=true, credentialsNonExpired=true, AccountNonLocked=true, Granted Authorities=[USER]], Credentials=[PROTECTED], Authenticated=true, Details=WebAuthenticationDetails [RemoteIpAddress=127.0.0.1, SessionId=null], Granted Authorities=[USER]]] to HttpSession [org.apache.catalina.session.StandardSessionFacade@974f807]
?[0m?[0;34m2023-02-15 18:25:59.874 DEBUG 1091321 --- [nio-8881-exec-2] s.s.w.c.SecurityContextPersistenceFilter : Cleared SecurityContextHolder to complete request
?[1;31m
Start test 13?[0m
?[0m?[0;34m2023-02-15 18:25:59.878 DEBUG 1091321 --- [nio-8881-exec-3] o.s.security.web.FilterChainProxy        : Securing POST /actuator/shutdown
?[0m?[0;34m2023-02-15 18:25:59.878 DEBUG 1091321 --- [nio-8881-exec-3] s.s.w.c.SecurityContextPersistenceFilter : Set SecurityContextHolder to empty SecurityContext
?[0m?[0;34m2023-02-15 18:25:59.878 DEBUG 1091321 --- [nio-8881-exec-3] o.s.s.w.a.AnonymousAuthenticationFilter  : Set SecurityContextHolder to anonymous SecurityContext
?[0m?[0;34m2023-02-15 18:25:59.879 DEBUG 1091321 --- [nio-8881-exec-3] o.s.s.w.a.i.FilterSecurityInterceptor    : Authorized public object filter invocation [POST /actuator/shutdown]
?[0m?[0;34m2023-02-15 18:25:59.879 DEBUG 1091321 --- [nio-8881-exec-3] o.s.security.web.FilterChainProxy        : Secured POST /actuator/shutdown
?[0m?[0;34m2023-02-15 18:25:59.884 DEBUG 1091321 --- [nio-8881-exec-3] w.c.HttpSessionSecurityContextRepository : Did not store anonymous SecurityContext
?[0m?[0;34m2023-02-15 18:25:59.885 DEBUG 1091321 --- [nio-8881-exec-3] w.c.HttpSessionSecurityContextRepository : Did not store anonymous SecurityContext
?[0m?[0;34m2023-02-15 18:25:59.885 DEBUG 1091321 --- [nio-8881-exec-3] s.s.w.c.SecurityContextPersistenceFilter : Cleared SecurityContextHolder to complete request
?[0;34m2023-02-15 18:26:00.399  INFO 1091321 --- [       Thread-5] j.LocalContainerEntityManagerFactoryBean : Closing JPA EntityManagerFactory for persistence unit 'default'
?[0m?[0;34m2023-02-15 18:26:00.401  INFO 1091321 --- [       Thread-5] com.zaxxer.hikari.HikariDataSource       : HikariPool-1 - Shutdown initiated...
?[0m?[0;34m2023-02-15 18:26:00.422  INFO 1091321 --- [       Thread-5] com.zaxxer.hikari.HikariDataSource       : HikariPool-1 - Shutdown completed.
?[0;34m
?[0m?[0;34m  .   ____          _            __ _ _
?[0m?[0;34m /\\ / ___'_ __ _ _(_)_ __  __ _ \ \ \ \
?[0m?[0;34m( ( )\___ | '_ | '_| | '_ \/ _` | \ \ \ \
?[0m?[0;34m \\/  ___)| |_)| | | | | || (_| |  ) ) ) )
?[0m?[0;34m  '  |____| .__|_| |_|_| |_\__, | / / / /
?[0m?[0;34m =========|_|==============|___/=/_/_/_/
?[0m?[0;34m :: Spring Boot ::                (v2.5.6)
?[0m?[0;34m
?[0m?[0;34m2023-02-15 18:26:09.923  INFO 1091321 --- [    Test worker] recipes.RecipesApplication               : Starting RecipesApplication using Java 17.0.6 on kronos-Olympos with PID 1091321 (started by kronos in /home/kronos/IdeaProjects/Recipes/Recipes/task)
?[0m?[0;34m2023-02-15 18:26:09.923  INFO 1091321 --- [    Test worker] recipes.RecipesApplication               : No active profile set, falling back to default profiles: default
?[0m?[0;34m2023-02-15 18:26:10.053  INFO 1091321 --- [    Test worker] .s.d.r.c.RepositoryConfigurationDelegate : Bootstrapping Spring Data JPA repositories in DEFAULT mode.
?[0m?[0;34m2023-02-15 18:26:10.059  INFO 1091321 --- [    Test worker] .s.d.r.c.RepositoryConfigurationDelegate : Finished Spring Data repository scanning in 5 ms. Found 2 JPA repository interfaces.
?[0m?[0;34m2023-02-15 18:26:10.106  INFO 1091321 --- [    Test worker] o.s.b.w.embedded.tomcat.TomcatWebServer  : Tomcat initialized with port(s): 8881 (http)
?[0m?[0;34m2023-02-15 18:26:10.107  INFO 1091321 --- [    Test worker] o.apache.catalina.core.StandardService   : Starting service [Tomcat]
?[0m?[0;34m2023-02-15 18:26:10.107  INFO 1091321 --- [    Test worker] org.apache.catalina.core.StandardEngine  : Starting Servlet engine: [Apache Tomcat/9.0.54]
?[0m?[0;34m2023-02-15 18:26:10.116  INFO 1091321 --- [    Test worker] o.a.c.c.C.[Tomcat].[localhost].[/]       : Initializing Spring embedded WebApplicationContext
?[0m?[0;34m2023-02-15 18:26:10.116  INFO 1091321 --- [    Test worker] w.s.c.ServletWebServerApplicationContext : Root WebApplicationContext: initialization completed in 191 ms
?[0m?[0;34m2023-02-15 18:26:10.161  INFO 1091321 --- [    Test worker] o.hibernate.jpa.internal.util.LogHelper  : HHH000204: Processing PersistenceUnitInfo [name: default]
?[0m?[0;34m2023-02-15 18:26:10.163  INFO 1091321 --- [    Test worker] com.zaxxer.hikari.HikariDataSource       : HikariPool-2 - Starting...
?[0m?[0;34m2023-02-15 18:26:10.170  INFO 1091321 --- [    Test worker] com.zaxxer.hikari.HikariDataSource       : HikariPool-2 - Start completed.
?[0m?[0;34m2023-02-15 18:26:10.170  INFO 1091321 --- [    Test worker] org.hibernate.dialect.Dialect            : HHH000400: Using dialect: org.hibernate.dialect.H2Dialect
?[0m?[0;34m2023-02-15 18:26:10.237  INFO 1091321 --- [    Test worker] o.h.e.t.j.p.i.JtaPlatformInitiator       : HHH000490: Using JtaPlatform implementation: [org.hibernate.engine.transaction.jta.platform.internal.NoJtaPlatform]
?[0m?[0;34m2023-02-15 18:26:10.237  INFO 1091321 --- [    Test worker] j.LocalContainerEntityManagerFactoryBean : Initialized JPA EntityManagerFactory for persistence unit 'default'
?[0m?[0;34m2023-02-15 18:26:10.249  WARN 1091321 --- [    Test worker] JpaBaseConfiguration$JpaWebConfiguration : spring.jpa.open-in-view is enabled by default. Therefore, database queries may be performed during view rendering. Explicitly configure spring.jpa.open-in-view to disable this warning
?[0m?[0;34m2023-02-15 18:26:10.364  INFO 1091321 --- [    Test worker] o.s.b.a.e.web.EndpointLinksResolver      : Exposing 14 endpoint(s) beneath base path '/actuator'
?[0m?[0;34m2023-02-15 18:26:10.370 DEBUG 1091321 --- [    Test worker] edFilterInvocationSecurityMetadataSource : Adding web access control expression [authenticated] for Mvc [pattern='/api/recipe/**']
?[0m?[0;34m2023-02-15 18:26:10.370 DEBUG 1091321 --- [    Test worker] edFilterInvocationSecurityMetadataSource : Adding web access control expression [permitAll] for Mvc [pattern='/api/register']
?[0m?[0;34m2023-02-15 18:26:10.370 DEBUG 1091321 --- [    Test worker] edFilterInvocationSecurityMetadataSource : Adding web access control expression [permitAll] for Mvc [pattern='/*']
?[0m?[0;34m2023-02-15 18:26:10.371  INFO 1091321 --- [    Test worker] o.s.s.web.DefaultSecurityFilterChain     : Will secure any request with [org.springframework.security.web.context.request.async.WebAsyncManagerIntegrationFilter@58b03882, org.springframework.security.web.context.SecurityContextPersistenceFilter@73e0c775, org.springframework.security.web.header.HeaderWriterFilter@5680f009, org.springframework.security.web.authentication.logout.LogoutFilter@4ca83ec3, org.springframework.security.web.authentication.www.BasicAuthenticationFilter@517d68b8, org.springframework.security.web.savedrequest.RequestCacheAwareFilter@213d5189, org.springframework.security.web.servletapi.SecurityContextHolderAwareRequestFilter@70eced1f, org.springframework.security.web.authentication.AnonymousAuthenticationFilter@24710e61, org.springframework.security.web.session.SessionManagementFilter@3a4e6da6, org.springframework.security.web.access.ExceptionTranslationFilter@4ff3af97, org.springframework.security.web.access.intercept.FilterSecurityInterceptor@402fcf14]
?[0m?[0;34m2023-02-15 18:26:10.416  INFO 1091321 --- [    Test worker] o.s.b.w.embedded.tomcat.TomcatWebServer  : Tomcat started on port(s): 8881 (http) with context path ''
?[0m?[0;34m2023-02-15 18:26:10.423  INFO 1091321 --- [    Test worker] recipes.RecipesApplication               : Started RecipesApplication in 0.521 seconds (JVM running for 14.912)
?[0m?[1;31m
Start test 14?[0m
?[0;34m2023-02-15 18:26:10.427  INFO 1091321 --- [nio-8881-exec-1] o.a.c.c.C.[Tomcat].[localhost].[/]       : Initializing Spring DispatcherServlet 'dispatcherServlet'
?[0m?[0;34m2023-02-15 18:26:10.427  INFO 1091321 --- [nio-8881-exec-1] o.s.web.servlet.DispatcherServlet        : Initializing Servlet 'dispatcherServlet'
?[0m?[0;34m2023-02-15 18:26:10.428  INFO 1091321 --- [nio-8881-exec-1] o.s.web.servlet.DispatcherServlet        : Completed initialization in 0 ms
?[0m?[0;34m2023-02-15 18:26:10.429 DEBUG 1091321 --- [nio-8881-exec-1] o.s.security.web.FilterChainProxy        : Securing GET /api/recipe/1
?[0m?[0;34m2023-02-15 18:26:10.429 DEBUG 1091321 --- [nio-8881-exec-1] s.s.w.c.SecurityContextPersistenceFilter : Set SecurityContextHolder to empty SecurityContext
?[0m?[0;34m2023-02-15 18:26:10.543 DEBUG 1091321 --- [nio-8881-exec-1] o.s.s.a.dao.DaoAuthenticationProvider    : Authenticated user
?[0m?[0;34m2023-02-15 18:26:10.544 DEBUG 1091321 --- [nio-8881-exec-1] o.s.s.w.a.www.BasicAuthenticationFilter  : Set SecurityContextHolder to UsernamePasswordAuthenticationToken [Principal=org.springframework.security.core.userdetails.User [Username=LoginTest2@test.com, Password=[PROTECTED], Enabled=true, AccountNonExpired=true, credentialsNonExpired=true, AccountNonLocked=true, Granted Authorities=[USER]], Credentials=[PROTECTED], Authenticated=true, Details=WebAuthenticationDetails [RemoteIpAddress=127.0.0.1, SessionId=null], Granted Authorities=[USER]]
?[0m?[0;34m2023-02-15 18:26:10.544 DEBUG 1091321 --- [nio-8881-exec-1] w.c.HttpSessionSecurityContextRepository : Created HttpSession as SecurityContext is non-default
?[0m?[0;34m2023-02-15 18:26:10.544 DEBUG 1091321 --- [nio-8881-exec-1] w.c.HttpSessionSecurityContextRepository : Stored SecurityContextImpl [Authentication=UsernamePasswordAuthenticationToken [Principal=org.springframework.security.core.userdetails.User [Username=LoginTest2@test.com, Password=[PROTECTED], Enabled=true, AccountNonExpired=true, credentialsNonExpired=true, AccountNonLocked=true, Granted Authorities=[USER]], Credentials=[PROTECTED], Authenticated=true, Details=WebAuthenticationDetails [RemoteIpAddress=127.0.0.1, SessionId=null], Granted Authorities=[USER]]] to HttpSession [org.apache.catalina.session.StandardSessionFacade@e6b3fc1]
?[0m?[0;34m2023-02-15 18:26:10.545 DEBUG 1091321 --- [nio-8881-exec-1] o.s.s.w.a.i.FilterSecurityInterceptor    : Authorized filter invocation [GET /api/recipe/1] with attributes [authenticated]
?[0m?[0;34m2023-02-15 18:26:10.545 DEBUG 1091321 --- [nio-8881-exec-1] o.s.security.web.FilterChainProxy        : Secured GET /api/recipe/1
?[0m?[0;34m2023-02-15 18:26:10.558 DEBUG 1091321 --- [nio-8881-exec-1] w.c.HttpSessionSecurityContextRepository : Stored SecurityContextImpl [Authentication=UsernamePasswordAuthenticationToken [Principal=org.springframework.security.core.userdetails.User [Username=LoginTest2@test.com, Password=[PROTECTED], Enabled=true, AccountNonExpired=true, credentialsNonExpired=true, AccountNonLocked=true, Granted Authorities=[USER]], Credentials=[PROTECTED], Authenticated=true, Details=WebAuthenticationDetails [RemoteIpAddress=127.0.0.1, SessionId=null], Granted Authorities=[USER]]] to HttpSession [org.apache.catalina.session.StandardSessionFacade@e6b3fc1]
?[0m?[0;34m2023-02-15 18:26:10.559 DEBUG 1091321 --- [nio-8881-exec-1] w.c.HttpSessionSecurityContextRepository : Stored SecurityContextImpl [Authentication=UsernamePasswordAuthenticationToken [Principal=org.springframework.security.core.userdetails.User [Username=LoginTest2@test.com, Password=[PROTECTED], Enabled=true, AccountNonExpired=true, credentialsNonExpired=true, AccountNonLocked=true, Granted Authorities=[USER]], Credentials=[PROTECTED], Authenticated=true, Details=WebAuthenticationDetails [RemoteIpAddress=127.0.0.1, SessionId=null], Granted Authorities=[USER]]] to HttpSession [org.apache.catalina.session.StandardSessionFacade@e6b3fc1]
?[0m?[0;34m2023-02-15 18:26:10.559 DEBUG 1091321 --- [nio-8881-exec-1] s.s.w.c.SecurityContextPersistenceFilter : Cleared SecurityContextHolder to complete request
?[1;31m
Start test 15?[0m
?[0;34m2023-02-15 18:26:10.563 DEBUG 1091321 --- [nio-8881-exec-2] o.s.security.web.FilterChainProxy        : Securing GET /api/recipe/2
?[0m?[0;34m2023-02-15 18:26:10.563 DEBUG 1091321 --- [nio-8881-exec-2] s.s.w.c.SecurityContextPersistenceFilter : Set SecurityContextHolder to empty SecurityContext
?[0m?[0;34m2023-02-15 18:26:10.622 DEBUG 1091321 --- [nio-8881-exec-2] o.s.s.a.dao.DaoAuthenticationProvider    : Authenticated user
?[0m?[0;34m2023-02-15 18:26:10.622 DEBUG 1091321 --- [nio-8881-exec-2] o.s.s.w.a.www.BasicAuthenticationFilter  : Set SecurityContextHolder to UsernamePasswordAuthenticationToken [Principal=org.springframework.security.core.userdetails.User [Username=LoginTest2@test.com, Password=[PROTECTED], Enabled=true, AccountNonExpired=true, credentialsNonExpired=true, AccountNonLocked=true, Granted Authorities=[USER]], Credentials=[PROTECTED], Authenticated=true, Details=WebAuthenticationDetails [RemoteIpAddress=127.0.0.1, SessionId=null], Granted Authorities=[USER]]
?[0m?[0;34m2023-02-15 18:26:10.623 DEBUG 1091321 --- [nio-8881-exec-2] w.c.HttpSessionSecurityContextRepository : Created HttpSession as SecurityContext is non-default
?[0m?[0;34m2023-02-15 18:26:10.623 DEBUG 1091321 --- [nio-8881-exec-2] w.c.HttpSessionSecurityContextRepository : Stored SecurityContextImpl [Authentication=UsernamePasswordAuthenticationToken [Principal=org.springframework.security.core.userdetails.User [Username=LoginTest2@test.com, Password=[PROTECTED], Enabled=true, AccountNonExpired=true, credentialsNonExpired=true, AccountNonLocked=true, Granted Authorities=[USER]], Credentials=[PROTECTED], Authenticated=true, Details=WebAuthenticationDetails [RemoteIpAddress=127.0.0.1, SessionId=null], Granted Authorities=[USER]]] to HttpSession [org.apache.catalina.session.StandardSessionFacade@60efb2a]
?[0m?[0;34m2023-02-15 18:26:10.624 DEBUG 1091321 --- [nio-8881-exec-2] o.s.s.w.a.i.FilterSecurityInterceptor    : Authorized filter invocation [GET /api/recipe/2] with attributes [authenticated]
?[0m?[0;34m2023-02-15 18:26:10.624 DEBUG 1091321 --- [nio-8881-exec-2] o.s.security.web.FilterChainProxy        : Secured GET /api/recipe/2
?[0m?[0;34m2023-02-15 18:26:10.627 DEBUG 1091321 --- [nio-8881-exec-2] w.c.HttpSessionSecurityContextRepository : Stored SecurityContextImpl [Authentication=UsernamePasswordAuthenticationToken [Principal=org.springframework.security.core.userdetails.User [Username=LoginTest2@test.com, Password=[PROTECTED], Enabled=true, AccountNonExpired=true, credentialsNonExpired=true, AccountNonLocked=true, Granted Authorities=[USER]], Credentials=[PROTECTED], Authenticated=true, Details=WebAuthenticationDetails [RemoteIpAddress=127.0.0.1, SessionId=null], Granted Authorities=[USER]]] to HttpSession [org.apache.catalina.session.StandardSessionFacade@60efb2a]
?[0m?[0;34m2023-02-15 18:26:10.627 DEBUG 1091321 --- [nio-8881-exec-2] w.c.HttpSessionSecurityContextRepository : Stored SecurityContextImpl [Authentication=UsernamePasswordAuthenticationToken [Principal=org.springframework.security.core.userdetails.User [Username=LoginTest2@test.com, Password=[PROTECTED], Enabled=true, AccountNonExpired=true, credentialsNonExpired=true, AccountNonLocked=true, Granted Authorities=[USER]], Credentials=[PROTECTED], Authenticated=true, Details=WebAuthenticationDetails [RemoteIpAddress=127.0.0.1, SessionId=null], Granted Authorities=[USER]]] to HttpSession [org.apache.catalina.session.StandardSessionFacade@60efb2a]
?[0m?[0;34m2023-02-15 18:26:10.627 DEBUG 1091321 --- [nio-8881-exec-2] s.s.w.c.SecurityContextPersistenceFilter : Cleared SecurityContextHolder to complete request
?[1;31m
Start test 16?[0m
?[0;34m2023-02-15 18:26:10.632 DEBUG 1091321 --- [nio-8881-exec-3] o.s.security.web.FilterChainProxy        : Securing PUT /api/recipe/1
?[0m?[0;34m2023-02-15 18:26:10.632 DEBUG 1091321 --- [nio-8881-exec-3] s.s.w.c.SecurityContextPersistenceFilter : Set SecurityContextHolder to empty SecurityContext
?[0m?[0;34m2023-02-15 18:26:10.690 DEBUG 1091321 --- [nio-8881-exec-3] o.s.s.a.dao.DaoAuthenticationProvider    : Authenticated user
?[0m?[0;34m2023-02-15 18:26:10.690 DEBUG 1091321 --- [nio-8881-exec-3] o.s.s.w.a.www.BasicAuthenticationFilter  : Set SecurityContextHolder to UsernamePasswordAuthenticationToken [Principal=org.springframework.security.core.userdetails.User [Username=LoginTest2@test.com, Password=[PROTECTED], Enabled=true, AccountNonExpired=true, credentialsNonExpired=true, AccountNonLocked=true, Granted Authorities=[USER]], Credentials=[PROTECTED], Authenticated=true, Details=WebAuthenticationDetails [RemoteIpAddress=127.0.0.1, SessionId=null], Granted Authorities=[USER]]
?[0m?[0;34m2023-02-15 18:26:10.690 DEBUG 1091321 --- [nio-8881-exec-3] w.c.HttpSessionSecurityContextRepository : Created HttpSession as SecurityContext is non-default
?[0m?[0;34m2023-02-15 18:26:10.690 DEBUG 1091321 --- [nio-8881-exec-3] w.c.HttpSessionSecurityContextRepository : Stored SecurityContextImpl [Authentication=UsernamePasswordAuthenticationToken [Principal=org.springframework.security.core.userdetails.User [Username=LoginTest2@test.com, Password=[PROTECTED], Enabled=true, AccountNonExpired=true, credentialsNonExpired=true, AccountNonLocked=true, Granted Authorities=[USER]], Credentials=[PROTECTED], Authenticated=true, Details=WebAuthenticationDetails [RemoteIpAddress=127.0.0.1, SessionId=null], Granted Authorities=[USER]]] to HttpSession [org.apache.catalina.session.StandardSessionFacade@32733140]
?[0m?[0;34m2023-02-15 18:26:10.691 DEBUG 1091321 --- [nio-8881-exec-3] o.s.s.w.a.i.FilterSecurityInterceptor    : Authorized filter invocation [PUT /api/recipe/1] with attributes [authenticated]
?[0m?[0;34m2023-02-15 18:26:10.691 DEBUG 1091321 --- [nio-8881-exec-3] o.s.security.web.FilterChainProxy        : Secured PUT /api/recipe/1
?[0m?[0;34m2023-02-15 18:26:10.713 DEBUG 1091321 --- [nio-8881-exec-3] w.c.HttpSessionSecurityContextRepository : Stored SecurityContextImpl [Authentication=UsernamePasswordAuthenticationToken [Principal=org.springframework.security.core.userdetails.User [Username=LoginTest2@test.com, Password=[PROTECTED], Enabled=true, AccountNonExpired=true, credentialsNonExpired=true, AccountNonLocked=true, Granted Authorities=[USER]], Credentials=[PROTECTED], Authenticated=true, Details=WebAuthenticationDetails [RemoteIpAddress=127.0.0.1, SessionId=null], Granted Authorities=[USER]]] to HttpSession [org.apache.catalina.session.StandardSessionFacade@32733140]
?[0m?[0;34m2023-02-15 18:26:10.713 DEBUG 1091321 --- [nio-8881-exec-3] w.c.HttpSessionSecurityContextRepository : Stored SecurityContextImpl [Authentication=UsernamePasswordAuthenticationToken [Principal=org.springframework.security.core.userdetails.User [Username=LoginTest2@test.com, Password=[PROTECTED], Enabled=true, AccountNonExpired=true, credentialsNonExpired=true, AccountNonLocked=true, Granted Authorities=[USER]], Credentials=[PROTECTED], Authenticated=true, Details=WebAuthenticationDetails [RemoteIpAddress=127.0.0.1, SessionId=null], Granted Authorities=[USER]]] to HttpSession [org.apache.catalina.session.StandardSessionFacade@32733140]
?[0m?[0;34m2023-02-15 18:26:10.713 DEBUG 1091321 --- [nio-8881-exec-3] s.s.w.c.SecurityContextPersistenceFilter : Cleared SecurityContextHolder to complete request
?[1;31m
Start test 17?[0m
?[0;34m2023-02-15 18:26:10.717 DEBUG 1091321 --- [nio-8881-exec-4] o.s.security.web.FilterChainProxy        : Securing GET /api/recipe/1
?[0m?[0;34m2023-02-15 18:26:10.718 DEBUG 1091321 --- [nio-8881-exec-4] s.s.w.c.SecurityContextPersistenceFilter : Set SecurityContextHolder to empty SecurityContext
?[0m?[0;34m2023-02-15 18:26:10.776 DEBUG 1091321 --- [nio-8881-exec-4] o.s.s.a.dao.DaoAuthenticationProvider    : Authenticated user
?[0m?[0;34m2023-02-15 18:26:10.776 DEBUG 1091321 --- [nio-8881-exec-4] o.s.s.w.a.www.BasicAuthenticationFilter  : Set SecurityContextHolder to UsernamePasswordAuthenticationToken [Principal=org.springframework.security.core.userdetails.User [Username=LoginTest2@test.com, Password=[PROTECTED], Enabled=true, AccountNonExpired=true, credentialsNonExpired=true, AccountNonLocked=true, Granted Authorities=[USER]], Credentials=[PROTECTED], Authenticated=true, Details=WebAuthenticationDetails [RemoteIpAddress=127.0.0.1, SessionId=null], Granted Authorities=[USER]]
?[0m?[0;34m2023-02-15 18:26:10.777 DEBUG 1091321 --- [nio-8881-exec-4] w.c.HttpSessionSecurityContextRepository : Created HttpSession as SecurityContext is non-default
?[0m?[0;34m2023-02-15 18:26:10.777 DEBUG 1091321 --- [nio-8881-exec-4] w.c.HttpSessionSecurityContextRepository : Stored SecurityContextImpl [Authentication=UsernamePasswordAuthenticationToken [Principal=org.springframework.security.core.userdetails.User [Username=LoginTest2@test.com, Password=[PROTECTED], Enabled=true, AccountNonExpired=true, credentialsNonExpired=true, AccountNonLocked=true, Granted Authorities=[USER]], Credentials=[PROTECTED], Authenticated=true, Details=WebAuthenticationDetails [RemoteIpAddress=127.0.0.1, SessionId=null], Granted Authorities=[USER]]] to HttpSession [org.apache.catalina.session.StandardSessionFacade@5ea2d1e7]
?[0m?[0;34m2023-02-15 18:26:10.777 DEBUG 1091321 --- [nio-8881-exec-4] o.s.s.w.a.i.FilterSecurityInterceptor    : Authorized filter invocation [GET /api/recipe/1] with attributes [authenticated]
?[0m?[0;34m2023-02-15 18:26:10.777 DEBUG 1091321 --- [nio-8881-exec-4] o.s.security.web.FilterChainProxy        : Secured GET /api/recipe/1
?[0m?[0;34m2023-02-15 18:26:10.781 DEBUG 1091321 --- [nio-8881-exec-4] w.c.HttpSessionSecurityContextRepository : Stored SecurityContextImpl [Authentication=UsernamePasswordAuthenticationToken [Principal=org.springframework.security.core.userdetails.User [Username=LoginTest2@test.com, Password=[PROTECTED], Enabled=true, AccountNonExpired=true, credentialsNonExpired=true, AccountNonLocked=true, Granted Authorities=[USER]], Credentials=[PROTECTED], Authenticated=true, Details=WebAuthenticationDetails [RemoteIpAddress=127.0.0.1, SessionId=null], Granted Authorities=[USER]]] to HttpSession [org.apache.catalina.session.StandardSessionFacade@5ea2d1e7]
?[0m?[0;34m2023-02-15 18:26:10.781 DEBUG 1091321 --- [nio-8881-exec-4] w.c.HttpSessionSecurityContextRepository : Stored SecurityContextImpl [Authentication=UsernamePasswordAuthenticationToken [Principal=org.springframework.security.core.userdetails.User [Username=LoginTest2@test.com, Password=[PROTECTED], Enabled=true, AccountNonExpired=true, credentialsNonExpired=true, AccountNonLocked=true, Granted Authorities=[USER]], Credentials=[PROTECTED], Authenticated=true, Details=WebAuthenticationDetails [RemoteIpAddress=127.0.0.1, SessionId=null], Granted Authorities=[USER]]] to HttpSession [org.apache.catalina.session.StandardSessionFacade@5ea2d1e7]
?[0m?[0;34m2023-02-15 18:26:10.781 DEBUG 1091321 --- [nio-8881-exec-4] s.s.w.c.SecurityContextPersistenceFilter : Cleared SecurityContextHolder to complete request
?[1;31m
Start test 18?[0m
?[0;34m2023-02-15 18:26:10.785 DEBUG 1091321 --- [nio-8881-exec-5] o.s.security.web.FilterChainProxy        : Securing DELETE /api/recipe/1
?[0m?[0;34m2023-02-15 18:26:10.785 DEBUG 1091321 --- [nio-8881-exec-5] s.s.w.c.SecurityContextPersistenceFilter : Set SecurityContextHolder to empty SecurityContext
?[0m?[0;34m2023-02-15 18:26:10.842 DEBUG 1091321 --- [nio-8881-exec-5] o.s.s.a.dao.DaoAuthenticationProvider    : Authenticated user
?[0m?[0;34m2023-02-15 18:26:10.842 DEBUG 1091321 --- [nio-8881-exec-5] o.s.s.w.a.www.BasicAuthenticationFilter  : Set SecurityContextHolder to UsernamePasswordAuthenticationToken [Principal=org.springframework.security.core.userdetails.User [Username=LoginTest2@test.com, Password=[PROTECTED], Enabled=true, AccountNonExpired=true, credentialsNonExpired=true, AccountNonLocked=true, Granted Authorities=[USER]], Credentials=[PROTECTED], Authenticated=true, Details=WebAuthenticationDetails [RemoteIpAddress=127.0.0.1, SessionId=null], Granted Authorities=[USER]]
?[0m?[0;34m2023-02-15 18:26:10.842 DEBUG 1091321 --- [nio-8881-exec-5] w.c.HttpSessionSecurityContextRepository : Created HttpSession as SecurityContext is non-default
?[0m?[0;34m2023-02-15 18:26:10.842 DEBUG 1091321 --- [nio-8881-exec-5] w.c.HttpSessionSecurityContextRepository : Stored SecurityContextImpl [Authentication=UsernamePasswordAuthenticationToken [Principal=org.springframework.security.core.userdetails.User [Username=LoginTest2@test.com, Password=[PROTECTED], Enabled=true, AccountNonExpired=true, credentialsNonExpired=true, AccountNonLocked=true, Granted Authorities=[USER]], Credentials=[PROTECTED], Authenticated=true, Details=WebAuthenticationDetails [RemoteIpAddress=127.0.0.1, SessionId=null], Granted Authorities=[USER]]] to HttpSession [org.apache.catalina.session.StandardSessionFacade@eaad459]
?[0m?[0;34m2023-02-15 18:26:10.843 DEBUG 1091321 --- [nio-8881-exec-5] o.s.s.w.a.i.FilterSecurityInterceptor    : Authorized filter invocation [DELETE /api/recipe/1] with attributes [authenticated]
?[0m?[0;34m2023-02-15 18:26:10.843 DEBUG 1091321 --- [nio-8881-exec-5] o.s.security.web.FilterChainProxy        : Secured DELETE /api/recipe/1
?[0m?[0;34m2023-02-15 18:26:10.857 DEBUG 1091321 --- [nio-8881-exec-5] w.c.HttpSessionSecurityContextRepository : Stored SecurityContextImpl [Authentication=UsernamePasswordAuthenticationToken [Principal=org.springframework.security.core.userdetails.User [Username=LoginTest2@test.com, Password=[PROTECTED], Enabled=true, AccountNonExpired=true, credentialsNonExpired=true, AccountNonLocked=true, Granted Authorities=[USER]], Credentials=[PROTECTED], Authenticated=true, Details=WebAuthenticationDetails [RemoteIpAddress=127.0.0.1, SessionId=null], Granted Authorities=[USER]]] to HttpSession [org.apache.catalina.session.StandardSessionFacade@eaad459]
?[0m?[0;34m2023-02-15 18:26:10.857 DEBUG 1091321 --- [nio-8881-exec-5] w.c.HttpSessionSecurityContextRepository : Stored SecurityContextImpl [Authentication=UsernamePasswordAuthenticationToken [Principal=org.springframework.security.core.userdetails.User [Username=LoginTest2@test.com, Password=[PROTECTED], Enabled=true, AccountNonExpired=true, credentialsNonExpired=true, AccountNonLocked=true, Granted Authorities=[USER]], Credentials=[PROTECTED], Authenticated=true, Details=WebAuthenticationDetails [RemoteIpAddress=127.0.0.1, SessionId=null], Granted Authorities=[USER]]] to HttpSession [org.apache.catalina.session.StandardSessionFacade@eaad459]
?[0m?[0;34m2023-02-15 18:26:10.857 DEBUG 1091321 --- [nio-8881-exec-5] s.s.w.c.SecurityContextPersistenceFilter : Cleared SecurityContextHolder to complete request
?[1;31m
Start test 19?[0m
?[0;34m2023-02-15 18:26:10.861 DEBUG 1091321 --- [nio-8881-exec-6] o.s.security.web.FilterChainProxy        : Securing DELETE /api/recipe/1
?[0m?[0;34m2023-02-15 18:26:10.861 DEBUG 1091321 --- [nio-8881-exec-6] s.s.w.c.SecurityContextPersistenceFilter : Set SecurityContextHolder to empty SecurityContext
?[0m?[0;34m2023-02-15 18:26:10.916 DEBUG 1091321 --- [nio-8881-exec-6] o.s.s.a.dao.DaoAuthenticationProvider    : Authenticated user
?[0m?[0;34m2023-02-15 18:26:10.916 DEBUG 1091321 --- [nio-8881-exec-6] o.s.s.w.a.www.BasicAuthenticationFilter  : Set SecurityContextHolder to UsernamePasswordAuthenticationToken [Principal=org.springframework.security.core.userdetails.User [Username=LoginTest2@test.com, Password=[PROTECTED], Enabled=true, AccountNonExpired=true, credentialsNonExpired=true, AccountNonLocked=true, Granted Authorities=[USER]], Credentials=[PROTECTED], Authenticated=true, Details=WebAuthenticationDetails [RemoteIpAddress=127.0.0.1, SessionId=null], Granted Authorities=[USER]]
?[0m?[0;34m2023-02-15 18:26:10.916 DEBUG 1091321 --- [nio-8881-exec-6] w.c.HttpSessionSecurityContextRepository : Created HttpSession as SecurityContext is non-default
?[0m?[0;34m2023-02-15 18:26:10.916 DEBUG 1091321 --- [nio-8881-exec-6] w.c.HttpSessionSecurityContextRepository : Stored SecurityContextImpl [Authentication=UsernamePasswordAuthenticationToken [Principal=org.springframework.security.core.userdetails.User [Username=LoginTest2@test.com, Password=[PROTECTED], Enabled=true, AccountNonExpired=true, credentialsNonExpired=true, AccountNonLocked=true, Granted Authorities=[USER]], Credentials=[PROTECTED], Authenticated=true, Details=WebAuthenticationDetails [RemoteIpAddress=127.0.0.1, SessionId=null], Granted Authorities=[USER]]] to HttpSession [org.apache.catalina.session.StandardSessionFacade@4f3700cd]
?[0m?[0;34m2023-02-15 18:26:10.917 DEBUG 1091321 --- [nio-8881-exec-6] o.s.s.w.a.i.FilterSecurityInterceptor    : Authorized filter invocation [DELETE /api/recipe/1] with attributes [authenticated]
?[0m?[0;34m2023-02-15 18:26:10.917 DEBUG 1091321 --- [nio-8881-exec-6] o.s.security.web.FilterChainProxy        : Secured DELETE /api/recipe/1
?[0m?[0;34m2023-02-15 18:26:10.919 DEBUG 1091321 --- [nio-8881-exec-6] w.c.HttpSessionSecurityContextRepository : Stored SecurityContextImpl [Authentication=UsernamePasswordAuthenticationToken [Principal=org.springframework.security.core.userdetails.User [Username=LoginTest2@test.com, Password=[PROTECTED], Enabled=true, AccountNonExpired=true, credentialsNonExpired=true, AccountNonLocked=true, Granted Authorities=[USER]], Credentials=[PROTECTED], Authenticated=true, Details=WebAuthenticationDetails [RemoteIpAddress=127.0.0.1, SessionId=null], Granted Authorities=[USER]]] to HttpSession [org.apache.catalina.session.StandardSessionFacade@4f3700cd]
?[0m?[0;34m2023-02-15 18:26:10.919 DEBUG 1091321 --- [nio-8881-exec-6] w.c.HttpSessionSecurityContextRepository : Stored SecurityContextImpl [Authentication=UsernamePasswordAuthenticationToken [Principal=org.springframework.security.core.userdetails.User [Username=LoginTest2@test.com, Password=[PROTECTED], Enabled=true, AccountNonExpired=true, credentialsNonExpired=true, AccountNonLocked=true, Granted Authorities=[USER]], Credentials=[PROTECTED], Authenticated=true, Details=WebAuthenticationDetails [RemoteIpAddress=127.0.0.1, SessionId=null], Granted Authorities=[USER]]] to HttpSession [org.apache.catalina.session.StandardSessionFacade@4f3700cd]
?[0m?[0;34m2023-02-15 18:26:10.919 DEBUG 1091321 --- [nio-8881-exec-6] s.s.w.c.SecurityContextPersistenceFilter : Cleared SecurityContextHolder to complete request
?[1;31m
Start test 20?[0m
?[0;34m2023-02-15 18:26:10.923 DEBUG 1091321 --- [nio-8881-exec-7] o.s.security.web.FilterChainProxy        : Securing GET /api/recipe/1
?[0m?[0;34m2023-02-15 18:26:10.923 DEBUG 1091321 --- [nio-8881-exec-7] s.s.w.c.SecurityContextPersistenceFilter : Set SecurityContextHolder to empty SecurityContext
?[0m?[0;34m2023-02-15 18:26:10.979 DEBUG 1091321 --- [nio-8881-exec-7] o.s.s.a.dao.DaoAuthenticationProvider    : Authenticated user
?[0m?[0;34m2023-02-15 18:26:10.979 DEBUG 1091321 --- [nio-8881-exec-7] o.s.s.w.a.www.BasicAuthenticationFilter  : Set SecurityContextHolder to UsernamePasswordAuthenticationToken [Principal=org.springframework.security.core.userdetails.User [Username=LoginTest2@test.com, Password=[PROTECTED], Enabled=true, AccountNonExpired=true, credentialsNonExpired=true, AccountNonLocked=true, Granted Authorities=[USER]], Credentials=[PROTECTED], Authenticated=true, Details=WebAuthenticationDetails [RemoteIpAddress=127.0.0.1, SessionId=null], Granted Authorities=[USER]]
?[0m?[0;34m2023-02-15 18:26:10.980 DEBUG 1091321 --- [nio-8881-exec-7] w.c.HttpSessionSecurityContextRepository : Created HttpSession as SecurityContext is non-default
?[0m?[0;34m2023-02-15 18:26:10.980 DEBUG 1091321 --- [nio-8881-exec-7] w.c.HttpSessionSecurityContextRepository : Stored SecurityContextImpl [Authentication=UsernamePasswordAuthenticationToken [Principal=org.springframework.security.core.userdetails.User [Username=LoginTest2@test.com, Password=[PROTECTED], Enabled=true, AccountNonExpired=true, credentialsNonExpired=true, AccountNonLocked=true, Granted Authorities=[USER]], Credentials=[PROTECTED], Authenticated=true, Details=WebAuthenticationDetails [RemoteIpAddress=127.0.0.1, SessionId=null], Granted Authorities=[USER]]] to HttpSession [org.apache.catalina.session.StandardSessionFacade@83bbdc2]
?[0m?[0;34m2023-02-15 18:26:10.980 DEBUG 1091321 --- [nio-8881-exec-7] o.s.s.w.a.i.FilterSecurityInterceptor    : Authorized filter invocation [GET /api/recipe/1] with attributes [authenticated]
?[0m?[0;34m2023-02-15 18:26:10.980 DEBUG 1091321 --- [nio-8881-exec-7] o.s.security.web.FilterChainProxy        : Secured GET /api/recipe/1
?[0m?[0;34m2023-02-15 18:26:10.982 DEBUG 1091321 --- [nio-8881-exec-7] w.c.HttpSessionSecurityContextRepository : Stored SecurityContextImpl [Authentication=UsernamePasswordAuthenticationToken [Principal=org.springframework.security.core.userdetails.User [Username=LoginTest2@test.com, Password=[PROTECTED], Enabled=true, AccountNonExpired=true, credentialsNonExpired=true, AccountNonLocked=true, Granted Authorities=[USER]], Credentials=[PROTECTED], Authenticated=true, Details=WebAuthenticationDetails [RemoteIpAddress=127.0.0.1, SessionId=null], Granted Authorities=[USER]]] to HttpSession [org.apache.catalina.session.StandardSessionFacade@83bbdc2]
?[0m?[0;34m2023-02-15 18:26:10.982 DEBUG 1091321 --- [nio-8881-exec-7] w.c.HttpSessionSecurityContextRepository : Stored SecurityContextImpl [Authentication=UsernamePasswordAuthenticationToken [Principal=org.springframework.security.core.userdetails.User [Username=LoginTest2@test.com, Password=[PROTECTED], Enabled=true, AccountNonExpired=true, credentialsNonExpired=true, AccountNonLocked=true, Granted Authorities=[USER]], Credentials=[PROTECTED], Authenticated=true, Details=WebAuthenticationDetails [RemoteIpAddress=127.0.0.1, SessionId=null], Granted Authorities=[USER]]] to HttpSession [org.apache.catalina.session.StandardSessionFacade@83bbdc2]
?[0m?[0;34m2023-02-15 18:26:10.982 DEBUG 1091321 --- [nio-8881-exec-7] s.s.w.c.SecurityContextPersistenceFilter : Cleared SecurityContextHolder to complete request
?[0m?[0;34m2023-02-15 18:26:10.982 DEBUG 1091321 --- [nio-8881-exec-7] o.s.security.web.FilterChainProxy        : Securing GET /error
?[0m?[0;34m2023-02-15 18:26:10.982 DEBUG 1091321 --- [nio-8881-exec-7] w.c.HttpSessionSecurityContextRepository : Retrieved SecurityContextImpl [Authentication=UsernamePasswordAuthenticationToken [Principal=org.springframework.security.core.userdetails.User [Username=LoginTest2@test.com, Password=[PROTECTED], Enabled=true, AccountNonExpired=true, credentialsNonExpired=true, AccountNonLocked=true, Granted Authorities=[USER]], Credentials=[PROTECTED], Authenticated=true, Details=WebAuthenticationDetails [RemoteIpAddress=127.0.0.1, SessionId=null], Granted Authorities=[USER]]]
?[0m?[0;34m2023-02-15 18:26:10.983 DEBUG 1091321 --- [nio-8881-exec-7] s.s.w.c.SecurityContextPersistenceFilter : Set SecurityContextHolder to SecurityContextImpl [Authentication=UsernamePasswordAuthenticationToken [Principal=org.springframework.security.core.userdetails.User [Username=LoginTest2@test.com, Password=[PROTECTED], Enabled=true, AccountNonExpired=true, credentialsNonExpired=true, AccountNonLocked=true, Granted Authorities=[USER]], Credentials=[PROTECTED], Authenticated=true, Details=WebAuthenticationDetails [RemoteIpAddress=127.0.0.1, SessionId=null], Granted Authorities=[USER]]]
?[0m?[0;34m2023-02-15 18:26:10.983 DEBUG 1091321 --- [nio-8881-exec-7] o.s.security.web.FilterChainProxy        : Secured GET /error
?[0m?[0;34m2023-02-15 18:26:10.985 DEBUG 1091321 --- [nio-8881-exec-7] s.s.w.c.SecurityContextPersistenceFilter : Cleared SecurityContextHolder to complete request
?[1;31m
Start test 21?[0m
?[0;34m2023-02-15 18:26:10.989 DEBUG 1091321 --- [nio-8881-exec-8] o.s.security.web.FilterChainProxy        : Securing PUT /api/recipe/1
?[0m?[0;34m2023-02-15 18:26:10.989 DEBUG 1091321 --- [nio-8881-exec-8] s.s.w.c.SecurityContextPersistenceFilter : Set SecurityContextHolder to empty SecurityContext
?[0m?[0;34m2023-02-15 18:26:11.045 DEBUG 1091321 --- [nio-8881-exec-8] o.s.s.a.dao.DaoAuthenticationProvider    : Authenticated user
?[0m?[0;34m2023-02-15 18:26:11.045 DEBUG 1091321 --- [nio-8881-exec-8] o.s.s.w.a.www.BasicAuthenticationFilter  : Set SecurityContextHolder to UsernamePasswordAuthenticationToken [Principal=org.springframework.security.core.userdetails.User [Username=LoginTest2@test.com, Password=[PROTECTED], Enabled=true, AccountNonExpired=true, credentialsNonExpired=true, AccountNonLocked=true, Granted Authorities=[USER]], Credentials=[PROTECTED], Authenticated=true, Details=WebAuthenticationDetails [RemoteIpAddress=127.0.0.1, SessionId=null], Granted Authorities=[USER]]
?[0m?[0;34m2023-02-15 18:26:11.046 DEBUG 1091321 --- [nio-8881-exec-8] w.c.HttpSessionSecurityContextRepository : Created HttpSession as SecurityContext is non-default
?[0m?[0;34m2023-02-15 18:26:11.046 DEBUG 1091321 --- [nio-8881-exec-8] w.c.HttpSessionSecurityContextRepository : Stored SecurityContextImpl [Authentication=UsernamePasswordAuthenticationToken [Principal=org.springframework.security.core.userdetails.User [Username=LoginTest2@test.com, Password=[PROTECTED], Enabled=true, AccountNonExpired=true, credentialsNonExpired=true, AccountNonLocked=true, Granted Authorities=[USER]], Credentials=[PROTECTED], Authenticated=true, Details=WebAuthenticationDetails [RemoteIpAddress=127.0.0.1, SessionId=null], Granted Authorities=[USER]]] to HttpSession [org.apache.catalina.session.StandardSessionFacade@92fad1c]
?[0m?[0;34m2023-02-15 18:26:11.046 DEBUG 1091321 --- [nio-8881-exec-8] o.s.s.w.a.i.FilterSecurityInterceptor    : Authorized filter invocation [PUT /api/recipe/1] with attributes [authenticated]
?[0m?[0;34m2023-02-15 18:26:11.046 DEBUG 1091321 --- [nio-8881-exec-8] o.s.security.web.FilterChainProxy        : Secured PUT /api/recipe/1
?[0m?[0;34m2023-02-15 18:26:11.049 DEBUG 1091321 --- [nio-8881-exec-8] w.c.HttpSessionSecurityContextRepository : Stored SecurityContextImpl [Authentication=UsernamePasswordAuthenticationToken [Principal=org.springframework.security.core.userdetails.User [Username=LoginTest2@test.com, Password=[PROTECTED], Enabled=true, AccountNonExpired=true, credentialsNonExpired=true, AccountNonLocked=true, Granted Authorities=[USER]], Credentials=[PROTECTED], Authenticated=true, Details=WebAuthenticationDetails [RemoteIpAddress=127.0.0.1, SessionId=null], Granted Authorities=[USER]]] to HttpSession [org.apache.catalina.session.StandardSessionFacade@92fad1c]
?[0m?[0;34m2023-02-15 18:26:11.049 DEBUG 1091321 --- [nio-8881-exec-8] w.c.HttpSessionSecurityContextRepository : Stored SecurityContextImpl [Authentication=UsernamePasswordAuthenticationToken [Principal=org.springframework.security.core.userdetails.User [Username=LoginTest2@test.com, Password=[PROTECTED], Enabled=true, AccountNonExpired=true, credentialsNonExpired=true, AccountNonLocked=true, Granted Authorities=[USER]], Credentials=[PROTECTED], Authenticated=true, Details=WebAuthenticationDetails [RemoteIpAddress=127.0.0.1, SessionId=null], Granted Authorities=[USER]]] to HttpSession [org.apache.catalina.session.StandardSessionFacade@92fad1c]
?[0m?[0;34m2023-02-15 18:26:11.049 DEBUG 1091321 --- [nio-8881-exec-8] s.s.w.c.SecurityContextPersistenceFilter : Cleared SecurityContextHolder to complete request
?[1;31m
Start test 22?[0m
?[0;34m2023-02-15 18:26:11.062 DEBUG 1091321 --- [nio-8881-exec-9] o.s.security.web.FilterChainProxy        : Securing POST /api/recipe/new
?[0m?[0;34m2023-02-15 18:26:11.063 DEBUG 1091321 --- [nio-8881-exec-9] s.s.w.c.SecurityContextPersistenceFilter : Set SecurityContextHolder to empty SecurityContext
?[0m?[0;34m2023-02-15 18:26:11.120 DEBUG 1091321 --- [nio-8881-exec-9] o.s.s.a.dao.DaoAuthenticationProvider    : Authenticated user
?[0m?[0;34m2023-02-15 18:26:11.120 DEBUG 1091321 --- [nio-8881-exec-9] o.s.s.w.a.www.BasicAuthenticationFilter  : Set SecurityContextHolder to UsernamePasswordAuthenticationToken [Principal=org.springframework.security.core.userdetails.User [Username=LoginTest2@test.com, Password=[PROTECTED], Enabled=true, AccountNonExpired=true, credentialsNonExpired=true, AccountNonLocked=true, Granted Authorities=[USER]], Credentials=[PROTECTED], Authenticated=true, Details=WebAuthenticationDetails [RemoteIpAddress=127.0.0.1, SessionId=null], Granted Authorities=[USER]]
?[0m?[0;34m2023-02-15 18:26:11.120 DEBUG 1091321 --- [nio-8881-exec-9] w.c.HttpSessionSecurityContextRepository : Created HttpSession as SecurityContext is non-default
?[0m?[0;34m2023-02-15 18:26:11.120 DEBUG 1091321 --- [nio-8881-exec-9] w.c.HttpSessionSecurityContextRepository : Stored SecurityContextImpl [Authentication=UsernamePasswordAuthenticationToken [Principal=org.springframework.security.core.userdetails.User [Username=LoginTest2@test.com, Password=[PROTECTED], Enabled=true, AccountNonExpired=true, credentialsNonExpired=true, AccountNonLocked=true, Granted Authorities=[USER]], Credentials=[PROTECTED], Authenticated=true, Details=WebAuthenticationDetails [RemoteIpAddress=127.0.0.1, SessionId=null], Granted Authorities=[USER]]] to HttpSession [org.apache.catalina.session.StandardSessionFacade@31fec63e]
?[0m?[0;34m2023-02-15 18:26:11.121 DEBUG 1091321 --- [nio-8881-exec-9] o.s.s.w.a.i.FilterSecurityInterceptor    : Authorized filter invocation [POST /api/recipe/new] with attributes [authenticated]
?[0m?[0;34m2023-02-15 18:26:11.121 DEBUG 1091321 --- [nio-8881-exec-9] o.s.security.web.FilterChainProxy        : Secured POST /api/recipe/new
?[0m?[0;34m2023-02-15 18:26:11.125 DEBUG 1091321 --- [nio-8881-exec-9] w.c.HttpSessionSecurityContextRepository : Stored SecurityContextImpl [Authentication=UsernamePasswordAuthenticationToken [Principal=org.springframework.security.core.userdetails.User [Username=LoginTest2@test.com, Password=[PROTECTED], Enabled=true, AccountNonExpired=true, credentialsNonExpired=true, AccountNonLocked=true, Granted Authorities=[USER]], Credentials=[PROTECTED], Authenticated=true, Details=WebAuthenticationDetails [RemoteIpAddress=127.0.0.1, SessionId=null], Granted Authorities=[USER]]] to HttpSession [org.apache.catalina.session.StandardSessionFacade@31fec63e]
?[0m?[0;34m2023-02-15 18:26:11.126 DEBUG 1091321 --- [nio-8881-exec-9] w.c.HttpSessionSecurityContextRepository : Stored SecurityContextImpl [Authentication=UsernamePasswordAuthenticationToken [Principal=org.springframework.security.core.userdetails.User [Username=LoginTest2@test.com, Password=[PROTECTED], Enabled=true, AccountNonExpired=true, credentialsNonExpired=true, AccountNonLocked=true, Granted Authorities=[USER]], Credentials=[PROTECTED], Authenticated=true, Details=WebAuthenticationDetails [RemoteIpAddress=127.0.0.1, SessionId=null], Granted Authorities=[USER]]] to HttpSession [org.apache.catalina.session.StandardSessionFacade@31fec63e]
?[0m?[0;34m2023-02-15 18:26:11.126 DEBUG 1091321 --- [nio-8881-exec-9] s.s.w.c.SecurityContextPersistenceFilter : Cleared SecurityContextHolder to complete request
?[1;31m
Start test 23?[0m
?[0;34m2023-02-15 18:26:11.140 DEBUG 1091321 --- [io-8881-exec-10] o.s.security.web.FilterChainProxy        : Securing POST /api/recipe/new
?[0m?[0;34m2023-02-15 18:26:11.140 DEBUG 1091321 --- [io-8881-exec-10] s.s.w.c.SecurityContextPersistenceFilter : Set SecurityContextHolder to empty SecurityContext
?[0m?[0;34m2023-02-15 18:26:11.196 DEBUG 1091321 --- [io-8881-exec-10] o.s.s.a.dao.DaoAuthenticationProvider    : Authenticated user
?[0m?[0;34m2023-02-15 18:26:11.196 DEBUG 1091321 --- [io-8881-exec-10] o.s.s.w.a.www.BasicAuthenticationFilter  : Set SecurityContextHolder to UsernamePasswordAuthenticationToken [Principal=org.springframework.security.core.userdetails.User [Username=LoginTest2@test.com, Password=[PROTECTED], Enabled=true, AccountNonExpired=true, credentialsNonExpired=true, AccountNonLocked=true, Granted Authorities=[USER]], Credentials=[PROTECTED], Authenticated=true, Details=WebAuthenticationDetails [RemoteIpAddress=127.0.0.1, SessionId=null], Granted Authorities=[USER]]
?[0m?[0;34m2023-02-15 18:26:11.196 DEBUG 1091321 --- [io-8881-exec-10] w.c.HttpSessionSecurityContextRepository : Created HttpSession as SecurityContext is non-default
?[0m?[0;34m2023-02-15 18:26:11.196 DEBUG 1091321 --- [io-8881-exec-10] w.c.HttpSessionSecurityContextRepository : Stored SecurityContextImpl [Authentication=UsernamePasswordAuthenticationToken [Principal=org.springframework.security.core.userdetails.User [Username=LoginTest2@test.com, Password=[PROTECTED], Enabled=true, AccountNonExpired=true, credentialsNonExpired=true, AccountNonLocked=true, Granted Authorities=[USER]], Credentials=[PROTECTED], Authenticated=true, Details=WebAuthenticationDetails [RemoteIpAddress=127.0.0.1, SessionId=null], Granted Authorities=[USER]]] to HttpSession [org.apache.catalina.session.StandardSessionFacade@335b610d]
?[0m?[0;34m2023-02-15 18:26:11.197 DEBUG 1091321 --- [io-8881-exec-10] o.s.s.w.a.i.FilterSecurityInterceptor    : Authorized filter invocation [POST /api/recipe/new] with attributes [authenticated]
?[0m?[0;34m2023-02-15 18:26:11.197 DEBUG 1091321 --- [io-8881-exec-10] o.s.security.web.FilterChainProxy        : Secured POST /api/recipe/new
?[0m?[0;34m2023-02-15 18:26:11.201 DEBUG 1091321 --- [io-8881-exec-10] w.c.HttpSessionSecurityContextRepository : Stored SecurityContextImpl [Authentication=UsernamePasswordAuthenticationToken [Principal=org.springframework.security.core.userdetails.User [Username=LoginTest2@test.com, Password=[PROTECTED], Enabled=true, AccountNonExpired=true, credentialsNonExpired=true, AccountNonLocked=true, Granted Authorities=[USER]], Credentials=[PROTECTED], Authenticated=true, Details=WebAuthenticationDetails [RemoteIpAddress=127.0.0.1, SessionId=null], Granted Authorities=[USER]]] to HttpSession [org.apache.catalina.session.StandardSessionFacade@335b610d]
?[0m?[0;34m2023-02-15 18:26:11.201 DEBUG 1091321 --- [io-8881-exec-10] w.c.HttpSessionSecurityContextRepository : Stored SecurityContextImpl [Authentication=UsernamePasswordAuthenticationToken [Principal=org.springframework.security.core.userdetails.User [Username=LoginTest2@test.com, Password=[PROTECTED], Enabled=true, AccountNonExpired=true, credentialsNonExpired=true, AccountNonLocked=true, Granted Authorities=[USER]], Credentials=[PROTECTED], Authenticated=true, Details=WebAuthenticationDetails [RemoteIpAddress=127.0.0.1, SessionId=null], Granted Authorities=[USER]]] to HttpSession [org.apache.catalina.session.StandardSessionFacade@335b610d]
?[0m?[0;34m2023-02-15 18:26:11.201 DEBUG 1091321 --- [io-8881-exec-10] s.s.w.c.SecurityContextPersistenceFilter : Cleared SecurityContextHolder to complete request
?[1;31m
Start test 24?[0m
?[0m?[0;34m2023-02-15 18:26:11.215 DEBUG 1091321 --- [nio-8881-exec-1] o.s.security.web.FilterChainProxy        : Securing POST /api/recipe/new
?[0m?[0;34m2023-02-15 18:26:11.215 DEBUG 1091321 --- [nio-8881-exec-1] s.s.w.c.SecurityContextPersistenceFilter : Set SecurityContextHolder to empty SecurityContext
?[0m?[0;34m2023-02-15 18:26:11.271 DEBUG 1091321 --- [nio-8881-exec-1] o.s.s.a.dao.DaoAuthenticationProvider    : Authenticated user
?[0m?[0;34m2023-02-15 18:26:11.271 DEBUG 1091321 --- [nio-8881-exec-1] o.s.s.w.a.www.BasicAuthenticationFilter  : Set SecurityContextHolder to UsernamePasswordAuthenticationToken [Principal=org.springframework.security.core.userdetails.User [Username=LoginTest2@test.com, Password=[PROTECTED], Enabled=true, AccountNonExpired=true, credentialsNonExpired=true, AccountNonLocked=true, Granted Authorities=[USER]], Credentials=[PROTECTED], Authenticated=true, Details=WebAuthenticationDetails [RemoteIpAddress=127.0.0.1, SessionId=null], Granted Authorities=[USER]]
?[0m?[0;34m2023-02-15 18:26:11.271 DEBUG 1091321 --- [nio-8881-exec-1] w.c.HttpSessionSecurityContextRepository : Created HttpSession as SecurityContext is non-default
?[0m?[0;34m2023-02-15 18:26:11.272 DEBUG 1091321 --- [nio-8881-exec-1] w.c.HttpSessionSecurityContextRepository : Stored SecurityContextImpl [Authentication=UsernamePasswordAuthenticationToken [Principal=org.springframework.security.core.userdetails.User [Username=LoginTest2@test.com, Password=[PROTECTED], Enabled=true, AccountNonExpired=true, credentialsNonExpired=true, AccountNonLocked=true, Granted Authorities=[USER]], Credentials=[PROTECTED], Authenticated=true, Details=WebAuthenticationDetails [RemoteIpAddress=127.0.0.1, SessionId=null], Granted Authorities=[USER]]] to HttpSession [org.apache.catalina.session.StandardSessionFacade@61685797]
?[0m?[0;34m2023-02-15 18:26:11.272 DEBUG 1091321 --- [nio-8881-exec-1] o.s.s.w.a.i.FilterSecurityInterceptor    : Authorized filter invocation [POST /api/recipe/new] with attributes [authenticated]
?[0m?[0;34m2023-02-15 18:26:11.272 DEBUG 1091321 --- [nio-8881-exec-1] o.s.security.web.FilterChainProxy        : Secured POST /api/recipe/new
?[0m?[0;34m2023-02-15 18:26:11.276 DEBUG 1091321 --- [nio-8881-exec-1] w.c.HttpSessionSecurityContextRepository : Stored SecurityContextImpl [Authentication=UsernamePasswordAuthenticationToken [Principal=org.springframework.security.core.userdetails.User [Username=LoginTest2@test.com, Password=[PROTECTED], Enabled=true, AccountNonExpired=true, credentialsNonExpired=true, AccountNonLocked=true, Granted Authorities=[USER]], Credentials=[PROTECTED], Authenticated=true, Details=WebAuthenticationDetails [RemoteIpAddress=127.0.0.1, SessionId=null], Granted Authorities=[USER]]] to HttpSession [org.apache.catalina.session.StandardSessionFacade@61685797]
?[0m?[0;34m2023-02-15 18:26:11.277 DEBUG 1091321 --- [nio-8881-exec-1] w.c.HttpSessionSecurityContextRepository : Stored SecurityContextImpl [Authentication=UsernamePasswordAuthenticationToken [Principal=org.springframework.security.core.userdetails.User [Username=LoginTest2@test.com, Password=[PROTECTED], Enabled=true, AccountNonExpired=true, credentialsNonExpired=true, AccountNonLocked=true, Granted Authorities=[USER]], Credentials=[PROTECTED], Authenticated=true, Details=WebAuthenticationDetails [RemoteIpAddress=127.0.0.1, SessionId=null], Granted Authorities=[USER]]] to HttpSession [org.apache.catalina.session.StandardSessionFacade@61685797]
?[0m?[0;34m2023-02-15 18:26:11.277 DEBUG 1091321 --- [nio-8881-exec-1] s.s.w.c.SecurityContextPersistenceFilter : Cleared SecurityContextHolder to complete request
?[1;31m
Start test 25?[0m
?[0m?[0;34m2023-02-15 18:26:11.290 DEBUG 1091321 --- [nio-8881-exec-2] o.s.security.web.FilterChainProxy        : Securing POST /api/recipe/new
?[0m?[0;34m2023-02-15 18:26:11.291 DEBUG 1091321 --- [nio-8881-exec-2] s.s.w.c.SecurityContextPersistenceFilter : Set SecurityContextHolder to empty SecurityContext
?[0m?[0;34m2023-02-15 18:26:11.348 DEBUG 1091321 --- [nio-8881-exec-2] o.s.s.a.dao.DaoAuthenticationProvider    : Authenticated user
?[0m?[0;34m2023-02-15 18:26:11.348 DEBUG 1091321 --- [nio-8881-exec-2] o.s.s.w.a.www.BasicAuthenticationFilter  : Set SecurityContextHolder to UsernamePasswordAuthenticationToken [Principal=org.springframework.security.core.userdetails.User [Username=LoginTest2@test.com, Password=[PROTECTED], Enabled=true, AccountNonExpired=true, credentialsNonExpired=true, AccountNonLocked=true, Granted Authorities=[USER]], Credentials=[PROTECTED], Authenticated=true, Details=WebAuthenticationDetails [RemoteIpAddress=127.0.0.1, SessionId=null], Granted Authorities=[USER]]
?[0m?[0;34m2023-02-15 18:26:11.348 DEBUG 1091321 --- [nio-8881-exec-2] w.c.HttpSessionSecurityContextRepository : Created HttpSession as SecurityContext is non-default
?[0m?[0;34m2023-02-15 18:26:11.348 DEBUG 1091321 --- [nio-8881-exec-2] w.c.HttpSessionSecurityContextRepository : Stored SecurityContextImpl [Authentication=UsernamePasswordAuthenticationToken [Principal=org.springframework.security.core.userdetails.User [Username=LoginTest2@test.com, Password=[PROTECTED], Enabled=true, AccountNonExpired=true, credentialsNonExpired=true, AccountNonLocked=true, Granted Authorities=[USER]], Credentials=[PROTECTED], Authenticated=true, Details=WebAuthenticationDetails [RemoteIpAddress=127.0.0.1, SessionId=null], Granted Authorities=[USER]]] to HttpSession [org.apache.catalina.session.StandardSessionFacade@3cdccdc3]
?[0m?[0;34m2023-02-15 18:26:11.349 DEBUG 1091321 --- [nio-8881-exec-2] o.s.s.w.a.i.FilterSecurityInterceptor    : Authorized filter invocation [POST /api/recipe/new] with attributes [authenticated]
?[0m?[0;34m2023-02-15 18:26:11.349 DEBUG 1091321 --- [nio-8881-exec-2] o.s.security.web.FilterChainProxy        : Secured POST /api/recipe/new
?[0m?[0;34m2023-02-15 18:26:11.353 DEBUG 1091321 --- [nio-8881-exec-2] w.c.HttpSessionSecurityContextRepository : Stored SecurityContextImpl [Authentication=UsernamePasswordAuthenticationToken [Principal=org.springframework.security.core.userdetails.User [Username=LoginTest2@test.com, Password=[PROTECTED], Enabled=true, AccountNonExpired=true, credentialsNonExpired=true, AccountNonLocked=true, Granted Authorities=[USER]], Credentials=[PROTECTED], Authenticated=true, Details=WebAuthenticationDetails [RemoteIpAddress=127.0.0.1, SessionId=null], Granted Authorities=[USER]]] to HttpSession [org.apache.catalina.session.StandardSessionFacade@3cdccdc3]
?[0m?[0;34m2023-02-15 18:26:11.353 DEBUG 1091321 --- [nio-8881-exec-2] w.c.HttpSessionSecurityContextRepository : Stored SecurityContextImpl [Authentication=UsernamePasswordAuthenticationToken [Principal=org.springframework.security.core.userdetails.User [Username=LoginTest2@test.com, Password=[PROTECTED], Enabled=true, AccountNonExpired=true, credentialsNonExpired=true, AccountNonLocked=true, Granted Authorities=[USER]], Credentials=[PROTECTED], Authenticated=true, Details=WebAuthenticationDetails [RemoteIpAddress=127.0.0.1, SessionId=null], Granted Authorities=[USER]]] to HttpSession [org.apache.catalina.session.StandardSessionFacade@3cdccdc3]
?[0m?[0;34m2023-02-15 18:26:11.353 DEBUG 1091321 --- [nio-8881-exec-2] s.s.w.c.SecurityContextPersistenceFilter : Cleared SecurityContextHolder to complete request
?[1;31m
Start test 26?[0m
?[0m?[0;34m2023-02-15 18:26:11.367 DEBUG 1091321 --- [nio-8881-exec-3] o.s.security.web.FilterChainProxy        : Securing POST /api/recipe/new
?[0m?[0;34m2023-02-15 18:26:11.367 DEBUG 1091321 --- [nio-8881-exec-3] s.s.w.c.SecurityContextPersistenceFilter : Set SecurityContextHolder to empty SecurityContext
?[0m?[0;34m2023-02-15 18:26:11.423 DEBUG 1091321 --- [nio-8881-exec-3] o.s.s.a.dao.DaoAuthenticationProvider    : Authenticated user
?[0m?[0;34m2023-02-15 18:26:11.423 DEBUG 1091321 --- [nio-8881-exec-3] o.s.s.w.a.www.BasicAuthenticationFilter  : Set SecurityContextHolder to UsernamePasswordAuthenticationToken [Principal=org.springframework.security.core.userdetails.User [Username=LoginTest2@test.com, Password=[PROTECTED], Enabled=true, AccountNonExpired=true, credentialsNonExpired=true, AccountNonLocked=true, Granted Authorities=[USER]], Credentials=[PROTECTED], Authenticated=true, Details=WebAuthenticationDetails [RemoteIpAddress=127.0.0.1, SessionId=null], Granted Authorities=[USER]]
?[0m?[0;34m2023-02-15 18:26:11.423 DEBUG 1091321 --- [nio-8881-exec-3] w.c.HttpSessionSecurityContextRepository : Created HttpSession as SecurityContext is non-default
?[0m?[0;34m2023-02-15 18:26:11.423 DEBUG 1091321 --- [nio-8881-exec-3] w.c.HttpSessionSecurityContextRepository : Stored SecurityContextImpl [Authentication=UsernamePasswordAuthenticationToken [Principal=org.springframework.security.core.userdetails.User [Username=LoginTest2@test.com, Password=[PROTECTED], Enabled=true, AccountNonExpired=true, credentialsNonExpired=true, AccountNonLocked=true, Granted Authorities=[USER]], Credentials=[PROTECTED], Authenticated=true, Details=WebAuthenticationDetails [RemoteIpAddress=127.0.0.1, SessionId=null], Granted Authorities=[USER]]] to HttpSession [org.apache.catalina.session.StandardSessionFacade@58f113d4]
?[0m?[0;34m2023-02-15 18:26:11.424 DEBUG 1091321 --- [nio-8881-exec-3] o.s.s.w.a.i.FilterSecurityInterceptor    : Authorized filter invocation [POST /api/recipe/new] with attributes [authenticated]
?[0m?[0;34m2023-02-15 18:26:11.424 DEBUG 1091321 --- [nio-8881-exec-3] o.s.security.web.FilterChainProxy        : Secured POST /api/recipe/new
?[0m?[0;34m2023-02-15 18:26:11.427 DEBUG 1091321 --- [nio-8881-exec-3] w.c.HttpSessionSecurityContextRepository : Stored SecurityContextImpl [Authentication=UsernamePasswordAuthenticationToken [Principal=org.springframework.security.core.userdetails.User [Username=LoginTest2@test.com, Password=[PROTECTED], Enabled=true, AccountNonExpired=true, credentialsNonExpired=true, AccountNonLocked=true, Granted Authorities=[USER]], Credentials=[PROTECTED], Authenticated=true, Details=WebAuthenticationDetails [RemoteIpAddress=127.0.0.1, SessionId=null], Granted Authorities=[USER]]] to HttpSession [org.apache.catalina.session.StandardSessionFacade@58f113d4]
?[0m?[0;34m2023-02-15 18:26:11.427 DEBUG 1091321 --- [nio-8881-exec-3] w.c.HttpSessionSecurityContextRepository : Stored SecurityContextImpl [Authentication=UsernamePasswordAuthenticationToken [Principal=org.springframework.security.core.userdetails.User [Username=LoginTest2@test.com, Password=[PROTECTED], Enabled=true, AccountNonExpired=true, credentialsNonExpired=true, AccountNonLocked=true, Granted Authorities=[USER]], Credentials=[PROTECTED], Authenticated=true, Details=WebAuthenticationDetails [RemoteIpAddress=127.0.0.1, SessionId=null], Granted Authorities=[USER]]] to HttpSession [org.apache.catalina.session.StandardSessionFacade@58f113d4]
?[0m?[0;34m2023-02-15 18:26:11.427 DEBUG 1091321 --- [nio-8881-exec-3] s.s.w.c.SecurityContextPersistenceFilter : Cleared SecurityContextHolder to complete request
?[1;31m
Start test 27?[0m
?[0m?[0;34m2023-02-15 18:26:11.441 DEBUG 1091321 --- [nio-8881-exec-4] o.s.security.web.FilterChainProxy        : Securing POST /api/recipe/new
?[0m?[0;34m2023-02-15 18:26:11.441 DEBUG 1091321 --- [nio-8881-exec-4] s.s.w.c.SecurityContextPersistenceFilter : Set SecurityContextHolder to empty SecurityContext
?[0m?[0;34m2023-02-15 18:26:11.498 DEBUG 1091321 --- [nio-8881-exec-4] o.s.s.a.dao.DaoAuthenticationProvider    : Authenticated user
?[0m?[0;34m2023-02-15 18:26:11.498 DEBUG 1091321 --- [nio-8881-exec-4] o.s.s.w.a.www.BasicAuthenticationFilter  : Set SecurityContextHolder to UsernamePasswordAuthenticationToken [Principal=org.springframework.security.core.userdetails.User [Username=LoginTest2@test.com, Password=[PROTECTED], Enabled=true, AccountNonExpired=true, credentialsNonExpired=true, AccountNonLocked=true, Granted Authorities=[USER]], Credentials=[PROTECTED], Authenticated=true, Details=WebAuthenticationDetails [RemoteIpAddress=127.0.0.1, SessionId=null], Granted Authorities=[USER]]
?[0m?[0;34m2023-02-15 18:26:11.498 DEBUG 1091321 --- [nio-8881-exec-4] w.c.HttpSessionSecurityContextRepository : Created HttpSession as SecurityContext is non-default
?[0m?[0;34m2023-02-15 18:26:11.498 DEBUG 1091321 --- [nio-8881-exec-4] w.c.HttpSessionSecurityContextRepository : Stored SecurityContextImpl [Authentication=UsernamePasswordAuthenticationToken [Principal=org.springframework.security.core.userdetails.User [Username=LoginTest2@test.com, Password=[PROTECTED], Enabled=true, AccountNonExpired=true, credentialsNonExpired=true, AccountNonLocked=true, Granted Authorities=[USER]], Credentials=[PROTECTED], Authenticated=true, Details=WebAuthenticationDetails [RemoteIpAddress=127.0.0.1, SessionId=null], Granted Authorities=[USER]]] to HttpSession [org.apache.catalina.session.StandardSessionFacade@43b37e82]
?[0m?[0;34m2023-02-15 18:26:11.498 DEBUG 1091321 --- [nio-8881-exec-4] o.s.s.w.a.i.FilterSecurityInterceptor    : Authorized filter invocation [POST /api/recipe/new] with attributes [authenticated]
?[0m?[0;34m2023-02-15 18:26:11.499 DEBUG 1091321 --- [nio-8881-exec-4] o.s.security.web.FilterChainProxy        : Secured POST /api/recipe/new
?[0m?[0;34m2023-02-15 18:26:11.502 DEBUG 1091321 --- [nio-8881-exec-4] w.c.HttpSessionSecurityContextRepository : Stored SecurityContextImpl [Authentication=UsernamePasswordAuthenticationToken [Principal=org.springframework.security.core.userdetails.User [Username=LoginTest2@test.com, Password=[PROTECTED], Enabled=true, AccountNonExpired=true, credentialsNonExpired=true, AccountNonLocked=true, Granted Authorities=[USER]], Credentials=[PROTECTED], Authenticated=true, Details=WebAuthenticationDetails [RemoteIpAddress=127.0.0.1, SessionId=null], Granted Authorities=[USER]]] to HttpSession [org.apache.catalina.session.StandardSessionFacade@43b37e82]
?[0m?[0;34m2023-02-15 18:26:11.503 DEBUG 1091321 --- [nio-8881-exec-4] w.c.HttpSessionSecurityContextRepository : Stored SecurityContextImpl [Authentication=UsernamePasswordAuthenticationToken [Principal=org.springframework.security.core.userdetails.User [Username=LoginTest2@test.com, Password=[PROTECTED], Enabled=true, AccountNonExpired=true, credentialsNonExpired=true, AccountNonLocked=true, Granted Authorities=[USER]], Credentials=[PROTECTED], Authenticated=true, Details=WebAuthenticationDetails [RemoteIpAddress=127.0.0.1, SessionId=null], Granted Authorities=[USER]]] to HttpSession [org.apache.catalina.session.StandardSessionFacade@43b37e82]
?[0m?[0;34m2023-02-15 18:26:11.503 DEBUG 1091321 --- [nio-8881-exec-4] s.s.w.c.SecurityContextPersistenceFilter : Cleared SecurityContextHolder to complete request
?[1;31m
Start test 28?[0m
?[0m?[0;34m2023-02-15 18:26:11.516 DEBUG 1091321 --- [nio-8881-exec-5] o.s.security.web.FilterChainProxy        : Securing POST /api/recipe/new
?[0m?[0;34m2023-02-15 18:26:11.517 DEBUG 1091321 --- [nio-8881-exec-5] s.s.w.c.SecurityContextPersistenceFilter : Set SecurityContextHolder to empty SecurityContext
?[0m?[0;34m2023-02-15 18:26:11.572 DEBUG 1091321 --- [nio-8881-exec-5] o.s.s.a.dao.DaoAuthenticationProvider    : Authenticated user
?[0m?[0;34m2023-02-15 18:26:11.572 DEBUG 1091321 --- [nio-8881-exec-5] o.s.s.w.a.www.BasicAuthenticationFilter  : Set SecurityContextHolder to UsernamePasswordAuthenticationToken [Principal=org.springframework.security.core.userdetails.User [Username=LoginTest2@test.com, Password=[PROTECTED], Enabled=true, AccountNonExpired=true, credentialsNonExpired=true, AccountNonLocked=true, Granted Authorities=[USER]], Credentials=[PROTECTED], Authenticated=true, Details=WebAuthenticationDetails [RemoteIpAddress=127.0.0.1, SessionId=null], Granted Authorities=[USER]]
?[0m?[0;34m2023-02-15 18:26:11.573 DEBUG 1091321 --- [nio-8881-exec-5] w.c.HttpSessionSecurityContextRepository : Created HttpSession as SecurityContext is non-default
?[0m?[0;34m2023-02-15 18:26:11.573 DEBUG 1091321 --- [nio-8881-exec-5] w.c.HttpSessionSecurityContextRepository : Stored SecurityContextImpl [Authentication=UsernamePasswordAuthenticationToken [Principal=org.springframework.security.core.userdetails.User [Username=LoginTest2@test.com, Password=[PROTECTED], Enabled=true, AccountNonExpired=true, credentialsNonExpired=true, AccountNonLocked=true, Granted Authorities=[USER]], Credentials=[PROTECTED], Authenticated=true, Details=WebAuthenticationDetails [RemoteIpAddress=127.0.0.1, SessionId=null], Granted Authorities=[USER]]] to HttpSession [org.apache.catalina.session.StandardSessionFacade@7e370ebe]
?[0m?[0;34m2023-02-15 18:26:11.573 DEBUG 1091321 --- [nio-8881-exec-5] o.s.s.w.a.i.FilterSecurityInterceptor    : Authorized filter invocation [POST /api/recipe/new] with attributes [authenticated]
?[0m?[0;34m2023-02-15 18:26:11.573 DEBUG 1091321 --- [nio-8881-exec-5] o.s.security.web.FilterChainProxy        : Secured POST /api/recipe/new
?[0m?[0;34m2023-02-15 18:26:11.576 DEBUG 1091321 --- [nio-8881-exec-5] w.c.HttpSessionSecurityContextRepository : Stored SecurityContextImpl [Authentication=UsernamePasswordAuthenticationToken [Principal=org.springframework.security.core.userdetails.User [Username=LoginTest2@test.com, Password=[PROTECTED], Enabled=true, AccountNonExpired=true, credentialsNonExpired=true, AccountNonLocked=true, Granted Authorities=[USER]], Credentials=[PROTECTED], Authenticated=true, Details=WebAuthenticationDetails [RemoteIpAddress=127.0.0.1, SessionId=null], Granted Authorities=[USER]]] to HttpSession [org.apache.catalina.session.StandardSessionFacade@7e370ebe]
?[0m?[0;34m2023-02-15 18:26:11.577 DEBUG 1091321 --- [nio-8881-exec-5] w.c.HttpSessionSecurityContextRepository : Stored SecurityContextImpl [Authentication=UsernamePasswordAuthenticationToken [Principal=org.springframework.security.core.userdetails.User [Username=LoginTest2@test.com, Password=[PROTECTED], Enabled=true, AccountNonExpired=true, credentialsNonExpired=true, AccountNonLocked=true, Granted Authorities=[USER]], Credentials=[PROTECTED], Authenticated=true, Details=WebAuthenticationDetails [RemoteIpAddress=127.0.0.1, SessionId=null], Granted Authorities=[USER]]] to HttpSession [org.apache.catalina.session.StandardSessionFacade@7e370ebe]
?[0m?[0;34m2023-02-15 18:26:11.577 DEBUG 1091321 --- [nio-8881-exec-5] s.s.w.c.SecurityContextPersistenceFilter : Cleared SecurityContextHolder to complete request
?[1;31m
Start test 29?[0m
?[0m?[0;34m2023-02-15 18:26:11.590 DEBUG 1091321 --- [nio-8881-exec-6] o.s.security.web.FilterChainProxy        : Securing POST /api/recipe/new
?[0m?[0;34m2023-02-15 18:26:11.590 DEBUG 1091321 --- [nio-8881-exec-6] s.s.w.c.SecurityContextPersistenceFilter : Set SecurityContextHolder to empty SecurityContext
?[0m?[0;34m2023-02-15 18:26:11.645 DEBUG 1091321 --- [nio-8881-exec-6] o.s.s.a.dao.DaoAuthenticationProvider    : Authenticated user
?[0m?[0;34m2023-02-15 18:26:11.645 DEBUG 1091321 --- [nio-8881-exec-6] o.s.s.w.a.www.BasicAuthenticationFilter  : Set SecurityContextHolder to UsernamePasswordAuthenticationToken [Principal=org.springframework.security.core.userdetails.User [Username=LoginTest2@test.com, Password=[PROTECTED], Enabled=true, AccountNonExpired=true, credentialsNonExpired=true, AccountNonLocked=true, Granted Authorities=[USER]], Credentials=[PROTECTED], Authenticated=true, Details=WebAuthenticationDetails [RemoteIpAddress=127.0.0.1, SessionId=null], Granted Authorities=[USER]]
?[0m?[0;34m2023-02-15 18:26:11.645 DEBUG 1091321 --- [nio-8881-exec-6] w.c.HttpSessionSecurityContextRepository : Created HttpSession as SecurityContext is non-default
?[0m?[0;34m2023-02-15 18:26:11.645 DEBUG 1091321 --- [nio-8881-exec-6] w.c.HttpSessionSecurityContextRepository : Stored SecurityContextImpl [Authentication=UsernamePasswordAuthenticationToken [Principal=org.springframework.security.core.userdetails.User [Username=LoginTest2@test.com, Password=[PROTECTED], Enabled=true, AccountNonExpired=true, credentialsNonExpired=true, AccountNonLocked=true, Granted Authorities=[USER]], Credentials=[PROTECTED], Authenticated=true, Details=WebAuthenticationDetails [RemoteIpAddress=127.0.0.1, SessionId=null], Granted Authorities=[USER]]] to HttpSession [org.apache.catalina.session.StandardSessionFacade@f2bc857]
?[0m?[0;34m2023-02-15 18:26:11.646 DEBUG 1091321 --- [nio-8881-exec-6] o.s.s.w.a.i.FilterSecurityInterceptor    : Authorized filter invocation [POST /api/recipe/new] with attributes [authenticated]
?[0m?[0;34m2023-02-15 18:26:11.646 DEBUG 1091321 --- [nio-8881-exec-6] o.s.security.web.FilterChainProxy        : Secured POST /api/recipe/new
?[0m?[0;34m2023-02-15 18:26:11.649 DEBUG 1091321 --- [nio-8881-exec-6] w.c.HttpSessionSecurityContextRepository : Stored SecurityContextImpl [Authentication=UsernamePasswordAuthenticationToken [Principal=org.springframework.security.core.userdetails.User [Username=LoginTest2@test.com, Password=[PROTECTED], Enabled=true, AccountNonExpired=true, credentialsNonExpired=true, AccountNonLocked=true, Granted Authorities=[USER]], Credentials=[PROTECTED], Authenticated=true, Details=WebAuthenticationDetails [RemoteIpAddress=127.0.0.1, SessionId=null], Granted Authorities=[USER]]] to HttpSession [org.apache.catalina.session.StandardSessionFacade@f2bc857]
?[0m?[0;34m2023-02-15 18:26:11.649 DEBUG 1091321 --- [nio-8881-exec-6] w.c.HttpSessionSecurityContextRepository : Stored SecurityContextImpl [Authentication=UsernamePasswordAuthenticationToken [Principal=org.springframework.security.core.userdetails.User [Username=LoginTest2@test.com, Password=[PROTECTED], Enabled=true, AccountNonExpired=true, credentialsNonExpired=true, AccountNonLocked=true, Granted Authorities=[USER]], Credentials=[PROTECTED], Authenticated=true, Details=WebAuthenticationDetails [RemoteIpAddress=127.0.0.1, SessionId=null], Granted Authorities=[USER]]] to HttpSession [org.apache.catalina.session.StandardSessionFacade@f2bc857]
?[0m?[0;34m2023-02-15 18:26:11.649 DEBUG 1091321 --- [nio-8881-exec-6] s.s.w.c.SecurityContextPersistenceFilter : Cleared SecurityContextHolder to complete request
?[1;31m
Start test 30?[0m
?[0m?[0;34m2023-02-15 18:26:11.666 DEBUG 1091321 --- [nio-8881-exec-7] o.s.security.web.FilterChainProxy        : Securing POST /api/recipe/new
?[0m?[0;34m2023-02-15 18:26:11.667 DEBUG 1091321 --- [nio-8881-exec-7] s.s.w.c.SecurityContextPersistenceFilter : Set SecurityContextHolder to empty SecurityContext
?[0m?[0;34m2023-02-15 18:26:11.723 DEBUG 1091321 --- [nio-8881-exec-7] o.s.s.a.dao.DaoAuthenticationProvider    : Authenticated user
?[0m?[0;34m2023-02-15 18:26:11.723 DEBUG 1091321 --- [nio-8881-exec-7] o.s.s.w.a.www.BasicAuthenticationFilter  : Set SecurityContextHolder to UsernamePasswordAuthenticationToken [Principal=org.springframework.security.core.userdetails.User [Username=LoginTest2@test.com, Password=[PROTECTED], Enabled=true, AccountNonExpired=true, credentialsNonExpired=true, AccountNonLocked=true, Granted Authorities=[USER]], Credentials=[PROTECTED], Authenticated=true, Details=WebAuthenticationDetails [RemoteIpAddress=127.0.0.1, SessionId=null], Granted Authorities=[USER]]
?[0m?[0;34m2023-02-15 18:26:11.723 DEBUG 1091321 --- [nio-8881-exec-7] w.c.HttpSessionSecurityContextRepository : Created HttpSession as SecurityContext is non-default
?[0m?[0;34m2023-02-15 18:26:11.723 DEBUG 1091321 --- [nio-8881-exec-7] w.c.HttpSessionSecurityContextRepository : Stored SecurityContextImpl [Authentication=UsernamePasswordAuthenticationToken [Principal=org.springframework.security.core.userdetails.User [Username=LoginTest2@test.com, Password=[PROTECTED], Enabled=true, AccountNonExpired=true, credentialsNonExpired=true, AccountNonLocked=true, Granted Authorities=[USER]], Credentials=[PROTECTED], Authenticated=true, Details=WebAuthenticationDetails [RemoteIpAddress=127.0.0.1, SessionId=null], Granted Authorities=[USER]]] to HttpSession [org.apache.catalina.session.StandardSessionFacade@76ccb91e]
?[0m?[0;34m2023-02-15 18:26:11.723 DEBUG 1091321 --- [nio-8881-exec-7] o.s.s.w.a.i.FilterSecurityInterceptor    : Authorized filter invocation [POST /api/recipe/new] with attributes [authenticated]
?[0m?[0;34m2023-02-15 18:26:11.723 DEBUG 1091321 --- [nio-8881-exec-7] o.s.security.web.FilterChainProxy        : Secured POST /api/recipe/new
?[0m?[0;34m2023-02-15 18:26:11.727 DEBUG 1091321 --- [nio-8881-exec-7] w.c.HttpSessionSecurityContextRepository : Stored SecurityContextImpl [Authentication=UsernamePasswordAuthenticationToken [Principal=org.springframework.security.core.userdetails.User [Username=LoginTest2@test.com, Password=[PROTECTED], Enabled=true, AccountNonExpired=true, credentialsNonExpired=true, AccountNonLocked=true, Granted Authorities=[USER]], Credentials=[PROTECTED], Authenticated=true, Details=WebAuthenticationDetails [RemoteIpAddress=127.0.0.1, SessionId=null], Granted Authorities=[USER]]] to HttpSession [org.apache.catalina.session.StandardSessionFacade@76ccb91e]
?[0m?[0;34m2023-02-15 18:26:11.727 DEBUG 1091321 --- [nio-8881-exec-7] w.c.HttpSessionSecurityContextRepository : Stored SecurityContextImpl [Authentication=UsernamePasswordAuthenticationToken [Principal=org.springframework.security.core.userdetails.User [Username=LoginTest2@test.com, Password=[PROTECTED], Enabled=true, AccountNonExpired=true, credentialsNonExpired=true, AccountNonLocked=true, Granted Authorities=[USER]], Credentials=[PROTECTED], Authenticated=true, Details=WebAuthenticationDetails [RemoteIpAddress=127.0.0.1, SessionId=null], Granted Authorities=[USER]]] to HttpSession [org.apache.catalina.session.StandardSessionFacade@76ccb91e]
?[0m?[0;34m2023-02-15 18:26:11.727 DEBUG 1091321 --- [nio-8881-exec-7] s.s.w.c.SecurityContextPersistenceFilter : Cleared SecurityContextHolder to complete request
?[1;31m
Start test 31?[0m
?[0m?[0;34m2023-02-15 18:26:11.741 DEBUG 1091321 --- [nio-8881-exec-8] o.s.security.web.FilterChainProxy        : Securing POST /api/recipe/new
?[0m?[0;34m2023-02-15 18:26:11.741 DEBUG 1091321 --- [nio-8881-exec-8] s.s.w.c.SecurityContextPersistenceFilter : Set SecurityContextHolder to empty SecurityContext
?[0m?[0;34m2023-02-15 18:26:11.824 DEBUG 1091321 --- [nio-8881-exec-8] o.s.s.a.dao.DaoAuthenticationProvider    : Authenticated user
?[0m?[0;34m2023-02-15 18:26:11.824 DEBUG 1091321 --- [nio-8881-exec-8] o.s.s.w.a.www.BasicAuthenticationFilter  : Set SecurityContextHolder to UsernamePasswordAuthenticationToken [Principal=org.springframework.security.core.userdetails.User [Username=LoginTest2@test.com, Password=[PROTECTED], Enabled=true, AccountNonExpired=true, credentialsNonExpired=true, AccountNonLocked=true, Granted Authorities=[USER]], Credentials=[PROTECTED], Authenticated=true, Details=WebAuthenticationDetails [RemoteIpAddress=127.0.0.1, SessionId=null], Granted Authorities=[USER]]
?[0m?[0;34m2023-02-15 18:26:11.825 DEBUG 1091321 --- [nio-8881-exec-8] w.c.HttpSessionSecurityContextRepository : Created HttpSession as SecurityContext is non-default
?[0m?[0;34m2023-02-15 18:26:11.825 DEBUG 1091321 --- [nio-8881-exec-8] w.c.HttpSessionSecurityContextRepository : Stored SecurityContextImpl [Authentication=UsernamePasswordAuthenticationToken [Principal=org.springframework.security.core.userdetails.User [Username=LoginTest2@test.com, Password=[PROTECTED], Enabled=true, AccountNonExpired=true, credentialsNonExpired=true, AccountNonLocked=true, Granted Authorities=[USER]], Credentials=[PROTECTED], Authenticated=true, Details=WebAuthenticationDetails [RemoteIpAddress=127.0.0.1, SessionId=null], Granted Authorities=[USER]]] to HttpSession [org.apache.catalina.session.StandardSessionFacade@26faa73d]
?[0m?[0;34m2023-02-15 18:26:11.825 DEBUG 1091321 --- [nio-8881-exec-8] o.s.s.w.a.i.FilterSecurityInterceptor    : Authorized filter invocation [POST /api/recipe/new] with attributes [authenticated]
?[0m?[0;34m2023-02-15 18:26:11.825 DEBUG 1091321 --- [nio-8881-exec-8] o.s.security.web.FilterChainProxy        : Secured POST /api/recipe/new
?[0m?[0;34m2023-02-15 18:26:11.829 DEBUG 1091321 --- [nio-8881-exec-8] w.c.HttpSessionSecurityContextRepository : Stored SecurityContextImpl [Authentication=UsernamePasswordAuthenticationToken [Principal=org.springframework.security.core.userdetails.User [Username=LoginTest2@test.com, Password=[PROTECTED], Enabled=true, AccountNonExpired=true, credentialsNonExpired=true, AccountNonLocked=true, Granted Authorities=[USER]], Credentials=[PROTECTED], Authenticated=true, Details=WebAuthenticationDetails [RemoteIpAddress=127.0.0.1, SessionId=null], Granted Authorities=[USER]]] to HttpSession [org.apache.catalina.session.StandardSessionFacade@26faa73d]
?[0m?[0;34m2023-02-15 18:26:11.830 DEBUG 1091321 --- [nio-8881-exec-8] w.c.HttpSessionSecurityContextRepository : Stored SecurityContextImpl [Authentication=UsernamePasswordAuthenticationToken [Principal=org.springframework.security.core.userdetails.User [Username=LoginTest2@test.com, Password=[PROTECTED], Enabled=true, AccountNonExpired=true, credentialsNonExpired=true, AccountNonLocked=true, Granted Authorities=[USER]], Credentials=[PROTECTED], Authenticated=true, Details=WebAuthenticationDetails [RemoteIpAddress=127.0.0.1, SessionId=null], Granted Authorities=[USER]]] to HttpSession [org.apache.catalina.session.StandardSessionFacade@26faa73d]
?[0m?[0;34m2023-02-15 18:26:11.830 DEBUG 1091321 --- [nio-8881-exec-8] s.s.w.c.SecurityContextPersistenceFilter : Cleared SecurityContextHolder to complete request
?[1;31m
Start test 32?[0m
?[0m?[0;34m2023-02-15 18:26:11.844 DEBUG 1091321 --- [nio-8881-exec-5] o.s.security.web.FilterChainProxy        : Securing POST /api/recipe/new
?[0m?[0;34m2023-02-15 18:26:11.844 DEBUG 1091321 --- [nio-8881-exec-5] s.s.w.c.SecurityContextPersistenceFilter : Set SecurityContextHolder to empty SecurityContext
?[0m?[0;34m2023-02-15 18:26:11.898 DEBUG 1091321 --- [nio-8881-exec-5] o.s.s.a.dao.DaoAuthenticationProvider    : Authenticated user
?[0m?[0;34m2023-02-15 18:26:11.898 DEBUG 1091321 --- [nio-8881-exec-5] o.s.s.w.a.www.BasicAuthenticationFilter  : Set SecurityContextHolder to UsernamePasswordAuthenticationToken [Principal=org.springframework.security.core.userdetails.User [Username=LoginTest2@test.com, Password=[PROTECTED], Enabled=true, AccountNonExpired=true, credentialsNonExpired=true, AccountNonLocked=true, Granted Authorities=[USER]], Credentials=[PROTECTED], Authenticated=true, Details=WebAuthenticationDetails [RemoteIpAddress=127.0.0.1, SessionId=null], Granted Authorities=[USER]]
?[0m?[0;34m2023-02-15 18:26:11.898 DEBUG 1091321 --- [nio-8881-exec-5] w.c.HttpSessionSecurityContextRepository : Created HttpSession as SecurityContext is non-default
?[0m?[0;34m2023-02-15 18:26:11.898 DEBUG 1091321 --- [nio-8881-exec-5] w.c.HttpSessionSecurityContextRepository : Stored SecurityContextImpl [Authentication=UsernamePasswordAuthenticationToken [Principal=org.springframework.security.core.userdetails.User [Username=LoginTest2@test.com, Password=[PROTECTED], Enabled=true, AccountNonExpired=true, credentialsNonExpired=true, AccountNonLocked=true, Granted Authorities=[USER]], Credentials=[PROTECTED], Authenticated=true, Details=WebAuthenticationDetails [RemoteIpAddress=127.0.0.1, SessionId=null], Granted Authorities=[USER]]] to HttpSession [org.apache.catalina.session.StandardSessionFacade@3329ba0d]
?[0m?[0;34m2023-02-15 18:26:11.899 DEBUG 1091321 --- [nio-8881-exec-5] o.s.s.w.a.i.FilterSecurityInterceptor    : Authorized filter invocation [POST /api/recipe/new] with attributes [authenticated]
?[0m?[0;34m2023-02-15 18:26:11.899 DEBUG 1091321 --- [nio-8881-exec-5] o.s.security.web.FilterChainProxy        : Secured POST /api/recipe/new
?[0m?[0;34m2023-02-15 18:26:11.902 DEBUG 1091321 --- [nio-8881-exec-5] w.c.HttpSessionSecurityContextRepository : Stored SecurityContextImpl [Authentication=UsernamePasswordAuthenticationToken [Principal=org.springframework.security.core.userdetails.User [Username=LoginTest2@test.com, Password=[PROTECTED], Enabled=true, AccountNonExpired=true, credentialsNonExpired=true, AccountNonLocked=true, Granted Authorities=[USER]], Credentials=[PROTECTED], Authenticated=true, Details=WebAuthenticationDetails [RemoteIpAddress=127.0.0.1, SessionId=null], Granted Authorities=[USER]]] to HttpSession [org.apache.catalina.session.StandardSessionFacade@3329ba0d]
?[0m?[0;34m2023-02-15 18:26:11.903 DEBUG 1091321 --- [nio-8881-exec-5] w.c.HttpSessionSecurityContextRepository : Stored SecurityContextImpl [Authentication=UsernamePasswordAuthenticationToken [Principal=org.springframework.security.core.userdetails.User [Username=LoginTest2@test.com, Password=[PROTECTED], Enabled=true, AccountNonExpired=true, credentialsNonExpired=true, AccountNonLocked=true, Granted Authorities=[USER]], Credentials=[PROTECTED], Authenticated=true, Details=WebAuthenticationDetails [RemoteIpAddress=127.0.0.1, SessionId=null], Granted Authorities=[USER]]] to HttpSession [org.apache.catalina.session.StandardSessionFacade@3329ba0d]
?[0m?[0;34m2023-02-15 18:26:11.903 DEBUG 1091321 --- [nio-8881-exec-5] s.s.w.c.SecurityContextPersistenceFilter : Cleared SecurityContextHolder to complete request
?[1;31m
Start test 33?[0m
?[0m?[0;34m2023-02-15 18:26:11.917 DEBUG 1091321 --- [nio-8881-exec-3] o.s.security.web.FilterChainProxy        : Securing POST /api/recipe/new
?[0m?[0;34m2023-02-15 18:26:11.917 DEBUG 1091321 --- [nio-8881-exec-3] s.s.w.c.SecurityContextPersistenceFilter : Set SecurityContextHolder to empty SecurityContext
?[0m?[0;34m2023-02-15 18:26:11.995 DEBUG 1091321 --- [nio-8881-exec-3] o.s.s.a.dao.DaoAuthenticationProvider    : Authenticated user
?[0m?[0;34m2023-02-15 18:26:11.995 DEBUG 1091321 --- [nio-8881-exec-3] o.s.s.w.a.www.BasicAuthenticationFilter  : Set SecurityContextHolder to UsernamePasswordAuthenticationToken [Principal=org.springframework.security.core.userdetails.User [Username=LoginTest2@test.com, Password=[PROTECTED], Enabled=true, AccountNonExpired=true, credentialsNonExpired=true, AccountNonLocked=true, Granted Authorities=[USER]], Credentials=[PROTECTED], Authenticated=true, Details=WebAuthenticationDetails [RemoteIpAddress=127.0.0.1, SessionId=null], Granted Authorities=[USER]]
?[0m?[0;34m2023-02-15 18:26:11.995 DEBUG 1091321 --- [nio-8881-exec-3] w.c.HttpSessionSecurityContextRepository : Created HttpSession as SecurityContext is non-default
?[0m?[0;34m2023-02-15 18:26:11.995 DEBUG 1091321 --- [nio-8881-exec-3] w.c.HttpSessionSecurityContextRepository : Stored SecurityContextImpl [Authentication=UsernamePasswordAuthenticationToken [Principal=org.springframework.security.core.userdetails.User [Username=LoginTest2@test.com, Password=[PROTECTED], Enabled=true, AccountNonExpired=true, credentialsNonExpired=true, AccountNonLocked=true, Granted Authorities=[USER]], Credentials=[PROTECTED], Authenticated=true, Details=WebAuthenticationDetails [RemoteIpAddress=127.0.0.1, SessionId=null], Granted Authorities=[USER]]] to HttpSession [org.apache.catalina.session.StandardSessionFacade@236e1d33]
?[0m?[0;34m2023-02-15 18:26:11.996 DEBUG 1091321 --- [nio-8881-exec-3] o.s.s.w.a.i.FilterSecurityInterceptor    : Authorized filter invocation [POST /api/recipe/new] with attributes [authenticated]
?[0m?[0;34m2023-02-15 18:26:11.996 DEBUG 1091321 --- [nio-8881-exec-3] o.s.security.web.FilterChainProxy        : Secured POST /api/recipe/new
?[0m?[0;34m2023-02-15 18:26:12.000 DEBUG 1091321 --- [nio-8881-exec-3] w.c.HttpSessionSecurityContextRepository : Stored SecurityContextImpl [Authentication=UsernamePasswordAuthenticationToken [Principal=org.springframework.security.core.userdetails.User [Username=LoginTest2@test.com, Password=[PROTECTED], Enabled=true, AccountNonExpired=true, credentialsNonExpired=true, AccountNonLocked=true, Granted Authorities=[USER]], Credentials=[PROTECTED], Authenticated=true, Details=WebAuthenticationDetails [RemoteIpAddress=127.0.0.1, SessionId=null], Granted Authorities=[USER]]] to HttpSession [org.apache.catalina.session.StandardSessionFacade@236e1d33]
?[0m?[0;34m2023-02-15 18:26:12.000 DEBUG 1091321 --- [nio-8881-exec-3] w.c.HttpSessionSecurityContextRepository : Stored SecurityContextImpl [Authentication=UsernamePasswordAuthenticationToken [Principal=org.springframework.security.core.userdetails.User [Username=LoginTest2@test.com, Password=[PROTECTED], Enabled=true, AccountNonExpired=true, credentialsNonExpired=true, AccountNonLocked=true, Granted Authorities=[USER]], Credentials=[PROTECTED], Authenticated=true, Details=WebAuthenticationDetails [RemoteIpAddress=127.0.0.1, SessionId=null], Granted Authorities=[USER]]] to HttpSession [org.apache.catalina.session.StandardSessionFacade@236e1d33]
?[0m?[0;34m2023-02-15 18:26:12.000 DEBUG 1091321 --- [nio-8881-exec-3] s.s.w.c.SecurityContextPersistenceFilter : Cleared SecurityContextHolder to complete request
?[1;31m
Start test 34?[0m
?[0m?[0;34m2023-02-15 18:26:12.014 DEBUG 1091321 --- [nio-8881-exec-4] o.s.security.web.FilterChainProxy        : Securing POST /api/recipe/new
?[0m?[0;34m2023-02-15 18:26:12.014 DEBUG 1091321 --- [nio-8881-exec-4] s.s.w.c.SecurityContextPersistenceFilter : Set SecurityContextHolder to empty SecurityContext
?[0m?[0;34m2023-02-15 18:26:12.093 DEBUG 1091321 --- [nio-8881-exec-4] o.s.s.a.dao.DaoAuthenticationProvider    : Authenticated user
?[0m?[0;34m2023-02-15 18:26:12.093 DEBUG 1091321 --- [nio-8881-exec-4] o.s.s.w.a.www.BasicAuthenticationFilter  : Set SecurityContextHolder to UsernamePasswordAuthenticationToken [Principal=org.springframework.security.core.userdetails.User [Username=LoginTest2@test.com, Password=[PROTECTED], Enabled=true, AccountNonExpired=true, credentialsNonExpired=true, AccountNonLocked=true, Granted Authorities=[USER]], Credentials=[PROTECTED], Authenticated=true, Details=WebAuthenticationDetails [RemoteIpAddress=127.0.0.1, SessionId=null], Granted Authorities=[USER]]
?[0m?[0;34m2023-02-15 18:26:12.093 DEBUG 1091321 --- [nio-8881-exec-4] w.c.HttpSessionSecurityContextRepository : Created HttpSession as SecurityContext is non-default
?[0m?[0;34m2023-02-15 18:26:12.093 DEBUG 1091321 --- [nio-8881-exec-4] w.c.HttpSessionSecurityContextRepository : Stored SecurityContextImpl [Authentication=UsernamePasswordAuthenticationToken [Principal=org.springframework.security.core.userdetails.User [Username=LoginTest2@test.com, Password=[PROTECTED], Enabled=true, AccountNonExpired=true, credentialsNonExpired=true, AccountNonLocked=true, Granted Authorities=[USER]], Credentials=[PROTECTED], Authenticated=true, Details=WebAuthenticationDetails [RemoteIpAddress=127.0.0.1, SessionId=null], Granted Authorities=[USER]]] to HttpSession [org.apache.catalina.session.StandardSessionFacade@56546068]
?[0m?[0;34m2023-02-15 18:26:12.093 DEBUG 1091321 --- [nio-8881-exec-4] o.s.s.w.a.i.FilterSecurityInterceptor    : Authorized filter invocation [POST /api/recipe/new] with attributes [authenticated]
?[0m?[0;34m2023-02-15 18:26:12.093 DEBUG 1091321 --- [nio-8881-exec-4] o.s.security.web.FilterChainProxy        : Secured POST /api/recipe/new
?[0m?[0;34m2023-02-15 18:26:12.097 DEBUG 1091321 --- [nio-8881-exec-4] w.c.HttpSessionSecurityContextRepository : Stored SecurityContextImpl [Authentication=UsernamePasswordAuthenticationToken [Principal=org.springframework.security.core.userdetails.User [Username=LoginTest2@test.com, Password=[PROTECTED], Enabled=true, AccountNonExpired=true, credentialsNonExpired=true, AccountNonLocked=true, Granted Authorities=[USER]], Credentials=[PROTECTED], Authenticated=true, Details=WebAuthenticationDetails [RemoteIpAddress=127.0.0.1, SessionId=null], Granted Authorities=[USER]]] to HttpSession [org.apache.catalina.session.StandardSessionFacade@56546068]
?[0m?[0;34m2023-02-15 18:26:12.097 DEBUG 1091321 --- [nio-8881-exec-4] w.c.HttpSessionSecurityContextRepository : Stored SecurityContextImpl [Authentication=UsernamePasswordAuthenticationToken [Principal=org.springframework.security.core.userdetails.User [Username=LoginTest2@test.com, Password=[PROTECTED], Enabled=true, AccountNonExpired=true, credentialsNonExpired=true, AccountNonLocked=true, Granted Authorities=[USER]], Credentials=[PROTECTED], Authenticated=true, Details=WebAuthenticationDetails [RemoteIpAddress=127.0.0.1, SessionId=null], Granted Authorities=[USER]]] to HttpSession [org.apache.catalina.session.StandardSessionFacade@56546068]
?[0m?[0;34m2023-02-15 18:26:12.097 DEBUG 1091321 --- [nio-8881-exec-4] s.s.w.c.SecurityContextPersistenceFilter : Cleared SecurityContextHolder to complete request
?[1;31m
Start test 35?[0m
?[0m?[0;34m2023-02-15 18:26:12.101 DEBUG 1091321 --- [nio-8881-exec-9] o.s.security.web.FilterChainProxy        : Securing GET /api/recipe/search/?category=dessert
?[0m?[0;34m2023-02-15 18:26:12.101 DEBUG 1091321 --- [nio-8881-exec-9] s.s.w.c.SecurityContextPersistenceFilter : Set SecurityContextHolder to empty SecurityContext
?[0m?[0;34m2023-02-15 18:26:12.170 DEBUG 1091321 --- [nio-8881-exec-9] o.s.s.a.dao.DaoAuthenticationProvider    : Authenticated user
?[0m?[0;34m2023-02-15 18:26:12.170 DEBUG 1091321 --- [nio-8881-exec-9] o.s.s.w.a.www.BasicAuthenticationFilter  : Set SecurityContextHolder to UsernamePasswordAuthenticationToken [Principal=org.springframework.security.core.userdetails.User [Username=LoginTest2@test.com, Password=[PROTECTED], Enabled=true, AccountNonExpired=true, credentialsNonExpired=true, AccountNonLocked=true, Granted Authorities=[USER]], Credentials=[PROTECTED], Authenticated=true, Details=WebAuthenticationDetails [RemoteIpAddress=127.0.0.1, SessionId=null], Granted Authorities=[USER]]
?[0m?[0;34m2023-02-15 18:26:12.170 DEBUG 1091321 --- [nio-8881-exec-9] w.c.HttpSessionSecurityContextRepository : Created HttpSession as SecurityContext is non-default
?[0m?[0;34m2023-02-15 18:26:12.170 DEBUG 1091321 --- [nio-8881-exec-9] w.c.HttpSessionSecurityContextRepository : Stored SecurityContextImpl [Authentication=UsernamePasswordAuthenticationToken [Principal=org.springframework.security.core.userdetails.User [Username=LoginTest2@test.com, Password=[PROTECTED], Enabled=true, AccountNonExpired=true, credentialsNonExpired=true, AccountNonLocked=true, Granted Authorities=[USER]], Credentials=[PROTECTED], Authenticated=true, Details=WebAuthenticationDetails [RemoteIpAddress=127.0.0.1, SessionId=null], Granted Authorities=[USER]]] to HttpSession [org.apache.catalina.session.StandardSessionFacade@7cc4ee80]
?[0m?[0;34m2023-02-15 18:26:12.170 DEBUG 1091321 --- [nio-8881-exec-9] o.s.s.w.a.i.FilterSecurityInterceptor    : Authorized filter invocation [GET /api/recipe/search/?category=dessert] with attributes [authenticated]
?[0m?[0;34m2023-02-15 18:26:12.170 DEBUG 1091321 --- [nio-8881-exec-9] o.s.security.web.FilterChainProxy        : Secured GET /api/recipe/search/?category=dessert
?[0m?[0;34m2023-02-15 18:26:12.188 DEBUG 1091321 --- [nio-8881-exec-9] w.c.HttpSessionSecurityContextRepository : Stored SecurityContextImpl [Authentication=UsernamePasswordAuthenticationToken [Principal=org.springframework.security.core.userdetails.User [Username=LoginTest2@test.com, Password=[PROTECTED], Enabled=true, AccountNonExpired=true, credentialsNonExpired=true, AccountNonLocked=true, Granted Authorities=[USER]], Credentials=[PROTECTED], Authenticated=true, Details=WebAuthenticationDetails [RemoteIpAddress=127.0.0.1, SessionId=null], Granted Authorities=[USER]]] to HttpSession [org.apache.catalina.session.StandardSessionFacade@7cc4ee80]
?[0m?[0;34m2023-02-15 18:26:12.188 DEBUG 1091321 --- [nio-8881-exec-9] w.c.HttpSessionSecurityContextRepository : Stored SecurityContextImpl [Authentication=UsernamePasswordAuthenticationToken [Principal=org.springframework.security.core.userdetails.User [Username=LoginTest2@test.com, Password=[PROTECTED], Enabled=true, AccountNonExpired=true, credentialsNonExpired=true, AccountNonLocked=true, Granted Authorities=[USER]], Credentials=[PROTECTED], Authenticated=true, Details=WebAuthenticationDetails [RemoteIpAddress=127.0.0.1, SessionId=null], Granted Authorities=[USER]]] to HttpSession [org.apache.catalina.session.StandardSessionFacade@7cc4ee80]
?[0m?[0;34m2023-02-15 18:26:12.188 DEBUG 1091321 --- [nio-8881-exec-9] s.s.w.c.SecurityContextPersistenceFilter : Cleared SecurityContextHolder to complete request
?[1;31m
Start test 36?[0m
?[0;34m2023-02-15 18:26:12.194 DEBUG 1091321 --- [io-8881-exec-11] o.s.security.web.FilterChainProxy        : Securing GET /api/recipe/search/?name=ice-cream
?[0m?[0;34m2023-02-15 18:26:12.194 DEBUG 1091321 --- [io-8881-exec-11] s.s.w.c.SecurityContextPersistenceFilter : Set SecurityContextHolder to empty SecurityContext
?[0m?[0;34m2023-02-15 18:26:12.251 DEBUG 1091321 --- [io-8881-exec-11] o.s.s.a.dao.DaoAuthenticationProvider    : Authenticated user
?[0m?[0;34m2023-02-15 18:26:12.251 DEBUG 1091321 --- [io-8881-exec-11] o.s.s.w.a.www.BasicAuthenticationFilter  : Set SecurityContextHolder to UsernamePasswordAuthenticationToken [Principal=org.springframework.security.core.userdetails.User [Username=LoginTest2@test.com, Password=[PROTECTED], Enabled=true, AccountNonExpired=true, credentialsNonExpired=true, AccountNonLocked=true, Granted Authorities=[USER]], Credentials=[PROTECTED], Authenticated=true, Details=WebAuthenticationDetails [RemoteIpAddress=127.0.0.1, SessionId=null], Granted Authorities=[USER]]
?[0m?[0;34m2023-02-15 18:26:12.251 DEBUG 1091321 --- [io-8881-exec-11] w.c.HttpSessionSecurityContextRepository : Created HttpSession as SecurityContext is non-default
?[0m?[0;34m2023-02-15 18:26:12.251 DEBUG 1091321 --- [io-8881-exec-11] w.c.HttpSessionSecurityContextRepository : Stored SecurityContextImpl [Authentication=UsernamePasswordAuthenticationToken [Principal=org.springframework.security.core.userdetails.User [Username=LoginTest2@test.com, Password=[PROTECTED], Enabled=true, AccountNonExpired=true, credentialsNonExpired=true, AccountNonLocked=true, Granted Authorities=[USER]], Credentials=[PROTECTED], Authenticated=true, Details=WebAuthenticationDetails [RemoteIpAddress=127.0.0.1, SessionId=null], Granted Authorities=[USER]]] to HttpSession [org.apache.catalina.session.StandardSessionFacade@725c547a]
?[0m?[0;34m2023-02-15 18:26:12.252 DEBUG 1091321 --- [io-8881-exec-11] o.s.s.w.a.i.FilterSecurityInterceptor    : Authorized filter invocation [GET /api/recipe/search/?name=ice-cream] with attributes [authenticated]
?[0m?[0;34m2023-02-15 18:26:12.252 DEBUG 1091321 --- [io-8881-exec-11] o.s.security.web.FilterChainProxy        : Secured GET /api/recipe/search/?name=ice-cream
?[0m?[0;34m2023-02-15 18:26:12.261 DEBUG 1091321 --- [io-8881-exec-11] w.c.HttpSessionSecurityContextRepository : Stored SecurityContextImpl [Authentication=UsernamePasswordAuthenticationToken [Principal=org.springframework.security.core.userdetails.User [Username=LoginTest2@test.com, Password=[PROTECTED], Enabled=true, AccountNonExpired=true, credentialsNonExpired=true, AccountNonLocked=true, Granted Authorities=[USER]], Credentials=[PROTECTED], Authenticated=true, Details=WebAuthenticationDetails [RemoteIpAddress=127.0.0.1, SessionId=null], Granted Authorities=[USER]]] to HttpSession [org.apache.catalina.session.StandardSessionFacade@725c547a]
?[0m?[0;34m2023-02-15 18:26:12.262 DEBUG 1091321 --- [io-8881-exec-11] w.c.HttpSessionSecurityContextRepository : Stored SecurityContextImpl [Authentication=UsernamePasswordAuthenticationToken [Principal=org.springframework.security.core.userdetails.User [Username=LoginTest2@test.com, Password=[PROTECTED], Enabled=true, AccountNonExpired=true, credentialsNonExpired=true, AccountNonLocked=true, Granted Authorities=[USER]], Credentials=[PROTECTED], Authenticated=true, Details=WebAuthenticationDetails [RemoteIpAddress=127.0.0.1, SessionId=null], Granted Authorities=[USER]]] to HttpSession [org.apache.catalina.session.StandardSessionFacade@725c547a]
?[0m?[0;34m2023-02-15 18:26:12.262 DEBUG 1091321 --- [io-8881-exec-11] s.s.w.c.SecurityContextPersistenceFilter : Cleared SecurityContextHolder to complete request
?[1;31m
Start test 37?[0m
?[0m?[0;34m2023-02-15 18:26:12.266 DEBUG 1091321 --- [nio-8881-exec-6] o.s.security.web.FilterChainProxy        : Securing GET /api/recipe/search/?category=should_return_empty_array_1
?[0m?[0;34m2023-02-15 18:26:12.266 DEBUG 1091321 --- [nio-8881-exec-6] s.s.w.c.SecurityContextPersistenceFilter : Set SecurityContextHolder to empty SecurityContext
?[0m?[0;34m2023-02-15 18:26:12.322 DEBUG 1091321 --- [nio-8881-exec-6] o.s.s.a.dao.DaoAuthenticationProvider    : Authenticated user
?[0m?[0;34m2023-02-15 18:26:12.322 DEBUG 1091321 --- [nio-8881-exec-6] o.s.s.w.a.www.BasicAuthenticationFilter  : Set SecurityContextHolder to UsernamePasswordAuthenticationToken [Principal=org.springframework.security.core.userdetails.User [Username=LoginTest2@test.com, Password=[PROTECTED], Enabled=true, AccountNonExpired=true, credentialsNonExpired=true, AccountNonLocked=true, Granted Authorities=[USER]], Credentials=[PROTECTED], Authenticated=true, Details=WebAuthenticationDetails [RemoteIpAddress=127.0.0.1, SessionId=null], Granted Authorities=[USER]]
?[0m?[0;34m2023-02-15 18:26:12.322 DEBUG 1091321 --- [nio-8881-exec-6] w.c.HttpSessionSecurityContextRepository : Created HttpSession as SecurityContext is non-default
?[0m?[0;34m2023-02-15 18:26:12.322 DEBUG 1091321 --- [nio-8881-exec-6] w.c.HttpSessionSecurityContextRepository : Stored SecurityContextImpl [Authentication=UsernamePasswordAuthenticationToken [Principal=org.springframework.security.core.userdetails.User [Username=LoginTest2@test.com, Password=[PROTECTED], Enabled=true, AccountNonExpired=true, credentialsNonExpired=true, AccountNonLocked=true, Granted Authorities=[USER]], Credentials=[PROTECTED], Authenticated=true, Details=WebAuthenticationDetails [RemoteIpAddress=127.0.0.1, SessionId=null], Granted Authorities=[USER]]] to HttpSession [org.apache.catalina.session.StandardSessionFacade@c983117]
?[0m?[0;34m2023-02-15 18:26:12.323 DEBUG 1091321 --- [nio-8881-exec-6] o.s.s.w.a.i.FilterSecurityInterceptor    : Authorized filter invocation [GET /api/recipe/search/?category=should_return_empty_array_1] with attributes [authenticated]
?[0m?[0;34m2023-02-15 18:26:12.323 DEBUG 1091321 --- [nio-8881-exec-6] o.s.security.web.FilterChainProxy        : Secured GET /api/recipe/search/?category=should_return_empty_array_1
?[0m?[0;34m2023-02-15 18:26:12.325 DEBUG 1091321 --- [nio-8881-exec-6] w.c.HttpSessionSecurityContextRepository : Stored SecurityContextImpl [Authentication=UsernamePasswordAuthenticationToken [Principal=org.springframework.security.core.userdetails.User [Username=LoginTest2@test.com, Password=[PROTECTED], Enabled=true, AccountNonExpired=true, credentialsNonExpired=true, AccountNonLocked=true, Granted Authorities=[USER]], Credentials=[PROTECTED], Authenticated=true, Details=WebAuthenticationDetails [RemoteIpAddress=127.0.0.1, SessionId=null], Granted Authorities=[USER]]] to HttpSession [org.apache.catalina.session.StandardSessionFacade@c983117]
?[0m?[0;34m2023-02-15 18:26:12.326 DEBUG 1091321 --- [nio-8881-exec-6] w.c.HttpSessionSecurityContextRepository : Stored SecurityContextImpl [Authentication=UsernamePasswordAuthenticationToken [Principal=org.springframework.security.core.userdetails.User [Username=LoginTest2@test.com, Password=[PROTECTED], Enabled=true, AccountNonExpired=true, credentialsNonExpired=true, AccountNonLocked=true, Granted Authorities=[USER]], Credentials=[PROTECTED], Authenticated=true, Details=WebAuthenticationDetails [RemoteIpAddress=127.0.0.1, SessionId=null], Granted Authorities=[USER]]] to HttpSession [org.apache.catalina.session.StandardSessionFacade@c983117]
?[0m?[0;34m2023-02-15 18:26:12.326 DEBUG 1091321 --- [nio-8881-exec-6] s.s.w.c.SecurityContextPersistenceFilter : Cleared SecurityContextHolder to complete request
?[1;31m
Start test 38?[0m
?[0m?[0;34m2023-02-15 18:26:12.329 DEBUG 1091321 --- [io-8881-exec-10] o.s.security.web.FilterChainProxy        : Securing GET /api/recipe/search/?name=should_return_empty_array_2
?[0m?[0;34m2023-02-15 18:26:12.329 DEBUG 1091321 --- [io-8881-exec-10] s.s.w.c.SecurityContextPersistenceFilter : Set SecurityContextHolder to empty SecurityContext
?[0m?[0;34m2023-02-15 18:26:12.384 DEBUG 1091321 --- [io-8881-exec-10] o.s.s.a.dao.DaoAuthenticationProvider    : Authenticated user
?[0m?[0;34m2023-02-15 18:26:12.384 DEBUG 1091321 --- [io-8881-exec-10] o.s.s.w.a.www.BasicAuthenticationFilter  : Set SecurityContextHolder to UsernamePasswordAuthenticationToken [Principal=org.springframework.security.core.userdetails.User [Username=LoginTest2@test.com, Password=[PROTECTED], Enabled=true, AccountNonExpired=true, credentialsNonExpired=true, AccountNonLocked=true, Granted Authorities=[USER]], Credentials=[PROTECTED], Authenticated=true, Details=WebAuthenticationDetails [RemoteIpAddress=127.0.0.1, SessionId=null], Granted Authorities=[USER]]
?[0m?[0;34m2023-02-15 18:26:12.385 DEBUG 1091321 --- [io-8881-exec-10] w.c.HttpSessionSecurityContextRepository : Created HttpSession as SecurityContext is non-default
?[0m?[0;34m2023-02-15 18:26:12.385 DEBUG 1091321 --- [io-8881-exec-10] w.c.HttpSessionSecurityContextRepository : Stored SecurityContextImpl [Authentication=UsernamePasswordAuthenticationToken [Principal=org.springframework.security.core.userdetails.User [Username=LoginTest2@test.com, Password=[PROTECTED], Enabled=true, AccountNonExpired=true, credentialsNonExpired=true, AccountNonLocked=true, Granted Authorities=[USER]], Credentials=[PROTECTED], Authenticated=true, Details=WebAuthenticationDetails [RemoteIpAddress=127.0.0.1, SessionId=null], Granted Authorities=[USER]]] to HttpSession [org.apache.catalina.session.StandardSessionFacade@3d9b1713]
?[0m?[0;34m2023-02-15 18:26:12.385 DEBUG 1091321 --- [io-8881-exec-10] o.s.s.w.a.i.FilterSecurityInterceptor    : Authorized filter invocation [GET /api/recipe/search/?name=should_return_empty_array_2] with attributes [authenticated]
?[0m?[0;34m2023-02-15 18:26:12.385 DEBUG 1091321 --- [io-8881-exec-10] o.s.security.web.FilterChainProxy        : Secured GET /api/recipe/search/?name=should_return_empty_array_2
?[0m?[0;34m2023-02-15 18:26:12.387 DEBUG 1091321 --- [io-8881-exec-10] w.c.HttpSessionSecurityContextRepository : Stored SecurityContextImpl [Authentication=UsernamePasswordAuthenticationToken [Principal=org.springframework.security.core.userdetails.User [Username=LoginTest2@test.com, Password=[PROTECTED], Enabled=true, AccountNonExpired=true, credentialsNonExpired=true, AccountNonLocked=true, Granted Authorities=[USER]], Credentials=[PROTECTED], Authenticated=true, Details=WebAuthenticationDetails [RemoteIpAddress=127.0.0.1, SessionId=null], Granted Authorities=[USER]]] to HttpSession [org.apache.catalina.session.StandardSessionFacade@3d9b1713]
?[0m?[0;34m2023-02-15 18:26:12.387 DEBUG 1091321 --- [io-8881-exec-10] w.c.HttpSessionSecurityContextRepository : Stored SecurityContextImpl [Authentication=UsernamePasswordAuthenticationToken [Principal=org.springframework.security.core.userdetails.User [Username=LoginTest2@test.com, Password=[PROTECTED], Enabled=true, AccountNonExpired=true, credentialsNonExpired=true, AccountNonLocked=true, Granted Authorities=[USER]], Credentials=[PROTECTED], Authenticated=true, Details=WebAuthenticationDetails [RemoteIpAddress=127.0.0.1, SessionId=null], Granted Authorities=[USER]]] to HttpSession [org.apache.catalina.session.StandardSessionFacade@3d9b1713]
?[0m?[0;34m2023-02-15 18:26:12.387 DEBUG 1091321 --- [io-8881-exec-10] s.s.w.c.SecurityContextPersistenceFilter : Cleared SecurityContextHolder to complete request
?[1;31m
Start test 39?[0m
?[0m?[0;34m2023-02-15 18:26:12.391 DEBUG 1091321 --- [nio-8881-exec-2] o.s.security.web.FilterChainProxy        : Securing GET /api/recipe/search/
?[0m?[0;34m2023-02-15 18:26:12.391 DEBUG 1091321 --- [nio-8881-exec-2] s.s.w.c.SecurityContextPersistenceFilter : Set SecurityContextHolder to empty SecurityContext
?[0m?[0;34m2023-02-15 18:26:12.447 DEBUG 1091321 --- [nio-8881-exec-2] o.s.s.a.dao.DaoAuthenticationProvider    : Authenticated user
?[0m?[0;34m2023-02-15 18:26:12.448 DEBUG 1091321 --- [nio-8881-exec-2] o.s.s.w.a.www.BasicAuthenticationFilter  : Set SecurityContextHolder to UsernamePasswordAuthenticationToken [Principal=org.springframework.security.core.userdetails.User [Username=LoginTest2@test.com, Password=[PROTECTED], Enabled=true, AccountNonExpired=true, credentialsNonExpired=true, AccountNonLocked=true, Granted Authorities=[USER]], Credentials=[PROTECTED], Authenticated=true, Details=WebAuthenticationDetails [RemoteIpAddress=127.0.0.1, SessionId=null], Granted Authorities=[USER]]
?[0m?[0;34m2023-02-15 18:26:12.448 DEBUG 1091321 --- [nio-8881-exec-2] w.c.HttpSessionSecurityContextRepository : Created HttpSession as SecurityContext is non-default
?[0m?[0;34m2023-02-15 18:26:12.448 DEBUG 1091321 --- [nio-8881-exec-2] w.c.HttpSessionSecurityContextRepository : Stored SecurityContextImpl [Authentication=UsernamePasswordAuthenticationToken [Principal=org.springframework.security.core.userdetails.User [Username=LoginTest2@test.com, Password=[PROTECTED], Enabled=true, AccountNonExpired=true, credentialsNonExpired=true, AccountNonLocked=true, Granted Authorities=[USER]], Credentials=[PROTECTED], Authenticated=true, Details=WebAuthenticationDetails [RemoteIpAddress=127.0.0.1, SessionId=null], Granted Authorities=[USER]]] to HttpSession [org.apache.catalina.session.StandardSessionFacade@56ab1dc4]
?[0m?[0;34m2023-02-15 18:26:12.448 DEBUG 1091321 --- [nio-8881-exec-2] o.s.s.w.a.i.FilterSecurityInterceptor    : Authorized filter invocation [GET /api/recipe/search/] with attributes [authenticated]
?[0m?[0;34m2023-02-15 18:26:12.448 DEBUG 1091321 --- [nio-8881-exec-2] o.s.security.web.FilterChainProxy        : Secured GET /api/recipe/search/
?[0m?[0;34m2023-02-15 18:26:12.449 DEBUG 1091321 --- [nio-8881-exec-2] w.c.HttpSessionSecurityContextRepository : Stored SecurityContextImpl [Authentication=UsernamePasswordAuthenticationToken [Principal=org.springframework.security.core.userdetails.User [Username=LoginTest2@test.com, Password=[PROTECTED], Enabled=true, AccountNonExpired=true, credentialsNonExpired=true, AccountNonLocked=true, Granted Authorities=[USER]], Credentials=[PROTECTED], Authenticated=true, Details=WebAuthenticationDetails [RemoteIpAddress=127.0.0.1, SessionId=null], Granted Authorities=[USER]]] to HttpSession [org.apache.catalina.session.StandardSessionFacade@56ab1dc4]
?[0m?[0;34m2023-02-15 18:26:12.449 DEBUG 1091321 --- [nio-8881-exec-2] w.c.HttpSessionSecurityContextRepository : Stored SecurityContextImpl [Authentication=UsernamePasswordAuthenticationToken [Principal=org.springframework.security.core.userdetails.User [Username=LoginTest2@test.com, Password=[PROTECTED], Enabled=true, AccountNonExpired=true, credentialsNonExpired=true, AccountNonLocked=true, Granted Authorities=[USER]], Credentials=[PROTECTED], Authenticated=true, Details=WebAuthenticationDetails [RemoteIpAddress=127.0.0.1, SessionId=null], Granted Authorities=[USER]]] to HttpSession [org.apache.catalina.session.StandardSessionFacade@56ab1dc4]
?[0m?[0;34m2023-02-15 18:26:12.449 DEBUG 1091321 --- [nio-8881-exec-2] s.s.w.c.SecurityContextPersistenceFilter : Cleared SecurityContextHolder to complete request
?[0m?[0;34m2023-02-15 18:26:12.450 DEBUG 1091321 --- [nio-8881-exec-2] o.s.security.web.FilterChainProxy        : Securing GET /error
?[0m?[0;34m2023-02-15 18:26:12.450 DEBUG 1091321 --- [nio-8881-exec-2] w.c.HttpSessionSecurityContextRepository : Retrieved SecurityContextImpl [Authentication=UsernamePasswordAuthenticationToken [Principal=org.springframework.security.core.userdetails.User [Username=LoginTest2@test.com, Password=[PROTECTED], Enabled=true, AccountNonExpired=true, credentialsNonExpired=true, AccountNonLocked=true, Granted Authorities=[USER]], Credentials=[PROTECTED], Authenticated=true, Details=WebAuthenticationDetails [RemoteIpAddress=127.0.0.1, SessionId=null], Granted Authorities=[USER]]]
?[0m?[0;34m2023-02-15 18:26:12.450 DEBUG 1091321 --- [nio-8881-exec-2] s.s.w.c.SecurityContextPersistenceFilter : Set SecurityContextHolder to SecurityContextImpl [Authentication=UsernamePasswordAuthenticationToken [Principal=org.springframework.security.core.userdetails.User [Username=LoginTest2@test.com, Password=[PROTECTED], Enabled=true, AccountNonExpired=true, credentialsNonExpired=true, AccountNonLocked=true, Granted Authorities=[USER]], Credentials=[PROTECTED], Authenticated=true, Details=WebAuthenticationDetails [RemoteIpAddress=127.0.0.1, SessionId=null], Granted Authorities=[USER]]]
?[0m?[0;34m2023-02-15 18:26:12.450 DEBUG 1091321 --- [nio-8881-exec-2] o.s.security.web.FilterChainProxy        : Secured GET /error
?[0m?[0;34m2023-02-15 18:26:12.451 DEBUG 1091321 --- [nio-8881-exec-2] s.s.w.c.SecurityContextPersistenceFilter : Cleared SecurityContextHolder to complete request
?[1;31m
Start test 40?[0m
?[0m?[0;34m2023-02-15 18:26:12.455 DEBUG 1091321 --- [nio-8881-exec-1] o.s.security.web.FilterChainProxy        : Securing GET /api/recipe/search/?key0=value0
?[0m?[0;34m2023-02-15 18:26:12.455 DEBUG 1091321 --- [nio-8881-exec-1] s.s.w.c.SecurityContextPersistenceFilter : Set SecurityContextHolder to empty SecurityContext
?[0m?[0;34m2023-02-15 18:26:12.533 DEBUG 1091321 --- [nio-8881-exec-1] o.s.s.a.dao.DaoAuthenticationProvider    : Authenticated user
?[0m?[0;34m2023-02-15 18:26:12.534 DEBUG 1091321 --- [nio-8881-exec-1] o.s.s.w.a.www.BasicAuthenticationFilter  : Set SecurityContextHolder to UsernamePasswordAuthenticationToken [Principal=org.springframework.security.core.userdetails.User [Username=LoginTest2@test.com, Password=[PROTECTED], Enabled=true, AccountNonExpired=true, credentialsNonExpired=true, AccountNonLocked=true, Granted Authorities=[USER]], Credentials=[PROTECTED], Authenticated=true, Details=WebAuthenticationDetails [RemoteIpAddress=127.0.0.1, SessionId=null], Granted Authorities=[USER]]
?[0m?[0;34m2023-02-15 18:26:12.534 DEBUG 1091321 --- [nio-8881-exec-1] w.c.HttpSessionSecurityContextRepository : Created HttpSession as SecurityContext is non-default
?[0m?[0;34m2023-02-15 18:26:12.534 DEBUG 1091321 --- [nio-8881-exec-1] w.c.HttpSessionSecurityContextRepository : Stored SecurityContextImpl [Authentication=UsernamePasswordAuthenticationToken [Principal=org.springframework.security.core.userdetails.User [Username=LoginTest2@test.com, Password=[PROTECTED], Enabled=true, AccountNonExpired=true, credentialsNonExpired=true, AccountNonLocked=true, Granted Authorities=[USER]], Credentials=[PROTECTED], Authenticated=true, Details=WebAuthenticationDetails [RemoteIpAddress=127.0.0.1, SessionId=null], Granted Authorities=[USER]]] to HttpSession [org.apache.catalina.session.StandardSessionFacade@65cba579]
?[0m?[0;34m2023-02-15 18:26:12.534 DEBUG 1091321 --- [nio-8881-exec-1] o.s.s.w.a.i.FilterSecurityInterceptor    : Authorized filter invocation [GET /api/recipe/search/?key0=value0] with attributes [authenticated]
?[0m?[0;34m2023-02-15 18:26:12.534 DEBUG 1091321 --- [nio-8881-exec-1] o.s.security.web.FilterChainProxy        : Secured GET /api/recipe/search/?key0=value0
?[0m?[0;34m2023-02-15 18:26:12.536 DEBUG 1091321 --- [nio-8881-exec-1] w.c.HttpSessionSecurityContextRepository : Stored SecurityContextImpl [Authentication=UsernamePasswordAuthenticationToken [Principal=org.springframework.security.core.userdetails.User [Username=LoginTest2@test.com, Password=[PROTECTED], Enabled=true, AccountNonExpired=true, credentialsNonExpired=true, AccountNonLocked=true, Granted Authorities=[USER]], Credentials=[PROTECTED], Authenticated=true, Details=WebAuthenticationDetails [RemoteIpAddress=127.0.0.1, SessionId=null], Granted Authorities=[USER]]] to HttpSession [org.apache.catalina.session.StandardSessionFacade@65cba579]
?[0m?[0;34m2023-02-15 18:26:12.536 DEBUG 1091321 --- [nio-8881-exec-1] w.c.HttpSessionSecurityContextRepository : Stored SecurityContextImpl [Authentication=UsernamePasswordAuthenticationToken [Principal=org.springframework.security.core.userdetails.User [Username=LoginTest2@test.com, Password=[PROTECTED], Enabled=true, AccountNonExpired=true, credentialsNonExpired=true, AccountNonLocked=true, Granted Authorities=[USER]], Credentials=[PROTECTED], Authenticated=true, Details=WebAuthenticationDetails [RemoteIpAddress=127.0.0.1, SessionId=null], Granted Authorities=[USER]]] to HttpSession [org.apache.catalina.session.StandardSessionFacade@65cba579]
?[0m?[0;34m2023-02-15 18:26:12.536 DEBUG 1091321 --- [nio-8881-exec-1] s.s.w.c.SecurityContextPersistenceFilter : Cleared SecurityContextHolder to complete request
?[0m?[0;34m2023-02-15 18:26:12.536 DEBUG 1091321 --- [nio-8881-exec-1] o.s.security.web.FilterChainProxy        : Securing GET /error?key0=value0
?[0m?[0;34m2023-02-15 18:26:12.536 DEBUG 1091321 --- [nio-8881-exec-1] w.c.HttpSessionSecurityContextRepository : Retrieved SecurityContextImpl [Authentication=UsernamePasswordAuthenticationToken [Principal=org.springframework.security.core.userdetails.User [Username=LoginTest2@test.com, Password=[PROTECTED], Enabled=true, AccountNonExpired=true, credentialsNonExpired=true, AccountNonLocked=true, Granted Authorities=[USER]], Credentials=[PROTECTED], Authenticated=true, Details=WebAuthenticationDetails [RemoteIpAddress=127.0.0.1, SessionId=null], Granted Authorities=[USER]]]
?[0m?[0;34m2023-02-15 18:26:12.536 DEBUG 1091321 --- [nio-8881-exec-1] s.s.w.c.SecurityContextPersistenceFilter : Set SecurityContextHolder to SecurityContextImpl [Authentication=UsernamePasswordAuthenticationToken [Principal=org.springframework.security.core.userdetails.User [Username=LoginTest2@test.com, Password=[PROTECTED], Enabled=true, AccountNonExpired=true, credentialsNonExpired=true, AccountNonLocked=true, Granted Authorities=[USER]], Credentials=[PROTECTED], Authenticated=true, Details=WebAuthenticationDetails [RemoteIpAddress=127.0.0.1, SessionId=null], Granted Authorities=[USER]]]
?[0m?[0;34m2023-02-15 18:26:12.536 DEBUG 1091321 --- [nio-8881-exec-1] o.s.security.web.FilterChainProxy        : Secured GET /error?key0=value0
?[0m?[0;34m2023-02-15 18:26:12.537 DEBUG 1091321 --- [nio-8881-exec-1] s.s.w.c.SecurityContextPersistenceFilter : Cleared SecurityContextHolder to complete request
?[1;31m
Start test 41?[0m
?[0m?[0;34m2023-02-15 18:26:12.541 DEBUG 1091321 --- [nio-8881-exec-7] o.s.security.web.FilterChainProxy        : Securing GET /api/recipe/search/?key0=value0&key1=value1
?[0m?[0;34m2023-02-15 18:26:12.541 DEBUG 1091321 --- [nio-8881-exec-7] s.s.w.c.SecurityContextPersistenceFilter : Set SecurityContextHolder to empty SecurityContext
?[0m?[0;34m2023-02-15 18:26:12.597 DEBUG 1091321 --- [nio-8881-exec-7] o.s.s.a.dao.DaoAuthenticationProvider    : Authenticated user
?[0m?[0;34m2023-02-15 18:26:12.597 DEBUG 1091321 --- [nio-8881-exec-7] o.s.s.w.a.www.BasicAuthenticationFilter  : Set SecurityContextHolder to UsernamePasswordAuthenticationToken [Principal=org.springframework.security.core.userdetails.User [Username=LoginTest2@test.com, Password=[PROTECTED], Enabled=true, AccountNonExpired=true, credentialsNonExpired=true, AccountNonLocked=true, Granted Authorities=[USER]], Credentials=[PROTECTED], Authenticated=true, Details=WebAuthenticationDetails [RemoteIpAddress=127.0.0.1, SessionId=null], Granted Authorities=[USER]]
?[0m?[0;34m2023-02-15 18:26:12.597 DEBUG 1091321 --- [nio-8881-exec-7] w.c.HttpSessionSecurityContextRepository : Created HttpSession as SecurityContext is non-default
?[0m?[0;34m2023-02-15 18:26:12.597 DEBUG 1091321 --- [nio-8881-exec-7] w.c.HttpSessionSecurityContextRepository : Stored SecurityContextImpl [Authentication=UsernamePasswordAuthenticationToken [Principal=org.springframework.security.core.userdetails.User [Username=LoginTest2@test.com, Password=[PROTECTED], Enabled=true, AccountNonExpired=true, credentialsNonExpired=true, AccountNonLocked=true, Granted Authorities=[USER]], Credentials=[PROTECTED], Authenticated=true, Details=WebAuthenticationDetails [RemoteIpAddress=127.0.0.1, SessionId=null], Granted Authorities=[USER]]] to HttpSession [org.apache.catalina.session.StandardSessionFacade@f8d9b18]
?[0m?[0;34m2023-02-15 18:26:12.598 DEBUG 1091321 --- [nio-8881-exec-7] o.s.s.w.a.i.FilterSecurityInterceptor    : Authorized filter invocation [GET /api/recipe/search/?key0=value0&key1=value1] with attributes [authenticated]
?[0m?[0;34m2023-02-15 18:26:12.598 DEBUG 1091321 --- [nio-8881-exec-7] o.s.security.web.FilterChainProxy        : Secured GET /api/recipe/search/?key0=value0&key1=value1
?[0m?[0;34m2023-02-15 18:26:12.599 DEBUG 1091321 --- [nio-8881-exec-7] w.c.HttpSessionSecurityContextRepository : Stored SecurityContextImpl [Authentication=UsernamePasswordAuthenticationToken [Principal=org.springframework.security.core.userdetails.User [Username=LoginTest2@test.com, Password=[PROTECTED], Enabled=true, AccountNonExpired=true, credentialsNonExpired=true, AccountNonLocked=true, Granted Authorities=[USER]], Credentials=[PROTECTED], Authenticated=true, Details=WebAuthenticationDetails [RemoteIpAddress=127.0.0.1, SessionId=null], Granted Authorities=[USER]]] to HttpSession [org.apache.catalina.session.StandardSessionFacade@f8d9b18]
?[0m?[0;34m2023-02-15 18:26:12.599 DEBUG 1091321 --- [nio-8881-exec-7] w.c.HttpSessionSecurityContextRepository : Stored SecurityContextImpl [Authentication=UsernamePasswordAuthenticationToken [Principal=org.springframework.security.core.userdetails.User [Username=LoginTest2@test.com, Password=[PROTECTED], Enabled=true, AccountNonExpired=true, credentialsNonExpired=true, AccountNonLocked=true, Granted Authorities=[USER]], Credentials=[PROTECTED], Authenticated=true, Details=WebAuthenticationDetails [RemoteIpAddress=127.0.0.1, SessionId=null], Granted Authorities=[USER]]] to HttpSession [org.apache.catalina.session.StandardSessionFacade@f8d9b18]
?[0m?[0;34m2023-02-15 18:26:12.599 DEBUG 1091321 --- [nio-8881-exec-7] s.s.w.c.SecurityContextPersistenceFilter : Cleared SecurityContextHolder to complete request
?[0m?[0;34m2023-02-15 18:26:12.599 DEBUG 1091321 --- [nio-8881-exec-7] o.s.security.web.FilterChainProxy        : Securing GET /error?key0=value0&key1=value1
?[0m?[0;34m2023-02-15 18:26:12.600 DEBUG 1091321 --- [nio-8881-exec-7] w.c.HttpSessionSecurityContextRepository : Retrieved SecurityContextImpl [Authentication=UsernamePasswordAuthenticationToken [Principal=org.springframework.security.core.userdetails.User [Username=LoginTest2@test.com, Password=[PROTECTED], Enabled=true, AccountNonExpired=true, credentialsNonExpired=true, AccountNonLocked=true, Granted Authorities=[USER]], Credentials=[PROTECTED], Authenticated=true, Details=WebAuthenticationDetails [RemoteIpAddress=127.0.0.1, SessionId=null], Granted Authorities=[USER]]]
?[0m?[0;34m2023-02-15 18:26:12.600 DEBUG 1091321 --- [nio-8881-exec-7] s.s.w.c.SecurityContextPersistenceFilter : Set SecurityContextHolder to SecurityContextImpl [Authentication=UsernamePasswordAuthenticationToken [Principal=org.springframework.security.core.userdetails.User [Username=LoginTest2@test.com, Password=[PROTECTED], Enabled=true, AccountNonExpired=true, credentialsNonExpired=true, AccountNonLocked=true, Granted Authorities=[USER]], Credentials=[PROTECTED], Authenticated=true, Details=WebAuthenticationDetails [RemoteIpAddress=127.0.0.1, SessionId=null], Granted Authorities=[USER]]]
?[0m?[0;34m2023-02-15 18:26:12.600 DEBUG 1091321 --- [nio-8881-exec-7] o.s.security.web.FilterChainProxy        : Secured GET /error?key0=value0&key1=value1
?[0m?[0;34m2023-02-15 18:26:12.601 DEBUG 1091321 --- [nio-8881-exec-7] s.s.w.c.SecurityContextPersistenceFilter : Cleared SecurityContextHolder to complete request
?[1;31m
Start test 42?[0m
?[0m?[0;34m2023-02-15 18:26:12.604 DEBUG 1091321 --- [nio-8881-exec-8] o.s.security.web.FilterChainProxy        : Securing GET /api/recipe/search/?key0=value0&key1=value1&key2=value2&key3=value3&key4=value4
?[0m?[0;34m2023-02-15 18:26:12.604 DEBUG 1091321 --- [nio-8881-exec-8] s.s.w.c.SecurityContextPersistenceFilter : Set SecurityContextHolder to empty SecurityContext
?[0m?[0;34m2023-02-15 18:26:12.659 DEBUG 1091321 --- [nio-8881-exec-8] o.s.s.a.dao.DaoAuthenticationProvider    : Authenticated user
?[0m?[0;34m2023-02-15 18:26:12.660 DEBUG 1091321 --- [nio-8881-exec-8] o.s.s.w.a.www.BasicAuthenticationFilter  : Set SecurityContextHolder to UsernamePasswordAuthenticationToken [Principal=org.springframework.security.core.userdetails.User [Username=LoginTest2@test.com, Password=[PROTECTED], Enabled=true, AccountNonExpired=true, credentialsNonExpired=true, AccountNonLocked=true, Granted Authorities=[USER]], Credentials=[PROTECTED], Authenticated=true, Details=WebAuthenticationDetails [RemoteIpAddress=127.0.0.1, SessionId=null], Granted Authorities=[USER]]
?[0m?[0;34m2023-02-15 18:26:12.660 DEBUG 1091321 --- [nio-8881-exec-8] w.c.HttpSessionSecurityContextRepository : Created HttpSession as SecurityContext is non-default
?[0m?[0;34m2023-02-15 18:26:12.660 DEBUG 1091321 --- [nio-8881-exec-8] w.c.HttpSessionSecurityContextRepository : Stored SecurityContextImpl [Authentication=UsernamePasswordAuthenticationToken [Principal=org.springframework.security.core.userdetails.User [Username=LoginTest2@test.com, Password=[PROTECTED], Enabled=true, AccountNonExpired=true, credentialsNonExpired=true, AccountNonLocked=true, Granted Authorities=[USER]], Credentials=[PROTECTED], Authenticated=true, Details=WebAuthenticationDetails [RemoteIpAddress=127.0.0.1, SessionId=null], Granted Authorities=[USER]]] to HttpSession [org.apache.catalina.session.StandardSessionFacade@5c062b20]
?[0m?[0;34m2023-02-15 18:26:12.660 DEBUG 1091321 --- [nio-8881-exec-8] o.s.s.w.a.i.FilterSecurityInterceptor    : Authorized filter invocation [GET /api/recipe/search/?key0=value0&key1=value1&key2=value2&key3=value3&key4=value4] with attributes [authenticated]
?[0m?[0;34m2023-02-15 18:26:12.660 DEBUG 1091321 --- [nio-8881-exec-8] o.s.security.web.FilterChainProxy        : Secured GET /api/recipe/search/?key0=value0&key1=value1&key2=value2&key3=value3&key4=value4
?[0m?[0;34m2023-02-15 18:26:12.661 DEBUG 1091321 --- [nio-8881-exec-8] w.c.HttpSessionSecurityContextRepository : Stored SecurityContextImpl [Authentication=UsernamePasswordAuthenticationToken [Principal=org.springframework.security.core.userdetails.User [Username=LoginTest2@test.com, Password=[PROTECTED], Enabled=true, AccountNonExpired=true, credentialsNonExpired=true, AccountNonLocked=true, Granted Authorities=[USER]], Credentials=[PROTECTED], Authenticated=true, Details=WebAuthenticationDetails [RemoteIpAddress=127.0.0.1, SessionId=null], Granted Authorities=[USER]]] to HttpSession [org.apache.catalina.session.StandardSessionFacade@5c062b20]
?[0m?[0;34m2023-02-15 18:26:12.661 DEBUG 1091321 --- [nio-8881-exec-8] w.c.HttpSessionSecurityContextRepository : Stored SecurityContextImpl [Authentication=UsernamePasswordAuthenticationToken [Principal=org.springframework.security.core.userdetails.User [Username=LoginTest2@test.com, Password=[PROTECTED], Enabled=true, AccountNonExpired=true, credentialsNonExpired=true, AccountNonLocked=true, Granted Authorities=[USER]], Credentials=[PROTECTED], Authenticated=true, Details=WebAuthenticationDetails [RemoteIpAddress=127.0.0.1, SessionId=null], Granted Authorities=[USER]]] to HttpSession [org.apache.catalina.session.StandardSessionFacade@5c062b20]
?[0m?[0;34m2023-02-15 18:26:12.661 DEBUG 1091321 --- [nio-8881-exec-8] s.s.w.c.SecurityContextPersistenceFilter : Cleared SecurityContextHolder to complete request
?[0m?[0;34m2023-02-15 18:26:12.662 DEBUG 1091321 --- [nio-8881-exec-8] o.s.security.web.FilterChainProxy        : Securing GET /error?key0=value0&key1=value1&key2=value2&key3=value3&key4=value4
?[0m?[0;34m2023-02-15 18:26:12.662 DEBUG 1091321 --- [nio-8881-exec-8] w.c.HttpSessionSecurityContextRepository : Retrieved SecurityContextImpl [Authentication=UsernamePasswordAuthenticationToken [Principal=org.springframework.security.core.userdetails.User [Username=LoginTest2@test.com, Password=[PROTECTED], Enabled=true, AccountNonExpired=true, credentialsNonExpired=true, AccountNonLocked=true, Granted Authorities=[USER]], Credentials=[PROTECTED], Authenticated=true, Details=WebAuthenticationDetails [RemoteIpAddress=127.0.0.1, SessionId=null], Granted Authorities=[USER]]]
?[0m?[0;34m2023-02-15 18:26:12.662 DEBUG 1091321 --- [nio-8881-exec-8] s.s.w.c.SecurityContextPersistenceFilter : Set SecurityContextHolder to SecurityContextImpl [Authentication=UsernamePasswordAuthenticationToken [Principal=org.springframework.security.core.userdetails.User [Username=LoginTest2@test.com, Password=[PROTECTED], Enabled=true, AccountNonExpired=true, credentialsNonExpired=true, AccountNonLocked=true, Granted Authorities=[USER]], Credentials=[PROTECTED], Authenticated=true, Details=WebAuthenticationDetails [RemoteIpAddress=127.0.0.1, SessionId=null], Granted Authorities=[USER]]]
?[0m?[0;34m2023-02-15 18:26:12.662 DEBUG 1091321 --- [nio-8881-exec-8] o.s.security.web.FilterChainProxy        : Secured GET /error?key0=value0&key1=value1&key2=value2&key3=value3&key4=value4
?[0m?[0;34m2023-02-15 18:26:12.663 DEBUG 1091321 --- [nio-8881-exec-8] s.s.w.c.SecurityContextPersistenceFilter : Cleared SecurityContextHolder to complete request
?[1;31m
Start test 43?[0m
?[0m?[0;34m2023-02-15 18:26:12.666 DEBUG 1091321 --- [nio-8881-exec-5] o.s.security.web.FilterChainProxy        : Securing POST /api/recipe/new
?[0m?[0;34m2023-02-15 18:26:12.666 DEBUG 1091321 --- [nio-8881-exec-5] s.s.w.c.SecurityContextPersistenceFilter : Set SecurityContextHolder to empty SecurityContext
?[0m?[0;34m2023-02-15 18:26:12.721 DEBUG 1091321 --- [nio-8881-exec-5] o.s.s.a.dao.DaoAuthenticationProvider    : Authenticated user
?[0m?[0;34m2023-02-15 18:26:12.721 DEBUG 1091321 --- [nio-8881-exec-5] o.s.s.w.a.www.BasicAuthenticationFilter  : Set SecurityContextHolder to UsernamePasswordAuthenticationToken [Principal=org.springframework.security.core.userdetails.User [Username=LoginTest2@test.com, Password=[PROTECTED], Enabled=true, AccountNonExpired=true, credentialsNonExpired=true, AccountNonLocked=true, Granted Authorities=[USER]], Credentials=[PROTECTED], Authenticated=true, Details=WebAuthenticationDetails [RemoteIpAddress=127.0.0.1, SessionId=null], Granted Authorities=[USER]]
?[0m?[0;34m2023-02-15 18:26:12.721 DEBUG 1091321 --- [nio-8881-exec-5] w.c.HttpSessionSecurityContextRepository : Created HttpSession as SecurityContext is non-default
?[0m?[0;34m2023-02-15 18:26:12.721 DEBUG 1091321 --- [nio-8881-exec-5] w.c.HttpSessionSecurityContextRepository : Stored SecurityContextImpl [Authentication=UsernamePasswordAuthenticationToken [Principal=org.springframework.security.core.userdetails.User [Username=LoginTest2@test.com, Password=[PROTECTED], Enabled=true, AccountNonExpired=true, credentialsNonExpired=true, AccountNonLocked=true, Granted Authorities=[USER]], Credentials=[PROTECTED], Authenticated=true, Details=WebAuthenticationDetails [RemoteIpAddress=127.0.0.1, SessionId=null], Granted Authorities=[USER]]] to HttpSession [org.apache.catalina.session.StandardSessionFacade@bf269df]
?[0m?[0;34m2023-02-15 18:26:12.722 DEBUG 1091321 --- [nio-8881-exec-5] o.s.s.w.a.i.FilterSecurityInterceptor    : Authorized filter invocation [POST /api/recipe/new] with attributes [authenticated]
?[0m?[0;34m2023-02-15 18:26:12.722 DEBUG 1091321 --- [nio-8881-exec-5] o.s.security.web.FilterChainProxy        : Secured POST /api/recipe/new
?[0m?[0;34m2023-02-15 18:26:12.733 DEBUG 1091321 --- [nio-8881-exec-5] w.c.HttpSessionSecurityContextRepository : Stored SecurityContextImpl [Authentication=UsernamePasswordAuthenticationToken [Principal=org.springframework.security.core.userdetails.User [Username=LoginTest2@test.com, Password=[PROTECTED], Enabled=true, AccountNonExpired=true, credentialsNonExpired=true, AccountNonLocked=true, Granted Authorities=[USER]], Credentials=[PROTECTED], Authenticated=true, Details=WebAuthenticationDetails [RemoteIpAddress=127.0.0.1, SessionId=null], Granted Authorities=[USER]]] to HttpSession [org.apache.catalina.session.StandardSessionFacade@bf269df]
?[0m?[0;34m2023-02-15 18:26:12.733 DEBUG 1091321 --- [nio-8881-exec-5] w.c.HttpSessionSecurityContextRepository : Stored SecurityContextImpl [Authentication=UsernamePasswordAuthenticationToken [Principal=org.springframework.security.core.userdetails.User [Username=LoginTest2@test.com, Password=[PROTECTED], Enabled=true, AccountNonExpired=true, credentialsNonExpired=true, AccountNonLocked=true, Granted Authorities=[USER]], Credentials=[PROTECTED], Authenticated=true, Details=WebAuthenticationDetails [RemoteIpAddress=127.0.0.1, SessionId=null], Granted Authorities=[USER]]] to HttpSession [org.apache.catalina.session.StandardSessionFacade@bf269df]
?[0m?[0;34m2023-02-15 18:26:12.733 DEBUG 1091321 --- [nio-8881-exec-5] s.s.w.c.SecurityContextPersistenceFilter : Cleared SecurityContextHolder to complete request
?[1;31m
Start test 44?[0m
?[0m?[0;34m2023-02-15 18:26:12.736 DEBUG 1091321 --- [nio-8881-exec-3] o.s.security.web.FilterChainProxy        : Securing POST /api/recipe/new
?[0m?[0;34m2023-02-15 18:26:12.736 DEBUG 1091321 --- [nio-8881-exec-3] s.s.w.c.SecurityContextPersistenceFilter : Set SecurityContextHolder to empty SecurityContext
?[0m?[0;34m2023-02-15 18:26:12.817 DEBUG 1091321 --- [nio-8881-exec-3] o.s.s.a.dao.DaoAuthenticationProvider    : Authenticated user
?[0m?[0;34m2023-02-15 18:26:12.817 DEBUG 1091321 --- [nio-8881-exec-3] o.s.s.w.a.www.BasicAuthenticationFilter  : Set SecurityContextHolder to UsernamePasswordAuthenticationToken [Principal=org.springframework.security.core.userdetails.User [Username=LoginTest2@test.com, Password=[PROTECTED], Enabled=true, AccountNonExpired=true, credentialsNonExpired=true, AccountNonLocked=true, Granted Authorities=[USER]], Credentials=[PROTECTED], Authenticated=true, Details=WebAuthenticationDetails [RemoteIpAddress=127.0.0.1, SessionId=null], Granted Authorities=[USER]]
?[0m?[0;34m2023-02-15 18:26:12.817 DEBUG 1091321 --- [nio-8881-exec-3] w.c.HttpSessionSecurityContextRepository : Created HttpSession as SecurityContext is non-default
?[0m?[0;34m2023-02-15 18:26:12.818 DEBUG 1091321 --- [nio-8881-exec-3] w.c.HttpSessionSecurityContextRepository : Stored SecurityContextImpl [Authentication=UsernamePasswordAuthenticationToken [Principal=org.springframework.security.core.userdetails.User [Username=LoginTest2@test.com, Password=[PROTECTED], Enabled=true, AccountNonExpired=true, credentialsNonExpired=true, AccountNonLocked=true, Granted Authorities=[USER]], Credentials=[PROTECTED], Authenticated=true, Details=WebAuthenticationDetails [RemoteIpAddress=127.0.0.1, SessionId=null], Granted Authorities=[USER]]] to HttpSession [org.apache.catalina.session.StandardSessionFacade@13331490]
?[0m?[0;34m2023-02-15 18:26:12.818 DEBUG 1091321 --- [nio-8881-exec-3] o.s.s.w.a.i.FilterSecurityInterceptor    : Authorized filter invocation [POST /api/recipe/new] with attributes [authenticated]
?[0m?[0;34m2023-02-15 18:26:12.818 DEBUG 1091321 --- [nio-8881-exec-3] o.s.security.web.FilterChainProxy        : Secured POST /api/recipe/new
?[0m?[0;34m2023-02-15 18:26:12.820 DEBUG 1091321 --- [nio-8881-exec-3] w.c.HttpSessionSecurityContextRepository : Stored SecurityContextImpl [Authentication=UsernamePasswordAuthenticationToken [Principal=org.springframework.security.core.userdetails.User [Username=LoginTest2@test.com, Password=[PROTECTED], Enabled=true, AccountNonExpired=true, credentialsNonExpired=true, AccountNonLocked=true, Granted Authorities=[USER]], Credentials=[PROTECTED], Authenticated=true, Details=WebAuthenticationDetails [RemoteIpAddress=127.0.0.1, SessionId=null], Granted Authorities=[USER]]] to HttpSession [org.apache.catalina.session.StandardSessionFacade@13331490]
?[0m?[0;34m2023-02-15 18:26:12.821 DEBUG 1091321 --- [nio-8881-exec-3] w.c.HttpSessionSecurityContextRepository : Stored SecurityContextImpl [Authentication=UsernamePasswordAuthenticationToken [Principal=org.springframework.security.core.userdetails.User [Username=LoginTest2@test.com, Password=[PROTECTED], Enabled=true, AccountNonExpired=true, credentialsNonExpired=true, AccountNonLocked=true, Granted Authorities=[USER]], Credentials=[PROTECTED], Authenticated=true, Details=WebAuthenticationDetails [RemoteIpAddress=127.0.0.1, SessionId=null], Granted Authorities=[USER]]] to HttpSession [org.apache.catalina.session.StandardSessionFacade@13331490]
?[0m?[0;34m2023-02-15 18:26:12.821 DEBUG 1091321 --- [nio-8881-exec-3] s.s.w.c.SecurityContextPersistenceFilter : Cleared SecurityContextHolder to complete request
?[1;31m
Start test 45?[0m
?[0m?[0;34m2023-02-15 18:26:12.824 DEBUG 1091321 --- [nio-8881-exec-4] o.s.security.web.FilterChainProxy        : Securing POST /api/recipe/new
?[0m?[0;34m2023-02-15 18:26:12.824 DEBUG 1091321 --- [nio-8881-exec-4] s.s.w.c.SecurityContextPersistenceFilter : Set SecurityContextHolder to empty SecurityContext
?[0m?[0;34m2023-02-15 18:26:12.881 DEBUG 1091321 --- [nio-8881-exec-4] o.s.s.a.dao.DaoAuthenticationProvider    : Authenticated user
?[0m?[0;34m2023-02-15 18:26:12.881 DEBUG 1091321 --- [nio-8881-exec-4] o.s.s.w.a.www.BasicAuthenticationFilter  : Set SecurityContextHolder to UsernamePasswordAuthenticationToken [Principal=org.springframework.security.core.userdetails.User [Username=LoginTest2@test.com, Password=[PROTECTED], Enabled=true, AccountNonExpired=true, credentialsNonExpired=true, AccountNonLocked=true, Granted Authorities=[USER]], Credentials=[PROTECTED], Authenticated=true, Details=WebAuthenticationDetails [RemoteIpAddress=127.0.0.1, SessionId=null], Granted Authorities=[USER]]
?[0m?[0;34m2023-02-15 18:26:12.881 DEBUG 1091321 --- [nio-8881-exec-4] w.c.HttpSessionSecurityContextRepository : Created HttpSession as SecurityContext is non-default
?[0m?[0;34m2023-02-15 18:26:12.881 DEBUG 1091321 --- [nio-8881-exec-4] w.c.HttpSessionSecurityContextRepository : Stored SecurityContextImpl [Authentication=UsernamePasswordAuthenticationToken [Principal=org.springframework.security.core.userdetails.User [Username=LoginTest2@test.com, Password=[PROTECTED], Enabled=true, AccountNonExpired=true, credentialsNonExpired=true, AccountNonLocked=true, Granted Authorities=[USER]], Credentials=[PROTECTED], Authenticated=true, Details=WebAuthenticationDetails [RemoteIpAddress=127.0.0.1, SessionId=null], Granted Authorities=[USER]]] to HttpSession [org.apache.catalina.session.StandardSessionFacade@76c2c4f5]
?[0m?[0;34m2023-02-15 18:26:12.882 DEBUG 1091321 --- [nio-8881-exec-4] o.s.s.w.a.i.FilterSecurityInterceptor    : Authorized filter invocation [POST /api/recipe/new] with attributes [authenticated]
?[0m?[0;34m2023-02-15 18:26:12.882 DEBUG 1091321 --- [nio-8881-exec-4] o.s.security.web.FilterChainProxy        : Secured POST /api/recipe/new
?[0m?[0;34m2023-02-15 18:26:12.884 DEBUG 1091321 --- [nio-8881-exec-4] w.c.HttpSessionSecurityContextRepository : Stored SecurityContextImpl [Authentication=UsernamePasswordAuthenticationToken [Principal=org.springframework.security.core.userdetails.User [Username=LoginTest2@test.com, Password=[PROTECTED], Enabled=true, AccountNonExpired=true, credentialsNonExpired=true, AccountNonLocked=true, Granted Authorities=[USER]], Credentials=[PROTECTED], Authenticated=true, Details=WebAuthenticationDetails [RemoteIpAddress=127.0.0.1, SessionId=null], Granted Authorities=[USER]]] to HttpSession [org.apache.catalina.session.StandardSessionFacade@76c2c4f5]
?[0m?[0;34m2023-02-15 18:26:12.885 DEBUG 1091321 --- [nio-8881-exec-4] w.c.HttpSessionSecurityContextRepository : Stored SecurityContextImpl [Authentication=UsernamePasswordAuthenticationToken [Principal=org.springframework.security.core.userdetails.User [Username=LoginTest2@test.com, Password=[PROTECTED], Enabled=true, AccountNonExpired=true, credentialsNonExpired=true, AccountNonLocked=true, Granted Authorities=[USER]], Credentials=[PROTECTED], Authenticated=true, Details=WebAuthenticationDetails [RemoteIpAddress=127.0.0.1, SessionId=null], Granted Authorities=[USER]]] to HttpSession [org.apache.catalina.session.StandardSessionFacade@76c2c4f5]
?[0m?[0;34m2023-02-15 18:26:12.885 DEBUG 1091321 --- [nio-8881-exec-4] s.s.w.c.SecurityContextPersistenceFilter : Cleared SecurityContextHolder to complete request
?[1;31m
Start test 46?[0m
?[0m?[0;34m2023-02-15 18:26:12.888 DEBUG 1091321 --- [nio-8881-exec-9] o.s.security.web.FilterChainProxy        : Securing POST /api/recipe/new
?[0m?[0;34m2023-02-15 18:26:12.888 DEBUG 1091321 --- [nio-8881-exec-9] s.s.w.c.SecurityContextPersistenceFilter : Set SecurityContextHolder to empty SecurityContext
?[0m?[0;34m2023-02-15 18:26:12.947 DEBUG 1091321 --- [nio-8881-exec-9] o.s.s.a.dao.DaoAuthenticationProvider    : Authenticated user
?[0m?[0;34m2023-02-15 18:26:12.947 DEBUG 1091321 --- [nio-8881-exec-9] o.s.s.w.a.www.BasicAuthenticationFilter  : Set SecurityContextHolder to UsernamePasswordAuthenticationToken [Principal=org.springframework.security.core.userdetails.User [Username=LoginTest2@test.com, Password=[PROTECTED], Enabled=true, AccountNonExpired=true, credentialsNonExpired=true, AccountNonLocked=true, Granted Authorities=[USER]], Credentials=[PROTECTED], Authenticated=true, Details=WebAuthenticationDetails [RemoteIpAddress=127.0.0.1, SessionId=null], Granted Authorities=[USER]]
?[0m?[0;34m2023-02-15 18:26:12.947 DEBUG 1091321 --- [nio-8881-exec-9] w.c.HttpSessionSecurityContextRepository : Created HttpSession as SecurityContext is non-default
?[0m?[0;34m2023-02-15 18:26:12.947 DEBUG 1091321 --- [nio-8881-exec-9] w.c.HttpSessionSecurityContextRepository : Stored SecurityContextImpl [Authentication=UsernamePasswordAuthenticationToken [Principal=org.springframework.security.core.userdetails.User [Username=LoginTest2@test.com, Password=[PROTECTED], Enabled=true, AccountNonExpired=true, credentialsNonExpired=true, AccountNonLocked=true, Granted Authorities=[USER]], Credentials=[PROTECTED], Authenticated=true, Details=WebAuthenticationDetails [RemoteIpAddress=127.0.0.1, SessionId=null], Granted Authorities=[USER]]] to HttpSession [org.apache.catalina.session.StandardSessionFacade@5747c3f3]
?[0m?[0;34m2023-02-15 18:26:12.948 DEBUG 1091321 --- [nio-8881-exec-9] o.s.s.w.a.i.FilterSecurityInterceptor    : Authorized filter invocation [POST /api/recipe/new] with attributes [authenticated]
?[0m?[0;34m2023-02-15 18:26:12.948 DEBUG 1091321 --- [nio-8881-exec-9] o.s.security.web.FilterChainProxy        : Secured POST /api/recipe/new
?[0m?[0;34m2023-02-15 18:26:12.951 DEBUG 1091321 --- [nio-8881-exec-9] w.c.HttpSessionSecurityContextRepository : Stored SecurityContextImpl [Authentication=UsernamePasswordAuthenticationToken [Principal=org.springframework.security.core.userdetails.User [Username=LoginTest2@test.com, Password=[PROTECTED], Enabled=true, AccountNonExpired=true, credentialsNonExpired=true, AccountNonLocked=true, Granted Authorities=[USER]], Credentials=[PROTECTED], Authenticated=true, Details=WebAuthenticationDetails [RemoteIpAddress=127.0.0.1, SessionId=null], Granted Authorities=[USER]]] to HttpSession [org.apache.catalina.session.StandardSessionFacade@5747c3f3]
?[0m?[0;34m2023-02-15 18:26:12.951 DEBUG 1091321 --- [nio-8881-exec-9] w.c.HttpSessionSecurityContextRepository : Stored SecurityContextImpl [Authentication=UsernamePasswordAuthenticationToken [Principal=org.springframework.security.core.userdetails.User [Username=LoginTest2@test.com, Password=[PROTECTED], Enabled=true, AccountNonExpired=true, credentialsNonExpired=true, AccountNonLocked=true, Granted Authorities=[USER]], Credentials=[PROTECTED], Authenticated=true, Details=WebAuthenticationDetails [RemoteIpAddress=127.0.0.1, SessionId=null], Granted Authorities=[USER]]] to HttpSession [org.apache.catalina.session.StandardSessionFacade@5747c3f3]
?[0m?[0;34m2023-02-15 18:26:12.951 DEBUG 1091321 --- [nio-8881-exec-9] s.s.w.c.SecurityContextPersistenceFilter : Cleared SecurityContextHolder to complete request
?[1;31m
Start test 47?[0m
?[0m?[0;34m2023-02-15 18:26:12.954 DEBUG 1091321 --- [io-8881-exec-11] o.s.security.web.FilterChainProxy        : Securing POST /api/recipe/new
?[0m?[0;34m2023-02-15 18:26:12.955 DEBUG 1091321 --- [io-8881-exec-11] s.s.w.c.SecurityContextPersistenceFilter : Set SecurityContextHolder to empty SecurityContext
?[0m?[0;34m2023-02-15 18:26:13.013 DEBUG 1091321 --- [io-8881-exec-11] o.s.s.a.dao.DaoAuthenticationProvider    : Authenticated user
?[0m?[0;34m2023-02-15 18:26:13.013 DEBUG 1091321 --- [io-8881-exec-11] o.s.s.w.a.www.BasicAuthenticationFilter  : Set SecurityContextHolder to UsernamePasswordAuthenticationToken [Principal=org.springframework.security.core.userdetails.User [Username=LoginTest2@test.com, Password=[PROTECTED], Enabled=true, AccountNonExpired=true, credentialsNonExpired=true, AccountNonLocked=true, Granted Authorities=[USER]], Credentials=[PROTECTED], Authenticated=true, Details=WebAuthenticationDetails [RemoteIpAddress=127.0.0.1, SessionId=null], Granted Authorities=[USER]]
?[0m?[0;34m2023-02-15 18:26:13.013 DEBUG 1091321 --- [io-8881-exec-11] w.c.HttpSessionSecurityContextRepository : Created HttpSession as SecurityContext is non-default
?[0m?[0;34m2023-02-15 18:26:13.013 DEBUG 1091321 --- [io-8881-exec-11] w.c.HttpSessionSecurityContextRepository : Stored SecurityContextImpl [Authentication=UsernamePasswordAuthenticationToken [Principal=org.springframework.security.core.userdetails.User [Username=LoginTest2@test.com, Password=[PROTECTED], Enabled=true, AccountNonExpired=true, credentialsNonExpired=true, AccountNonLocked=true, Granted Authorities=[USER]], Credentials=[PROTECTED], Authenticated=true, Details=WebAuthenticationDetails [RemoteIpAddress=127.0.0.1, SessionId=null], Granted Authorities=[USER]]] to HttpSession [org.apache.catalina.session.StandardSessionFacade@795e6124]
?[0m?[0;34m2023-02-15 18:26:13.013 DEBUG 1091321 --- [io-8881-exec-11] o.s.s.w.a.i.FilterSecurityInterceptor    : Authorized filter invocation [POST /api/recipe/new] with attributes [authenticated]
?[0m?[0;34m2023-02-15 18:26:13.013 DEBUG 1091321 --- [io-8881-exec-11] o.s.security.web.FilterChainProxy        : Secured POST /api/recipe/new
?[0m?[0;34m2023-02-15 18:26:13.016 DEBUG 1091321 --- [io-8881-exec-11] w.c.HttpSessionSecurityContextRepository : Stored SecurityContextImpl [Authentication=UsernamePasswordAuthenticationToken [Principal=org.springframework.security.core.userdetails.User [Username=LoginTest2@test.com, Password=[PROTECTED], Enabled=true, AccountNonExpired=true, credentialsNonExpired=true, AccountNonLocked=true, Granted Authorities=[USER]], Credentials=[PROTECTED], Authenticated=true, Details=WebAuthenticationDetails [RemoteIpAddress=127.0.0.1, SessionId=null], Granted Authorities=[USER]]] to HttpSession [org.apache.catalina.session.StandardSessionFacade@795e6124]
?[0m?[0;34m2023-02-15 18:26:13.016 DEBUG 1091321 --- [io-8881-exec-11] w.c.HttpSessionSecurityContextRepository : Stored SecurityContextImpl [Authentication=UsernamePasswordAuthenticationToken [Principal=org.springframework.security.core.userdetails.User [Username=LoginTest2@test.com, Password=[PROTECTED], Enabled=true, AccountNonExpired=true, credentialsNonExpired=true, AccountNonLocked=true, Granted Authorities=[USER]], Credentials=[PROTECTED], Authenticated=true, Details=WebAuthenticationDetails [RemoteIpAddress=127.0.0.1, SessionId=null], Granted Authorities=[USER]]] to HttpSession [org.apache.catalina.session.StandardSessionFacade@795e6124]
?[0m?[0;34m2023-02-15 18:26:13.016 DEBUG 1091321 --- [io-8881-exec-11] s.s.w.c.SecurityContextPersistenceFilter : Cleared SecurityContextHolder to complete request
?[1;31m
Start test 48?[0m
?[0m?[0;34m2023-02-15 18:26:13.020 DEBUG 1091321 --- [nio-8881-exec-6] o.s.security.web.FilterChainProxy        : Securing POST /api/recipe/new
?[0m?[0;34m2023-02-15 18:26:13.020 DEBUG 1091321 --- [nio-8881-exec-6] s.s.w.c.SecurityContextPersistenceFilter : Set SecurityContextHolder to empty SecurityContext
?[0m?[0;34m2023-02-15 18:26:13.075 DEBUG 1091321 --- [nio-8881-exec-6] o.s.s.a.dao.DaoAuthenticationProvider    : Authenticated user
?[0m?[0;34m2023-02-15 18:26:13.076 DEBUG 1091321 --- [nio-8881-exec-6] o.s.s.w.a.www.BasicAuthenticationFilter  : Set SecurityContextHolder to UsernamePasswordAuthenticationToken [Principal=org.springframework.security.core.userdetails.User [Username=LoginTest2@test.com, Password=[PROTECTED], Enabled=true, AccountNonExpired=true, credentialsNonExpired=true, AccountNonLocked=true, Granted Authorities=[USER]], Credentials=[PROTECTED], Authenticated=true, Details=WebAuthenticationDetails [RemoteIpAddress=127.0.0.1, SessionId=null], Granted Authorities=[USER]]
?[0m?[0;34m2023-02-15 18:26:13.076 DEBUG 1091321 --- [nio-8881-exec-6] w.c.HttpSessionSecurityContextRepository : Created HttpSession as SecurityContext is non-default
?[0m?[0;34m2023-02-15 18:26:13.076 DEBUG 1091321 --- [nio-8881-exec-6] w.c.HttpSessionSecurityContextRepository : Stored SecurityContextImpl [Authentication=UsernamePasswordAuthenticationToken [Principal=org.springframework.security.core.userdetails.User [Username=LoginTest2@test.com, Password=[PROTECTED], Enabled=true, AccountNonExpired=true, credentialsNonExpired=true, AccountNonLocked=true, Granted Authorities=[USER]], Credentials=[PROTECTED], Authenticated=true, Details=WebAuthenticationDetails [RemoteIpAddress=127.0.0.1, SessionId=null], Granted Authorities=[USER]]] to HttpSession [org.apache.catalina.session.StandardSessionFacade@12011caf]
?[0m?[0;34m2023-02-15 18:26:13.076 DEBUG 1091321 --- [nio-8881-exec-6] o.s.s.w.a.i.FilterSecurityInterceptor    : Authorized filter invocation [POST /api/recipe/new] with attributes [authenticated]
?[0m?[0;34m2023-02-15 18:26:13.076 DEBUG 1091321 --- [nio-8881-exec-6] o.s.security.web.FilterChainProxy        : Secured POST /api/recipe/new
?[0m?[0;34m2023-02-15 18:26:13.078 DEBUG 1091321 --- [nio-8881-exec-6] w.c.HttpSessionSecurityContextRepository : Stored SecurityContextImpl [Authentication=UsernamePasswordAuthenticationToken [Principal=org.springframework.security.core.userdetails.User [Username=LoginTest2@test.com, Password=[PROTECTED], Enabled=true, AccountNonExpired=true, credentialsNonExpired=true, AccountNonLocked=true, Granted Authorities=[USER]], Credentials=[PROTECTED], Authenticated=true, Details=WebAuthenticationDetails [RemoteIpAddress=127.0.0.1, SessionId=null], Granted Authorities=[USER]]] to HttpSession [org.apache.catalina.session.StandardSessionFacade@12011caf]
?[0m?[0;34m2023-02-15 18:26:13.079 DEBUG 1091321 --- [nio-8881-exec-6] w.c.HttpSessionSecurityContextRepository : Stored SecurityContextImpl [Authentication=UsernamePasswordAuthenticationToken [Principal=org.springframework.security.core.userdetails.User [Username=LoginTest2@test.com, Password=[PROTECTED], Enabled=true, AccountNonExpired=true, credentialsNonExpired=true, AccountNonLocked=true, Granted Authorities=[USER]], Credentials=[PROTECTED], Authenticated=true, Details=WebAuthenticationDetails [RemoteIpAddress=127.0.0.1, SessionId=null], Granted Authorities=[USER]]] to HttpSession [org.apache.catalina.session.StandardSessionFacade@12011caf]
?[0m?[0;34m2023-02-15 18:26:13.079 DEBUG 1091321 --- [nio-8881-exec-6] s.s.w.c.SecurityContextPersistenceFilter : Cleared SecurityContextHolder to complete request
?[1;31m
Start test 49?[0m
?[0m?[0;34m2023-02-15 18:26:13.082 DEBUG 1091321 --- [io-8881-exec-10] o.s.security.web.FilterChainProxy        : Securing POST /api/recipe/new
?[0m?[0;34m2023-02-15 18:26:13.082 DEBUG 1091321 --- [io-8881-exec-10] s.s.w.c.SecurityContextPersistenceFilter : Set SecurityContextHolder to empty SecurityContext
?[0m?[0;34m2023-02-15 18:26:13.137 DEBUG 1091321 --- [io-8881-exec-10] o.s.s.a.dao.DaoAuthenticationProvider    : Authenticated user
?[0m?[0;34m2023-02-15 18:26:13.137 DEBUG 1091321 --- [io-8881-exec-10] o.s.s.w.a.www.BasicAuthenticationFilter  : Set SecurityContextHolder to UsernamePasswordAuthenticationToken [Principal=org.springframework.security.core.userdetails.User [Username=LoginTest2@test.com, Password=[PROTECTED], Enabled=true, AccountNonExpired=true, credentialsNonExpired=true, AccountNonLocked=true, Granted Authorities=[USER]], Credentials=[PROTECTED], Authenticated=true, Details=WebAuthenticationDetails [RemoteIpAddress=127.0.0.1, SessionId=null], Granted Authorities=[USER]]
?[0m?[0;34m2023-02-15 18:26:13.137 DEBUG 1091321 --- [io-8881-exec-10] w.c.HttpSessionSecurityContextRepository : Created HttpSession as SecurityContext is non-default
?[0m?[0;34m2023-02-15 18:26:13.137 DEBUG 1091321 --- [io-8881-exec-10] w.c.HttpSessionSecurityContextRepository : Stored SecurityContextImpl [Authentication=UsernamePasswordAuthenticationToken [Principal=org.springframework.security.core.userdetails.User [Username=LoginTest2@test.com, Password=[PROTECTED], Enabled=true, AccountNonExpired=true, credentialsNonExpired=true, AccountNonLocked=true, Granted Authorities=[USER]], Credentials=[PROTECTED], Authenticated=true, Details=WebAuthenticationDetails [RemoteIpAddress=127.0.0.1, SessionId=null], Granted Authorities=[USER]]] to HttpSession [org.apache.catalina.session.StandardSessionFacade@32f2bb7b]
?[0m?[0;34m2023-02-15 18:26:13.138 DEBUG 1091321 --- [io-8881-exec-10] o.s.s.w.a.i.FilterSecurityInterceptor    : Authorized filter invocation [POST /api/recipe/new] with attributes [authenticated]
?[0m?[0;34m2023-02-15 18:26:13.138 DEBUG 1091321 --- [io-8881-exec-10] o.s.security.web.FilterChainProxy        : Secured POST /api/recipe/new
?[0m?[0;34m2023-02-15 18:26:13.140 DEBUG 1091321 --- [io-8881-exec-10] w.c.HttpSessionSecurityContextRepository : Stored SecurityContextImpl [Authentication=UsernamePasswordAuthenticationToken [Principal=org.springframework.security.core.userdetails.User [Username=LoginTest2@test.com, Password=[PROTECTED], Enabled=true, AccountNonExpired=true, credentialsNonExpired=true, AccountNonLocked=true, Granted Authorities=[USER]], Credentials=[PROTECTED], Authenticated=true, Details=WebAuthenticationDetails [RemoteIpAddress=127.0.0.1, SessionId=null], Granted Authorities=[USER]]] to HttpSession [org.apache.catalina.session.StandardSessionFacade@32f2bb7b]
?[0m?[0;34m2023-02-15 18:26:13.140 DEBUG 1091321 --- [io-8881-exec-10] w.c.HttpSessionSecurityContextRepository : Stored SecurityContextImpl [Authentication=UsernamePasswordAuthenticationToken [Principal=org.springframework.security.core.userdetails.User [Username=LoginTest2@test.com, Password=[PROTECTED], Enabled=true, AccountNonExpired=true, credentialsNonExpired=true, AccountNonLocked=true, Granted Authorities=[USER]], Credentials=[PROTECTED], Authenticated=true, Details=WebAuthenticationDetails [RemoteIpAddress=127.0.0.1, SessionId=null], Granted Authorities=[USER]]] to HttpSession [org.apache.catalina.session.StandardSessionFacade@32f2bb7b]
?[0m?[0;34m2023-02-15 18:26:13.140 DEBUG 1091321 --- [io-8881-exec-10] s.s.w.c.SecurityContextPersistenceFilter : Cleared SecurityContextHolder to complete request
?[1;31m
Start test 50?[0m
?[0m?[0;34m2023-02-15 18:26:13.144 DEBUG 1091321 --- [nio-8881-exec-2] o.s.security.web.FilterChainProxy        : Securing POST /api/recipe/new
?[0m?[0;34m2023-02-15 18:26:13.144 DEBUG 1091321 --- [nio-8881-exec-2] s.s.w.c.SecurityContextPersistenceFilter : Set SecurityContextHolder to empty SecurityContext
?[0m?[0;34m2023-02-15 18:26:13.200 DEBUG 1091321 --- [nio-8881-exec-2] o.s.s.a.dao.DaoAuthenticationProvider    : Authenticated user
?[0m?[0;34m2023-02-15 18:26:13.200 DEBUG 1091321 --- [nio-8881-exec-2] o.s.s.w.a.www.BasicAuthenticationFilter  : Set SecurityContextHolder to UsernamePasswordAuthenticationToken [Principal=org.springframework.security.core.userdetails.User [Username=LoginTest2@test.com, Password=[PROTECTED], Enabled=true, AccountNonExpired=true, credentialsNonExpired=true, AccountNonLocked=true, Granted Authorities=[USER]], Credentials=[PROTECTED], Authenticated=true, Details=WebAuthenticationDetails [RemoteIpAddress=127.0.0.1, SessionId=null], Granted Authorities=[USER]]
?[0m?[0;34m2023-02-15 18:26:13.201 DEBUG 1091321 --- [nio-8881-exec-2] w.c.HttpSessionSecurityContextRepository : Created HttpSession as SecurityContext is non-default
?[0m?[0;34m2023-02-15 18:26:13.201 DEBUG 1091321 --- [nio-8881-exec-2] w.c.HttpSessionSecurityContextRepository : Stored SecurityContextImpl [Authentication=UsernamePasswordAuthenticationToken [Principal=org.springframework.security.core.userdetails.User [Username=LoginTest2@test.com, Password=[PROTECTED], Enabled=true, AccountNonExpired=true, credentialsNonExpired=true, AccountNonLocked=true, Granted Authorities=[USER]], Credentials=[PROTECTED], Authenticated=true, Details=WebAuthenticationDetails [RemoteIpAddress=127.0.0.1, SessionId=null], Granted Authorities=[USER]]] to HttpSession [org.apache.catalina.session.StandardSessionFacade@468e39ee]
?[0m?[0;34m2023-02-15 18:26:13.201 DEBUG 1091321 --- [nio-8881-exec-2] o.s.s.w.a.i.FilterSecurityInterceptor    : Authorized filter invocation [POST /api/recipe/new] with attributes [authenticated]
?[0m?[0;34m2023-02-15 18:26:13.201 DEBUG 1091321 --- [nio-8881-exec-2] o.s.security.web.FilterChainProxy        : Secured POST /api/recipe/new
?[0m?[0;34m2023-02-15 18:26:13.204 DEBUG 1091321 --- [nio-8881-exec-2] w.c.HttpSessionSecurityContextRepository : Stored SecurityContextImpl [Authentication=UsernamePasswordAuthenticationToken [Principal=org.springframework.security.core.userdetails.User [Username=LoginTest2@test.com, Password=[PROTECTED], Enabled=true, AccountNonExpired=true, credentialsNonExpired=true, AccountNonLocked=true, Granted Authorities=[USER]], Credentials=[PROTECTED], Authenticated=true, Details=WebAuthenticationDetails [RemoteIpAddress=127.0.0.1, SessionId=null], Granted Authorities=[USER]]] to HttpSession [org.apache.catalina.session.StandardSessionFacade@468e39ee]
?[0m?[0;34m2023-02-15 18:26:13.204 DEBUG 1091321 --- [nio-8881-exec-2] w.c.HttpSessionSecurityContextRepository : Stored SecurityContextImpl [Authentication=UsernamePasswordAuthenticationToken [Principal=org.springframework.security.core.userdetails.User [Username=LoginTest2@test.com, Password=[PROTECTED], Enabled=true, AccountNonExpired=true, credentialsNonExpired=true, AccountNonLocked=true, Granted Authorities=[USER]], Credentials=[PROTECTED], Authenticated=true, Details=WebAuthenticationDetails [RemoteIpAddress=127.0.0.1, SessionId=null], Granted Authorities=[USER]]] to HttpSession [org.apache.catalina.session.StandardSessionFacade@468e39ee]
?[0m?[0;34m2023-02-15 18:26:13.204 DEBUG 1091321 --- [nio-8881-exec-2] s.s.w.c.SecurityContextPersistenceFilter : Cleared SecurityContextHolder to complete request
?[1;31m
Start test 51?[0m
?[0m?[0;34m2023-02-15 18:26:13.208 DEBUG 1091321 --- [nio-8881-exec-1] o.s.security.web.FilterChainProxy        : Securing POST /api/recipe/new
?[0m?[0;34m2023-02-15 18:26:13.208 DEBUG 1091321 --- [nio-8881-exec-1] s.s.w.c.SecurityContextPersistenceFilter : Set SecurityContextHolder to empty SecurityContext
?[0m?[0;34m2023-02-15 18:26:13.264 DEBUG 1091321 --- [nio-8881-exec-1] o.s.s.a.dao.DaoAuthenticationProvider    : Authenticated user
?[0m?[0;34m2023-02-15 18:26:13.265 DEBUG 1091321 --- [nio-8881-exec-1] o.s.s.w.a.www.BasicAuthenticationFilter  : Set SecurityContextHolder to UsernamePasswordAuthenticationToken [Principal=org.springframework.security.core.userdetails.User [Username=LoginTest2@test.com, Password=[PROTECTED], Enabled=true, AccountNonExpired=true, credentialsNonExpired=true, AccountNonLocked=true, Granted Authorities=[USER]], Credentials=[PROTECTED], Authenticated=true, Details=WebAuthenticationDetails [RemoteIpAddress=127.0.0.1, SessionId=null], Granted Authorities=[USER]]
?[0m?[0;34m2023-02-15 18:26:13.265 DEBUG 1091321 --- [nio-8881-exec-1] w.c.HttpSessionSecurityContextRepository : Created HttpSession as SecurityContext is non-default
?[0m?[0;34m2023-02-15 18:26:13.265 DEBUG 1091321 --- [nio-8881-exec-1] w.c.HttpSessionSecurityContextRepository : Stored SecurityContextImpl [Authentication=UsernamePasswordAuthenticationToken [Principal=org.springframework.security.core.userdetails.User [Username=LoginTest2@test.com, Password=[PROTECTED], Enabled=true, AccountNonExpired=true, credentialsNonExpired=true, AccountNonLocked=true, Granted Authorities=[USER]], Credentials=[PROTECTED], Authenticated=true, Details=WebAuthenticationDetails [RemoteIpAddress=127.0.0.1, SessionId=null], Granted Authorities=[USER]]] to HttpSession [org.apache.catalina.session.StandardSessionFacade@232f5354]
?[0m?[0;34m2023-02-15 18:26:13.265 DEBUG 1091321 --- [nio-8881-exec-1] o.s.s.w.a.i.FilterSecurityInterceptor    : Authorized filter invocation [POST /api/recipe/new] with attributes [authenticated]
?[0m?[0;34m2023-02-15 18:26:13.265 DEBUG 1091321 --- [nio-8881-exec-1] o.s.security.web.FilterChainProxy        : Secured POST /api/recipe/new
?[0m?[0;34m2023-02-15 18:26:13.268 DEBUG 1091321 --- [nio-8881-exec-1] w.c.HttpSessionSecurityContextRepository : Stored SecurityContextImpl [Authentication=UsernamePasswordAuthenticationToken [Principal=org.springframework.security.core.userdetails.User [Username=LoginTest2@test.com, Password=[PROTECTED], Enabled=true, AccountNonExpired=true, credentialsNonExpired=true, AccountNonLocked=true, Granted Authorities=[USER]], Credentials=[PROTECTED], Authenticated=true, Details=WebAuthenticationDetails [RemoteIpAddress=127.0.0.1, SessionId=null], Granted Authorities=[USER]]] to HttpSession [org.apache.catalina.session.StandardSessionFacade@232f5354]
?[0m?[0;34m2023-02-15 18:26:13.268 DEBUG 1091321 --- [nio-8881-exec-1] w.c.HttpSessionSecurityContextRepository : Stored SecurityContextImpl [Authentication=UsernamePasswordAuthenticationToken [Principal=org.springframework.security.core.userdetails.User [Username=LoginTest2@test.com, Password=[PROTECTED], Enabled=true, AccountNonExpired=true, credentialsNonExpired=true, AccountNonLocked=true, Granted Authorities=[USER]], Credentials=[PROTECTED], Authenticated=true, Details=WebAuthenticationDetails [RemoteIpAddress=127.0.0.1, SessionId=null], Granted Authorities=[USER]]] to HttpSession [org.apache.catalina.session.StandardSessionFacade@232f5354]
?[0m?[0;34m2023-02-15 18:26:13.268 DEBUG 1091321 --- [nio-8881-exec-1] s.s.w.c.SecurityContextPersistenceFilter : Cleared SecurityContextHolder to complete request
?[1;31m
Start test 52?[0m
?[0m?[0;34m2023-02-15 18:26:13.272 DEBUG 1091321 --- [nio-8881-exec-7] o.s.security.web.FilterChainProxy        : Securing POST /api/recipe/new
?[0m?[0;34m2023-02-15 18:26:13.272 DEBUG 1091321 --- [nio-8881-exec-7] s.s.w.c.SecurityContextPersistenceFilter : Set SecurityContextHolder to empty SecurityContext
?[0m?[0;34m2023-02-15 18:26:13.330 DEBUG 1091321 --- [nio-8881-exec-7] o.s.s.a.dao.DaoAuthenticationProvider    : Authenticated user
?[0m?[0;34m2023-02-15 18:26:13.330 DEBUG 1091321 --- [nio-8881-exec-7] o.s.s.w.a.www.BasicAuthenticationFilter  : Set SecurityContextHolder to UsernamePasswordAuthenticationToken [Principal=org.springframework.security.core.userdetails.User [Username=LoginTest2@test.com, Password=[PROTECTED], Enabled=true, AccountNonExpired=true, credentialsNonExpired=true, AccountNonLocked=true, Granted Authorities=[USER]], Credentials=[PROTECTED], Authenticated=true, Details=WebAuthenticationDetails [RemoteIpAddress=127.0.0.1, SessionId=null], Granted Authorities=[USER]]
?[0m?[0;34m2023-02-15 18:26:13.330 DEBUG 1091321 --- [nio-8881-exec-7] w.c.HttpSessionSecurityContextRepository : Created HttpSession as SecurityContext is non-default
?[0m?[0;34m2023-02-15 18:26:13.330 DEBUG 1091321 --- [nio-8881-exec-7] w.c.HttpSessionSecurityContextRepository : Stored SecurityContextImpl [Authentication=UsernamePasswordAuthenticationToken [Principal=org.springframework.security.core.userdetails.User [Username=LoginTest2@test.com, Password=[PROTECTED], Enabled=true, AccountNonExpired=true, credentialsNonExpired=true, AccountNonLocked=true, Granted Authorities=[USER]], Credentials=[PROTECTED], Authenticated=true, Details=WebAuthenticationDetails [RemoteIpAddress=127.0.0.1, SessionId=null], Granted Authorities=[USER]]] to HttpSession [org.apache.catalina.session.StandardSessionFacade@da413a3]
?[0m?[0;34m2023-02-15 18:26:13.331 DEBUG 1091321 --- [nio-8881-exec-7] o.s.s.w.a.i.FilterSecurityInterceptor    : Authorized filter invocation [POST /api/recipe/new] with attributes [authenticated]
?[0m?[0;34m2023-02-15 18:26:13.331 DEBUG 1091321 --- [nio-8881-exec-7] o.s.security.web.FilterChainProxy        : Secured POST /api/recipe/new
?[0m?[0;34m2023-02-15 18:26:13.333 DEBUG 1091321 --- [nio-8881-exec-7] w.c.HttpSessionSecurityContextRepository : Stored SecurityContextImpl [Authentication=UsernamePasswordAuthenticationToken [Principal=org.springframework.security.core.userdetails.User [Username=LoginTest2@test.com, Password=[PROTECTED], Enabled=true, AccountNonExpired=true, credentialsNonExpired=true, AccountNonLocked=true, Granted Authorities=[USER]], Credentials=[PROTECTED], Authenticated=true, Details=WebAuthenticationDetails [RemoteIpAddress=127.0.0.1, SessionId=null], Granted Authorities=[USER]]] to HttpSession [org.apache.catalina.session.StandardSessionFacade@da413a3]
?[0m?[0;34m2023-02-15 18:26:13.333 DEBUG 1091321 --- [nio-8881-exec-7] w.c.HttpSessionSecurityContextRepository : Stored SecurityContextImpl [Authentication=UsernamePasswordAuthenticationToken [Principal=org.springframework.security.core.userdetails.User [Username=LoginTest2@test.com, Password=[PROTECTED], Enabled=true, AccountNonExpired=true, credentialsNonExpired=true, AccountNonLocked=true, Granted Authorities=[USER]], Credentials=[PROTECTED], Authenticated=true, Details=WebAuthenticationDetails [RemoteIpAddress=127.0.0.1, SessionId=null], Granted Authorities=[USER]]] to HttpSession [org.apache.catalina.session.StandardSessionFacade@da413a3]
?[0m?[0;34m2023-02-15 18:26:13.333 DEBUG 1091321 --- [nio-8881-exec-7] s.s.w.c.SecurityContextPersistenceFilter : Cleared SecurityContextHolder to complete request
?[1;31m
Start test 53?[0m
?[0m?[0;34m2023-02-15 18:26:13.337 DEBUG 1091321 --- [nio-8881-exec-8] o.s.security.web.FilterChainProxy        : Securing PUT /api/recipe/2
?[0m?[0;34m2023-02-15 18:26:13.337 DEBUG 1091321 --- [nio-8881-exec-8] s.s.w.c.SecurityContextPersistenceFilter : Set SecurityContextHolder to empty SecurityContext
?[0m?[0;34m2023-02-15 18:26:13.394 DEBUG 1091321 --- [nio-8881-exec-8] o.s.s.a.dao.DaoAuthenticationProvider    : Authenticated user
?[0m?[0;34m2023-02-15 18:26:13.394 DEBUG 1091321 --- [nio-8881-exec-8] o.s.s.w.a.www.BasicAuthenticationFilter  : Set SecurityContextHolder to UsernamePasswordAuthenticationToken [Principal=org.springframework.security.core.userdetails.User [Username=LoginTest2@test.com, Password=[PROTECTED], Enabled=true, AccountNonExpired=true, credentialsNonExpired=true, AccountNonLocked=true, Granted Authorities=[USER]], Credentials=[PROTECTED], Authenticated=true, Details=WebAuthenticationDetails [RemoteIpAddress=127.0.0.1, SessionId=null], Granted Authorities=[USER]]
?[0m?[0;34m2023-02-15 18:26:13.394 DEBUG 1091321 --- [nio-8881-exec-8] w.c.HttpSessionSecurityContextRepository : Created HttpSession as SecurityContext is non-default
?[0m?[0;34m2023-02-15 18:26:13.394 DEBUG 1091321 --- [nio-8881-exec-8] w.c.HttpSessionSecurityContextRepository : Stored SecurityContextImpl [Authentication=UsernamePasswordAuthenticationToken [Principal=org.springframework.security.core.userdetails.User [Username=LoginTest2@test.com, Password=[PROTECTED], Enabled=true, AccountNonExpired=true, credentialsNonExpired=true, AccountNonLocked=true, Granted Authorities=[USER]], Credentials=[PROTECTED], Authenticated=true, Details=WebAuthenticationDetails [RemoteIpAddress=127.0.0.1, SessionId=null], Granted Authorities=[USER]]] to HttpSession [org.apache.catalina.session.StandardSessionFacade@2080accb]
?[0m?[0;34m2023-02-15 18:26:13.394 DEBUG 1091321 --- [nio-8881-exec-8] o.s.s.w.a.i.FilterSecurityInterceptor    : Authorized filter invocation [PUT /api/recipe/2] with attributes [authenticated]
?[0m?[0;34m2023-02-15 18:26:13.394 DEBUG 1091321 --- [nio-8881-exec-8] o.s.security.web.FilterChainProxy        : Secured PUT /api/recipe/2
?[0m?[0;34m2023-02-15 18:26:13.397 DEBUG 1091321 --- [nio-8881-exec-8] w.c.HttpSessionSecurityContextRepository : Stored SecurityContextImpl [Authentication=UsernamePasswordAuthenticationToken [Principal=org.springframework.security.core.userdetails.User [Username=LoginTest2@test.com, Password=[PROTECTED], Enabled=true, AccountNonExpired=true, credentialsNonExpired=true, AccountNonLocked=true, Granted Authorities=[USER]], Credentials=[PROTECTED], Authenticated=true, Details=WebAuthenticationDetails [RemoteIpAddress=127.0.0.1, SessionId=null], Granted Authorities=[USER]]] to HttpSession [org.apache.catalina.session.StandardSessionFacade@2080accb]
?[0m?[0;34m2023-02-15 18:26:13.397  WARN 1091321 --- [nio-8881-exec-8] .w.s.m.s.DefaultHandlerExceptionResolver : Resolved [org.springframework.web.bind.MethodArgumentNotValidException: Validation failed for argument [1] in public org.springframework.http.ResponseEntity<?> recipes.Controllers.Api.updateRecipe(org.springframework.security.core.userdetails.UserDetails,recipes.Models.Recipe,long): [Field error in object 'recipe' on field 'name': rejected value [null]; codes [NotBlank.recipe.name,NotBlank.name,NotBlank.java.lang.String,NotBlank]; arguments [org.springframework.context.support.DefaultMessageSourceResolvable: codes [recipe.name,name]; arguments []; default message [name]]; default message [must not be blank]] ]
?[0m?[0;34m2023-02-15 18:26:13.397 DEBUG 1091321 --- [nio-8881-exec-8] w.c.HttpSessionSecurityContextRepository : Stored SecurityContextImpl [Authentication=UsernamePasswordAuthenticationToken [Principal=org.springframework.security.core.userdetails.User [Username=LoginTest2@test.com, Password=[PROTECTED], Enabled=true, AccountNonExpired=true, credentialsNonExpired=true, AccountNonLocked=true, Granted Authorities=[USER]], Credentials=[PROTECTED], Authenticated=true, Details=WebAuthenticationDetails [RemoteIpAddress=127.0.0.1, SessionId=null], Granted Authorities=[USER]]] to HttpSession [org.apache.catalina.session.StandardSessionFacade@2080accb]
?[0m?[0;34m2023-02-15 18:26:13.397 DEBUG 1091321 --- [nio-8881-exec-8] s.s.w.c.SecurityContextPersistenceFilter : Cleared SecurityContextHolder to complete request
?[0m?[0;34m2023-02-15 18:26:13.397 DEBUG 1091321 --- [nio-8881-exec-8] o.s.security.web.FilterChainProxy        : Securing PUT /error
?[0m?[0;34m2023-02-15 18:26:13.398 DEBUG 1091321 --- [nio-8881-exec-8] w.c.HttpSessionSecurityContextRepository : Retrieved SecurityContextImpl [Authentication=UsernamePasswordAuthenticationToken [Principal=org.springframework.security.core.userdetails.User [Username=LoginTest2@test.com, Password=[PROTECTED], Enabled=true, AccountNonExpired=true, credentialsNonExpired=true, AccountNonLocked=true, Granted Authorities=[USER]], Credentials=[PROTECTED], Authenticated=true, Details=WebAuthenticationDetails [RemoteIpAddress=127.0.0.1, SessionId=null], Granted Authorities=[USER]]]
?[0m?[0;34m2023-02-15 18:26:13.398 DEBUG 1091321 --- [nio-8881-exec-8] s.s.w.c.SecurityContextPersistenceFilter : Set SecurityContextHolder to SecurityContextImpl [Authentication=UsernamePasswordAuthenticationToken [Principal=org.springframework.security.core.userdetails.User [Username=LoginTest2@test.com, Password=[PROTECTED], Enabled=true, AccountNonExpired=true, credentialsNonExpired=true, AccountNonLocked=true, Granted Authorities=[USER]], Credentials=[PROTECTED], Authenticated=true, Details=WebAuthenticationDetails [RemoteIpAddress=127.0.0.1, SessionId=null], Granted Authorities=[USER]]]
?[0m?[0;34m2023-02-15 18:26:13.398 DEBUG 1091321 --- [nio-8881-exec-8] o.s.security.web.FilterChainProxy        : Secured PUT /error
?[0m?[0;34m2023-02-15 18:26:13.398 DEBUG 1091321 --- [nio-8881-exec-8] s.s.w.c.SecurityContextPersistenceFilter : Cleared SecurityContextHolder to complete request
?[1;31m
Start test 54?[0m
?[0m?[0;34m2023-02-15 18:26:13.402 DEBUG 1091321 --- [nio-8881-exec-5] o.s.security.web.FilterChainProxy        : Securing PUT /api/recipe/2
?[0m?[0;34m2023-02-15 18:26:13.402 DEBUG 1091321 --- [nio-8881-exec-5] s.s.w.c.SecurityContextPersistenceFilter : Set SecurityContextHolder to empty SecurityContext
?[0m?[0;34m2023-02-15 18:26:13.458 DEBUG 1091321 --- [nio-8881-exec-5] o.s.s.a.dao.DaoAuthenticationProvider    : Authenticated user
?[0m?[0;34m2023-02-15 18:26:13.458 DEBUG 1091321 --- [nio-8881-exec-5] o.s.s.w.a.www.BasicAuthenticationFilter  : Set SecurityContextHolder to UsernamePasswordAuthenticationToken [Principal=org.springframework.security.core.userdetails.User [Username=LoginTest2@test.com, Password=[PROTECTED], Enabled=true, AccountNonExpired=true, credentialsNonExpired=true, AccountNonLocked=true, Granted Authorities=[USER]], Credentials=[PROTECTED], Authenticated=true, Details=WebAuthenticationDetails [RemoteIpAddress=127.0.0.1, SessionId=null], Granted Authorities=[USER]]
?[0m?[0;34m2023-02-15 18:26:13.458 DEBUG 1091321 --- [nio-8881-exec-5] w.c.HttpSessionSecurityContextRepository : Created HttpSession as SecurityContext is non-default
?[0m?[0;34m2023-02-15 18:26:13.458 DEBUG 1091321 --- [nio-8881-exec-5] w.c.HttpSessionSecurityContextRepository : Stored SecurityContextImpl [Authentication=UsernamePasswordAuthenticationToken [Principal=org.springframework.security.core.userdetails.User [Username=LoginTest2@test.com, Password=[PROTECTED], Enabled=true, AccountNonExpired=true, credentialsNonExpired=true, AccountNonLocked=true, Granted Authorities=[USER]], Credentials=[PROTECTED], Authenticated=true, Details=WebAuthenticationDetails [RemoteIpAddress=127.0.0.1, SessionId=null], Granted Authorities=[USER]]] to HttpSession [org.apache.catalina.session.StandardSessionFacade@3411f643]
?[0m?[0;34m2023-02-15 18:26:13.458 DEBUG 1091321 --- [nio-8881-exec-5] o.s.s.w.a.i.FilterSecurityInterceptor    : Authorized filter invocation [PUT /api/recipe/2] with attributes [authenticated]
?[0m?[0;34m2023-02-15 18:26:13.458 DEBUG 1091321 --- [nio-8881-exec-5] o.s.security.web.FilterChainProxy        : Secured PUT /api/recipe/2
?[0m?[0;34m2023-02-15 18:26:13.460 DEBUG 1091321 --- [nio-8881-exec-5] w.c.HttpSessionSecurityContextRepository : Stored SecurityContextImpl [Authentication=UsernamePasswordAuthenticationToken [Principal=org.springframework.security.core.userdetails.User [Username=LoginTest2@test.com, Password=[PROTECTED], Enabled=true, AccountNonExpired=true, credentialsNonExpired=true, AccountNonLocked=true, Granted Authorities=[USER]], Credentials=[PROTECTED], Authenticated=true, Details=WebAuthenticationDetails [RemoteIpAddress=127.0.0.1, SessionId=null], Granted Authorities=[USER]]] to HttpSession [org.apache.catalina.session.StandardSessionFacade@3411f643]
?[0m?[0;34m2023-02-15 18:26:13.460  WARN 1091321 --- [nio-8881-exec-5] .w.s.m.s.DefaultHandlerExceptionResolver : Resolved [org.springframework.web.bind.MethodArgumentNotValidException: Validation failed for argument [1] in public org.springframework.http.ResponseEntity<?> recipes.Controllers.Api.updateRecipe(org.springframework.security.core.userdetails.UserDetails,recipes.Models.Recipe,long): [Field error in object 'recipe' on field 'category': rejected value [null]; codes [NotBlank.recipe.category,NotBlank.category,NotBlank.java.lang.String,NotBlank]; arguments [org.springframework.context.support.DefaultMessageSourceResolvable: codes [recipe.category,category]; arguments []; default message [category]]; default message [must not be blank]] ]
?[0m?[0;34m2023-02-15 18:26:13.460 DEBUG 1091321 --- [nio-8881-exec-5] w.c.HttpSessionSecurityContextRepository : Stored SecurityContextImpl [Authentication=UsernamePasswordAuthenticationToken [Principal=org.springframework.security.core.userdetails.User [Username=LoginTest2@test.com, Password=[PROTECTED], Enabled=true, AccountNonExpired=true, credentialsNonExpired=true, AccountNonLocked=true, Granted Authorities=[USER]], Credentials=[PROTECTED], Authenticated=true, Details=WebAuthenticationDetails [RemoteIpAddress=127.0.0.1, SessionId=null], Granted Authorities=[USER]]] to HttpSession [org.apache.catalina.session.StandardSessionFacade@3411f643]
?[0m?[0;34m2023-02-15 18:26:13.460 DEBUG 1091321 --- [nio-8881-exec-5] s.s.w.c.SecurityContextPersistenceFilter : Cleared SecurityContextHolder to complete request
?[0m?[0;34m2023-02-15 18:26:13.460 DEBUG 1091321 --- [nio-8881-exec-5] o.s.security.web.FilterChainProxy        : Securing PUT /error
?[0m?[0;34m2023-02-15 18:26:13.460 DEBUG 1091321 --- [nio-8881-exec-5] w.c.HttpSessionSecurityContextRepository : Retrieved SecurityContextImpl [Authentication=UsernamePasswordAuthenticationToken [Principal=org.springframework.security.core.userdetails.User [Username=LoginTest2@test.com, Password=[PROTECTED], Enabled=true, AccountNonExpired=true, credentialsNonExpired=true, AccountNonLocked=true, Granted Authorities=[USER]], Credentials=[PROTECTED], Authenticated=true, Details=WebAuthenticationDetails [RemoteIpAddress=127.0.0.1, SessionId=null], Granted Authorities=[USER]]]
?[0m?[0;34m2023-02-15 18:26:13.460 DEBUG 1091321 --- [nio-8881-exec-5] s.s.w.c.SecurityContextPersistenceFilter : Set SecurityContextHolder to SecurityContextImpl [Authentication=UsernamePasswordAuthenticationToken [Principal=org.springframework.security.core.userdetails.User [Username=LoginTest2@test.com, Password=[PROTECTED], Enabled=true, AccountNonExpired=true, credentialsNonExpired=true, AccountNonLocked=true, Granted Authorities=[USER]], Credentials=[PROTECTED], Authenticated=true, Details=WebAuthenticationDetails [RemoteIpAddress=127.0.0.1, SessionId=null], Granted Authorities=[USER]]]
?[0m?[0;34m2023-02-15 18:26:13.460 DEBUG 1091321 --- [nio-8881-exec-5] o.s.security.web.FilterChainProxy        : Secured PUT /error
?[0m?[0;34m2023-02-15 18:26:13.461 DEBUG 1091321 --- [nio-8881-exec-5] s.s.w.c.SecurityContextPersistenceFilter : Cleared SecurityContextHolder to complete request
?[1;31m
Start test 55?[0m
?[0m?[0;34m2023-02-15 18:26:13.464 DEBUG 1091321 --- [nio-8881-exec-3] o.s.security.web.FilterChainProxy        : Securing PUT /api/recipe/2
?[0m?[0;34m2023-02-15 18:26:13.464 DEBUG 1091321 --- [nio-8881-exec-3] s.s.w.c.SecurityContextPersistenceFilter : Set SecurityContextHolder to empty SecurityContext
?[0m?[0;34m2023-02-15 18:26:13.520 DEBUG 1091321 --- [nio-8881-exec-3] o.s.s.a.dao.DaoAuthenticationProvider    : Authenticated user
?[0m?[0;34m2023-02-15 18:26:13.520 DEBUG 1091321 --- [nio-8881-exec-3] o.s.s.w.a.www.BasicAuthenticationFilter  : Set SecurityContextHolder to UsernamePasswordAuthenticationToken [Principal=org.springframework.security.core.userdetails.User [Username=LoginTest2@test.com, Password=[PROTECTED], Enabled=true, AccountNonExpired=true, credentialsNonExpired=true, AccountNonLocked=true, Granted Authorities=[USER]], Credentials=[PROTECTED], Authenticated=true, Details=WebAuthenticationDetails [RemoteIpAddress=127.0.0.1, SessionId=null], Granted Authorities=[USER]]
?[0m?[0;34m2023-02-15 18:26:13.520 DEBUG 1091321 --- [nio-8881-exec-3] w.c.HttpSessionSecurityContextRepository : Created HttpSession as SecurityContext is non-default
?[0m?[0;34m2023-02-15 18:26:13.520 DEBUG 1091321 --- [nio-8881-exec-3] w.c.HttpSessionSecurityContextRepository : Stored SecurityContextImpl [Authentication=UsernamePasswordAuthenticationToken [Principal=org.springframework.security.core.userdetails.User [Username=LoginTest2@test.com, Password=[PROTECTED], Enabled=true, AccountNonExpired=true, credentialsNonExpired=true, AccountNonLocked=true, Granted Authorities=[USER]], Credentials=[PROTECTED], Authenticated=true, Details=WebAuthenticationDetails [RemoteIpAddress=127.0.0.1, SessionId=null], Granted Authorities=[USER]]] to HttpSession [org.apache.catalina.session.StandardSessionFacade@13318863]
?[0m?[0;34m2023-02-15 18:26:13.520 DEBUG 1091321 --- [nio-8881-exec-3] o.s.s.w.a.i.FilterSecurityInterceptor    : Authorized filter invocation [PUT /api/recipe/2] with attributes [authenticated]
?[0m?[0;34m2023-02-15 18:26:13.520 DEBUG 1091321 --- [nio-8881-exec-3] o.s.security.web.FilterChainProxy        : Secured PUT /api/recipe/2
?[0m?[0;34m2023-02-15 18:26:13.522 DEBUG 1091321 --- [nio-8881-exec-3] w.c.HttpSessionSecurityContextRepository : Stored SecurityContextImpl [Authentication=UsernamePasswordAuthenticationToken [Principal=org.springframework.security.core.userdetails.User [Username=LoginTest2@test.com, Password=[PROTECTED], Enabled=true, AccountNonExpired=true, credentialsNonExpired=true, AccountNonLocked=true, Granted Authorities=[USER]], Credentials=[PROTECTED], Authenticated=true, Details=WebAuthenticationDetails [RemoteIpAddress=127.0.0.1, SessionId=null], Granted Authorities=[USER]]] to HttpSession [org.apache.catalina.session.StandardSessionFacade@13318863]
?[0m?[0;34m2023-02-15 18:26:13.522  WARN 1091321 --- [nio-8881-exec-3] .w.s.m.s.DefaultHandlerExceptionResolver : Resolved [org.springframework.web.bind.MethodArgumentNotValidException: Validation failed for argument [1] in public org.springframework.http.ResponseEntity<?> recipes.Controllers.Api.updateRecipe(org.springframework.security.core.userdetails.UserDetails,recipes.Models.Recipe,long): [Field error in object 'recipe' on field 'description': rejected value [null]; codes [NotBlank.recipe.description,NotBlank.description,NotBlank.java.lang.String,NotBlank]; arguments [org.springframework.context.support.DefaultMessageSourceResolvable: codes [recipe.description,description]; arguments []; default message [description]]; default message [must not be blank]] ]
?[0m?[0;34m2023-02-15 18:26:13.522 DEBUG 1091321 --- [nio-8881-exec-3] w.c.HttpSessionSecurityContextRepository : Stored SecurityContextImpl [Authentication=UsernamePasswordAuthenticationToken [Principal=org.springframework.security.core.userdetails.User [Username=LoginTest2@test.com, Password=[PROTECTED], Enabled=true, AccountNonExpired=true, credentialsNonExpired=true, AccountNonLocked=true, Granted Authorities=[USER]], Credentials=[PROTECTED], Authenticated=true, Details=WebAuthenticationDetails [RemoteIpAddress=127.0.0.1, SessionId=null], Granted Authorities=[USER]]] to HttpSession [org.apache.catalina.session.StandardSessionFacade@13318863]
?[0m?[0;34m2023-02-15 18:26:13.522 DEBUG 1091321 --- [nio-8881-exec-3] s.s.w.c.SecurityContextPersistenceFilter : Cleared SecurityContextHolder to complete request
?[0m?[0;34m2023-02-15 18:26:13.522 DEBUG 1091321 --- [nio-8881-exec-3] o.s.security.web.FilterChainProxy        : Securing PUT /error
?[0m?[0;34m2023-02-15 18:26:13.522 DEBUG 1091321 --- [nio-8881-exec-3] w.c.HttpSessionSecurityContextRepository : Retrieved SecurityContextImpl [Authentication=UsernamePasswordAuthenticationToken [Principal=org.springframework.security.core.userdetails.User [Username=LoginTest2@test.com, Password=[PROTECTED], Enabled=true, AccountNonExpired=true, credentialsNonExpired=true, AccountNonLocked=true, Granted Authorities=[USER]], Credentials=[PROTECTED], Authenticated=true, Details=WebAuthenticationDetails [RemoteIpAddress=127.0.0.1, SessionId=null], Granted Authorities=[USER]]]
?[0m?[0;34m2023-02-15 18:26:13.522 DEBUG 1091321 --- [nio-8881-exec-3] s.s.w.c.SecurityContextPersistenceFilter : Set SecurityContextHolder to SecurityContextImpl [Authentication=UsernamePasswordAuthenticationToken [Principal=org.springframework.security.core.userdetails.User [Username=LoginTest2@test.com, Password=[PROTECTED], Enabled=true, AccountNonExpired=true, credentialsNonExpired=true, AccountNonLocked=true, Granted Authorities=[USER]], Credentials=[PROTECTED], Authenticated=true, Details=WebAuthenticationDetails [RemoteIpAddress=127.0.0.1, SessionId=null], Granted Authorities=[USER]]]
?[0m?[0;34m2023-02-15 18:26:13.522 DEBUG 1091321 --- [nio-8881-exec-3] o.s.security.web.FilterChainProxy        : Secured PUT /error
?[0m?[0;34m2023-02-15 18:26:13.523 DEBUG 1091321 --- [nio-8881-exec-3] s.s.w.c.SecurityContextPersistenceFilter : Cleared SecurityContextHolder to complete request
?[1;31m
Start test 56?[0m
?[0m?[0;34m2023-02-15 18:26:13.526 DEBUG 1091321 --- [nio-8881-exec-4] o.s.security.web.FilterChainProxy        : Securing PUT /api/recipe/2
?[0m?[0;34m2023-02-15 18:26:13.526 DEBUG 1091321 --- [nio-8881-exec-4] s.s.w.c.SecurityContextPersistenceFilter : Set SecurityContextHolder to empty SecurityContext
?[0m?[0;34m2023-02-15 18:26:13.583 DEBUG 1091321 --- [nio-8881-exec-4] o.s.s.a.dao.DaoAuthenticationProvider    : Authenticated user
?[0m?[0;34m2023-02-15 18:26:13.583 DEBUG 1091321 --- [nio-8881-exec-4] o.s.s.w.a.www.BasicAuthenticationFilter  : Set SecurityContextHolder to UsernamePasswordAuthenticationToken [Principal=org.springframework.security.core.userdetails.User [Username=LoginTest2@test.com, Password=[PROTECTED], Enabled=true, AccountNonExpired=true, credentialsNonExpired=true, AccountNonLocked=true, Granted Authorities=[USER]], Credentials=[PROTECTED], Authenticated=true, Details=WebAuthenticationDetails [RemoteIpAddress=127.0.0.1, SessionId=null], Granted Authorities=[USER]]
?[0m?[0;34m2023-02-15 18:26:13.583 DEBUG 1091321 --- [nio-8881-exec-4] w.c.HttpSessionSecurityContextRepository : Created HttpSession as SecurityContext is non-default
?[0m?[0;34m2023-02-15 18:26:13.583 DEBUG 1091321 --- [nio-8881-exec-4] w.c.HttpSessionSecurityContextRepository : Stored SecurityContextImpl [Authentication=UsernamePasswordAuthenticationToken [Principal=org.springframework.security.core.userdetails.User [Username=LoginTest2@test.com, Password=[PROTECTED], Enabled=true, AccountNonExpired=true, credentialsNonExpired=true, AccountNonLocked=true, Granted Authorities=[USER]], Credentials=[PROTECTED], Authenticated=true, Details=WebAuthenticationDetails [RemoteIpAddress=127.0.0.1, SessionId=null], Granted Authorities=[USER]]] to HttpSession [org.apache.catalina.session.StandardSessionFacade@6a149586]
?[0m?[0;34m2023-02-15 18:26:13.584 DEBUG 1091321 --- [nio-8881-exec-4] o.s.s.w.a.i.FilterSecurityInterceptor    : Authorized filter invocation [PUT /api/recipe/2] with attributes [authenticated]
?[0m?[0;34m2023-02-15 18:26:13.584 DEBUG 1091321 --- [nio-8881-exec-4] o.s.security.web.FilterChainProxy        : Secured PUT /api/recipe/2
?[0m?[0;34m2023-02-15 18:26:13.585 DEBUG 1091321 --- [nio-8881-exec-4] w.c.HttpSessionSecurityContextRepository : Stored SecurityContextImpl [Authentication=UsernamePasswordAuthenticationToken [Principal=org.springframework.security.core.userdetails.User [Username=LoginTest2@test.com, Password=[PROTECTED], Enabled=true, AccountNonExpired=true, credentialsNonExpired=true, AccountNonLocked=true, Granted Authorities=[USER]], Credentials=[PROTECTED], Authenticated=true, Details=WebAuthenticationDetails [RemoteIpAddress=127.0.0.1, SessionId=null], Granted Authorities=[USER]]] to HttpSession [org.apache.catalina.session.StandardSessionFacade@6a149586]
?[0m?[0;34m2023-02-15 18:26:13.585  WARN 1091321 --- [nio-8881-exec-4] .w.s.m.s.DefaultHandlerExceptionResolver : Resolved [org.springframework.web.bind.MethodArgumentNotValidException: Validation failed for argument [1] in public org.springframework.http.ResponseEntity<?> recipes.Controllers.Api.updateRecipe(org.springframework.security.core.userdetails.UserDetails,recipes.Models.Recipe,long): [Field error in object 'recipe' on field 'ingredients': rejected value [[]]; codes [NotEmpty.recipe.ingredients,NotEmpty.ingredients,NotEmpty.java.util.List,NotEmpty]; arguments [org.springframework.context.support.DefaultMessageSourceResolvable: codes [recipe.ingredients,ingredients]; arguments []; default message [ingredients]]; default message [must not be empty]] ]
?[0m?[0;34m2023-02-15 18:26:13.585 DEBUG 1091321 --- [nio-8881-exec-4] w.c.HttpSessionSecurityContextRepository : Stored SecurityContextImpl [Authentication=UsernamePasswordAuthenticationToken [Principal=org.springframework.security.core.userdetails.User [Username=LoginTest2@test.com, Password=[PROTECTED], Enabled=true, AccountNonExpired=true, credentialsNonExpired=true, AccountNonLocked=true, Granted Authorities=[USER]], Credentials=[PROTECTED], Authenticated=true, Details=WebAuthenticationDetails [RemoteIpAddress=127.0.0.1, SessionId=null], Granted Authorities=[USER]]] to HttpSession [org.apache.catalina.session.StandardSessionFacade@6a149586]
?[0m?[0;34m2023-02-15 18:26:13.585 DEBUG 1091321 --- [nio-8881-exec-4] s.s.w.c.SecurityContextPersistenceFilter : Cleared SecurityContextHolder to complete request
?[0m?[0;34m2023-02-15 18:26:13.586 DEBUG 1091321 --- [nio-8881-exec-4] o.s.security.web.FilterChainProxy        : Securing PUT /error
?[0m?[0;34m2023-02-15 18:26:13.586 DEBUG 1091321 --- [nio-8881-exec-4] w.c.HttpSessionSecurityContextRepository : Retrieved SecurityContextImpl [Authentication=UsernamePasswordAuthenticationToken [Principal=org.springframework.security.core.userdetails.User [Username=LoginTest2@test.com, Password=[PROTECTED], Enabled=true, AccountNonExpired=true, credentialsNonExpired=true, AccountNonLocked=true, Granted Authorities=[USER]], Credentials=[PROTECTED], Authenticated=true, Details=WebAuthenticationDetails [RemoteIpAddress=127.0.0.1, SessionId=null], Granted Authorities=[USER]]]
?[0m?[0;34m2023-02-15 18:26:13.586 DEBUG 1091321 --- [nio-8881-exec-4] s.s.w.c.SecurityContextPersistenceFilter : Set SecurityContextHolder to SecurityContextImpl [Authentication=UsernamePasswordAuthenticationToken [Principal=org.springframework.security.core.userdetails.User [Username=LoginTest2@test.com, Password=[PROTECTED], Enabled=true, AccountNonExpired=true, credentialsNonExpired=true, AccountNonLocked=true, Granted Authorities=[USER]], Credentials=[PROTECTED], Authenticated=true, Details=WebAuthenticationDetails [RemoteIpAddress=127.0.0.1, SessionId=null], Granted Authorities=[USER]]]
?[0m?[0;34m2023-02-15 18:26:13.586 DEBUG 1091321 --- [nio-8881-exec-4] o.s.security.web.FilterChainProxy        : Secured PUT /error
?[0m?[0;34m2023-02-15 18:26:13.586 DEBUG 1091321 --- [nio-8881-exec-4] s.s.w.c.SecurityContextPersistenceFilter : Cleared SecurityContextHolder to complete request
?[1;31m
Start test 57?[0m
?[0m?[0;34m2023-02-15 18:26:13.590 DEBUG 1091321 --- [nio-8881-exec-9] o.s.security.web.FilterChainProxy        : Securing PUT /api/recipe/2
?[0m?[0;34m2023-02-15 18:26:13.590 DEBUG 1091321 --- [nio-8881-exec-9] s.s.w.c.SecurityContextPersistenceFilter : Set SecurityContextHolder to empty SecurityContext
?[0m?[0;34m2023-02-15 18:26:13.647 DEBUG 1091321 --- [nio-8881-exec-9] o.s.s.a.dao.DaoAuthenticationProvider    : Authenticated user
?[0m?[0;34m2023-02-15 18:26:13.648 DEBUG 1091321 --- [nio-8881-exec-9] o.s.s.w.a.www.BasicAuthenticationFilter  : Set SecurityContextHolder to UsernamePasswordAuthenticationToken [Principal=org.springframework.security.core.userdetails.User [Username=LoginTest2@test.com, Password=[PROTECTED], Enabled=true, AccountNonExpired=true, credentialsNonExpired=true, AccountNonLocked=true, Granted Authorities=[USER]], Credentials=[PROTECTED], Authenticated=true, Details=WebAuthenticationDetails [RemoteIpAddress=127.0.0.1, SessionId=null], Granted Authorities=[USER]]
?[0m?[0;34m2023-02-15 18:26:13.648 DEBUG 1091321 --- [nio-8881-exec-9] w.c.HttpSessionSecurityContextRepository : Created HttpSession as SecurityContext is non-default
?[0m?[0;34m2023-02-15 18:26:13.648 DEBUG 1091321 --- [nio-8881-exec-9] w.c.HttpSessionSecurityContextRepository : Stored SecurityContextImpl [Authentication=UsernamePasswordAuthenticationToken [Principal=org.springframework.security.core.userdetails.User [Username=LoginTest2@test.com, Password=[PROTECTED], Enabled=true, AccountNonExpired=true, credentialsNonExpired=true, AccountNonLocked=true, Granted Authorities=[USER]], Credentials=[PROTECTED], Authenticated=true, Details=WebAuthenticationDetails [RemoteIpAddress=127.0.0.1, SessionId=null], Granted Authorities=[USER]]] to HttpSession [org.apache.catalina.session.StandardSessionFacade@7acd0fec]
?[0m?[0;34m2023-02-15 18:26:13.648 DEBUG 1091321 --- [nio-8881-exec-9] o.s.s.w.a.i.FilterSecurityInterceptor    : Authorized filter invocation [PUT /api/recipe/2] with attributes [authenticated]
?[0m?[0;34m2023-02-15 18:26:13.648 DEBUG 1091321 --- [nio-8881-exec-9] o.s.security.web.FilterChainProxy        : Secured PUT /api/recipe/2
?[0m?[0;34m2023-02-15 18:26:13.650 DEBUG 1091321 --- [nio-8881-exec-9] w.c.HttpSessionSecurityContextRepository : Stored SecurityContextImpl [Authentication=UsernamePasswordAuthenticationToken [Principal=org.springframework.security.core.userdetails.User [Username=LoginTest2@test.com, Password=[PROTECTED], Enabled=true, AccountNonExpired=true, credentialsNonExpired=true, AccountNonLocked=true, Granted Authorities=[USER]], Credentials=[PROTECTED], Authenticated=true, Details=WebAuthenticationDetails [RemoteIpAddress=127.0.0.1, SessionId=null], Granted Authorities=[USER]]] to HttpSession [org.apache.catalina.session.StandardSessionFacade@7acd0fec]
?[0m?[0;34m2023-02-15 18:26:13.650  WARN 1091321 --- [nio-8881-exec-9] .w.s.m.s.DefaultHandlerExceptionResolver : Resolved [org.springframework.web.bind.MethodArgumentNotValidException: Validation failed for argument [1] in public org.springframework.http.ResponseEntity<?> recipes.Controllers.Api.updateRecipe(org.springframework.security.core.userdetails.UserDetails,recipes.Models.Recipe,long): [Field error in object 'recipe' on field 'directions': rejected value [[]]; codes [NotEmpty.recipe.directions,NotEmpty.directions,NotEmpty.java.util.List,NotEmpty]; arguments [org.springframework.context.support.DefaultMessageSourceResolvable: codes [recipe.directions,directions]; arguments []; default message [directions]]; default message [must not be empty]] ]
?[0m?[0;34m2023-02-15 18:26:13.650 DEBUG 1091321 --- [nio-8881-exec-9] w.c.HttpSessionSecurityContextRepository : Stored SecurityContextImpl [Authentication=UsernamePasswordAuthenticationToken [Principal=org.springframework.security.core.userdetails.User [Username=LoginTest2@test.com, Password=[PROTECTED], Enabled=true, AccountNonExpired=true, credentialsNonExpired=true, AccountNonLocked=true, Granted Authorities=[USER]], Credentials=[PROTECTED], Authenticated=true, Details=WebAuthenticationDetails [RemoteIpAddress=127.0.0.1, SessionId=null], Granted Authorities=[USER]]] to HttpSession [org.apache.catalina.session.StandardSessionFacade@7acd0fec]
?[0m?[0;34m2023-02-15 18:26:13.650 DEBUG 1091321 --- [nio-8881-exec-9] s.s.w.c.SecurityContextPersistenceFilter : Cleared SecurityContextHolder to complete request
?[0m?[0;34m2023-02-15 18:26:13.650 DEBUG 1091321 --- [nio-8881-exec-9] o.s.security.web.FilterChainProxy        : Securing PUT /error
?[0m?[0;34m2023-02-15 18:26:13.650 DEBUG 1091321 --- [nio-8881-exec-9] w.c.HttpSessionSecurityContextRepository : Retrieved SecurityContextImpl [Authentication=UsernamePasswordAuthenticationToken [Principal=org.springframework.security.core.userdetails.User [Username=LoginTest2@test.com, Password=[PROTECTED], Enabled=true, AccountNonExpired=true, credentialsNonExpired=true, AccountNonLocked=true, Granted Authorities=[USER]], Credentials=[PROTECTED], Authenticated=true, Details=WebAuthenticationDetails [RemoteIpAddress=127.0.0.1, SessionId=null], Granted Authorities=[USER]]]
?[0m?[0;34m2023-02-15 18:26:13.650 DEBUG 1091321 --- [nio-8881-exec-9] s.s.w.c.SecurityContextPersistenceFilter : Set SecurityContextHolder to SecurityContextImpl [Authentication=UsernamePasswordAuthenticationToken [Principal=org.springframework.security.core.userdetails.User [Username=LoginTest2@test.com, Password=[PROTECTED], Enabled=true, AccountNonExpired=true, credentialsNonExpired=true, AccountNonLocked=true, Granted Authorities=[USER]], Credentials=[PROTECTED], Authenticated=true, Details=WebAuthenticationDetails [RemoteIpAddress=127.0.0.1, SessionId=null], Granted Authorities=[USER]]]
?[0m?[0;34m2023-02-15 18:26:13.650 DEBUG 1091321 --- [nio-8881-exec-9] o.s.security.web.FilterChainProxy        : Secured PUT /error
?[0m?[0;34m2023-02-15 18:26:13.651 DEBUG 1091321 --- [nio-8881-exec-9] s.s.w.c.SecurityContextPersistenceFilter : Cleared SecurityContextHolder to complete request
?[1;31m
Start test 58?[0m
?[0m?[0;34m2023-02-15 18:26:13.654 DEBUG 1091321 --- [io-8881-exec-11] o.s.security.web.FilterChainProxy        : Securing PUT /api/recipe/2
?[0m?[0;34m2023-02-15 18:26:13.654 DEBUG 1091321 --- [io-8881-exec-11] s.s.w.c.SecurityContextPersistenceFilter : Set SecurityContextHolder to empty SecurityContext
?[0m?[0;34m2023-02-15 18:26:13.711 DEBUG 1091321 --- [io-8881-exec-11] o.s.s.a.dao.DaoAuthenticationProvider    : Authenticated user
?[0m?[0;34m2023-02-15 18:26:13.711 DEBUG 1091321 --- [io-8881-exec-11] o.s.s.w.a.www.BasicAuthenticationFilter  : Set SecurityContextHolder to UsernamePasswordAuthenticationToken [Principal=org.springframework.security.core.userdetails.User [Username=LoginTest2@test.com, Password=[PROTECTED], Enabled=true, AccountNonExpired=true, credentialsNonExpired=true, AccountNonLocked=true, Granted Authorities=[USER]], Credentials=[PROTECTED], Authenticated=true, Details=WebAuthenticationDetails [RemoteIpAddress=127.0.0.1, SessionId=null], Granted Authorities=[USER]]
?[0m?[0;34m2023-02-15 18:26:13.711 DEBUG 1091321 --- [io-8881-exec-11] w.c.HttpSessionSecurityContextRepository : Created HttpSession as SecurityContext is non-default
?[0m?[0;34m2023-02-15 18:26:13.712 DEBUG 1091321 --- [io-8881-exec-11] w.c.HttpSessionSecurityContextRepository : Stored SecurityContextImpl [Authentication=UsernamePasswordAuthenticationToken [Principal=org.springframework.security.core.userdetails.User [Username=LoginTest2@test.com, Password=[PROTECTED], Enabled=true, AccountNonExpired=true, credentialsNonExpired=true, AccountNonLocked=true, Granted Authorities=[USER]], Credentials=[PROTECTED], Authenticated=true, Details=WebAuthenticationDetails [RemoteIpAddress=127.0.0.1, SessionId=null], Granted Authorities=[USER]]] to HttpSession [org.apache.catalina.session.StandardSessionFacade@217b6028]
?[0m?[0;34m2023-02-15 18:26:13.712 DEBUG 1091321 --- [io-8881-exec-11] o.s.s.w.a.i.FilterSecurityInterceptor    : Authorized filter invocation [PUT /api/recipe/2] with attributes [authenticated]
?[0m?[0;34m2023-02-15 18:26:13.712 DEBUG 1091321 --- [io-8881-exec-11] o.s.security.web.FilterChainProxy        : Secured PUT /api/recipe/2
?[0m?[0;34m2023-02-15 18:26:13.713 DEBUG 1091321 --- [io-8881-exec-11] w.c.HttpSessionSecurityContextRepository : Stored SecurityContextImpl [Authentication=UsernamePasswordAuthenticationToken [Principal=org.springframework.security.core.userdetails.User [Username=LoginTest2@test.com, Password=[PROTECTED], Enabled=true, AccountNonExpired=true, credentialsNonExpired=true, AccountNonLocked=true, Granted Authorities=[USER]], Credentials=[PROTECTED], Authenticated=true, Details=WebAuthenticationDetails [RemoteIpAddress=127.0.0.1, SessionId=null], Granted Authorities=[USER]]] to HttpSession [org.apache.catalina.session.StandardSessionFacade@217b6028]
?[0m?[0;34m2023-02-15 18:26:13.713  WARN 1091321 --- [io-8881-exec-11] .w.s.m.s.DefaultHandlerExceptionResolver : Resolved [org.springframework.web.bind.MethodArgumentNotValidException: Validation failed for argument [1] in public org.springframework.http.ResponseEntity<?> recipes.Controllers.Api.updateRecipe(org.springframework.security.core.userdetails.UserDetails,recipes.Models.Recipe,long): [Field error in object 'recipe' on field 'name': rejected value [  ]; codes [NotBlank.recipe.name,NotBlank.name,NotBlank.java.lang.String,NotBlank]; arguments [org.springframework.context.support.DefaultMessageSourceResolvable: codes [recipe.name,name]; arguments []; default message [name]]; default message [must not be blank]] ]
?[0m?[0;34m2023-02-15 18:26:13.713 DEBUG 1091321 --- [io-8881-exec-11] w.c.HttpSessionSecurityContextRepository : Stored SecurityContextImpl [Authentication=UsernamePasswordAuthenticationToken [Principal=org.springframework.security.core.userdetails.User [Username=LoginTest2@test.com, Password=[PROTECTED], Enabled=true, AccountNonExpired=true, credentialsNonExpired=true, AccountNonLocked=true, Granted Authorities=[USER]], Credentials=[PROTECTED], Authenticated=true, Details=WebAuthenticationDetails [RemoteIpAddress=127.0.0.1, SessionId=null], Granted Authorities=[USER]]] to HttpSession [org.apache.catalina.session.StandardSessionFacade@217b6028]
?[0m?[0;34m2023-02-15 18:26:13.714 DEBUG 1091321 --- [io-8881-exec-11] s.s.w.c.SecurityContextPersistenceFilter : Cleared SecurityContextHolder to complete request
?[0m?[0;34m2023-02-15 18:26:13.714 DEBUG 1091321 --- [io-8881-exec-11] o.s.security.web.FilterChainProxy        : Securing PUT /error
?[0m?[0;34m2023-02-15 18:26:13.714 DEBUG 1091321 --- [io-8881-exec-11] w.c.HttpSessionSecurityContextRepository : Retrieved SecurityContextImpl [Authentication=UsernamePasswordAuthenticationToken [Principal=org.springframework.security.core.userdetails.User [Username=LoginTest2@test.com, Password=[PROTECTED], Enabled=true, AccountNonExpired=true, credentialsNonExpired=true, AccountNonLocked=true, Granted Authorities=[USER]], Credentials=[PROTECTED], Authenticated=true, Details=WebAuthenticationDetails [RemoteIpAddress=127.0.0.1, SessionId=null], Granted Authorities=[USER]]]
?[0m?[0;34m2023-02-15 18:26:13.714 DEBUG 1091321 --- [io-8881-exec-11] s.s.w.c.SecurityContextPersistenceFilter : Set SecurityContextHolder to SecurityContextImpl [Authentication=UsernamePasswordAuthenticationToken [Principal=org.springframework.security.core.userdetails.User [Username=LoginTest2@test.com, Password=[PROTECTED], Enabled=true, AccountNonExpired=true, credentialsNonExpired=true, AccountNonLocked=true, Granted Authorities=[USER]], Credentials=[PROTECTED], Authenticated=true, Details=WebAuthenticationDetails [RemoteIpAddress=127.0.0.1, SessionId=null], Granted Authorities=[USER]]]
?[0m?[0;34m2023-02-15 18:26:13.714 DEBUG 1091321 --- [io-8881-exec-11] o.s.security.web.FilterChainProxy        : Secured PUT /error
?[0m?[0;34m2023-02-15 18:26:13.715 DEBUG 1091321 --- [io-8881-exec-11] s.s.w.c.SecurityContextPersistenceFilter : Cleared SecurityContextHolder to complete request
?[1;31m
Start test 59?[0m
?[0m?[0;34m2023-02-15 18:26:13.718 DEBUG 1091321 --- [nio-8881-exec-6] o.s.security.web.FilterChainProxy        : Securing PUT /api/recipe/2
?[0m?[0;34m2023-02-15 18:26:13.719 DEBUG 1091321 --- [nio-8881-exec-6] s.s.w.c.SecurityContextPersistenceFilter : Set SecurityContextHolder to empty SecurityContext
?[0m?[0;34m2023-02-15 18:26:13.789 DEBUG 1091321 --- [nio-8881-exec-6] o.s.s.a.dao.DaoAuthenticationProvider    : Authenticated user
?[0m?[0;34m2023-02-15 18:26:13.789 DEBUG 1091321 --- [nio-8881-exec-6] o.s.s.w.a.www.BasicAuthenticationFilter  : Set SecurityContextHolder to UsernamePasswordAuthenticationToken [Principal=org.springframework.security.core.userdetails.User [Username=LoginTest2@test.com, Password=[PROTECTED], Enabled=true, AccountNonExpired=true, credentialsNonExpired=true, AccountNonLocked=true, Granted Authorities=[USER]], Credentials=[PROTECTED], Authenticated=true, Details=WebAuthenticationDetails [RemoteIpAddress=127.0.0.1, SessionId=null], Granted Authorities=[USER]]
?[0m?[0;34m2023-02-15 18:26:13.789 DEBUG 1091321 --- [nio-8881-exec-6] w.c.HttpSessionSecurityContextRepository : Created HttpSession as SecurityContext is non-default
?[0m?[0;34m2023-02-15 18:26:13.789 DEBUG 1091321 --- [nio-8881-exec-6] w.c.HttpSessionSecurityContextRepository : Stored SecurityContextImpl [Authentication=UsernamePasswordAuthenticationToken [Principal=org.springframework.security.core.userdetails.User [Username=LoginTest2@test.com, Password=[PROTECTED], Enabled=true, AccountNonExpired=true, credentialsNonExpired=true, AccountNonLocked=true, Granted Authorities=[USER]], Credentials=[PROTECTED], Authenticated=true, Details=WebAuthenticationDetails [RemoteIpAddress=127.0.0.1, SessionId=null], Granted Authorities=[USER]]] to HttpSession [org.apache.catalina.session.StandardSessionFacade@7b926c00]
?[0m?[0;34m2023-02-15 18:26:13.790 DEBUG 1091321 --- [nio-8881-exec-6] o.s.s.w.a.i.FilterSecurityInterceptor    : Authorized filter invocation [PUT /api/recipe/2] with attributes [authenticated]
?[0m?[0;34m2023-02-15 18:26:13.790 DEBUG 1091321 --- [nio-8881-exec-6] o.s.security.web.FilterChainProxy        : Secured PUT /api/recipe/2
?[0m?[0;34m2023-02-15 18:26:13.791 DEBUG 1091321 --- [nio-8881-exec-6] w.c.HttpSessionSecurityContextRepository : Stored SecurityContextImpl [Authentication=UsernamePasswordAuthenticationToken [Principal=org.springframework.security.core.userdetails.User [Username=LoginTest2@test.com, Password=[PROTECTED], Enabled=true, AccountNonExpired=true, credentialsNonExpired=true, AccountNonLocked=true, Granted Authorities=[USER]], Credentials=[PROTECTED], Authenticated=true, Details=WebAuthenticationDetails [RemoteIpAddress=127.0.0.1, SessionId=null], Granted Authorities=[USER]]] to HttpSession [org.apache.catalina.session.StandardSessionFacade@7b926c00]
?[0m?[0;34m2023-02-15 18:26:13.791  WARN 1091321 --- [nio-8881-exec-6] .w.s.m.s.DefaultHandlerExceptionResolver : Resolved [org.springframework.web.bind.MethodArgumentNotValidException: Validation failed for argument [1] in public org.springframework.http.ResponseEntity<?> recipes.Controllers.Api.updateRecipe(org.springframework.security.core.userdetails.UserDetails,recipes.Models.Recipe,long): [Field error in object 'recipe' on field 'category': rejected value [  ]; codes [NotBlank.recipe.category,NotBlank.category,NotBlank.java.lang.String,NotBlank]; arguments [org.springframework.context.support.DefaultMessageSourceResolvable: codes [recipe.category,category]; arguments []; default message [category]]; default message [must not be blank]] ]
?[0m?[0;34m2023-02-15 18:26:13.791 DEBUG 1091321 --- [nio-8881-exec-6] w.c.HttpSessionSecurityContextRepository : Stored SecurityContextImpl [Authentication=UsernamePasswordAuthenticationToken [Principal=org.springframework.security.core.userdetails.User [Username=LoginTest2@test.com, Password=[PROTECTED], Enabled=true, AccountNonExpired=true, credentialsNonExpired=true, AccountNonLocked=true, Granted Authorities=[USER]], Credentials=[PROTECTED], Authenticated=true, Details=WebAuthenticationDetails [RemoteIpAddress=127.0.0.1, SessionId=null], Granted Authorities=[USER]]] to HttpSession [org.apache.catalina.session.StandardSessionFacade@7b926c00]
?[0m?[0;34m2023-02-15 18:26:13.791 DEBUG 1091321 --- [nio-8881-exec-6] s.s.w.c.SecurityContextPersistenceFilter : Cleared SecurityContextHolder to complete request
?[0m?[0;34m2023-02-15 18:26:13.791 DEBUG 1091321 --- [nio-8881-exec-6] o.s.security.web.FilterChainProxy        : Securing PUT /error
?[0m?[0;34m2023-02-15 18:26:13.791 DEBUG 1091321 --- [nio-8881-exec-6] w.c.HttpSessionSecurityContextRepository : Retrieved SecurityContextImpl [Authentication=UsernamePasswordAuthenticationToken [Principal=org.springframework.security.core.userdetails.User [Username=LoginTest2@test.com, Password=[PROTECTED], Enabled=true, AccountNonExpired=true, credentialsNonExpired=true, AccountNonLocked=true, Granted Authorities=[USER]], Credentials=[PROTECTED], Authenticated=true, Details=WebAuthenticationDetails [RemoteIpAddress=127.0.0.1, SessionId=null], Granted Authorities=[USER]]]
?[0m?[0;34m2023-02-15 18:26:13.791 DEBUG 1091321 --- [nio-8881-exec-6] s.s.w.c.SecurityContextPersistenceFilter : Set SecurityContextHolder to SecurityContextImpl [Authentication=UsernamePasswordAuthenticationToken [Principal=org.springframework.security.core.userdetails.User [Username=LoginTest2@test.com, Password=[PROTECTED], Enabled=true, AccountNonExpired=true, credentialsNonExpired=true, AccountNonLocked=true, Granted Authorities=[USER]], Credentials=[PROTECTED], Authenticated=true, Details=WebAuthenticationDetails [RemoteIpAddress=127.0.0.1, SessionId=null], Granted Authorities=[USER]]]
?[0m?[0;34m2023-02-15 18:26:13.791 DEBUG 1091321 --- [nio-8881-exec-6] o.s.security.web.FilterChainProxy        : Secured PUT /error
?[0m?[0;34m2023-02-15 18:26:13.792 DEBUG 1091321 --- [nio-8881-exec-6] s.s.w.c.SecurityContextPersistenceFilter : Cleared SecurityContextHolder to complete request
?[1;31m
Start test 60?[0m
?[0m?[0;34m2023-02-15 18:26:13.795 DEBUG 1091321 --- [io-8881-exec-10] o.s.security.web.FilterChainProxy        : Securing PUT /api/recipe/2
?[0m?[0;34m2023-02-15 18:26:13.795 DEBUG 1091321 --- [io-8881-exec-10] s.s.w.c.SecurityContextPersistenceFilter : Set SecurityContextHolder to empty SecurityContext
?[0m?[0;34m2023-02-15 18:26:13.851 DEBUG 1091321 --- [io-8881-exec-10] o.s.s.a.dao.DaoAuthenticationProvider    : Authenticated user
?[0m?[0;34m2023-02-15 18:26:13.851 DEBUG 1091321 --- [io-8881-exec-10] o.s.s.w.a.www.BasicAuthenticationFilter  : Set SecurityContextHolder to UsernamePasswordAuthenticationToken [Principal=org.springframework.security.core.userdetails.User [Username=LoginTest2@test.com, Password=[PROTECTED], Enabled=true, AccountNonExpired=true, credentialsNonExpired=true, AccountNonLocked=true, Granted Authorities=[USER]], Credentials=[PROTECTED], Authenticated=true, Details=WebAuthenticationDetails [RemoteIpAddress=127.0.0.1, SessionId=null], Granted Authorities=[USER]]
?[0m?[0;34m2023-02-15 18:26:13.851 DEBUG 1091321 --- [io-8881-exec-10] w.c.HttpSessionSecurityContextRepository : Created HttpSession as SecurityContext is non-default
?[0m?[0;34m2023-02-15 18:26:13.851 DEBUG 1091321 --- [io-8881-exec-10] w.c.HttpSessionSecurityContextRepository : Stored SecurityContextImpl [Authentication=UsernamePasswordAuthenticationToken [Principal=org.springframework.security.core.userdetails.User [Username=LoginTest2@test.com, Password=[PROTECTED], Enabled=true, AccountNonExpired=true, credentialsNonExpired=true, AccountNonLocked=true, Granted Authorities=[USER]], Credentials=[PROTECTED], Authenticated=true, Details=WebAuthenticationDetails [RemoteIpAddress=127.0.0.1, SessionId=null], Granted Authorities=[USER]]] to HttpSession [org.apache.catalina.session.StandardSessionFacade@ebdd086]
?[0m?[0;34m2023-02-15 18:26:13.851 DEBUG 1091321 --- [io-8881-exec-10] o.s.s.w.a.i.FilterSecurityInterceptor    : Authorized filter invocation [PUT /api/recipe/2] with attributes [authenticated]
?[0m?[0;34m2023-02-15 18:26:13.851 DEBUG 1091321 --- [io-8881-exec-10] o.s.security.web.FilterChainProxy        : Secured PUT /api/recipe/2
?[0m?[0;34m2023-02-15 18:26:13.853 DEBUG 1091321 --- [io-8881-exec-10] w.c.HttpSessionSecurityContextRepository : Stored SecurityContextImpl [Authentication=UsernamePasswordAuthenticationToken [Principal=org.springframework.security.core.userdetails.User [Username=LoginTest2@test.com, Password=[PROTECTED], Enabled=true, AccountNonExpired=true, credentialsNonExpired=true, AccountNonLocked=true, Granted Authorities=[USER]], Credentials=[PROTECTED], Authenticated=true, Details=WebAuthenticationDetails [RemoteIpAddress=127.0.0.1, SessionId=null], Granted Authorities=[USER]]] to HttpSession [org.apache.catalina.session.StandardSessionFacade@ebdd086]
?[0m?[0;34m2023-02-15 18:26:13.853  WARN 1091321 --- [io-8881-exec-10] .w.s.m.s.DefaultHandlerExceptionResolver : Resolved [org.springframework.web.bind.MethodArgumentNotValidException: Validation failed for argument [1] in public org.springframework.http.ResponseEntity<?> recipes.Controllers.Api.updateRecipe(org.springframework.security.core.userdetails.UserDetails,recipes.Models.Recipe,long): [Field error in object 'recipe' on field 'description': rejected value [  ]; codes [NotBlank.recipe.description,NotBlank.description,NotBlank.java.lang.String,NotBlank]; arguments [org.springframework.context.support.DefaultMessageSourceResolvable: codes [recipe.description,description]; arguments []; default message [description]]; default message [must not be blank]] ]
?[0m?[0;34m2023-02-15 18:26:13.853 DEBUG 1091321 --- [io-8881-exec-10] w.c.HttpSessionSecurityContextRepository : Stored SecurityContextImpl [Authentication=UsernamePasswordAuthenticationToken [Principal=org.springframework.security.core.userdetails.User [Username=LoginTest2@test.com, Password=[PROTECTED], Enabled=true, AccountNonExpired=true, credentialsNonExpired=true, AccountNonLocked=true, Granted Authorities=[USER]], Credentials=[PROTECTED], Authenticated=true, Details=WebAuthenticationDetails [RemoteIpAddress=127.0.0.1, SessionId=null], Granted Authorities=[USER]]] to HttpSession [org.apache.catalina.session.StandardSessionFacade@ebdd086]
?[0m?[0;34m2023-02-15 18:26:13.853 DEBUG 1091321 --- [io-8881-exec-10] s.s.w.c.SecurityContextPersistenceFilter : Cleared SecurityContextHolder to complete request
?[0m?[0;34m2023-02-15 18:26:13.853 DEBUG 1091321 --- [io-8881-exec-10] o.s.security.web.FilterChainProxy        : Securing PUT /error
?[0m?[0;34m2023-02-15 18:26:13.853 DEBUG 1091321 --- [io-8881-exec-10] w.c.HttpSessionSecurityContextRepository : Retrieved SecurityContextImpl [Authentication=UsernamePasswordAuthenticationToken [Principal=org.springframework.security.core.userdetails.User [Username=LoginTest2@test.com, Password=[PROTECTED], Enabled=true, AccountNonExpired=true, credentialsNonExpired=true, AccountNonLocked=true, Granted Authorities=[USER]], Credentials=[PROTECTED], Authenticated=true, Details=WebAuthenticationDetails [RemoteIpAddress=127.0.0.1, SessionId=null], Granted Authorities=[USER]]]
?[0m?[0;34m2023-02-15 18:26:13.853 DEBUG 1091321 --- [io-8881-exec-10] s.s.w.c.SecurityContextPersistenceFilter : Set SecurityContextHolder to SecurityContextImpl [Authentication=UsernamePasswordAuthenticationToken [Principal=org.springframework.security.core.userdetails.User [Username=LoginTest2@test.com, Password=[PROTECTED], Enabled=true, AccountNonExpired=true, credentialsNonExpired=true, AccountNonLocked=true, Granted Authorities=[USER]], Credentials=[PROTECTED], Authenticated=true, Details=WebAuthenticationDetails [RemoteIpAddress=127.0.0.1, SessionId=null], Granted Authorities=[USER]]]
?[0m?[0;34m2023-02-15 18:26:13.853 DEBUG 1091321 --- [io-8881-exec-10] o.s.security.web.FilterChainProxy        : Secured PUT /error
?[0m?[0;34m2023-02-15 18:26:13.854 DEBUG 1091321 --- [io-8881-exec-10] s.s.w.c.SecurityContextPersistenceFilter : Cleared SecurityContextHolder to complete request
?[1;31m
Start test 61?[0m
?[0m?[0;34m2023-02-15 18:26:13.857 DEBUG 1091321 --- [nio-8881-exec-2] o.s.security.web.FilterChainProxy        : Securing PUT /api/recipe/2
?[0m?[0;34m2023-02-15 18:26:13.857 DEBUG 1091321 --- [nio-8881-exec-2] s.s.w.c.SecurityContextPersistenceFilter : Set SecurityContextHolder to empty SecurityContext
?[0m?[0;34m2023-02-15 18:26:13.913 DEBUG 1091321 --- [nio-8881-exec-2] o.s.s.a.dao.DaoAuthenticationProvider    : Authenticated user
?[0m?[0;34m2023-02-15 18:26:13.914 DEBUG 1091321 --- [nio-8881-exec-2] o.s.s.w.a.www.BasicAuthenticationFilter  : Set SecurityContextHolder to UsernamePasswordAuthenticationToken [Principal=org.springframework.security.core.userdetails.User [Username=LoginTest2@test.com, Password=[PROTECTED], Enabled=true, AccountNonExpired=true, credentialsNonExpired=true, AccountNonLocked=true, Granted Authorities=[USER]], Credentials=[PROTECTED], Authenticated=true, Details=WebAuthenticationDetails [RemoteIpAddress=127.0.0.1, SessionId=null], Granted Authorities=[USER]]
?[0m?[0;34m2023-02-15 18:26:13.914 DEBUG 1091321 --- [nio-8881-exec-2] w.c.HttpSessionSecurityContextRepository : Created HttpSession as SecurityContext is non-default
?[0m?[0;34m2023-02-15 18:26:13.914 DEBUG 1091321 --- [nio-8881-exec-2] w.c.HttpSessionSecurityContextRepository : Stored SecurityContextImpl [Authentication=UsernamePasswordAuthenticationToken [Principal=org.springframework.security.core.userdetails.User [Username=LoginTest2@test.com, Password=[PROTECTED], Enabled=true, AccountNonExpired=true, credentialsNonExpired=true, AccountNonLocked=true, Granted Authorities=[USER]], Credentials=[PROTECTED], Authenticated=true, Details=WebAuthenticationDetails [RemoteIpAddress=127.0.0.1, SessionId=null], Granted Authorities=[USER]]] to HttpSession [org.apache.catalina.session.StandardSessionFacade@25a280fd]
?[0m?[0;34m2023-02-15 18:26:13.914 DEBUG 1091321 --- [nio-8881-exec-2] o.s.s.w.a.i.FilterSecurityInterceptor    : Authorized filter invocation [PUT /api/recipe/2] with attributes [authenticated]
?[0m?[0;34m2023-02-15 18:26:13.914 DEBUG 1091321 --- [nio-8881-exec-2] o.s.security.web.FilterChainProxy        : Secured PUT /api/recipe/2
?[0m?[0;34m2023-02-15 18:26:13.915 DEBUG 1091321 --- [nio-8881-exec-2] w.c.HttpSessionSecurityContextRepository : Stored SecurityContextImpl [Authentication=UsernamePasswordAuthenticationToken [Principal=org.springframework.security.core.userdetails.User [Username=LoginTest2@test.com, Password=[PROTECTED], Enabled=true, AccountNonExpired=true, credentialsNonExpired=true, AccountNonLocked=true, Granted Authorities=[USER]], Credentials=[PROTECTED], Authenticated=true, Details=WebAuthenticationDetails [RemoteIpAddress=127.0.0.1, SessionId=null], Granted Authorities=[USER]]] to HttpSession [org.apache.catalina.session.StandardSessionFacade@25a280fd]
?[0m?[0;34m2023-02-15 18:26:13.916  WARN 1091321 --- [nio-8881-exec-2] .w.s.m.s.DefaultHandlerExceptionResolver : Resolved [org.springframework.web.bind.MethodArgumentNotValidException: Validation failed for argument [1] in public org.springframework.http.ResponseEntity<?> recipes.Controllers.Api.updateRecipe(org.springframework.security.core.userdetails.UserDetails,recipes.Models.Recipe,long): [Field error in object 'recipe' on field 'ingredients': rejected value [[]]; codes [NotEmpty.recipe.ingredients,NotEmpty.ingredients,NotEmpty.java.util.List,NotEmpty]; arguments [org.springframework.context.support.DefaultMessageSourceResolvable: codes [recipe.ingredients,ingredients]; arguments []; default message [ingredients]]; default message [must not be empty]] ]
?[0m?[0;34m2023-02-15 18:26:13.916 DEBUG 1091321 --- [nio-8881-exec-2] w.c.HttpSessionSecurityContextRepository : Stored SecurityContextImpl [Authentication=UsernamePasswordAuthenticationToken [Principal=org.springframework.security.core.userdetails.User [Username=LoginTest2@test.com, Password=[PROTECTED], Enabled=true, AccountNonExpired=true, credentialsNonExpired=true, AccountNonLocked=true, Granted Authorities=[USER]], Credentials=[PROTECTED], Authenticated=true, Details=WebAuthenticationDetails [RemoteIpAddress=127.0.0.1, SessionId=null], Granted Authorities=[USER]]] to HttpSession [org.apache.catalina.session.StandardSessionFacade@25a280fd]
?[0m?[0;34m2023-02-15 18:26:13.916 DEBUG 1091321 --- [nio-8881-exec-2] s.s.w.c.SecurityContextPersistenceFilter : Cleared SecurityContextHolder to complete request
?[0m?[0;34m2023-02-15 18:26:13.916 DEBUG 1091321 --- [nio-8881-exec-2] o.s.security.web.FilterChainProxy        : Securing PUT /error
?[0m?[0;34m2023-02-15 18:26:13.916 DEBUG 1091321 --- [nio-8881-exec-2] w.c.HttpSessionSecurityContextRepository : Retrieved SecurityContextImpl [Authentication=UsernamePasswordAuthenticationToken [Principal=org.springframework.security.core.userdetails.User [Username=LoginTest2@test.com, Password=[PROTECTED], Enabled=true, AccountNonExpired=true, credentialsNonExpired=true, AccountNonLocked=true, Granted Authorities=[USER]], Credentials=[PROTECTED], Authenticated=true, Details=WebAuthenticationDetails [RemoteIpAddress=127.0.0.1, SessionId=null], Granted Authorities=[USER]]]
?[0m?[0;34m2023-02-15 18:26:13.916 DEBUG 1091321 --- [nio-8881-exec-2] s.s.w.c.SecurityContextPersistenceFilter : Set SecurityContextHolder to SecurityContextImpl [Authentication=UsernamePasswordAuthenticationToken [Principal=org.springframework.security.core.userdetails.User [Username=LoginTest2@test.com, Password=[PROTECTED], Enabled=true, AccountNonExpired=true, credentialsNonExpired=true, AccountNonLocked=true, Granted Authorities=[USER]], Credentials=[PROTECTED], Authenticated=true, Details=WebAuthenticationDetails [RemoteIpAddress=127.0.0.1, SessionId=null], Granted Authorities=[USER]]]
?[0m?[0;34m2023-02-15 18:26:13.916 DEBUG 1091321 --- [nio-8881-exec-2] o.s.security.web.FilterChainProxy        : Secured PUT /error
?[0m?[0;34m2023-02-15 18:26:13.917 DEBUG 1091321 --- [nio-8881-exec-2] s.s.w.c.SecurityContextPersistenceFilter : Cleared SecurityContextHolder to complete request
?[1;31m
Start test 62?[0m
?[0m?[0;34m2023-02-15 18:26:13.920 DEBUG 1091321 --- [nio-8881-exec-1] o.s.security.web.FilterChainProxy        : Securing PUT /api/recipe/2
?[0m?[0;34m2023-02-15 18:26:13.920 DEBUG 1091321 --- [nio-8881-exec-1] s.s.w.c.SecurityContextPersistenceFilter : Set SecurityContextHolder to empty SecurityContext
?[0m?[0;34m2023-02-15 18:26:13.977 DEBUG 1091321 --- [nio-8881-exec-1] o.s.s.a.dao.DaoAuthenticationProvider    : Authenticated user
?[0m?[0;34m2023-02-15 18:26:13.977 DEBUG 1091321 --- [nio-8881-exec-1] o.s.s.w.a.www.BasicAuthenticationFilter  : Set SecurityContextHolder to UsernamePasswordAuthenticationToken [Principal=org.springframework.security.core.userdetails.User [Username=LoginTest2@test.com, Password=[PROTECTED], Enabled=true, AccountNonExpired=true, credentialsNonExpired=true, AccountNonLocked=true, Granted Authorities=[USER]], Credentials=[PROTECTED], Authenticated=true, Details=WebAuthenticationDetails [RemoteIpAddress=127.0.0.1, SessionId=null], Granted Authorities=[USER]]
?[0m?[0;34m2023-02-15 18:26:13.977 DEBUG 1091321 --- [nio-8881-exec-1] w.c.HttpSessionSecurityContextRepository : Created HttpSession as SecurityContext is non-default
?[0m?[0;34m2023-02-15 18:26:13.977 DEBUG 1091321 --- [nio-8881-exec-1] w.c.HttpSessionSecurityContextRepository : Stored SecurityContextImpl [Authentication=UsernamePasswordAuthenticationToken [Principal=org.springframework.security.core.userdetails.User [Username=LoginTest2@test.com, Password=[PROTECTED], Enabled=true, AccountNonExpired=true, credentialsNonExpired=true, AccountNonLocked=true, Granted Authorities=[USER]], Credentials=[PROTECTED], Authenticated=true, Details=WebAuthenticationDetails [RemoteIpAddress=127.0.0.1, SessionId=null], Granted Authorities=[USER]]] to HttpSession [org.apache.catalina.session.StandardSessionFacade@2412da5d]
?[0m?[0;34m2023-02-15 18:26:13.978 DEBUG 1091321 --- [nio-8881-exec-1] o.s.s.w.a.i.FilterSecurityInterceptor    : Authorized filter invocation [PUT /api/recipe/2] with attributes [authenticated]
?[0m?[0;34m2023-02-15 18:26:13.978 DEBUG 1091321 --- [nio-8881-exec-1] o.s.security.web.FilterChainProxy        : Secured PUT /api/recipe/2
?[0m?[0;34m2023-02-15 18:26:13.979 DEBUG 1091321 --- [nio-8881-exec-1] w.c.HttpSessionSecurityContextRepository : Stored SecurityContextImpl [Authentication=UsernamePasswordAuthenticationToken [Principal=org.springframework.security.core.userdetails.User [Username=LoginTest2@test.com, Password=[PROTECTED], Enabled=true, AccountNonExpired=true, credentialsNonExpired=true, AccountNonLocked=true, Granted Authorities=[USER]], Credentials=[PROTECTED], Authenticated=true, Details=WebAuthenticationDetails [RemoteIpAddress=127.0.0.1, SessionId=null], Granted Authorities=[USER]]] to HttpSession [org.apache.catalina.session.StandardSessionFacade@2412da5d]
?[0m?[0;34m2023-02-15 18:26:13.979  WARN 1091321 --- [nio-8881-exec-1] .w.s.m.s.DefaultHandlerExceptionResolver : Resolved [org.springframework.web.bind.MethodArgumentNotValidException: Validation failed for argument [1] in public org.springframework.http.ResponseEntity<?> recipes.Controllers.Api.updateRecipe(org.springframework.security.core.userdetails.UserDetails,recipes.Models.Recipe,long): [Field error in object 'recipe' on field 'directions': rejected value [[]]; codes [NotEmpty.recipe.directions,NotEmpty.directions,NotEmpty.java.util.List,NotEmpty]; arguments [org.springframework.context.support.DefaultMessageSourceResolvable: codes [recipe.directions,directions]; arguments []; default message [directions]]; default message [must not be empty]] ]
?[0m?[0;34m2023-02-15 18:26:13.979 DEBUG 1091321 --- [nio-8881-exec-1] w.c.HttpSessionSecurityContextRepository : Stored SecurityContextImpl [Authentication=UsernamePasswordAuthenticationToken [Principal=org.springframework.security.core.userdetails.User [Username=LoginTest2@test.com, Password=[PROTECTED], Enabled=true, AccountNonExpired=true, credentialsNonExpired=true, AccountNonLocked=true, Granted Authorities=[USER]], Credentials=[PROTECTED], Authenticated=true, Details=WebAuthenticationDetails [RemoteIpAddress=127.0.0.1, SessionId=null], Granted Authorities=[USER]]] to HttpSession [org.apache.catalina.session.StandardSessionFacade@2412da5d]
?[0m?[0;34m2023-02-15 18:26:13.979 DEBUG 1091321 --- [nio-8881-exec-1] s.s.w.c.SecurityContextPersistenceFilter : Cleared SecurityContextHolder to complete request
?[0m?[0;34m2023-02-15 18:26:13.979 DEBUG 1091321 --- [nio-8881-exec-1] o.s.security.web.FilterChainProxy        : Securing PUT /error
?[0m?[0;34m2023-02-15 18:26:13.979 DEBUG 1091321 --- [nio-8881-exec-1] w.c.HttpSessionSecurityContextRepository : Retrieved SecurityContextImpl [Authentication=UsernamePasswordAuthenticationToken [Principal=org.springframework.security.core.userdetails.User [Username=LoginTest2@test.com, Password=[PROTECTED], Enabled=true, AccountNonExpired=true, credentialsNonExpired=true, AccountNonLocked=true, Granted Authorities=[USER]], Credentials=[PROTECTED], Authenticated=true, Details=WebAuthenticationDetails [RemoteIpAddress=127.0.0.1, SessionId=null], Granted Authorities=[USER]]]
?[0m?[0;34m2023-02-15 18:26:13.980 DEBUG 1091321 --- [nio-8881-exec-1] s.s.w.c.SecurityContextPersistenceFilter : Set SecurityContextHolder to SecurityContextImpl [Authentication=UsernamePasswordAuthenticationToken [Principal=org.springframework.security.core.userdetails.User [Username=LoginTest2@test.com, Password=[PROTECTED], Enabled=true, AccountNonExpired=true, credentialsNonExpired=true, AccountNonLocked=true, Granted Authorities=[USER]], Credentials=[PROTECTED], Authenticated=true, Details=WebAuthenticationDetails [RemoteIpAddress=127.0.0.1, SessionId=null], Granted Authorities=[USER]]]
?[0m?[0;34m2023-02-15 18:26:13.980 DEBUG 1091321 --- [nio-8881-exec-1] o.s.security.web.FilterChainProxy        : Secured PUT /error
?[0m?[0;34m2023-02-15 18:26:13.981 DEBUG 1091321 --- [nio-8881-exec-1] s.s.w.c.SecurityContextPersistenceFilter : Cleared SecurityContextHolder to complete request
?[1;31m
Start test 63?[0m
?[0m?[0;34m2023-02-15 18:26:13.984 DEBUG 1091321 --- [nio-8881-exec-7] o.s.security.web.FilterChainProxy        : Securing POST /actuator/shutdown
?[0m?[0;34m2023-02-15 18:26:13.984 DEBUG 1091321 --- [nio-8881-exec-7] s.s.w.c.SecurityContextPersistenceFilter : Set SecurityContextHolder to empty SecurityContext
?[0m?[0;34m2023-02-15 18:26:13.984 DEBUG 1091321 --- [nio-8881-exec-7] o.s.s.w.a.AnonymousAuthenticationFilter  : Set SecurityContextHolder to anonymous SecurityContext
?[0m?[0;34m2023-02-15 18:26:13.985 DEBUG 1091321 --- [nio-8881-exec-7] o.s.s.w.a.i.FilterSecurityInterceptor    : Authorized public object filter invocation [POST /actuator/shutdown]
?[0m?[0;34m2023-02-15 18:26:13.985 DEBUG 1091321 --- [nio-8881-exec-7] o.s.security.web.FilterChainProxy        : Secured POST /actuator/shutdown
?[0m?[0;34m2023-02-15 18:26:13.987 DEBUG 1091321 --- [nio-8881-exec-7] w.c.HttpSessionSecurityContextRepository : Did not store anonymous SecurityContext
?[0m?[0;34m2023-02-15 18:26:13.987 DEBUG 1091321 --- [nio-8881-exec-7] w.c.HttpSessionSecurityContextRepository : Did not store anonymous SecurityContext
?[0m?[0;34m2023-02-15 18:26:13.988 DEBUG 1091321 --- [nio-8881-exec-7] s.s.w.c.SecurityContextPersistenceFilter : Cleared SecurityContextHolder to complete request
?[0;34m2023-02-15 18:26:14.499  INFO 1091321 --- [       Thread-7] j.LocalContainerEntityManagerFactoryBean : Closing JPA EntityManagerFactory for persistence unit 'default'
?[0m?[0;34m2023-02-15 18:26:14.499  INFO 1091321 --- [       Thread-7] com.zaxxer.hikari.HikariDataSource       : HikariPool-2 - Shutdown initiated...
?[0m?[0;34m2023-02-15 18:26:14.515  INFO 1091321 --- [       Thread-7] com.zaxxer.hikari.HikariDataSource       : HikariPool-2 - Shutdown completed.
?[0;34m
?[0m?[0;34m  .   ____          _            __ _ _
?[0m?[0;34m /\\ / ___'_ __ _ _(_)_ __  __ _ \ \ \ \
?[0m?[0;34m( ( )\___ | '_ | '_| | '_ \/ _` | \ \ \ \
?[0m?[0;34m \\/  ___)| |_)| | | | | || (_| |  ) ) ) )
?[0m?[0;34m  '  |____| .__|_| |_|_| |_\__, | / / / /
?[0m?[0;34m =========|_|==============|___/=/_/_/_/
?[0m?[0;34m :: Spring Boot ::                (v2.5.6)
?[0m?[0;34m
?[0m?[0;34m2023-02-15 18:26:24.008  INFO 1091321 --- [    Test worker] recipes.RecipesApplication               : Starting RecipesApplication using Java 17.0.6 on kronos-Olympos with PID 1091321 (started by kronos in /home/kronos/IdeaProjects/Recipes/Recipes/task)
?[0m?[0;34m2023-02-15 18:26:24.009  INFO 1091321 --- [    Test worker] recipes.RecipesApplication               : No active profile set, falling back to default profiles: default
?[0m?[0;34m2023-02-15 18:26:24.099  INFO 1091321 --- [    Test worker] .s.d.r.c.RepositoryConfigurationDelegate : Bootstrapping Spring Data JPA repositories in DEFAULT mode.
?[0m?[0;34m2023-02-15 18:26:24.102  INFO 1091321 --- [    Test worker] .s.d.r.c.RepositoryConfigurationDelegate : Finished Spring Data repository scanning in 3 ms. Found 2 JPA repository interfaces.
?[0m?[0;34m2023-02-15 18:26:24.139  INFO 1091321 --- [    Test worker] o.s.b.w.embedded.tomcat.TomcatWebServer  : Tomcat initialized with port(s): 8881 (http)
?[0m?[0;34m2023-02-15 18:26:24.140  INFO 1091321 --- [    Test worker] o.apache.catalina.core.StandardService   : Starting service [Tomcat]
?[0m?[0;34m2023-02-15 18:26:24.140  INFO 1091321 --- [    Test worker] org.apache.catalina.core.StandardEngine  : Starting Servlet engine: [Apache Tomcat/9.0.54]
?[0m?[0;34m2023-02-15 18:26:24.147  INFO 1091321 --- [    Test worker] o.a.c.c.C.[Tomcat].[localhost].[/]       : Initializing Spring embedded WebApplicationContext
?[0m?[0;34m2023-02-15 18:26:24.147  INFO 1091321 --- [    Test worker] w.s.c.ServletWebServerApplicationContext : Root WebApplicationContext: initialization completed in 137 ms
?[0m?[0;34m2023-02-15 18:26:24.179  INFO 1091321 --- [    Test worker] o.hibernate.jpa.internal.util.LogHelper  : HHH000204: Processing PersistenceUnitInfo [name: default]
?[0m?[0;34m2023-02-15 18:26:24.181  INFO 1091321 --- [    Test worker] com.zaxxer.hikari.HikariDataSource       : HikariPool-3 - Starting...
?[0m?[0;34m2023-02-15 18:26:24.186  INFO 1091321 --- [    Test worker] com.zaxxer.hikari.HikariDataSource       : HikariPool-3 - Start completed.
?[0m?[0;34m2023-02-15 18:26:24.186  INFO 1091321 --- [    Test worker] org.hibernate.dialect.Dialect            : HHH000400: Using dialect: org.hibernate.dialect.H2Dialect
?[0m?[0;34m2023-02-15 18:26:24.231  INFO 1091321 --- [    Test worker] o.h.e.t.j.p.i.JtaPlatformInitiator       : HHH000490: Using JtaPlatform implementation: [org.hibernate.engine.transaction.jta.platform.internal.NoJtaPlatform]
?[0m?[0;34m2023-02-15 18:26:24.231  INFO 1091321 --- [    Test worker] j.LocalContainerEntityManagerFactoryBean : Initialized JPA EntityManagerFactory for persistence unit 'default'
?[0m?[0;34m2023-02-15 18:26:24.241  WARN 1091321 --- [    Test worker] JpaBaseConfiguration$JpaWebConfiguration : spring.jpa.open-in-view is enabled by default. Therefore, database queries may be performed during view rendering. Explicitly configure spring.jpa.open-in-view to disable this warning
?[0m?[0;34m2023-02-15 18:26:24.332  INFO 1091321 --- [    Test worker] o.s.b.a.e.web.EndpointLinksResolver      : Exposing 14 endpoint(s) beneath base path '/actuator'
?[0m?[0;34m2023-02-15 18:26:24.337 DEBUG 1091321 --- [    Test worker] edFilterInvocationSecurityMetadataSource : Adding web access control expression [authenticated] for Mvc [pattern='/api/recipe/**']
?[0m?[0;34m2023-02-15 18:26:24.337 DEBUG 1091321 --- [    Test worker] edFilterInvocationSecurityMetadataSource : Adding web access control expression [permitAll] for Mvc [pattern='/api/register']
?[0m?[0;34m2023-02-15 18:26:24.337 DEBUG 1091321 --- [    Test worker] edFilterInvocationSecurityMetadataSource : Adding web access control expression [permitAll] for Mvc [pattern='/*']
?[0m?[0;34m2023-02-15 18:26:24.337  INFO 1091321 --- [    Test worker] o.s.s.web.DefaultSecurityFilterChain     : Will secure any request with [org.springframework.security.web.context.request.async.WebAsyncManagerIntegrationFilter@355e1080, org.springframework.security.web.context.SecurityContextPersistenceFilter@5e7aa27e, org.springframework.security.web.header.HeaderWriterFilter@fbb585e, org.springframework.security.web.authentication.logout.LogoutFilter@7e1f88e2, org.springframework.security.web.authentication.www.BasicAuthenticationFilter@5811f080, org.springframework.security.web.savedrequest.RequestCacheAwareFilter@2b778004, org.springframework.security.web.servletapi.SecurityContextHolderAwareRequestFilter@7e5b449c, org.springframework.security.web.authentication.AnonymousAuthenticationFilter@2aef651, org.springframework.security.web.session.SessionManagementFilter@1e32a3ed, org.springframework.security.web.access.ExceptionTranslationFilter@6a73f164, org.springframework.security.web.access.intercept.FilterSecurityInterceptor@7edb2a4b]
?[0m?[0;34m2023-02-15 18:26:24.371  INFO 1091321 --- [    Test worker] o.s.b.w.embedded.tomcat.TomcatWebServer  : Tomcat started on port(s): 8881 (http) with context path ''
?[0m?[0;34m2023-02-15 18:26:24.376  INFO 1091321 --- [    Test worker] recipes.RecipesApplication               : Started RecipesApplication in 0.378 seconds (JVM running for 28.866)
?[0m?[1;31m
Start test 64?[0m
?[0;34m2023-02-15 18:26:24.379  INFO 1091321 --- [nio-8881-exec-1] o.a.c.c.C.[Tomcat].[localhost].[/]       : Initializing Spring DispatcherServlet 'dispatcherServlet'
?[0m?[0;34m2023-02-15 18:26:24.379  INFO 1091321 --- [nio-8881-exec-1] o.s.web.servlet.DispatcherServlet        : Initializing Servlet 'dispatcherServlet'
?[0m?[0;34m2023-02-15 18:26:24.380  INFO 1091321 --- [nio-8881-exec-1] o.s.web.servlet.DispatcherServlet        : Completed initialization in 1 ms
?[0m?[0;34m2023-02-15 18:26:24.380 DEBUG 1091321 --- [nio-8881-exec-1] o.s.security.web.FilterChainProxy        : Securing POST /api/recipe/new
?[0m?[0;34m2023-02-15 18:26:24.380 DEBUG 1091321 --- [nio-8881-exec-1] s.s.w.c.SecurityContextPersistenceFilter : Set SecurityContextHolder to empty SecurityContext
?[0m?[0;34m2023-02-15 18:26:24.511 DEBUG 1091321 --- [nio-8881-exec-1] o.s.s.a.dao.DaoAuthenticationProvider    : Authenticated user
?[0m?[0;34m2023-02-15 18:26:24.511 DEBUG 1091321 --- [nio-8881-exec-1] o.s.s.w.a.www.BasicAuthenticationFilter  : Set SecurityContextHolder to UsernamePasswordAuthenticationToken [Principal=org.springframework.security.core.userdetails.User [Username=LoginTest1@test.com, Password=[PROTECTED], Enabled=true, AccountNonExpired=true, credentialsNonExpired=true, AccountNonLocked=true, Granted Authorities=[USER]], Credentials=[PROTECTED], Authenticated=true, Details=WebAuthenticationDetails [RemoteIpAddress=127.0.0.1, SessionId=null], Granted Authorities=[USER]]
?[0m?[0;34m2023-02-15 18:26:24.511 DEBUG 1091321 --- [nio-8881-exec-1] w.c.HttpSessionSecurityContextRepository : Created HttpSession as SecurityContext is non-default
?[0m?[0;34m2023-02-15 18:26:24.511 DEBUG 1091321 --- [nio-8881-exec-1] w.c.HttpSessionSecurityContextRepository : Stored SecurityContextImpl [Authentication=UsernamePasswordAuthenticationToken [Principal=org.springframework.security.core.userdetails.User [Username=LoginTest1@test.com, Password=[PROTECTED], Enabled=true, AccountNonExpired=true, credentialsNonExpired=true, AccountNonLocked=true, Granted Authorities=[USER]], Credentials=[PROTECTED], Authenticated=true, Details=WebAuthenticationDetails [RemoteIpAddress=127.0.0.1, SessionId=null], Granted Authorities=[USER]]] to HttpSession [org.apache.catalina.session.StandardSessionFacade@cfa66cd]
?[0m?[0;34m2023-02-15 18:26:24.512 DEBUG 1091321 --- [nio-8881-exec-1] o.s.s.w.a.i.FilterSecurityInterceptor    : Authorized filter invocation [POST /api/recipe/new] with attributes [authenticated]
?[0m?[0;34m2023-02-15 18:26:24.512 DEBUG 1091321 --- [nio-8881-exec-1] o.s.security.web.FilterChainProxy        : Secured POST /api/recipe/new
?[0m?[0;34m2023-02-15 18:26:24.526 DEBUG 1091321 --- [nio-8881-exec-1] w.c.HttpSessionSecurityContextRepository : Stored SecurityContextImpl [Authentication=UsernamePasswordAuthenticationToken [Principal=org.springframework.security.core.userdetails.User [Username=LoginTest1@test.com, Password=[PROTECTED], Enabled=true, AccountNonExpired=true, credentialsNonExpired=true, AccountNonLocked=true, Granted Authorities=[USER]], Credentials=[PROTECTED], Authenticated=true, Details=WebAuthenticationDetails [RemoteIpAddress=127.0.0.1, SessionId=null], Granted Authorities=[USER]]] to HttpSession [org.apache.catalina.session.StandardSessionFacade@cfa66cd]
?[0m?[0;34m2023-02-15 18:26:24.526 DEBUG 1091321 --- [nio-8881-exec-1] w.c.HttpSessionSecurityContextRepository : Stored SecurityContextImpl [Authentication=UsernamePasswordAuthenticationToken [Principal=org.springframework.security.core.userdetails.User [Username=LoginTest1@test.com, Password=[PROTECTED], Enabled=true, AccountNonExpired=true, credentialsNonExpired=true, AccountNonLocked=true, Granted Authorities=[USER]], Credentials=[PROTECTED], Authenticated=true, Details=WebAuthenticationDetails [RemoteIpAddress=127.0.0.1, SessionId=null], Granted Authorities=[USER]]] to HttpSession [org.apache.catalina.session.StandardSessionFacade@cfa66cd]
?[0m?[0;34m2023-02-15 18:26:24.526 DEBUG 1091321 --- [nio-8881-exec-1] s.s.w.c.SecurityContextPersistenceFilter : Cleared SecurityContextHolder to complete request
?[1;31m
Start test 65?[0m
?[0;34m2023-02-15 18:26:24.530 DEBUG 1091321 --- [nio-8881-exec-2] o.s.security.web.FilterChainProxy        : Securing GET /api/recipe/2
?[0m?[0;34m2023-02-15 18:26:24.530 DEBUG 1091321 --- [nio-8881-exec-2] s.s.w.c.SecurityContextPersistenceFilter : Set SecurityContextHolder to empty SecurityContext
?[0m?[0;34m2023-02-15 18:26:24.588 DEBUG 1091321 --- [nio-8881-exec-2] o.s.s.a.dao.DaoAuthenticationProvider    : Authenticated user
?[0m?[0;34m2023-02-15 18:26:24.588 DEBUG 1091321 --- [nio-8881-exec-2] o.s.s.w.a.www.BasicAuthenticationFilter  : Set SecurityContextHolder to UsernamePasswordAuthenticationToken [Principal=org.springframework.security.core.userdetails.User [Username=LoginTest1@test.com, Password=[PROTECTED], Enabled=true, AccountNonExpired=true, credentialsNonExpired=true, AccountNonLocked=true, Granted Authorities=[USER]], Credentials=[PROTECTED], Authenticated=true, Details=WebAuthenticationDetails [RemoteIpAddress=127.0.0.1, SessionId=null], Granted Authorities=[USER]]
?[0m?[0;34m2023-02-15 18:26:24.588 DEBUG 1091321 --- [nio-8881-exec-2] w.c.HttpSessionSecurityContextRepository : Created HttpSession as SecurityContext is non-default
?[0m?[0;34m2023-02-15 18:26:24.588 DEBUG 1091321 --- [nio-8881-exec-2] w.c.HttpSessionSecurityContextRepository : Stored SecurityContextImpl [Authentication=UsernamePasswordAuthenticationToken [Principal=org.springframework.security.core.userdetails.User [Username=LoginTest1@test.com, Password=[PROTECTED], Enabled=true, AccountNonExpired=true, credentialsNonExpired=true, AccountNonLocked=true, Granted Authorities=[USER]], Credentials=[PROTECTED], Authenticated=true, Details=WebAuthenticationDetails [RemoteIpAddress=127.0.0.1, SessionId=null], Granted Authorities=[USER]]] to HttpSession [org.apache.catalina.session.StandardSessionFacade@2aed507]
?[0m?[0;34m2023-02-15 18:26:24.589 DEBUG 1091321 --- [nio-8881-exec-2] o.s.s.w.a.i.FilterSecurityInterceptor    : Authorized filter invocation [GET /api/recipe/2] with attributes [authenticated]
?[0m?[0;34m2023-02-15 18:26:24.589 DEBUG 1091321 --- [nio-8881-exec-2] o.s.security.web.FilterChainProxy        : Secured GET /api/recipe/2
?[0m?[0;34m2023-02-15 18:26:24.595 DEBUG 1091321 --- [nio-8881-exec-2] w.c.HttpSessionSecurityContextRepository : Stored SecurityContextImpl [Authentication=UsernamePasswordAuthenticationToken [Principal=org.springframework.security.core.userdetails.User [Username=LoginTest1@test.com, Password=[PROTECTED], Enabled=true, AccountNonExpired=true, credentialsNonExpired=true, AccountNonLocked=true, Granted Authorities=[USER]], Credentials=[PROTECTED], Authenticated=true, Details=WebAuthenticationDetails [RemoteIpAddress=127.0.0.1, SessionId=null], Granted Authorities=[USER]]] to HttpSession [org.apache.catalina.session.StandardSessionFacade@2aed507]
?[0m?[0;34m2023-02-15 18:26:24.595 DEBUG 1091321 --- [nio-8881-exec-2] w.c.HttpSessionSecurityContextRepository : Stored SecurityContextImpl [Authentication=UsernamePasswordAuthenticationToken [Principal=org.springframework.security.core.userdetails.User [Username=LoginTest1@test.com, Password=[PROTECTED], Enabled=true, AccountNonExpired=true, credentialsNonExpired=true, AccountNonLocked=true, Granted Authorities=[USER]], Credentials=[PROTECTED], Authenticated=true, Details=WebAuthenticationDetails [RemoteIpAddress=127.0.0.1, SessionId=null], Granted Authorities=[USER]]] to HttpSession [org.apache.catalina.session.StandardSessionFacade@2aed507]
?[0m?[0;34m2023-02-15 18:26:24.595 DEBUG 1091321 --- [nio-8881-exec-2] s.s.w.c.SecurityContextPersistenceFilter : Cleared SecurityContextHolder to complete request
?[1;31m
Start test 66?[0m
?[0;34m2023-02-15 18:26:24.599 DEBUG 1091321 --- [nio-8881-exec-3] o.s.security.web.FilterChainProxy        : Securing GET /api/recipe/search/?category=dessert
?[0m?[0;34m2023-02-15 18:26:24.599 DEBUG 1091321 --- [nio-8881-exec-3] s.s.w.c.SecurityContextPersistenceFilter : Set SecurityContextHolder to empty SecurityContext
?[0m?[0;34m2023-02-15 18:26:24.660 DEBUG 1091321 --- [nio-8881-exec-3] o.s.s.a.dao.DaoAuthenticationProvider    : Authenticated user
?[0m?[0;34m2023-02-15 18:26:24.660 DEBUG 1091321 --- [nio-8881-exec-3] o.s.s.w.a.www.BasicAuthenticationFilter  : Set SecurityContextHolder to UsernamePasswordAuthenticationToken [Principal=org.springframework.security.core.userdetails.User [Username=LoginTest1@test.com, Password=[PROTECTED], Enabled=true, AccountNonExpired=true, credentialsNonExpired=true, AccountNonLocked=true, Granted Authorities=[USER]], Credentials=[PROTECTED], Authenticated=true, Details=WebAuthenticationDetails [RemoteIpAddress=127.0.0.1, SessionId=null], Granted Authorities=[USER]]
?[0m?[0;34m2023-02-15 18:26:24.660 DEBUG 1091321 --- [nio-8881-exec-3] w.c.HttpSessionSecurityContextRepository : Created HttpSession as SecurityContext is non-default
?[0m?[0;34m2023-02-15 18:26:24.660 DEBUG 1091321 --- [nio-8881-exec-3] w.c.HttpSessionSecurityContextRepository : Stored SecurityContextImpl [Authentication=UsernamePasswordAuthenticationToken [Principal=org.springframework.security.core.userdetails.User [Username=LoginTest1@test.com, Password=[PROTECTED], Enabled=true, AccountNonExpired=true, credentialsNonExpired=true, AccountNonLocked=true, Granted Authorities=[USER]], Credentials=[PROTECTED], Authenticated=true, Details=WebAuthenticationDetails [RemoteIpAddress=127.0.0.1, SessionId=null], Granted Authorities=[USER]]] to HttpSession [org.apache.catalina.session.StandardSessionFacade@522ad9d6]
?[0m?[0;34m2023-02-15 18:26:24.661 DEBUG 1091321 --- [nio-8881-exec-3] o.s.s.w.a.i.FilterSecurityInterceptor    : Authorized filter invocation [GET /api/recipe/search/?category=dessert] with attributes [authenticated]
?[0m?[0;34m2023-02-15 18:26:24.661 DEBUG 1091321 --- [nio-8881-exec-3] o.s.security.web.FilterChainProxy        : Secured GET /api/recipe/search/?category=dessert
?[0m?[0;34m2023-02-15 18:26:24.671 DEBUG 1091321 --- [nio-8881-exec-3] w.c.HttpSessionSecurityContextRepository : Stored SecurityContextImpl [Authentication=UsernamePasswordAuthenticationToken [Principal=org.springframework.security.core.userdetails.User [Username=LoginTest1@test.com, Password=[PROTECTED], Enabled=true, AccountNonExpired=true, credentialsNonExpired=true, AccountNonLocked=true, Granted Authorities=[USER]], Credentials=[PROTECTED], Authenticated=true, Details=WebAuthenticationDetails [RemoteIpAddress=127.0.0.1, SessionId=null], Granted Authorities=[USER]]] to HttpSession [org.apache.catalina.session.StandardSessionFacade@522ad9d6]
?[0m?[0;34m2023-02-15 18:26:24.671 DEBUG 1091321 --- [nio-8881-exec-3] w.c.HttpSessionSecurityContextRepository : Stored SecurityContextImpl [Authentication=UsernamePasswordAuthenticationToken [Principal=org.springframework.security.core.userdetails.User [Username=LoginTest1@test.com, Password=[PROTECTED], Enabled=true, AccountNonExpired=true, credentialsNonExpired=true, AccountNonLocked=true, Granted Authorities=[USER]], Credentials=[PROTECTED], Authenticated=true, Details=WebAuthenticationDetails [RemoteIpAddress=127.0.0.1, SessionId=null], Granted Authorities=[USER]]] to HttpSession [org.apache.catalina.session.StandardSessionFacade@522ad9d6]
?[0m?[0;34m2023-02-15 18:26:24.671 DEBUG 1091321 --- [nio-8881-exec-3] s.s.w.c.SecurityContextPersistenceFilter : Cleared SecurityContextHolder to complete request
?[1;31m
Start test 67?[0m
?[0;34m2023-02-15 18:26:24.675 DEBUG 1091321 --- [nio-8881-exec-4] o.s.security.web.FilterChainProxy        : Securing GET /api/recipe/search/?name=ice-cream
?[0m?[0;34m2023-02-15 18:26:24.675 DEBUG 1091321 --- [nio-8881-exec-4] s.s.w.c.SecurityContextPersistenceFilter : Set SecurityContextHolder to empty SecurityContext
?[0m?[0;34m2023-02-15 18:26:24.732 DEBUG 1091321 --- [nio-8881-exec-4] o.s.s.a.dao.DaoAuthenticationProvider    : Authenticated user
?[0m?[0;34m2023-02-15 18:26:24.732 DEBUG 1091321 --- [nio-8881-exec-4] o.s.s.w.a.www.BasicAuthenticationFilter  : Set SecurityContextHolder to UsernamePasswordAuthenticationToken [Principal=org.springframework.security.core.userdetails.User [Username=LoginTest1@test.com, Password=[PROTECTED], Enabled=true, AccountNonExpired=true, credentialsNonExpired=true, AccountNonLocked=true, Granted Authorities=[USER]], Credentials=[PROTECTED], Authenticated=true, Details=WebAuthenticationDetails [RemoteIpAddress=127.0.0.1, SessionId=null], Granted Authorities=[USER]]
?[0m?[0;34m2023-02-15 18:26:24.732 DEBUG 1091321 --- [nio-8881-exec-4] w.c.HttpSessionSecurityContextRepository : Created HttpSession as SecurityContext is non-default
?[0m?[0;34m2023-02-15 18:26:24.732 DEBUG 1091321 --- [nio-8881-exec-4] w.c.HttpSessionSecurityContextRepository : Stored SecurityContextImpl [Authentication=UsernamePasswordAuthenticationToken [Principal=org.springframework.security.core.userdetails.User [Username=LoginTest1@test.com, Password=[PROTECTED], Enabled=true, AccountNonExpired=true, credentialsNonExpired=true, AccountNonLocked=true, Granted Authorities=[USER]], Credentials=[PROTECTED], Authenticated=true, Details=WebAuthenticationDetails [RemoteIpAddress=127.0.0.1, SessionId=null], Granted Authorities=[USER]]] to HttpSession [org.apache.catalina.session.StandardSessionFacade@62cb6b5d]
?[0m?[0;34m2023-02-15 18:26:24.733 DEBUG 1091321 --- [nio-8881-exec-4] o.s.s.w.a.i.FilterSecurityInterceptor    : Authorized filter invocation [GET /api/recipe/search/?name=ice-cream] with attributes [authenticated]
?[0m?[0;34m2023-02-15 18:26:24.733 DEBUG 1091321 --- [nio-8881-exec-4] o.s.security.web.FilterChainProxy        : Secured GET /api/recipe/search/?name=ice-cream
?[0m?[0;34m2023-02-15 18:26:24.740 DEBUG 1091321 --- [nio-8881-exec-4] w.c.HttpSessionSecurityContextRepository : Stored SecurityContextImpl [Authentication=UsernamePasswordAuthenticationToken [Principal=org.springframework.security.core.userdetails.User [Username=LoginTest1@test.com, Password=[PROTECTED], Enabled=true, AccountNonExpired=true, credentialsNonExpired=true, AccountNonLocked=true, Granted Authorities=[USER]], Credentials=[PROTECTED], Authenticated=true, Details=WebAuthenticationDetails [RemoteIpAddress=127.0.0.1, SessionId=null], Granted Authorities=[USER]]] to HttpSession [org.apache.catalina.session.StandardSessionFacade@62cb6b5d]
?[0m?[0;34m2023-02-15 18:26:24.741 DEBUG 1091321 --- [nio-8881-exec-4] w.c.HttpSessionSecurityContextRepository : Stored SecurityContextImpl [Authentication=UsernamePasswordAuthenticationToken [Principal=org.springframework.security.core.userdetails.User [Username=LoginTest1@test.com, Password=[PROTECTED], Enabled=true, AccountNonExpired=true, credentialsNonExpired=true, AccountNonLocked=true, Granted Authorities=[USER]], Credentials=[PROTECTED], Authenticated=true, Details=WebAuthenticationDetails [RemoteIpAddress=127.0.0.1, SessionId=null], Granted Authorities=[USER]]] to HttpSession [org.apache.catalina.session.StandardSessionFacade@62cb6b5d]
?[0m?[0;34m2023-02-15 18:26:24.741 DEBUG 1091321 --- [nio-8881-exec-4] s.s.w.c.SecurityContextPersistenceFilter : Cleared SecurityContextHolder to complete request
?[1;31m
Start test 68?[0m
?[0;34m2023-02-15 18:26:24.745 DEBUG 1091321 --- [nio-8881-exec-5] o.s.security.web.FilterChainProxy        : Securing DELETE /api/recipe/2
?[0m?[0;34m2023-02-15 18:26:24.745 DEBUG 1091321 --- [nio-8881-exec-5] s.s.w.c.SecurityContextPersistenceFilter : Set SecurityContextHolder to empty SecurityContext
?[0m?[0;34m2023-02-15 18:26:24.803 DEBUG 1091321 --- [nio-8881-exec-5] o.s.s.a.dao.DaoAuthenticationProvider    : Authenticated user
?[0m?[0;34m2023-02-15 18:26:24.803 DEBUG 1091321 --- [nio-8881-exec-5] o.s.s.w.a.www.BasicAuthenticationFilter  : Set SecurityContextHolder to UsernamePasswordAuthenticationToken [Principal=org.springframework.security.core.userdetails.User [Username=LoginTest3@test.com, Password=[PROTECTED], Enabled=true, AccountNonExpired=true, credentialsNonExpired=true, AccountNonLocked=true, Granted Authorities=[USER]], Credentials=[PROTECTED], Authenticated=true, Details=WebAuthenticationDetails [RemoteIpAddress=127.0.0.1, SessionId=null], Granted Authorities=[USER]]
?[0m?[0;34m2023-02-15 18:26:24.803 DEBUG 1091321 --- [nio-8881-exec-5] w.c.HttpSessionSecurityContextRepository : Created HttpSession as SecurityContext is non-default
?[0m?[0;34m2023-02-15 18:26:24.803 DEBUG 1091321 --- [nio-8881-exec-5] w.c.HttpSessionSecurityContextRepository : Stored SecurityContextImpl [Authentication=UsernamePasswordAuthenticationToken [Principal=org.springframework.security.core.userdetails.User [Username=LoginTest3@test.com, Password=[PROTECTED], Enabled=true, AccountNonExpired=true, credentialsNonExpired=true, AccountNonLocked=true, Granted Authorities=[USER]], Credentials=[PROTECTED], Authenticated=true, Details=WebAuthenticationDetails [RemoteIpAddress=127.0.0.1, SessionId=null], Granted Authorities=[USER]]] to HttpSession [org.apache.catalina.session.StandardSessionFacade@3b90ed2c]
?[0m?[0;34m2023-02-15 18:26:24.804 DEBUG 1091321 --- [nio-8881-exec-5] o.s.s.w.a.i.FilterSecurityInterceptor    : Authorized filter invocation [DELETE /api/recipe/2] with attributes [authenticated]
?[0m?[0;34m2023-02-15 18:26:24.804 DEBUG 1091321 --- [nio-8881-exec-5] o.s.security.web.FilterChainProxy        : Secured DELETE /api/recipe/2
?[0m?[0;34m2023-02-15 18:26:24.811 DEBUG 1091321 --- [nio-8881-exec-5] w.c.HttpSessionSecurityContextRepository : Stored SecurityContextImpl [Authentication=UsernamePasswordAuthenticationToken [Principal=org.springframework.security.core.userdetails.User [Username=LoginTest3@test.com, Password=[PROTECTED], Enabled=true, AccountNonExpired=true, credentialsNonExpired=true, AccountNonLocked=true, Granted Authorities=[USER]], Credentials=[PROTECTED], Authenticated=true, Details=WebAuthenticationDetails [RemoteIpAddress=127.0.0.1, SessionId=null], Granted Authorities=[USER]]] to HttpSession [org.apache.catalina.session.StandardSessionFacade@3b90ed2c]
?[0m?[0;34m2023-02-15 18:26:24.811 DEBUG 1091321 --- [nio-8881-exec-5] w.c.HttpSessionSecurityContextRepository : Stored SecurityContextImpl [Authentication=UsernamePasswordAuthenticationToken [Principal=org.springframework.security.core.userdetails.User [Username=LoginTest3@test.com, Password=[PROTECTED], Enabled=true, AccountNonExpired=true, credentialsNonExpired=true, AccountNonLocked=true, Granted Authorities=[USER]], Credentials=[PROTECTED], Authenticated=true, Details=WebAuthenticationDetails [RemoteIpAddress=127.0.0.1, SessionId=null], Granted Authorities=[USER]]] to HttpSession [org.apache.catalina.session.StandardSessionFacade@3b90ed2c]
?[0m?[0;34m2023-02-15 18:26:24.811 DEBUG 1091321 --- [nio-8881-exec-5] s.s.w.c.SecurityContextPersistenceFilter : Cleared SecurityContextHolder to complete request
?[1;31m
Start test 69?[0m
?[0;34m2023-02-15 18:26:24.815 DEBUG 1091321 --- [nio-8881-exec-6] o.s.security.web.FilterChainProxy        : Securing PUT /api/recipe/2
?[0m?[0;34m2023-02-15 18:26:24.815 DEBUG 1091321 --- [nio-8881-exec-6] s.s.w.c.SecurityContextPersistenceFilter : Set SecurityContextHolder to empty SecurityContext
?[0m?[0;34m2023-02-15 18:26:24.875 DEBUG 1091321 --- [nio-8881-exec-6] o.s.s.a.dao.DaoAuthenticationProvider    : Authenticated user
?[0m?[0;34m2023-02-15 18:26:24.876 DEBUG 1091321 --- [nio-8881-exec-6] o.s.s.w.a.www.BasicAuthenticationFilter  : Set SecurityContextHolder to UsernamePasswordAuthenticationToken [Principal=org.springframework.security.core.userdetails.User [Username=LoginTest3@test.com, Password=[PROTECTED], Enabled=true, AccountNonExpired=true, credentialsNonExpired=true, AccountNonLocked=true, Granted Authorities=[USER]], Credentials=[PROTECTED], Authenticated=true, Details=WebAuthenticationDetails [RemoteIpAddress=127.0.0.1, SessionId=null], Granted Authorities=[USER]]
?[0m?[0;34m2023-02-15 18:26:24.876 DEBUG 1091321 --- [nio-8881-exec-6] w.c.HttpSessionSecurityContextRepository : Created HttpSession as SecurityContext is non-default
?[0m?[0;34m2023-02-15 18:26:24.876 DEBUG 1091321 --- [nio-8881-exec-6] w.c.HttpSessionSecurityContextRepository : Stored SecurityContextImpl [Authentication=UsernamePasswordAuthenticationToken [Principal=org.springframework.security.core.userdetails.User [Username=LoginTest3@test.com, Password=[PROTECTED], Enabled=true, AccountNonExpired=true, credentialsNonExpired=true, AccountNonLocked=true, Granted Authorities=[USER]], Credentials=[PROTECTED], Authenticated=true, Details=WebAuthenticationDetails [RemoteIpAddress=127.0.0.1, SessionId=null], Granted Authorities=[USER]]] to HttpSession [org.apache.catalina.session.StandardSessionFacade@52a7ea0a]
?[0m?[0;34m2023-02-15 18:26:24.876 DEBUG 1091321 --- [nio-8881-exec-6] o.s.s.w.a.i.FilterSecurityInterceptor    : Authorized filter invocation [PUT /api/recipe/2] with attributes [authenticated]
?[0m?[0;34m2023-02-15 18:26:24.876 DEBUG 1091321 --- [nio-8881-exec-6] o.s.security.web.FilterChainProxy        : Secured PUT /api/recipe/2
?[0m?[0;34m2023-02-15 18:26:24.885 DEBUG 1091321 --- [nio-8881-exec-6] w.c.HttpSessionSecurityContextRepository : Stored SecurityContextImpl [Authentication=UsernamePasswordAuthenticationToken [Principal=org.springframework.security.core.userdetails.User [Username=LoginTest3@test.com, Password=[PROTECTED], Enabled=true, AccountNonExpired=true, credentialsNonExpired=true, AccountNonLocked=true, Granted Authorities=[USER]], Credentials=[PROTECTED], Authenticated=true, Details=WebAuthenticationDetails [RemoteIpAddress=127.0.0.1, SessionId=null], Granted Authorities=[USER]]] to HttpSession [org.apache.catalina.session.StandardSessionFacade@52a7ea0a]
?[0m?[0;34m2023-02-15 18:26:24.886 DEBUG 1091321 --- [nio-8881-exec-6] w.c.HttpSessionSecurityContextRepository : Stored SecurityContextImpl [Authentication=UsernamePasswordAuthenticationToken [Principal=org.springframework.security.core.userdetails.User [Username=LoginTest3@test.com, Password=[PROTECTED], Enabled=true, AccountNonExpired=true, credentialsNonExpired=true, AccountNonLocked=true, Granted Authorities=[USER]], Credentials=[PROTECTED], Authenticated=true, Details=WebAuthenticationDetails [RemoteIpAddress=127.0.0.1, SessionId=null], Granted Authorities=[USER]]] to HttpSession [org.apache.catalina.session.StandardSessionFacade@52a7ea0a]
?[0m?[0;34m2023-02-15 18:26:24.886 DEBUG 1091321 --- [nio-8881-exec-6] s.s.w.c.SecurityContextPersistenceFilter : Cleared SecurityContextHolder to complete request
?[1;31m
Start test 70?[0m
?[0;34m2023-02-15 18:26:24.890 DEBUG 1091321 --- [nio-8881-exec-7] o.s.security.web.FilterChainProxy        : Securing POST /api/recipe/new
?[0m?[0;34m2023-02-15 18:26:24.890 DEBUG 1091321 --- [nio-8881-exec-7] s.s.w.c.SecurityContextPersistenceFilter : Set SecurityContextHolder to empty SecurityContext
?[0m?[0;34m2023-02-15 18:26:24.890 DEBUG 1091321 --- [nio-8881-exec-7] o.s.s.p.JdbcUserDetailsManager           : Query returned no results for user 'abc@test.com'
?[0m?[0;34m2023-02-15 18:26:24.950 DEBUG 1091321 --- [nio-8881-exec-7] o.s.s.a.dao.DaoAuthenticationProvider    : Failed to find user 'abc@test.com'
?[0m?[0;34m2023-02-15 18:26:24.952 DEBUG 1091321 --- [nio-8881-exec-7] o.s.s.w.a.www.BasicAuthenticationFilter  : Failed to process authentication request
?[0m?[0;34m
?[0m?[0;34morg.springframework.security.authentication.BadCredentialsException: Bad credentials
?[0m?[0;34m	at org.springframework.security.authentication.dao.AbstractUserDetailsAuthenticationProvider.authenticate(AbstractUserDetailsAuthenticationProvider.java:141) ~[spring-security-core-5.5.3.jar:5.5.3]
?[0m?[0;34m	at org.springframework.security.authentication.ProviderManager.authenticate(ProviderManager.java:182) ~[spring-security-core-5.5.3.jar:5.5.3]
?[0m?[0;34m	at org.springframework.security.authentication.ProviderManager.authenticate(ProviderManager.java:201) ~[spring-security-core-5.5.3.jar:5.5.3]
?[0m?[0;34m	at org.springframework.security.web.authentication.www.BasicAuthenticationFilter.doFilterInternal(BasicAuthenticationFilter.java:155) ~[spring-security-web-5.5.3.jar:5.5.3]
?[0m?[0;34m	at org.springframework.web.filter.OncePerRequestFilter.doFilter(OncePerRequestFilter.java:119) ~[spring-web-5.3.12.jar:5.3.12]
?[0m?[0;34m	at org.springframework.security.web.FilterChainProxy$VirtualFilterChain.doFilter(FilterChainProxy.java:336) ~[spring-security-web-5.5.3.jar:5.5.3]
?[0m?[0;34m	at org.springframework.security.web.authentication.logout.LogoutFilter.doFilter(LogoutFilter.java:103) ~[spring-security-web-5.5.3.jar:5.5.3]
?[0m?[0;34m	at org.springframework.security.web.authentication.logout.LogoutFilter.doFilter(LogoutFilter.java:89) ~[spring-security-web-5.5.3.jar:5.5.3]
?[0m?[0;34m	at org.springframework.security.web.FilterChainProxy$VirtualFilterChain.doFilter(FilterChainProxy.java:336) ~[spring-security-web-5.5.3.jar:5.5.3]
?[0m?[0;34m	at org.springframework.security.web.header.HeaderWriterFilter.doHeadersAfter(HeaderWriterFilter.java:90) ~[spring-security-web-5.5.3.jar:5.5.3]
?[0m?[0;34m	at org.springframework.security.web.header.HeaderWriterFilter.doFilterInternal(HeaderWriterFilter.java:75) ~[spring-security-web-5.5.3.jar:5.5.3]
?[0m?[0;34m	at org.springframework.web.filter.OncePerRequestFilter.doFilter(OncePerRequestFilter.java:119) ~[spring-web-5.3.12.jar:5.3.12]
?[0m?[0;34m	at org.springframework.security.web.FilterChainProxy$VirtualFilterChain.doFilter(FilterChainProxy.java:336) ~[spring-security-web-5.5.3.jar:5.5.3]
?[0m?[0;34m	at org.springframework.security.web.context.SecurityContextPersistenceFilter.doFilter(SecurityContextPersistenceFilter.java:110) ~[spring-security-web-5.5.3.jar:5.5.3]
?[0m?[0;34m	at org.springframework.security.web.context.SecurityContextPersistenceFilter.doFilter(SecurityContextPersistenceFilter.java:80) ~[spring-security-web-5.5.3.jar:5.5.3]
?[0m?[0;34m	at org.springframework.security.web.FilterChainProxy$VirtualFilterChain.doFilter(FilterChainProxy.java:336) ~[spring-security-web-5.5.3.jar:5.5.3]
?[0m?[0;34m	at org.springframework.security.web.context.request.async.WebAsyncManagerIntegrationFilter.doFilterInternal(WebAsyncManagerIntegrationFilter.java:55) ~[spring-security-web-5.5.3.jar:5.5.3]
?[0m?[0;34m	at org.springframework.web.filter.OncePerRequestFilter.doFilter(OncePerRequestFilter.java:119) ~[spring-web-5.3.12.jar:5.3.12]
?[0m?[0;34m	at org.springframework.security.web.FilterChainProxy$VirtualFilterChain.doFilter(FilterChainProxy.java:336) ~[spring-security-web-5.5.3.jar:5.5.3]
?[0m?[0;34m	at org.springframework.security.web.FilterChainProxy.doFilterInternal(FilterChainProxy.java:211) ~[spring-security-web-5.5.3.jar:5.5.3]
?[0m?[0;34m	at org.springframework.security.web.FilterChainProxy.doFilter(FilterChainProxy.java:183) ~[spring-security-web-5.5.3.jar:5.5.3]
?[0m?[0;34m	at org.springframework.web.filter.DelegatingFilterProxy.invokeDelegate(DelegatingFilterProxy.java:358) ~[spring-web-5.3.12.jar:5.3.12]
?[0m?[0;34m	at org.springframework.web.filter.DelegatingFilterProxy.doFilter(DelegatingFilterProxy.java:271) ~[spring-web-5.3.12.jar:5.3.12]
?[0m?[0;34m	at jdk.internal.reflect.GeneratedMethodAccessor56.invoke(Unknown Source) ~[na:na]
?[0m?[0;34m	at java.base/jdk.internal.reflect.DelegatingMethodAccessorImpl.invoke(DelegatingMethodAccessorImpl.java:43) ~[na:na]
?[0m?[0;34m	at java.base/java.lang.reflect.Method.invoke(Method.java:568) ~[na:na]
?[0m?[0;34m	at org.apache.catalina.security.SecurityUtil.lambda$execute$0(SecurityUtil.java:280) ~[tomcat-embed-core-9.0.54.jar:9.0.54]
?[0m?[0;34m	at java.base/java.security.AccessController.doPrivileged(AccessController.java:712) ~[na:na]
?[0m?[0;34m	at java.base/javax.security.auth.Subject.doAsPrivileged(Subject.java:584) ~[na:na]
?[0m?[0;34m	at org.apache.catalina.security.SecurityUtil.execute(SecurityUtil.java:311) ~[tomcat-embed-core-9.0.54.jar:9.0.54]
?[0m?[0;34m	at org.apache.catalina.security.SecurityUtil.doAsPrivilege(SecurityUtil.java:253) ~[tomcat-embed-core-9.0.54.jar:9.0.54]
?[0m?[0;34m	at org.apache.catalina.core.ApplicationFilterChain.internalDoFilter(ApplicationFilterChain.java:187) ~[tomcat-embed-core-9.0.54.jar:9.0.54]
?[0m?[0;34m	at org.apache.catalina.core.ApplicationFilterChain.lambda$doFilter$0(ApplicationFilterChain.java:145) ~[tomcat-embed-core-9.0.54.jar:9.0.54]
?[0m?[0;34m	at java.base/java.security.AccessController.doPrivileged(AccessController.java:569) ~[na:na]
?[0m?[0;34m	at org.apache.catalina.core.ApplicationFilterChain.doFilter(ApplicationFilterChain.java:143) ~[tomcat-embed-core-9.0.54.jar:9.0.54]
?[0m?[0;34m	at org.springframework.web.filter.RequestContextFilter.doFilterInternal(RequestContextFilter.java:100) ~[spring-web-5.3.12.jar:5.3.12]
?[0m?[0;34m	at org.springframework.web.filter.OncePerRequestFilter.doFilter(OncePerRequestFilter.java:119) ~[spring-web-5.3.12.jar:5.3.12]
?[0m?[0;34m	at jdk.internal.reflect.GeneratedMethodAccessor56.invoke(Unknown Source) ~[na:na]
?[0m?[0;34m	at java.base/jdk.internal.reflect.DelegatingMethodAccessorImpl.invoke(DelegatingMethodAccessorImpl.java:43) ~[na:na]
?[0m?[0;34m	at java.base/java.lang.reflect.Method.invoke(Method.java:568) ~[na:na]
?[0m?[0;34m	at org.apache.catalina.security.SecurityUtil.lambda$execute$0(SecurityUtil.java:280) ~[tomcat-embed-core-9.0.54.jar:9.0.54]
?[0m?[0;34m	at java.base/java.security.AccessController.doPrivileged(AccessController.java:712) ~[na:na]
?[0m?[0;34m	at java.base/javax.security.auth.Subject.doAsPrivileged(Subject.java:584) ~[na:na]
?[0m?[0;34m	at org.apache.catalina.security.SecurityUtil.execute(SecurityUtil.java:311) ~[tomcat-embed-core-9.0.54.jar:9.0.54]
?[0m?[0;34m	at org.apache.catalina.security.SecurityUtil.doAsPrivilege(SecurityUtil.java:253) ~[tomcat-embed-core-9.0.54.jar:9.0.54]
?[0m?[0;34m	at org.apache.catalina.core.ApplicationFilterChain.internalDoFilter(ApplicationFilterChain.java:187) ~[tomcat-embed-core-9.0.54.jar:9.0.54]
?[0m?[0;34m	at org.apache.catalina.core.ApplicationFilterChain.lambda$doFilter$0(ApplicationFilterChain.java:145) ~[tomcat-embed-core-9.0.54.jar:9.0.54]
?[0m?[0;34m	at java.base/java.security.AccessController.doPrivileged(AccessController.java:569) ~[na:na]
?[0m?[0;34m	at org.apache.catalina.core.ApplicationFilterChain.doFilter(ApplicationFilterChain.java:143) ~[tomcat-embed-core-9.0.54.jar:9.0.54]
?[0m?[0;34m	at org.springframework.web.filter.FormContentFilter.doFilterInternal(FormContentFilter.java:93) ~[spring-web-5.3.12.jar:5.3.12]
?[0m?[0;34m	at org.springframework.web.filter.OncePerRequestFilter.doFilter(OncePerRequestFilter.java:119) ~[spring-web-5.3.12.jar:5.3.12]
?[0m?[0;34m	at jdk.internal.reflect.GeneratedMethodAccessor56.invoke(Unknown Source) ~[na:na]
?[0m?[0;34m	at java.base/jdk.internal.reflect.DelegatingMethodAccessorImpl.invoke(DelegatingMethodAccessorImpl.java:43) ~[na:na]
?[0m?[0;34m	at java.base/java.lang.reflect.Method.invoke(Method.java:568) ~[na:na]
?[0m?[0;34m	at org.apache.catalina.security.SecurityUtil.lambda$execute$0(SecurityUtil.java:280) ~[tomcat-embed-core-9.0.54.jar:9.0.54]
?[0m?[0;34m	at java.base/java.security.AccessController.doPrivileged(AccessController.java:712) ~[na:na]
?[0m?[0;34m	at java.base/javax.security.auth.Subject.doAsPrivileged(Subject.java:584) ~[na:na]
?[0m?[0;34m	at org.apache.catalina.security.SecurityUtil.execute(SecurityUtil.java:311) ~[tomcat-embed-core-9.0.54.jar:9.0.54]
?[0m?[0;34m	at org.apache.catalina.security.SecurityUtil.doAsPrivilege(SecurityUtil.java:253) ~[tomcat-embed-core-9.0.54.jar:9.0.54]
?[0m?[0;34m	at org.apache.catalina.core.ApplicationFilterChain.internalDoFilter(ApplicationFilterChain.java:187) ~[tomcat-embed-core-9.0.54.jar:9.0.54]
?[0m?[0;34m	at org.apache.catalina.core.ApplicationFilterChain.lambda$doFilter$0(ApplicationFilterChain.java:145) ~[tomcat-embed-core-9.0.54.jar:9.0.54]
?[0m?[0;34m	at java.base/java.security.AccessController.doPrivileged(AccessController.java:569) ~[na:na]
?[0m?[0;34m	at org.apache.catalina.core.ApplicationFilterChain.doFilter(ApplicationFilterChain.java:143) ~[tomcat-embed-core-9.0.54.jar:9.0.54]
?[0m?[0;34m	at org.springframework.boot.actuate.metrics.web.servlet.WebMvcMetricsFilter.doFilterInternal(WebMvcMetricsFilter.java:96) ~[spring-boot-actuator-2.5.6.jar:2.5.6]
?[0m?[0;34m	at org.springframework.web.filter.OncePerRequestFilter.doFilter(OncePerRequestFilter.java:119) ~[spring-web-5.3.12.jar:5.3.12]
?[0m?[0;34m	at jdk.internal.reflect.GeneratedMethodAccessor56.invoke(Unknown Source) ~[na:na]
?[0m?[0;34m	at java.base/jdk.internal.reflect.DelegatingMethodAccessorImpl.invoke(DelegatingMethodAccessorImpl.java:43) ~[na:na]
?[0m?[0;34m	at java.base/java.lang.reflect.Method.invoke(Method.java:568) ~[na:na]
?[0m?[0;34m	at org.apache.catalina.security.SecurityUtil.lambda$execute$0(SecurityUtil.java:280) ~[tomcat-embed-core-9.0.54.jar:9.0.54]
?[0m?[0;34m	at java.base/java.security.AccessController.doPrivileged(AccessController.java:712) ~[na:na]
?[0m?[0;34m	at java.base/javax.security.auth.Subject.doAsPrivileged(Subject.java:584) ~[na:na]
?[0m?[0;34m	at org.apache.catalina.security.SecurityUtil.execute(SecurityUtil.java:311) ~[tomcat-embed-core-9.0.54.jar:9.0.54]
?[0m?[0;34m	at org.apache.catalina.security.SecurityUtil.doAsPrivilege(SecurityUtil.java:253) ~[tomcat-embed-core-9.0.54.jar:9.0.54]
?[0m?[0;34m	at org.apache.catalina.core.ApplicationFilterChain.internalDoFilter(ApplicationFilterChain.java:187) ~[tomcat-embed-core-9.0.54.jar:9.0.54]
?[0m?[0;34m	at org.apache.catalina.core.ApplicationFilterChain.lambda$doFilter$0(ApplicationFilterChain.java:145) ~[tomcat-embed-core-9.0.54.jar:9.0.54]
?[0m?[0;34m	at java.base/java.security.AccessController.doPrivileged(AccessController.java:569) ~[na:na]
?[0m?[0;34m	at org.apache.catalina.core.ApplicationFilterChain.doFilter(ApplicationFilterChain.java:143) ~[tomcat-embed-core-9.0.54.jar:9.0.54]
?[0m?[0;34m	at org.springframework.web.filter.CharacterEncodingFilter.doFilterInternal(CharacterEncodingFilter.java:201) ~[spring-web-5.3.12.jar:5.3.12]
?[0m?[0;34m	at org.springframework.web.filter.OncePerRequestFilter.doFilter(OncePerRequestFilter.java:119) ~[spring-web-5.3.12.jar:5.3.12]
?[0m?[0;34m	at jdk.internal.reflect.GeneratedMethodAccessor56.invoke(Unknown Source) ~[na:na]
?[0m?[0;34m	at java.base/jdk.internal.reflect.DelegatingMethodAccessorImpl.invoke(DelegatingMethodAccessorImpl.java:43) ~[na:na]
?[0m?[0;34m	at java.base/java.lang.reflect.Method.invoke(Method.java:568) ~[na:na]
?[0m?[0;34m	at org.apache.catalina.security.SecurityUtil.lambda$execute$0(SecurityUtil.java:280) ~[tomcat-embed-core-9.0.54.jar:9.0.54]
?[0m?[0;34m	at java.base/java.security.AccessController.doPrivileged(AccessController.java:712) ~[na:na]
?[0m?[0;34m	at java.base/javax.security.auth.Subject.doAsPrivileged(Subject.java:584) ~[na:na]
?[0m?[0;34m	at org.apache.catalina.security.SecurityUtil.execute(SecurityUtil.java:311) ~[tomcat-embed-core-9.0.54.jar:9.0.54]
?[0m?[0;34m	at org.apache.catalina.security.SecurityUtil.doAsPrivilege(SecurityUtil.java:253) ~[tomcat-embed-core-9.0.54.jar:9.0.54]
?[0m?[0;34m	at org.apache.catalina.core.ApplicationFilterChain.internalDoFilter(ApplicationFilterChain.java:187) ~[tomcat-embed-core-9.0.54.jar:9.0.54]
?[0m?[0;34m	at org.apache.catalina.core.ApplicationFilterChain.lambda$doFilter$0(ApplicationFilterChain.java:145) ~[tomcat-embed-core-9.0.54.jar:9.0.54]
?[0m?[0;34m	at java.base/java.security.AccessController.doPrivileged(AccessController.java:569) ~[na:na]
?[0m?[0;34m	at org.apache.catalina.core.ApplicationFilterChain.doFilter(ApplicationFilterChain.java:143) ~[tomcat-embed-core-9.0.54.jar:9.0.54]
?[0m?[0;34m	at org.apache.catalina.core.StandardWrapperValve.invoke(StandardWrapperValve.java:197) ~[tomcat-embed-core-9.0.54.jar:9.0.54]
?[0m?[0;34m	at org.apache.catalina.core.StandardContextValve.invoke(StandardContextValve.java:97) ~[tomcat-embed-core-9.0.54.jar:9.0.54]
?[0m?[0;34m	at org.apache.catalina.authenticator.AuthenticatorBase.invoke(AuthenticatorBase.java:540) ~[tomcat-embed-core-9.0.54.jar:9.0.54]
?[0m?[0;34m	at org.apache.catalina.core.StandardHostValve.invoke(StandardHostValve.java:135) ~[tomcat-embed-core-9.0.54.jar:9.0.54]
?[0m?[0;34m	at org.apache.catalina.valves.ErrorReportValve.invoke(ErrorReportValve.java:92) ~[tomcat-embed-core-9.0.54.jar:9.0.54]
?[0m?[0;34m	at org.apache.catalina.core.StandardEngineValve.invoke(StandardEngineValve.java:78) ~[tomcat-embed-core-9.0.54.jar:9.0.54]
?[0m?[0;34m	at org.apache.catalina.connector.CoyoteAdapter.service(CoyoteAdapter.java:357) ~[tomcat-embed-core-9.0.54.jar:9.0.54]
?[0m?[0;34m	at org.apache.coyote.http11.Http11Processor.service(Http11Processor.java:382) ~[tomcat-embed-core-9.0.54.jar:9.0.54]
?[0m?[0;34m	at org.apache.coyote.AbstractProcessorLight.process(AbstractProcessorLight.java:65) ~[tomcat-embed-core-9.0.54.jar:9.0.54]
?[0m?[0;34m	at org.apache.coyote.AbstractProtocol$ConnectionHandler.process(AbstractProtocol.java:895) ~[tomcat-embed-core-9.0.54.jar:9.0.54]
?[0m?[0;34m	at org.apache.tomcat.util.net.NioEndpoint$SocketProcessor.doRun(NioEndpoint.java:1722) ~[tomcat-embed-core-9.0.54.jar:9.0.54]
?[0m?[0;34m	at org.apache.tomcat.util.net.SocketProcessorBase.run(SocketProcessorBase.java:49) ~[tomcat-embed-core-9.0.54.jar:9.0.54]
?[0m?[0;34m	at org.apache.tomcat.util.threads.ThreadPoolExecutor.runWorker(ThreadPoolExecutor.java:1191) ~[tomcat-embed-core-9.0.54.jar:9.0.54]
?[0m?[0;34m	at org.apache.tomcat.util.threads.ThreadPoolExecutor$Worker.run(ThreadPoolExecutor.java:659) ~[tomcat-embed-core-9.0.54.jar:9.0.54]
?[0m?[0;34m	at org.apache.tomcat.util.threads.TaskThread$WrappingRunnable.run(TaskThread.java:61) ~[tomcat-embed-core-9.0.54.jar:9.0.54]
?[0m?[0;34m	at java.base/java.lang.Thread.run(Thread.java:833) ~[na:na]
?[0m?[0;34m
?[0m?[0;34m2023-02-15 18:26:24.953 DEBUG 1091321 --- [nio-8881-exec-7] s.w.a.DelegatingAuthenticationEntryPoint : Trying to match using RequestHeaderRequestMatcher [expectedHeaderName=X-Requested-With, expectedHeaderValue=XMLHttpRequest]
?[0m?[0;34m2023-02-15 18:26:24.954 DEBUG 1091321 --- [nio-8881-exec-7] s.w.a.DelegatingAuthenticationEntryPoint : No match found. Using default entry point org.springframework.security.web.authentication.www.BasicAuthenticationEntryPoint@49f52a3c
?[0m?[0;34m2023-02-15 18:26:24.954 DEBUG 1091321 --- [nio-8881-exec-7] w.c.HttpSessionSecurityContextRepository : Did not store empty SecurityContext
?[0m?[0;34m2023-02-15 18:26:24.954 DEBUG 1091321 --- [nio-8881-exec-7] w.c.HttpSessionSecurityContextRepository : Did not store empty SecurityContext
?[0m?[0;34m2023-02-15 18:26:24.954 DEBUG 1091321 --- [nio-8881-exec-7] s.s.w.c.SecurityContextPersistenceFilter : Cleared SecurityContextHolder to complete request
?[0m?[0;34m2023-02-15 18:26:24.954 DEBUG 1091321 --- [nio-8881-exec-7] o.s.security.web.FilterChainProxy        : Securing POST /error
?[0m?[0;34m2023-02-15 18:26:24.954 DEBUG 1091321 --- [nio-8881-exec-7] s.s.w.c.SecurityContextPersistenceFilter : Set SecurityContextHolder to empty SecurityContext
?[0m?[0;34m2023-02-15 18:26:24.954 DEBUG 1091321 --- [nio-8881-exec-7] o.s.s.w.a.AnonymousAuthenticationFilter  : Set SecurityContextHolder to anonymous SecurityContext
?[0m?[0;34m2023-02-15 18:26:24.955 DEBUG 1091321 --- [nio-8881-exec-7] o.s.s.w.a.i.FilterSecurityInterceptor    : Authorized filter invocation [POST /error] with attributes [permitAll]
?[0m?[0;34m2023-02-15 18:26:24.955 DEBUG 1091321 --- [nio-8881-exec-7] o.s.security.web.FilterChainProxy        : Secured POST /error
?[0m?[0;34m2023-02-15 18:26:24.957 DEBUG 1091321 --- [nio-8881-exec-7] w.c.HttpSessionSecurityContextRepository : Did not store anonymous SecurityContext
?[0m?[0;34m2023-02-15 18:26:24.957 DEBUG 1091321 --- [nio-8881-exec-7] w.c.HttpSessionSecurityContextRepository : Did not store anonymous SecurityContext
?[0m?[0;34m2023-02-15 18:26:24.957 DEBUG 1091321 --- [nio-8881-exec-7] s.s.w.c.SecurityContextPersistenceFilter : Cleared SecurityContextHolder to complete request
?[1;31m
Start test 71?[0m
?[0;34m2023-02-15 18:26:24.962 DEBUG 1091321 --- [nio-8881-exec-8] o.s.security.web.FilterChainProxy        : Securing GET /api/recipe/1
?[0m?[0;34m2023-02-15 18:26:24.962 DEBUG 1091321 --- [nio-8881-exec-8] s.s.w.c.SecurityContextPersistenceFilter : Set SecurityContextHolder to empty SecurityContext
?[0m?[0;34m2023-02-15 18:26:24.962 DEBUG 1091321 --- [nio-8881-exec-8] o.s.s.p.JdbcUserDetailsManager           : Query returned no results for user 'abc@test.com'
?[0m?[0;34m2023-02-15 18:26:25.020 DEBUG 1091321 --- [nio-8881-exec-8] o.s.s.a.dao.DaoAuthenticationProvider    : Failed to find user 'abc@test.com'
?[0m?[0;34m2023-02-15 18:26:25.021 DEBUG 1091321 --- [nio-8881-exec-8] o.s.s.w.a.www.BasicAuthenticationFilter  : Failed to process authentication request
?[0m?[0;34m
?[0m?[0;34morg.springframework.security.authentication.BadCredentialsException: Bad credentials
?[0m?[0;34m	at org.springframework.security.authentication.dao.AbstractUserDetailsAuthenticationProvider.authenticate(AbstractUserDetailsAuthenticationProvider.java:141) ~[spring-security-core-5.5.3.jar:5.5.3]
?[0m?[0;34m	at org.springframework.security.authentication.ProviderManager.authenticate(ProviderManager.java:182) ~[spring-security-core-5.5.3.jar:5.5.3]
?[0m?[0;34m	at org.springframework.security.authentication.ProviderManager.authenticate(ProviderManager.java:201) ~[spring-security-core-5.5.3.jar:5.5.3]
?[0m?[0;34m	at org.springframework.security.web.authentication.www.BasicAuthenticationFilter.doFilterInternal(BasicAuthenticationFilter.java:155) ~[spring-security-web-5.5.3.jar:5.5.3]
?[0m?[0;34m	at org.springframework.web.filter.OncePerRequestFilter.doFilter(OncePerRequestFilter.java:119) ~[spring-web-5.3.12.jar:5.3.12]
?[0m?[0;34m	at org.springframework.security.web.FilterChainProxy$VirtualFilterChain.doFilter(FilterChainProxy.java:336) ~[spring-security-web-5.5.3.jar:5.5.3]
?[0m?[0;34m	at org.springframework.security.web.authentication.logout.LogoutFilter.doFilter(LogoutFilter.java:103) ~[spring-security-web-5.5.3.jar:5.5.3]
?[0m?[0;34m	at org.springframework.security.web.authentication.logout.LogoutFilter.doFilter(LogoutFilter.java:89) ~[spring-security-web-5.5.3.jar:5.5.3]
?[0m?[0;34m	at org.springframework.security.web.FilterChainProxy$VirtualFilterChain.doFilter(FilterChainProxy.java:336) ~[spring-security-web-5.5.3.jar:5.5.3]
?[0m?[0;34m	at org.springframework.security.web.header.HeaderWriterFilter.doHeadersAfter(HeaderWriterFilter.java:90) ~[spring-security-web-5.5.3.jar:5.5.3]
?[0m?[0;34m	at org.springframework.security.web.header.HeaderWriterFilter.doFilterInternal(HeaderWriterFilter.java:75) ~[spring-security-web-5.5.3.jar:5.5.3]
?[0m?[0;34m	at org.springframework.web.filter.OncePerRequestFilter.doFilter(OncePerRequestFilter.java:119) ~[spring-web-5.3.12.jar:5.3.12]
?[0m?[0;34m	at org.springframework.security.web.FilterChainProxy$VirtualFilterChain.doFilter(FilterChainProxy.java:336) ~[spring-security-web-5.5.3.jar:5.5.3]
?[0m?[0;34m	at org.springframework.security.web.context.SecurityContextPersistenceFilter.doFilter(SecurityContextPersistenceFilter.java:110) ~[spring-security-web-5.5.3.jar:5.5.3]
?[0m?[0;34m	at org.springframework.security.web.context.SecurityContextPersistenceFilter.doFilter(SecurityContextPersistenceFilter.java:80) ~[spring-security-web-5.5.3.jar:5.5.3]
?[0m?[0;34m	at org.springframework.security.web.FilterChainProxy$VirtualFilterChain.doFilter(FilterChainProxy.java:336) ~[spring-security-web-5.5.3.jar:5.5.3]
?[0m?[0;34m	at org.springframework.security.web.context.request.async.WebAsyncManagerIntegrationFilter.doFilterInternal(WebAsyncManagerIntegrationFilter.java:55) ~[spring-security-web-5.5.3.jar:5.5.3]
?[0m?[0;34m	at org.springframework.web.filter.OncePerRequestFilter.doFilter(OncePerRequestFilter.java:119) ~[spring-web-5.3.12.jar:5.3.12]
?[0m?[0;34m	at org.springframework.security.web.FilterChainProxy$VirtualFilterChain.doFilter(FilterChainProxy.java:336) ~[spring-security-web-5.5.3.jar:5.5.3]
?[0m?[0;34m	at org.springframework.security.web.FilterChainProxy.doFilterInternal(FilterChainProxy.java:211) ~[spring-security-web-5.5.3.jar:5.5.3]
?[0m?[0;34m	at org.springframework.security.web.FilterChainProxy.doFilter(FilterChainProxy.java:183) ~[spring-security-web-5.5.3.jar:5.5.3]
?[0m?[0;34m	at org.springframework.web.filter.DelegatingFilterProxy.invokeDelegate(DelegatingFilterProxy.java:358) ~[spring-web-5.3.12.jar:5.3.12]
?[0m?[0;34m	at org.springframework.web.filter.DelegatingFilterProxy.doFilter(DelegatingFilterProxy.java:271) ~[spring-web-5.3.12.jar:5.3.12]
?[0m?[0;34m	at jdk.internal.reflect.GeneratedMethodAccessor56.invoke(Unknown Source) ~[na:na]
?[0m?[0;34m	at java.base/jdk.internal.reflect.DelegatingMethodAccessorImpl.invoke(DelegatingMethodAccessorImpl.java:43) ~[na:na]
?[0m?[0;34m	at java.base/java.lang.reflect.Method.invoke(Method.java:568) ~[na:na]
?[0m?[0;34m	at org.apache.catalina.security.SecurityUtil.lambda$execute$0(SecurityUtil.java:280) ~[tomcat-embed-core-9.0.54.jar:9.0.54]
?[0m?[0;34m	at java.base/java.security.AccessController.doPrivileged(AccessController.java:712) ~[na:na]
?[0m?[0;34m	at java.base/javax.security.auth.Subject.doAsPrivileged(Subject.java:584) ~[na:na]
?[0m?[0;34m	at org.apache.catalina.security.SecurityUtil.execute(SecurityUtil.java:311) ~[tomcat-embed-core-9.0.54.jar:9.0.54]
?[0m?[0;34m	at org.apache.catalina.security.SecurityUtil.doAsPrivilege(SecurityUtil.java:253) ~[tomcat-embed-core-9.0.54.jar:9.0.54]
?[0m?[0;34m	at org.apache.catalina.core.ApplicationFilterChain.internalDoFilter(ApplicationFilterChain.java:187) ~[tomcat-embed-core-9.0.54.jar:9.0.54]
?[0m?[0;34m	at org.apache.catalina.core.ApplicationFilterChain.lambda$doFilter$0(ApplicationFilterChain.java:145) ~[tomcat-embed-core-9.0.54.jar:9.0.54]
?[0m?[0;34m	at java.base/java.security.AccessController.doPrivileged(AccessController.java:569) ~[na:na]
?[0m?[0;34m	at org.apache.catalina.core.ApplicationFilterChain.doFilter(ApplicationFilterChain.java:143) ~[tomcat-embed-core-9.0.54.jar:9.0.54]
?[0m?[0;34m	at org.springframework.web.filter.RequestContextFilter.doFilterInternal(RequestContextFilter.java:100) ~[spring-web-5.3.12.jar:5.3.12]
?[0m?[0;34m	at org.springframework.web.filter.OncePerRequestFilter.doFilter(OncePerRequestFilter.java:119) ~[spring-web-5.3.12.jar:5.3.12]
?[0m?[0;34m	at jdk.internal.reflect.GeneratedMethodAccessor56.invoke(Unknown Source) ~[na:na]
?[0m?[0;34m	at java.base/jdk.internal.reflect.DelegatingMethodAccessorImpl.invoke(DelegatingMethodAccessorImpl.java:43) ~[na:na]
?[0m?[0;34m	at java.base/java.lang.reflect.Method.invoke(Method.java:568) ~[na:na]
?[0m?[0;34m	at org.apache.catalina.security.SecurityUtil.lambda$execute$0(SecurityUtil.java:280) ~[tomcat-embed-core-9.0.54.jar:9.0.54]
?[0m?[0;34m	at java.base/java.security.AccessController.doPrivileged(AccessController.java:712) ~[na:na]
?[0m?[0;34m	at java.base/javax.security.auth.Subject.doAsPrivileged(Subject.java:584) ~[na:na]
?[0m?[0;34m	at org.apache.catalina.security.SecurityUtil.execute(SecurityUtil.java:311) ~[tomcat-embed-core-9.0.54.jar:9.0.54]
?[0m?[0;34m	at org.apache.catalina.security.SecurityUtil.doAsPrivilege(SecurityUtil.java:253) ~[tomcat-embed-core-9.0.54.jar:9.0.54]
?[0m?[0;34m	at org.apache.catalina.core.ApplicationFilterChain.internalDoFilter(ApplicationFilterChain.java:187) ~[tomcat-embed-core-9.0.54.jar:9.0.54]
?[0m?[0;34m	at org.apache.catalina.core.ApplicationFilterChain.lambda$doFilter$0(ApplicationFilterChain.java:145) ~[tomcat-embed-core-9.0.54.jar:9.0.54]
?[0m?[0;34m	at java.base/java.security.AccessController.doPrivileged(AccessController.java:569) ~[na:na]
?[0m?[0;34m	at org.apache.catalina.core.ApplicationFilterChain.doFilter(ApplicationFilterChain.java:143) ~[tomcat-embed-core-9.0.54.jar:9.0.54]
?[0m?[0;34m	at org.springframework.web.filter.FormContentFilter.doFilterInternal(FormContentFilter.java:93) ~[spring-web-5.3.12.jar:5.3.12]
?[0m?[0;34m	at org.springframework.web.filter.OncePerRequestFilter.doFilter(OncePerRequestFilter.java:119) ~[spring-web-5.3.12.jar:5.3.12]
?[0m?[0;34m	at jdk.internal.reflect.GeneratedMethodAccessor56.invoke(Unknown Source) ~[na:na]
?[0m?[0;34m	at java.base/jdk.internal.reflect.DelegatingMethodAccessorImpl.invoke(DelegatingMethodAccessorImpl.java:43) ~[na:na]
?[0m?[0;34m	at java.base/java.lang.reflect.Method.invoke(Method.java:568) ~[na:na]
?[0m?[0;34m	at org.apache.catalina.security.SecurityUtil.lambda$execute$0(SecurityUtil.java:280) ~[tomcat-embed-core-9.0.54.jar:9.0.54]
?[0m?[0;34m	at java.base/java.security.AccessController.doPrivileged(AccessController.java:712) ~[na:na]
?[0m?[0;34m	at java.base/javax.security.auth.Subject.doAsPrivileged(Subject.java:584) ~[na:na]
?[0m?[0;34m	at org.apache.catalina.security.SecurityUtil.execute(SecurityUtil.java:311) ~[tomcat-embed-core-9.0.54.jar:9.0.54]
?[0m?[0;34m	at org.apache.catalina.security.SecurityUtil.doAsPrivilege(SecurityUtil.java:253) ~[tomcat-embed-core-9.0.54.jar:9.0.54]
?[0m?[0;34m	at org.apache.catalina.core.ApplicationFilterChain.internalDoFilter(ApplicationFilterChain.java:187) ~[tomcat-embed-core-9.0.54.jar:9.0.54]
?[0m?[0;34m	at org.apache.catalina.core.ApplicationFilterChain.lambda$doFilter$0(ApplicationFilterChain.java:145) ~[tomcat-embed-core-9.0.54.jar:9.0.54]
?[0m?[0;34m	at java.base/java.security.AccessController.doPrivileged(AccessController.java:569) ~[na:na]
?[0m?[0;34m	at org.apache.catalina.core.ApplicationFilterChain.doFilter(ApplicationFilterChain.java:143) ~[tomcat-embed-core-9.0.54.jar:9.0.54]
?[0m?[0;34m	at org.springframework.boot.actuate.metrics.web.servlet.WebMvcMetricsFilter.doFilterInternal(WebMvcMetricsFilter.java:96) ~[spring-boot-actuator-2.5.6.jar:2.5.6]
?[0m?[0;34m	at org.springframework.web.filter.OncePerRequestFilter.doFilter(OncePerRequestFilter.java:119) ~[spring-web-5.3.12.jar:5.3.12]
?[0m?[0;34m	at jdk.internal.reflect.GeneratedMethodAccessor56.invoke(Unknown Source) ~[na:na]
?[0m?[0;34m	at java.base/jdk.internal.reflect.DelegatingMethodAccessorImpl.invoke(DelegatingMethodAccessorImpl.java:43) ~[na:na]
?[0m?[0;34m	at java.base/java.lang.reflect.Method.invoke(Method.java:568) ~[na:na]
?[0m?[0;34m	at org.apache.catalina.security.SecurityUtil.lambda$execute$0(SecurityUtil.java:280) ~[tomcat-embed-core-9.0.54.jar:9.0.54]
?[0m?[0;34m	at java.base/java.security.AccessController.doPrivileged(AccessController.java:712) ~[na:na]
?[0m?[0;34m	at java.base/javax.security.auth.Subject.doAsPrivileged(Subject.java:584) ~[na:na]
?[0m?[0;34m	at org.apache.catalina.security.SecurityUtil.execute(SecurityUtil.java:311) ~[tomcat-embed-core-9.0.54.jar:9.0.54]
?[0m?[0;34m	at org.apache.catalina.security.SecurityUtil.doAsPrivilege(SecurityUtil.java:253) ~[tomcat-embed-core-9.0.54.jar:9.0.54]
?[0m?[0;34m	at org.apache.catalina.core.ApplicationFilterChain.internalDoFilter(ApplicationFilterChain.java:187) ~[tomcat-embed-core-9.0.54.jar:9.0.54]
?[0m?[0;34m	at org.apache.catalina.core.ApplicationFilterChain.lambda$doFilter$0(ApplicationFilterChain.java:145) ~[tomcat-embed-core-9.0.54.jar:9.0.54]
?[0m?[0;34m	at java.base/java.security.AccessController.doPrivileged(AccessController.java:569) ~[na:na]
?[0m?[0;34m	at org.apache.catalina.core.ApplicationFilterChain.doFilter(ApplicationFilterChain.java:143) ~[tomcat-embed-core-9.0.54.jar:9.0.54]
?[0m?[0;34m	at org.springframework.web.filter.CharacterEncodingFilter.doFilterInternal(CharacterEncodingFilter.java:201) ~[spring-web-5.3.12.jar:5.3.12]
?[0m?[0;34m	at org.springframework.web.filter.OncePerRequestFilter.doFilter(OncePerRequestFilter.java:119) ~[spring-web-5.3.12.jar:5.3.12]
?[0m?[0;34m	at jdk.internal.reflect.GeneratedMethodAccessor56.invoke(Unknown Source) ~[na:na]
?[0m?[0;34m	at java.base/jdk.internal.reflect.DelegatingMethodAccessorImpl.invoke(DelegatingMethodAccessorImpl.java:43) ~[na:na]
?[0m?[0;34m	at java.base/java.lang.reflect.Method.invoke(Method.java:568) ~[na:na]
?[0m?[0;34m	at org.apache.catalina.security.SecurityUtil.lambda$execute$0(SecurityUtil.java:280) ~[tomcat-embed-core-9.0.54.jar:9.0.54]
?[0m?[0;34m	at java.base/java.security.AccessController.doPrivileged(AccessController.java:712) ~[na:na]
?[0m?[0;34m	at java.base/javax.security.auth.Subject.doAsPrivileged(Subject.java:584) ~[na:na]
?[0m?[0;34m	at org.apache.catalina.security.SecurityUtil.execute(SecurityUtil.java:311) ~[tomcat-embed-core-9.0.54.jar:9.0.54]
?[0m?[0;34m	at org.apache.catalina.security.SecurityUtil.doAsPrivilege(SecurityUtil.java:253) ~[tomcat-embed-core-9.0.54.jar:9.0.54]
?[0m?[0;34m	at org.apache.catalina.core.ApplicationFilterChain.internalDoFilter(ApplicationFilterChain.java:187) ~[tomcat-embed-core-9.0.54.jar:9.0.54]
?[0m?[0;34m	at org.apache.catalina.core.ApplicationFilterChain.lambda$doFilter$0(ApplicationFilterChain.java:145) ~[tomcat-embed-core-9.0.54.jar:9.0.54]
?[0m?[0;34m	at java.base/java.security.AccessController.doPrivileged(AccessController.java:569) ~[na:na]
?[0m?[0;34m	at org.apache.catalina.core.ApplicationFilterChain.doFilter(ApplicationFilterChain.java:143) ~[tomcat-embed-core-9.0.54.jar:9.0.54]
?[0m?[0;34m	at org.apache.catalina.core.StandardWrapperValve.invoke(StandardWrapperValve.java:197) ~[tomcat-embed-core-9.0.54.jar:9.0.54]
?[0m?[0;34m	at org.apache.catalina.core.StandardContextValve.invoke(StandardContextValve.java:97) ~[tomcat-embed-core-9.0.54.jar:9.0.54]
?[0m?[0;34m	at org.apache.catalina.authenticator.AuthenticatorBase.invoke(AuthenticatorBase.java:540) ~[tomcat-embed-core-9.0.54.jar:9.0.54]
?[0m?[0;34m	at org.apache.catalina.core.StandardHostValve.invoke(StandardHostValve.java:135) ~[tomcat-embed-core-9.0.54.jar:9.0.54]
?[0m?[0;34m	at org.apache.catalina.valves.ErrorReportValve.invoke(ErrorReportValve.java:92) ~[tomcat-embed-core-9.0.54.jar:9.0.54]
?[0m?[0;34m	at org.apache.catalina.core.StandardEngineValve.invoke(StandardEngineValve.java:78) ~[tomcat-embed-core-9.0.54.jar:9.0.54]
?[0m?[0;34m	at org.apache.catalina.connector.CoyoteAdapter.service(CoyoteAdapter.java:357) ~[tomcat-embed-core-9.0.54.jar:9.0.54]
?[0m?[0;34m	at org.apache.coyote.http11.Http11Processor.service(Http11Processor.java:382) ~[tomcat-embed-core-9.0.54.jar:9.0.54]
?[0m?[0;34m	at org.apache.coyote.AbstractProcessorLight.process(AbstractProcessorLight.java:65) ~[tomcat-embed-core-9.0.54.jar:9.0.54]
?[0m?[0;34m	at org.apache.coyote.AbstractProtocol$ConnectionHandler.process(AbstractProtocol.java:895) ~[tomcat-embed-core-9.0.54.jar:9.0.54]
?[0m?[0;34m	at org.apache.tomcat.util.net.NioEndpoint$SocketProcessor.doRun(NioEndpoint.java:1722) ~[tomcat-embed-core-9.0.54.jar:9.0.54]
?[0m?[0;34m	at org.apache.tomcat.util.net.SocketProcessorBase.run(SocketProcessorBase.java:49) ~[tomcat-embed-core-9.0.54.jar:9.0.54]
?[0m?[0;34m	at org.apache.tomcat.util.threads.ThreadPoolExecutor.runWorker(ThreadPoolExecutor.java:1191) ~[tomcat-embed-core-9.0.54.jar:9.0.54]
?[0m?[0;34m	at org.apache.tomcat.util.threads.ThreadPoolExecutor$Worker.run(ThreadPoolExecutor.java:659) ~[tomcat-embed-core-9.0.54.jar:9.0.54]
?[0m?[0;34m	at org.apache.tomcat.util.threads.TaskThread$WrappingRunnable.run(TaskThread.java:61) ~[tomcat-embed-core-9.0.54.jar:9.0.54]
?[0m?[0;34m	at java.base/java.lang.Thread.run(Thread.java:833) ~[na:na]
?[0m?[0;34m
?[0m?[0;34m2023-02-15 18:26:25.022 DEBUG 1091321 --- [nio-8881-exec-8] s.w.a.DelegatingAuthenticationEntryPoint : Trying to match using RequestHeaderRequestMatcher [expectedHeaderName=X-Requested-With, expectedHeaderValue=XMLHttpRequest]
?[0m?[0;34m2023-02-15 18:26:25.022 DEBUG 1091321 --- [nio-8881-exec-8] s.w.a.DelegatingAuthenticationEntryPoint : No match found. Using default entry point org.springframework.security.web.authentication.www.BasicAuthenticationEntryPoint@49f52a3c
?[0m?[0;34m2023-02-15 18:26:25.022 DEBUG 1091321 --- [nio-8881-exec-8] w.c.HttpSessionSecurityContextRepository : Did not store empty SecurityContext
?[0m?[0;34m2023-02-15 18:26:25.022 DEBUG 1091321 --- [nio-8881-exec-8] w.c.HttpSessionSecurityContextRepository : Did not store empty SecurityContext
?[0m?[0;34m2023-02-15 18:26:25.022 DEBUG 1091321 --- [nio-8881-exec-8] s.s.w.c.SecurityContextPersistenceFilter : Cleared SecurityContextHolder to complete request
?[0m?[0;34m2023-02-15 18:26:25.023 DEBUG 1091321 --- [nio-8881-exec-8] o.s.security.web.FilterChainProxy        : Securing GET /error
?[0m?[0;34m2023-02-15 18:26:25.023 DEBUG 1091321 --- [nio-8881-exec-8] s.s.w.c.SecurityContextPersistenceFilter : Set SecurityContextHolder to empty SecurityContext
?[0m?[0;34m2023-02-15 18:26:25.023 DEBUG 1091321 --- [nio-8881-exec-8] o.s.s.w.a.AnonymousAuthenticationFilter  : Set SecurityContextHolder to anonymous SecurityContext
?[0m?[0;34m2023-02-15 18:26:25.023 DEBUG 1091321 --- [nio-8881-exec-8] o.s.s.w.a.i.FilterSecurityInterceptor    : Authorized filter invocation [GET /error] with attributes [permitAll]
?[0m?[0;34m2023-02-15 18:26:25.023 DEBUG 1091321 --- [nio-8881-exec-8] o.s.security.web.FilterChainProxy        : Secured GET /error
?[0m?[0;34m2023-02-15 18:26:25.024 DEBUG 1091321 --- [nio-8881-exec-8] w.c.HttpSessionSecurityContextRepository : Did not store anonymous SecurityContext
?[0m?[0;34m2023-02-15 18:26:25.025 DEBUG 1091321 --- [nio-8881-exec-8] w.c.HttpSessionSecurityContextRepository : Did not store anonymous SecurityContext
?[0m?[0;34m2023-02-15 18:26:25.025 DEBUG 1091321 --- [nio-8881-exec-8] s.s.w.c.SecurityContextPersistenceFilter : Cleared SecurityContextHolder to complete request
?[1;31m
Start test 72?[0m
?[0;34m2023-02-15 18:26:25.029 DEBUG 1091321 --- [nio-8881-exec-9] o.s.security.web.FilterChainProxy        : Securing PUT /api/recipe/1
?[0m?[0;34m2023-02-15 18:26:25.029 DEBUG 1091321 --- [nio-8881-exec-9] s.s.w.c.SecurityContextPersistenceFilter : Set SecurityContextHolder to empty SecurityContext
?[0m?[0;34m2023-02-15 18:26:25.029 DEBUG 1091321 --- [nio-8881-exec-9] o.s.s.p.JdbcUserDetailsManager           : Query returned no results for user 'abc@test.com'
?[0m?[0;34m2023-02-15 18:26:25.085 DEBUG 1091321 --- [nio-8881-exec-9] o.s.s.a.dao.DaoAuthenticationProvider    : Failed to find user 'abc@test.com'
?[0m?[0;34m2023-02-15 18:26:25.086 DEBUG 1091321 --- [nio-8881-exec-9] o.s.s.w.a.www.BasicAuthenticationFilter  : Failed to process authentication request
?[0m?[0;34m
?[0m?[0;34morg.springframework.security.authentication.BadCredentialsException: Bad credentials
?[0m?[0;34m	at org.springframework.security.authentication.dao.AbstractUserDetailsAuthenticationProvider.authenticate(AbstractUserDetailsAuthenticationProvider.java:141) ~[spring-security-core-5.5.3.jar:5.5.3]
?[0m?[0;34m	at org.springframework.security.authentication.ProviderManager.authenticate(ProviderManager.java:182) ~[spring-security-core-5.5.3.jar:5.5.3]
?[0m?[0;34m	at org.springframework.security.authentication.ProviderManager.authenticate(ProviderManager.java:201) ~[spring-security-core-5.5.3.jar:5.5.3]
?[0m?[0;34m	at org.springframework.security.web.authentication.www.BasicAuthenticationFilter.doFilterInternal(BasicAuthenticationFilter.java:155) ~[spring-security-web-5.5.3.jar:5.5.3]
?[0m?[0;34m	at org.springframework.web.filter.OncePerRequestFilter.doFilter(OncePerRequestFilter.java:119) ~[spring-web-5.3.12.jar:5.3.12]
?[0m?[0;34m	at org.springframework.security.web.FilterChainProxy$VirtualFilterChain.doFilter(FilterChainProxy.java:336) ~[spring-security-web-5.5.3.jar:5.5.3]
?[0m?[0;34m	at org.springframework.security.web.authentication.logout.LogoutFilter.doFilter(LogoutFilter.java:103) ~[spring-security-web-5.5.3.jar:5.5.3]
?[0m?[0;34m	at org.springframework.security.web.authentication.logout.LogoutFilter.doFilter(LogoutFilter.java:89) ~[spring-security-web-5.5.3.jar:5.5.3]
?[0m?[0;34m	at org.springframework.security.web.FilterChainProxy$VirtualFilterChain.doFilter(FilterChainProxy.java:336) ~[spring-security-web-5.5.3.jar:5.5.3]
?[0m?[0;34m	at org.springframework.security.web.header.HeaderWriterFilter.doHeadersAfter(HeaderWriterFilter.java:90) ~[spring-security-web-5.5.3.jar:5.5.3]
?[0m?[0;34m	at org.springframework.security.web.header.HeaderWriterFilter.doFilterInternal(HeaderWriterFilter.java:75) ~[spring-security-web-5.5.3.jar:5.5.3]
?[0m?[0;34m	at org.springframework.web.filter.OncePerRequestFilter.doFilter(OncePerRequestFilter.java:119) ~[spring-web-5.3.12.jar:5.3.12]
?[0m?[0;34m	at org.springframework.security.web.FilterChainProxy$VirtualFilterChain.doFilter(FilterChainProxy.java:336) ~[spring-security-web-5.5.3.jar:5.5.3]
?[0m?[0;34m	at org.springframework.security.web.context.SecurityContextPersistenceFilter.doFilter(SecurityContextPersistenceFilter.java:110) ~[spring-security-web-5.5.3.jar:5.5.3]
?[0m?[0;34m	at org.springframework.security.web.context.SecurityContextPersistenceFilter.doFilter(SecurityContextPersistenceFilter.java:80) ~[spring-security-web-5.5.3.jar:5.5.3]
?[0m?[0;34m	at org.springframework.security.web.FilterChainProxy$VirtualFilterChain.doFilter(FilterChainProxy.java:336) ~[spring-security-web-5.5.3.jar:5.5.3]
?[0m?[0;34m	at org.springframework.security.web.context.request.async.WebAsyncManagerIntegrationFilter.doFilterInternal(WebAsyncManagerIntegrationFilter.java:55) ~[spring-security-web-5.5.3.jar:5.5.3]
?[0m?[0;34m	at org.springframework.web.filter.OncePerRequestFilter.doFilter(OncePerRequestFilter.java:119) ~[spring-web-5.3.12.jar:5.3.12]
?[0m?[0;34m	at org.springframework.security.web.FilterChainProxy$VirtualFilterChain.doFilter(FilterChainProxy.java:336) ~[spring-security-web-5.5.3.jar:5.5.3]
?[0m?[0;34m	at org.springframework.security.web.FilterChainProxy.doFilterInternal(FilterChainProxy.java:211) ~[spring-security-web-5.5.3.jar:5.5.3]
?[0m?[0;34m	at org.springframework.security.web.FilterChainProxy.doFilter(FilterChainProxy.java:183) ~[spring-security-web-5.5.3.jar:5.5.3]
?[0m?[0;34m	at org.springframework.web.filter.DelegatingFilterProxy.invokeDelegate(DelegatingFilterProxy.java:358) ~[spring-web-5.3.12.jar:5.3.12]
?[0m?[0;34m	at org.springframework.web.filter.DelegatingFilterProxy.doFilter(DelegatingFilterProxy.java:271) ~[spring-web-5.3.12.jar:5.3.12]
?[0m?[0;34m	at jdk.internal.reflect.GeneratedMethodAccessor56.invoke(Unknown Source) ~[na:na]
?[0m?[0;34m	at java.base/jdk.internal.reflect.DelegatingMethodAccessorImpl.invoke(DelegatingMethodAccessorImpl.java:43) ~[na:na]
?[0m?[0;34m	at java.base/java.lang.reflect.Method.invoke(Method.java:568) ~[na:na]
?[0m?[0;34m	at org.apache.catalina.security.SecurityUtil.lambda$execute$0(SecurityUtil.java:280) ~[tomcat-embed-core-9.0.54.jar:9.0.54]
?[0m?[0;34m	at java.base/java.security.AccessController.doPrivileged(AccessController.java:712) ~[na:na]
?[0m?[0;34m	at java.base/javax.security.auth.Subject.doAsPrivileged(Subject.java:584) ~[na:na]
?[0m?[0;34m	at org.apache.catalina.security.SecurityUtil.execute(SecurityUtil.java:311) ~[tomcat-embed-core-9.0.54.jar:9.0.54]
?[0m?[0;34m	at org.apache.catalina.security.SecurityUtil.doAsPrivilege(SecurityUtil.java:253) ~[tomcat-embed-core-9.0.54.jar:9.0.54]
?[0m?[0;34m	at org.apache.catalina.core.ApplicationFilterChain.internalDoFilter(ApplicationFilterChain.java:187) ~[tomcat-embed-core-9.0.54.jar:9.0.54]
?[0m?[0;34m	at org.apache.catalina.core.ApplicationFilterChain.lambda$doFilter$0(ApplicationFilterChain.java:145) ~[tomcat-embed-core-9.0.54.jar:9.0.54]
?[0m?[0;34m	at java.base/java.security.AccessController.doPrivileged(AccessController.java:569) ~[na:na]
?[0m?[0;34m	at org.apache.catalina.core.ApplicationFilterChain.doFilter(ApplicationFilterChain.java:143) ~[tomcat-embed-core-9.0.54.jar:9.0.54]
?[0m?[0;34m	at org.springframework.web.filter.RequestContextFilter.doFilterInternal(RequestContextFilter.java:100) ~[spring-web-5.3.12.jar:5.3.12]
?[0m?[0;34m	at org.springframework.web.filter.OncePerRequestFilter.doFilter(OncePerRequestFilter.java:119) ~[spring-web-5.3.12.jar:5.3.12]
?[0m?[0;34m	at jdk.internal.reflect.GeneratedMethodAccessor56.invoke(Unknown Source) ~[na:na]
?[0m?[0;34m	at java.base/jdk.internal.reflect.DelegatingMethodAccessorImpl.invoke(DelegatingMethodAccessorImpl.java:43) ~[na:na]
?[0m?[0;34m	at java.base/java.lang.reflect.Method.invoke(Method.java:568) ~[na:na]
?[0m?[0;34m	at org.apache.catalina.security.SecurityUtil.lambda$execute$0(SecurityUtil.java:280) ~[tomcat-embed-core-9.0.54.jar:9.0.54]
?[0m?[0;34m	at java.base/java.security.AccessController.doPrivileged(AccessController.java:712) ~[na:na]
?[0m?[0;34m	at java.base/javax.security.auth.Subject.doAsPrivileged(Subject.java:584) ~[na:na]
?[0m?[0;34m	at org.apache.catalina.security.SecurityUtil.execute(SecurityUtil.java:311) ~[tomcat-embed-core-9.0.54.jar:9.0.54]
?[0m?[0;34m	at org.apache.catalina.security.SecurityUtil.doAsPrivilege(SecurityUtil.java:253) ~[tomcat-embed-core-9.0.54.jar:9.0.54]
?[0m?[0;34m	at org.apache.catalina.core.ApplicationFilterChain.internalDoFilter(ApplicationFilterChain.java:187) ~[tomcat-embed-core-9.0.54.jar:9.0.54]
?[0m?[0;34m	at org.apache.catalina.core.ApplicationFilterChain.lambda$doFilter$0(ApplicationFilterChain.java:145) ~[tomcat-embed-core-9.0.54.jar:9.0.54]
?[0m?[0;34m	at java.base/java.security.AccessController.doPrivileged(AccessController.java:569) ~[na:na]
?[0m?[0;34m	at org.apache.catalina.core.ApplicationFilterChain.doFilter(ApplicationFilterChain.java:143) ~[tomcat-embed-core-9.0.54.jar:9.0.54]
?[0m?[0;34m	at org.springframework.web.filter.FormContentFilter.doFilterInternal(FormContentFilter.java:93) ~[spring-web-5.3.12.jar:5.3.12]
?[0m?[0;34m	at org.springframework.web.filter.OncePerRequestFilter.doFilter(OncePerRequestFilter.java:119) ~[spring-web-5.3.12.jar:5.3.12]
?[0m?[0;34m	at jdk.internal.reflect.GeneratedMethodAccessor56.invoke(Unknown Source) ~[na:na]
?[0m?[0;34m	at java.base/jdk.internal.reflect.DelegatingMethodAccessorImpl.invoke(DelegatingMethodAccessorImpl.java:43) ~[na:na]
?[0m?[0;34m	at java.base/java.lang.reflect.Method.invoke(Method.java:568) ~[na:na]
?[0m?[0;34m	at org.apache.catalina.security.SecurityUtil.lambda$execute$0(SecurityUtil.java:280) ~[tomcat-embed-core-9.0.54.jar:9.0.54]
?[0m?[0;34m	at java.base/java.security.AccessController.doPrivileged(AccessController.java:712) ~[na:na]
?[0m?[0;34m	at java.base/javax.security.auth.Subject.doAsPrivileged(Subject.java:584) ~[na:na]
?[0m?[0;34m	at org.apache.catalina.security.SecurityUtil.execute(SecurityUtil.java:311) ~[tomcat-embed-core-9.0.54.jar:9.0.54]
?[0m?[0;34m	at org.apache.catalina.security.SecurityUtil.doAsPrivilege(SecurityUtil.java:253) ~[tomcat-embed-core-9.0.54.jar:9.0.54]
?[0m?[0;34m	at org.apache.catalina.core.ApplicationFilterChain.internalDoFilter(ApplicationFilterChain.java:187) ~[tomcat-embed-core-9.0.54.jar:9.0.54]
?[0m?[0;34m	at org.apache.catalina.core.ApplicationFilterChain.lambda$doFilter$0(ApplicationFilterChain.java:145) ~[tomcat-embed-core-9.0.54.jar:9.0.54]
?[0m?[0;34m	at java.base/java.security.AccessController.doPrivileged(AccessController.java:569) ~[na:na]
?[0m?[0;34m	at org.apache.catalina.core.ApplicationFilterChain.doFilter(ApplicationFilterChain.java:143) ~[tomcat-embed-core-9.0.54.jar:9.0.54]
?[0m?[0;34m	at org.springframework.boot.actuate.metrics.web.servlet.WebMvcMetricsFilter.doFilterInternal(WebMvcMetricsFilter.java:96) ~[spring-boot-actuator-2.5.6.jar:2.5.6]
?[0m?[0;34m	at org.springframework.web.filter.OncePerRequestFilter.doFilter(OncePerRequestFilter.java:119) ~[spring-web-5.3.12.jar:5.3.12]
?[0m?[0;34m	at jdk.internal.reflect.GeneratedMethodAccessor56.invoke(Unknown Source) ~[na:na]
?[0m?[0;34m	at java.base/jdk.internal.reflect.DelegatingMethodAccessorImpl.invoke(DelegatingMethodAccessorImpl.java:43) ~[na:na]
?[0m?[0;34m	at java.base/java.lang.reflect.Method.invoke(Method.java:568) ~[na:na]
?[0m?[0;34m	at org.apache.catalina.security.SecurityUtil.lambda$execute$0(SecurityUtil.java:280) ~[tomcat-embed-core-9.0.54.jar:9.0.54]
?[0m?[0;34m	at java.base/java.security.AccessController.doPrivileged(AccessController.java:712) ~[na:na]
?[0m?[0;34m	at java.base/javax.security.auth.Subject.doAsPrivileged(Subject.java:584) ~[na:na]
?[0m?[0;34m	at org.apache.catalina.security.SecurityUtil.execute(SecurityUtil.java:311) ~[tomcat-embed-core-9.0.54.jar:9.0.54]
?[0m?[0;34m	at org.apache.catalina.security.SecurityUtil.doAsPrivilege(SecurityUtil.java:253) ~[tomcat-embed-core-9.0.54.jar:9.0.54]
?[0m?[0;34m	at org.apache.catalina.core.ApplicationFilterChain.internalDoFilter(ApplicationFilterChain.java:187) ~[tomcat-embed-core-9.0.54.jar:9.0.54]
?[0m?[0;34m	at org.apache.catalina.core.ApplicationFilterChain.lambda$doFilter$0(ApplicationFilterChain.java:145) ~[tomcat-embed-core-9.0.54.jar:9.0.54]
?[0m?[0;34m	at java.base/java.security.AccessController.doPrivileged(AccessController.java:569) ~[na:na]
?[0m?[0;34m	at org.apache.catalina.core.ApplicationFilterChain.doFilter(ApplicationFilterChain.java:143) ~[tomcat-embed-core-9.0.54.jar:9.0.54]
?[0m?[0;34m	at org.springframework.web.filter.CharacterEncodingFilter.doFilterInternal(CharacterEncodingFilter.java:201) ~[spring-web-5.3.12.jar:5.3.12]
?[0m?[0;34m	at org.springframework.web.filter.OncePerRequestFilter.doFilter(OncePerRequestFilter.java:119) ~[spring-web-5.3.12.jar:5.3.12]
?[0m?[0;34m	at jdk.internal.reflect.GeneratedMethodAccessor56.invoke(Unknown Source) ~[na:na]
?[0m?[0;34m	at java.base/jdk.internal.reflect.DelegatingMethodAccessorImpl.invoke(DelegatingMethodAccessorImpl.java:43) ~[na:na]
?[0m?[0;34m	at java.base/java.lang.reflect.Method.invoke(Method.java:568) ~[na:na]
?[0m?[0;34m	at org.apache.catalina.security.SecurityUtil.lambda$execute$0(SecurityUtil.java:280) ~[tomcat-embed-core-9.0.54.jar:9.0.54]
?[0m?[0;34m	at java.base/java.security.AccessController.doPrivileged(AccessController.java:712) ~[na:na]
?[0m?[0;34m	at java.base/javax.security.auth.Subject.doAsPrivileged(Subject.java:584) ~[na:na]
?[0m?[0;34m	at org.apache.catalina.security.SecurityUtil.execute(SecurityUtil.java:311) ~[tomcat-embed-core-9.0.54.jar:9.0.54]
?[0m?[0;34m	at org.apache.catalina.security.SecurityUtil.doAsPrivilege(SecurityUtil.java:253) ~[tomcat-embed-core-9.0.54.jar:9.0.54]
?[0m?[0;34m	at org.apache.catalina.core.ApplicationFilterChain.internalDoFilter(ApplicationFilterChain.java:187) ~[tomcat-embed-core-9.0.54.jar:9.0.54]
?[0m?[0;34m	at org.apache.catalina.core.ApplicationFilterChain.lambda$doFilter$0(ApplicationFilterChain.java:145) ~[tomcat-embed-core-9.0.54.jar:9.0.54]
?[0m?[0;34m	at java.base/java.security.AccessController.doPrivileged(AccessController.java:569) ~[na:na]
?[0m?[0;34m	at org.apache.catalina.core.ApplicationFilterChain.doFilter(ApplicationFilterChain.java:143) ~[tomcat-embed-core-9.0.54.jar:9.0.54]
?[0m?[0;34m	at org.apache.catalina.core.StandardWrapperValve.invoke(StandardWrapperValve.java:197) ~[tomcat-embed-core-9.0.54.jar:9.0.54]
?[0m?[0;34m	at org.apache.catalina.core.StandardContextValve.invoke(StandardContextValve.java:97) ~[tomcat-embed-core-9.0.54.jar:9.0.54]
?[0m?[0;34m	at org.apache.catalina.authenticator.AuthenticatorBase.invoke(AuthenticatorBase.java:540) ~[tomcat-embed-core-9.0.54.jar:9.0.54]
?[0m?[0;34m	at org.apache.catalina.core.StandardHostValve.invoke(StandardHostValve.java:135) ~[tomcat-embed-core-9.0.54.jar:9.0.54]
?[0m?[0;34m	at org.apache.catalina.valves.ErrorReportValve.invoke(ErrorReportValve.java:92) ~[tomcat-embed-core-9.0.54.jar:9.0.54]
?[0m?[0;34m	at org.apache.catalina.core.StandardEngineValve.invoke(StandardEngineValve.java:78) ~[tomcat-embed-core-9.0.54.jar:9.0.54]
?[0m?[0;34m	at org.apache.catalina.connector.CoyoteAdapter.service(CoyoteAdapter.java:357) ~[tomcat-embed-core-9.0.54.jar:9.0.54]
?[0m?[0;34m	at org.apache.coyote.http11.Http11Processor.service(Http11Processor.java:382) ~[tomcat-embed-core-9.0.54.jar:9.0.54]
?[0m?[0;34m	at org.apache.coyote.AbstractProcessorLight.process(AbstractProcessorLight.java:65) ~[tomcat-embed-core-9.0.54.jar:9.0.54]
?[0m?[0;34m	at org.apache.coyote.AbstractProtocol$ConnectionHandler.process(AbstractProtocol.java:895) ~[tomcat-embed-core-9.0.54.jar:9.0.54]
?[0m?[0;34m	at org.apache.tomcat.util.net.NioEndpoint$SocketProcessor.doRun(NioEndpoint.java:1722) ~[tomcat-embed-core-9.0.54.jar:9.0.54]
?[0m?[0;34m	at org.apache.tomcat.util.net.SocketProcessorBase.run(SocketProcessorBase.java:49) ~[tomcat-embed-core-9.0.54.jar:9.0.54]
?[0m?[0;34m	at org.apache.tomcat.util.threads.ThreadPoolExecutor.runWorker(ThreadPoolExecutor.java:1191) ~[tomcat-embed-core-9.0.54.jar:9.0.54]
?[0m?[0;34m	at org.apache.tomcat.util.threads.ThreadPoolExecutor$Worker.run(ThreadPoolExecutor.java:659) ~[tomcat-embed-core-9.0.54.jar:9.0.54]
?[0m?[0;34m	at org.apache.tomcat.util.threads.TaskThread$WrappingRunnable.run(TaskThread.java:61) ~[tomcat-embed-core-9.0.54.jar:9.0.54]
?[0m?[0;34m	at java.base/java.lang.Thread.run(Thread.java:833) ~[na:na]
?[0m?[0;34m
?[0m?[0;34m2023-02-15 18:26:25.087 DEBUG 1091321 --- [nio-8881-exec-9] s.w.a.DelegatingAuthenticationEntryPoint : Trying to match using RequestHeaderRequestMatcher [expectedHeaderName=X-Requested-With, expectedHeaderValue=XMLHttpRequest]
?[0m?[0;34m2023-02-15 18:26:25.087 DEBUG 1091321 --- [nio-8881-exec-9] s.w.a.DelegatingAuthenticationEntryPoint : No match found. Using default entry point org.springframework.security.web.authentication.www.BasicAuthenticationEntryPoint@49f52a3c
?[0m?[0;34m2023-02-15 18:26:25.087 DEBUG 1091321 --- [nio-8881-exec-9] w.c.HttpSessionSecurityContextRepository : Did not store empty SecurityContext
?[0m?[0;34m2023-02-15 18:26:25.087 DEBUG 1091321 --- [nio-8881-exec-9] w.c.HttpSessionSecurityContextRepository : Did not store empty SecurityContext
?[0m?[0;34m2023-02-15 18:26:25.087 DEBUG 1091321 --- [nio-8881-exec-9] s.s.w.c.SecurityContextPersistenceFilter : Cleared SecurityContextHolder to complete request
?[0m?[0;34m2023-02-15 18:26:25.088 DEBUG 1091321 --- [nio-8881-exec-9] o.s.security.web.FilterChainProxy        : Securing PUT /error
?[0m?[0;34m2023-02-15 18:26:25.088 DEBUG 1091321 --- [nio-8881-exec-9] s.s.w.c.SecurityContextPersistenceFilter : Set SecurityContextHolder to empty SecurityContext
?[0m?[0;34m2023-02-15 18:26:25.088 DEBUG 1091321 --- [nio-8881-exec-9] o.s.s.w.a.AnonymousAuthenticationFilter  : Set SecurityContextHolder to anonymous SecurityContext
?[0m?[0;34m2023-02-15 18:26:25.088 DEBUG 1091321 --- [nio-8881-exec-9] o.s.s.w.a.i.FilterSecurityInterceptor    : Authorized filter invocation [PUT /error] with attributes [permitAll]
?[0m?[0;34m2023-02-15 18:26:25.089 DEBUG 1091321 --- [nio-8881-exec-9] o.s.security.web.FilterChainProxy        : Secured PUT /error
?[0m?[0;34m2023-02-15 18:26:25.089 DEBUG 1091321 --- [nio-8881-exec-9] w.c.HttpSessionSecurityContextRepository : Did not store anonymous SecurityContext
?[0m?[0;34m2023-02-15 18:26:25.090 DEBUG 1091321 --- [nio-8881-exec-9] w.c.HttpSessionSecurityContextRepository : Did not store anonymous SecurityContext
?[0m?[0;34m2023-02-15 18:26:25.090 DEBUG 1091321 --- [nio-8881-exec-9] s.s.w.c.SecurityContextPersistenceFilter : Cleared SecurityContextHolder to complete request
?[1;31m
Start test 73?[0m
?[0;34m2023-02-15 18:26:25.093 DEBUG 1091321 --- [io-8881-exec-10] o.s.security.web.FilterChainProxy        : Securing DELETE /api/recipe/1
?[0m?[0;34m2023-02-15 18:26:25.093 DEBUG 1091321 --- [io-8881-exec-10] s.s.w.c.SecurityContextPersistenceFilter : Set SecurityContextHolder to empty SecurityContext
?[0m?[0;34m2023-02-15 18:26:25.093 DEBUG 1091321 --- [io-8881-exec-10] o.s.s.p.JdbcUserDetailsManager           : Query returned no results for user 'abc@test.com'
?[0m?[0;34m2023-02-15 18:26:25.150 DEBUG 1091321 --- [io-8881-exec-10] o.s.s.a.dao.DaoAuthenticationProvider    : Failed to find user 'abc@test.com'
?[0m?[0;34m2023-02-15 18:26:25.151 DEBUG 1091321 --- [io-8881-exec-10] o.s.s.w.a.www.BasicAuthenticationFilter  : Failed to process authentication request
?[0m?[0;34m
?[0m?[0;34morg.springframework.security.authentication.BadCredentialsException: Bad credentials
?[0m?[0;34m	at org.springframework.security.authentication.dao.AbstractUserDetailsAuthenticationProvider.authenticate(AbstractUserDetailsAuthenticationProvider.java:141) ~[spring-security-core-5.5.3.jar:5.5.3]
?[0m?[0;34m	at org.springframework.security.authentication.ProviderManager.authenticate(ProviderManager.java:182) ~[spring-security-core-5.5.3.jar:5.5.3]
?[0m?[0;34m	at org.springframework.security.authentication.ProviderManager.authenticate(ProviderManager.java:201) ~[spring-security-core-5.5.3.jar:5.5.3]
?[0m?[0;34m	at org.springframework.security.web.authentication.www.BasicAuthenticationFilter.doFilterInternal(BasicAuthenticationFilter.java:155) ~[spring-security-web-5.5.3.jar:5.5.3]
?[0m?[0;34m	at org.springframework.web.filter.OncePerRequestFilter.doFilter(OncePerRequestFilter.java:119) ~[spring-web-5.3.12.jar:5.3.12]
?[0m?[0;34m	at org.springframework.security.web.FilterChainProxy$VirtualFilterChain.doFilter(FilterChainProxy.java:336) ~[spring-security-web-5.5.3.jar:5.5.3]
?[0m?[0;34m	at org.springframework.security.web.authentication.logout.LogoutFilter.doFilter(LogoutFilter.java:103) ~[spring-security-web-5.5.3.jar:5.5.3]
?[0m?[0;34m	at org.springframework.security.web.authentication.logout.LogoutFilter.doFilter(LogoutFilter.java:89) ~[spring-security-web-5.5.3.jar:5.5.3]
?[0m?[0;34m	at org.springframework.security.web.FilterChainProxy$VirtualFilterChain.doFilter(FilterChainProxy.java:336) ~[spring-security-web-5.5.3.jar:5.5.3]
?[0m?[0;34m	at org.springframework.security.web.header.HeaderWriterFilter.doHeadersAfter(HeaderWriterFilter.java:90) ~[spring-security-web-5.5.3.jar:5.5.3]
?[0m?[0;34m	at org.springframework.security.web.header.HeaderWriterFilter.doFilterInternal(HeaderWriterFilter.java:75) ~[spring-security-web-5.5.3.jar:5.5.3]
?[0m?[0;34m	at org.springframework.web.filter.OncePerRequestFilter.doFilter(OncePerRequestFilter.java:119) ~[spring-web-5.3.12.jar:5.3.12]
?[0m?[0;34m	at org.springframework.security.web.FilterChainProxy$VirtualFilterChain.doFilter(FilterChainProxy.java:336) ~[spring-security-web-5.5.3.jar:5.5.3]
?[0m?[0;34m	at org.springframework.security.web.context.SecurityContextPersistenceFilter.doFilter(SecurityContextPersistenceFilter.java:110) ~[spring-security-web-5.5.3.jar:5.5.3]
?[0m?[0;34m	at org.springframework.security.web.context.SecurityContextPersistenceFilter.doFilter(SecurityContextPersistenceFilter.java:80) ~[spring-security-web-5.5.3.jar:5.5.3]
?[0m?[0;34m	at org.springframework.security.web.FilterChainProxy$VirtualFilterChain.doFilter(FilterChainProxy.java:336) ~[spring-security-web-5.5.3.jar:5.5.3]
?[0m?[0;34m	at org.springframework.security.web.context.request.async.WebAsyncManagerIntegrationFilter.doFilterInternal(WebAsyncManagerIntegrationFilter.java:55) ~[spring-security-web-5.5.3.jar:5.5.3]
?[0m?[0;34m	at org.springframework.web.filter.OncePerRequestFilter.doFilter(OncePerRequestFilter.java:119) ~[spring-web-5.3.12.jar:5.3.12]
?[0m?[0;34m	at org.springframework.security.web.FilterChainProxy$VirtualFilterChain.doFilter(FilterChainProxy.java:336) ~[spring-security-web-5.5.3.jar:5.5.3]
?[0m?[0;34m	at org.springframework.security.web.FilterChainProxy.doFilterInternal(FilterChainProxy.java:211) ~[spring-security-web-5.5.3.jar:5.5.3]
?[0m?[0;34m	at org.springframework.security.web.FilterChainProxy.doFilter(FilterChainProxy.java:183) ~[spring-security-web-5.5.3.jar:5.5.3]
?[0m?[0;34m	at org.springframework.web.filter.DelegatingFilterProxy.invokeDelegate(DelegatingFilterProxy.java:358) ~[spring-web-5.3.12.jar:5.3.12]
?[0m?[0;34m	at org.springframework.web.filter.DelegatingFilterProxy.doFilter(DelegatingFilterProxy.java:271) ~[spring-web-5.3.12.jar:5.3.12]
?[0m?[0;34m	at jdk.internal.reflect.GeneratedMethodAccessor56.invoke(Unknown Source) ~[na:na]
?[0m?[0;34m	at java.base/jdk.internal.reflect.DelegatingMethodAccessorImpl.invoke(DelegatingMethodAccessorImpl.java:43) ~[na:na]
?[0m?[0;34m	at java.base/java.lang.reflect.Method.invoke(Method.java:568) ~[na:na]
?[0m?[0;34m	at org.apache.catalina.security.SecurityUtil.lambda$execute$0(SecurityUtil.java:280) ~[tomcat-embed-core-9.0.54.jar:9.0.54]
?[0m?[0;34m	at java.base/java.security.AccessController.doPrivileged(AccessController.java:712) ~[na:na]
?[0m?[0;34m	at java.base/javax.security.auth.Subject.doAsPrivileged(Subject.java:584) ~[na:na]
?[0m?[0;34m	at org.apache.catalina.security.SecurityUtil.execute(SecurityUtil.java:311) ~[tomcat-embed-core-9.0.54.jar:9.0.54]
?[0m?[0;34m	at org.apache.catalina.security.SecurityUtil.doAsPrivilege(SecurityUtil.java:253) ~[tomcat-embed-core-9.0.54.jar:9.0.54]
?[0m?[0;34m	at org.apache.catalina.core.ApplicationFilterChain.internalDoFilter(ApplicationFilterChain.java:187) ~[tomcat-embed-core-9.0.54.jar:9.0.54]
?[0m?[0;34m	at org.apache.catalina.core.ApplicationFilterChain.lambda$doFilter$0(ApplicationFilterChain.java:145) ~[tomcat-embed-core-9.0.54.jar:9.0.54]
?[0m?[0;34m	at java.base/java.security.AccessController.doPrivileged(AccessController.java:569) ~[na:na]
?[0m?[0;34m	at org.apache.catalina.core.ApplicationFilterChain.doFilter(ApplicationFilterChain.java:143) ~[tomcat-embed-core-9.0.54.jar:9.0.54]
?[0m?[0;34m	at org.springframework.web.filter.RequestContextFilter.doFilterInternal(RequestContextFilter.java:100) ~[spring-web-5.3.12.jar:5.3.12]
?[0m?[0;34m	at org.springframework.web.filter.OncePerRequestFilter.doFilter(OncePerRequestFilter.java:119) ~[spring-web-5.3.12.jar:5.3.12]
?[0m?[0;34m	at jdk.internal.reflect.GeneratedMethodAccessor56.invoke(Unknown Source) ~[na:na]
?[0m?[0;34m	at java.base/jdk.internal.reflect.DelegatingMethodAccessorImpl.invoke(DelegatingMethodAccessorImpl.java:43) ~[na:na]
?[0m?[0;34m	at java.base/java.lang.reflect.Method.invoke(Method.java:568) ~[na:na]
?[0m?[0;34m	at org.apache.catalina.security.SecurityUtil.lambda$execute$0(SecurityUtil.java:280) ~[tomcat-embed-core-9.0.54.jar:9.0.54]
?[0m?[0;34m	at java.base/java.security.AccessController.doPrivileged(AccessController.java:712) ~[na:na]
?[0m?[0;34m	at java.base/javax.security.auth.Subject.doAsPrivileged(Subject.java:584) ~[na:na]
?[0m?[0;34m	at org.apache.catalina.security.SecurityUtil.execute(SecurityUtil.java:311) ~[tomcat-embed-core-9.0.54.jar:9.0.54]
?[0m?[0;34m	at org.apache.catalina.security.SecurityUtil.doAsPrivilege(SecurityUtil.java:253) ~[tomcat-embed-core-9.0.54.jar:9.0.54]
?[0m?[0;34m	at org.apache.catalina.core.ApplicationFilterChain.internalDoFilter(ApplicationFilterChain.java:187) ~[tomcat-embed-core-9.0.54.jar:9.0.54]
?[0m?[0;34m	at org.apache.catalina.core.ApplicationFilterChain.lambda$doFilter$0(ApplicationFilterChain.java:145) ~[tomcat-embed-core-9.0.54.jar:9.0.54]
?[0m?[0;34m	at java.base/java.security.AccessController.doPrivileged(AccessController.java:569) ~[na:na]
?[0m?[0;34m	at org.apache.catalina.core.ApplicationFilterChain.doFilter(ApplicationFilterChain.java:143) ~[tomcat-embed-core-9.0.54.jar:9.0.54]
?[0m?[0;34m	at org.springframework.web.filter.FormContentFilter.doFilterInternal(FormContentFilter.java:93) ~[spring-web-5.3.12.jar:5.3.12]
?[0m?[0;34m	at org.springframework.web.filter.OncePerRequestFilter.doFilter(OncePerRequestFilter.java:119) ~[spring-web-5.3.12.jar:5.3.12]
?[0m?[0;34m	at jdk.internal.reflect.GeneratedMethodAccessor56.invoke(Unknown Source) ~[na:na]
?[0m?[0;34m	at java.base/jdk.internal.reflect.DelegatingMethodAccessorImpl.invoke(DelegatingMethodAccessorImpl.java:43) ~[na:na]
?[0m?[0;34m	at java.base/java.lang.reflect.Method.invoke(Method.java:568) ~[na:na]
?[0m?[0;34m	at org.apache.catalina.security.SecurityUtil.lambda$execute$0(SecurityUtil.java:280) ~[tomcat-embed-core-9.0.54.jar:9.0.54]
?[0m?[0;34m	at java.base/java.security.AccessController.doPrivileged(AccessController.java:712) ~[na:na]
?[0m?[0;34m	at java.base/javax.security.auth.Subject.doAsPrivileged(Subject.java:584) ~[na:na]
?[0m?[0;34m	at org.apache.catalina.security.SecurityUtil.execute(SecurityUtil.java:311) ~[tomcat-embed-core-9.0.54.jar:9.0.54]
?[0m?[0;34m	at org.apache.catalina.security.SecurityUtil.doAsPrivilege(SecurityUtil.java:253) ~[tomcat-embed-core-9.0.54.jar:9.0.54]
?[0m?[0;34m	at org.apache.catalina.core.ApplicationFilterChain.internalDoFilter(ApplicationFilterChain.java:187) ~[tomcat-embed-core-9.0.54.jar:9.0.54]
?[0m?[0;34m	at org.apache.catalina.core.ApplicationFilterChain.lambda$doFilter$0(ApplicationFilterChain.java:145) ~[tomcat-embed-core-9.0.54.jar:9.0.54]
?[0m?[0;34m	at java.base/java.security.AccessController.doPrivileged(AccessController.java:569) ~[na:na]
?[0m?[0;34m	at org.apache.catalina.core.ApplicationFilterChain.doFilter(ApplicationFilterChain.java:143) ~[tomcat-embed-core-9.0.54.jar:9.0.54]
?[0m?[0;34m	at org.springframework.boot.actuate.metrics.web.servlet.WebMvcMetricsFilter.doFilterInternal(WebMvcMetricsFilter.java:96) ~[spring-boot-actuator-2.5.6.jar:2.5.6]
?[0m?[0;34m	at org.springframework.web.filter.OncePerRequestFilter.doFilter(OncePerRequestFilter.java:119) ~[spring-web-5.3.12.jar:5.3.12]
?[0m?[0;34m	at jdk.internal.reflect.GeneratedMethodAccessor56.invoke(Unknown Source) ~[na:na]
?[0m?[0;34m	at java.base/jdk.internal.reflect.DelegatingMethodAccessorImpl.invoke(DelegatingMethodAccessorImpl.java:43) ~[na:na]
?[0m?[0;34m	at java.base/java.lang.reflect.Method.invoke(Method.java:568) ~[na:na]
?[0m?[0;34m	at org.apache.catalina.security.SecurityUtil.lambda$execute$0(SecurityUtil.java:280) ~[tomcat-embed-core-9.0.54.jar:9.0.54]
?[0m?[0;34m	at java.base/java.security.AccessController.doPrivileged(AccessController.java:712) ~[na:na]
?[0m?[0;34m	at java.base/javax.security.auth.Subject.doAsPrivileged(Subject.java:584) ~[na:na]
?[0m?[0;34m	at org.apache.catalina.security.SecurityUtil.execute(SecurityUtil.java:311) ~[tomcat-embed-core-9.0.54.jar:9.0.54]
?[0m?[0;34m	at org.apache.catalina.security.SecurityUtil.doAsPrivilege(SecurityUtil.java:253) ~[tomcat-embed-core-9.0.54.jar:9.0.54]
?[0m?[0;34m	at org.apache.catalina.core.ApplicationFilterChain.internalDoFilter(ApplicationFilterChain.java:187) ~[tomcat-embed-core-9.0.54.jar:9.0.54]
?[0m?[0;34m	at org.apache.catalina.core.ApplicationFilterChain.lambda$doFilter$0(ApplicationFilterChain.java:145) ~[tomcat-embed-core-9.0.54.jar:9.0.54]
?[0m?[0;34m	at java.base/java.security.AccessController.doPrivileged(AccessController.java:569) ~[na:na]
?[0m?[0;34m	at org.apache.catalina.core.ApplicationFilterChain.doFilter(ApplicationFilterChain.java:143) ~[tomcat-embed-core-9.0.54.jar:9.0.54]
?[0m?[0;34m	at org.springframework.web.filter.CharacterEncodingFilter.doFilterInternal(CharacterEncodingFilter.java:201) ~[spring-web-5.3.12.jar:5.3.12]
?[0m?[0;34m	at org.springframework.web.filter.OncePerRequestFilter.doFilter(OncePerRequestFilter.java:119) ~[spring-web-5.3.12.jar:5.3.12]
?[0m?[0;34m	at jdk.internal.reflect.GeneratedMethodAccessor56.invoke(Unknown Source) ~[na:na]
?[0m?[0;34m	at java.base/jdk.internal.reflect.DelegatingMethodAccessorImpl.invoke(DelegatingMethodAccessorImpl.java:43) ~[na:na]
?[0m?[0;34m	at java.base/java.lang.reflect.Method.invoke(Method.java:568) ~[na:na]
?[0m?[0;34m	at org.apache.catalina.security.SecurityUtil.lambda$execute$0(SecurityUtil.java:280) ~[tomcat-embed-core-9.0.54.jar:9.0.54]
?[0m?[0;34m	at java.base/java.security.AccessController.doPrivileged(AccessController.java:712) ~[na:na]
?[0m?[0;34m	at java.base/javax.security.auth.Subject.doAsPrivileged(Subject.java:584) ~[na:na]
?[0m?[0;34m	at org.apache.catalina.security.SecurityUtil.execute(SecurityUtil.java:311) ~[tomcat-embed-core-9.0.54.jar:9.0.54]
?[0m?[0;34m	at org.apache.catalina.security.SecurityUtil.doAsPrivilege(SecurityUtil.java:253) ~[tomcat-embed-core-9.0.54.jar:9.0.54]
?[0m?[0;34m	at org.apache.catalina.core.ApplicationFilterChain.internalDoFilter(ApplicationFilterChain.java:187) ~[tomcat-embed-core-9.0.54.jar:9.0.54]
?[0m?[0;34m	at org.apache.catalina.core.ApplicationFilterChain.lambda$doFilter$0(ApplicationFilterChain.java:145) ~[tomcat-embed-core-9.0.54.jar:9.0.54]
?[0m?[0;34m	at java.base/java.security.AccessController.doPrivileged(AccessController.java:569) ~[na:na]
?[0m?[0;34m	at org.apache.catalina.core.ApplicationFilterChain.doFilter(ApplicationFilterChain.java:143) ~[tomcat-embed-core-9.0.54.jar:9.0.54]
?[0m?[0;34m	at org.apache.catalina.core.StandardWrapperValve.invoke(StandardWrapperValve.java:197) ~[tomcat-embed-core-9.0.54.jar:9.0.54]
?[0m?[0;34m	at org.apache.catalina.core.StandardContextValve.invoke(StandardContextValve.java:97) ~[tomcat-embed-core-9.0.54.jar:9.0.54]
?[0m?[0;34m	at org.apache.catalina.authenticator.AuthenticatorBase.invoke(AuthenticatorBase.java:540) ~[tomcat-embed-core-9.0.54.jar:9.0.54]
?[0m?[0;34m	at org.apache.catalina.core.StandardHostValve.invoke(StandardHostValve.java:135) ~[tomcat-embed-core-9.0.54.jar:9.0.54]
?[0m?[0;34m	at org.apache.catalina.valves.ErrorReportValve.invoke(ErrorReportValve.java:92) ~[tomcat-embed-core-9.0.54.jar:9.0.54]
?[0m?[0;34m	at org.apache.catalina.core.StandardEngineValve.invoke(StandardEngineValve.java:78) ~[tomcat-embed-core-9.0.54.jar:9.0.54]
?[0m?[0;34m	at org.apache.catalina.connector.CoyoteAdapter.service(CoyoteAdapter.java:357) ~[tomcat-embed-core-9.0.54.jar:9.0.54]
?[0m?[0;34m	at org.apache.coyote.http11.Http11Processor.service(Http11Processor.java:382) ~[tomcat-embed-core-9.0.54.jar:9.0.54]
?[0m?[0;34m	at org.apache.coyote.AbstractProcessorLight.process(AbstractProcessorLight.java:65) ~[tomcat-embed-core-9.0.54.jar:9.0.54]
?[0m?[0;34m	at org.apache.coyote.AbstractProtocol$ConnectionHandler.process(AbstractProtocol.java:895) ~[tomcat-embed-core-9.0.54.jar:9.0.54]
?[0m?[0;34m	at org.apache.tomcat.util.net.NioEndpoint$SocketProcessor.doRun(NioEndpoint.java:1722) ~[tomcat-embed-core-9.0.54.jar:9.0.54]
?[0m?[0;34m	at org.apache.tomcat.util.net.SocketProcessorBase.run(SocketProcessorBase.java:49) ~[tomcat-embed-core-9.0.54.jar:9.0.54]
?[0m?[0;34m	at org.apache.tomcat.util.threads.ThreadPoolExecutor.runWorker(ThreadPoolExecutor.java:1191) ~[tomcat-embed-core-9.0.54.jar:9.0.54]
?[0m?[0;34m	at org.apache.tomcat.util.threads.ThreadPoolExecutor$Worker.run(ThreadPoolExecutor.java:659) ~[tomcat-embed-core-9.0.54.jar:9.0.54]
?[0m?[0;34m	at org.apache.tomcat.util.threads.TaskThread$WrappingRunnable.run(TaskThread.java:61) ~[tomcat-embed-core-9.0.54.jar:9.0.54]
?[0m?[0;34m	at java.base/java.lang.Thread.run(Thread.java:833) ~[na:na]
?[0m?[0;34m
?[0m?[0;34m2023-02-15 18:26:25.152 DEBUG 1091321 --- [io-8881-exec-10] s.w.a.DelegatingAuthenticationEntryPoint : Trying to match using RequestHeaderRequestMatcher [expectedHeaderName=X-Requested-With, expectedHeaderValue=XMLHttpRequest]
?[0m?[0;34m2023-02-15 18:26:25.152 DEBUG 1091321 --- [io-8881-exec-10] s.w.a.DelegatingAuthenticationEntryPoint : No match found. Using default entry point org.springframework.security.web.authentication.www.BasicAuthenticationEntryPoint@49f52a3c
?[0m?[0;34m2023-02-15 18:26:25.152 DEBUG 1091321 --- [io-8881-exec-10] w.c.HttpSessionSecurityContextRepository : Did not store empty SecurityContext
?[0m?[0;34m2023-02-15 18:26:25.152 DEBUG 1091321 --- [io-8881-exec-10] w.c.HttpSessionSecurityContextRepository : Did not store empty SecurityContext
?[0m?[0;34m2023-02-15 18:26:25.152 DEBUG 1091321 --- [io-8881-exec-10] s.s.w.c.SecurityContextPersistenceFilter : Cleared SecurityContextHolder to complete request
?[0m?[0;34m2023-02-15 18:26:25.153 DEBUG 1091321 --- [io-8881-exec-10] o.s.security.web.FilterChainProxy        : Securing DELETE /error
?[0m?[0;34m2023-02-15 18:26:25.153 DEBUG 1091321 --- [io-8881-exec-10] s.s.w.c.SecurityContextPersistenceFilter : Set SecurityContextHolder to empty SecurityContext
?[0m?[0;34m2023-02-15 18:26:25.153 DEBUG 1091321 --- [io-8881-exec-10] o.s.s.w.a.AnonymousAuthenticationFilter  : Set SecurityContextHolder to anonymous SecurityContext
?[0m?[0;34m2023-02-15 18:26:25.153 DEBUG 1091321 --- [io-8881-exec-10] o.s.s.w.a.i.FilterSecurityInterceptor    : Authorized filter invocation [DELETE /error] with attributes [permitAll]
?[0m?[0;34m2023-02-15 18:26:25.153 DEBUG 1091321 --- [io-8881-exec-10] o.s.security.web.FilterChainProxy        : Secured DELETE /error
?[0m?[0;34m2023-02-15 18:26:25.154 DEBUG 1091321 --- [io-8881-exec-10] w.c.HttpSessionSecurityContextRepository : Did not store anonymous SecurityContext
?[0m?[0;34m2023-02-15 18:26:25.154 DEBUG 1091321 --- [io-8881-exec-10] w.c.HttpSessionSecurityContextRepository : Did not store anonymous SecurityContext
?[0m?[0;34m2023-02-15 18:26:25.154 DEBUG 1091321 --- [io-8881-exec-10] s.s.w.c.SecurityContextPersistenceFilter : Cleared SecurityContextHolder to complete request
?[1;31m
Start test 74?[0m
?[0m?[0;34m2023-02-15 18:26:25.158 DEBUG 1091321 --- [nio-8881-exec-1] o.s.security.web.FilterChainProxy        : Securing GET /api/recipe/search/?category=dessert
?[0m?[0;34m2023-02-15 18:26:25.158 DEBUG 1091321 --- [nio-8881-exec-1] s.s.w.c.SecurityContextPersistenceFilter : Set SecurityContextHolder to empty SecurityContext
?[0m?[0;34m2023-02-15 18:26:25.158 DEBUG 1091321 --- [nio-8881-exec-1] o.s.s.p.JdbcUserDetailsManager           : Query returned no results for user 'abc@test.com'
?[0m?[0;34m2023-02-15 18:26:25.215 DEBUG 1091321 --- [nio-8881-exec-1] o.s.s.a.dao.DaoAuthenticationProvider    : Failed to find user 'abc@test.com'
?[0m?[0;34m2023-02-15 18:26:25.216 DEBUG 1091321 --- [nio-8881-exec-1] o.s.s.w.a.www.BasicAuthenticationFilter  : Failed to process authentication request
?[0m?[0;34m
?[0m?[0;34morg.springframework.security.authentication.BadCredentialsException: Bad credentials
?[0m?[0;34m	at org.springframework.security.authentication.dao.AbstractUserDetailsAuthenticationProvider.authenticate(AbstractUserDetailsAuthenticationProvider.java:141) ~[spring-security-core-5.5.3.jar:5.5.3]
?[0m?[0;34m	at org.springframework.security.authentication.ProviderManager.authenticate(ProviderManager.java:182) ~[spring-security-core-5.5.3.jar:5.5.3]
?[0m?[0;34m	at org.springframework.security.authentication.ProviderManager.authenticate(ProviderManager.java:201) ~[spring-security-core-5.5.3.jar:5.5.3]
?[0m?[0;34m	at org.springframework.security.web.authentication.www.BasicAuthenticationFilter.doFilterInternal(BasicAuthenticationFilter.java:155) ~[spring-security-web-5.5.3.jar:5.5.3]
?[0m?[0;34m	at org.springframework.web.filter.OncePerRequestFilter.doFilter(OncePerRequestFilter.java:119) ~[spring-web-5.3.12.jar:5.3.12]
?[0m?[0;34m	at org.springframework.security.web.FilterChainProxy$VirtualFilterChain.doFilter(FilterChainProxy.java:336) ~[spring-security-web-5.5.3.jar:5.5.3]
?[0m?[0;34m	at org.springframework.security.web.authentication.logout.LogoutFilter.doFilter(LogoutFilter.java:103) ~[spring-security-web-5.5.3.jar:5.5.3]
?[0m?[0;34m	at org.springframework.security.web.authentication.logout.LogoutFilter.doFilter(LogoutFilter.java:89) ~[spring-security-web-5.5.3.jar:5.5.3]
?[0m?[0;34m	at org.springframework.security.web.FilterChainProxy$VirtualFilterChain.doFilter(FilterChainProxy.java:336) ~[spring-security-web-5.5.3.jar:5.5.3]
?[0m?[0;34m	at org.springframework.security.web.header.HeaderWriterFilter.doHeadersAfter(HeaderWriterFilter.java:90) ~[spring-security-web-5.5.3.jar:5.5.3]
?[0m?[0;34m	at org.springframework.security.web.header.HeaderWriterFilter.doFilterInternal(HeaderWriterFilter.java:75) ~[spring-security-web-5.5.3.jar:5.5.3]
?[0m?[0;34m	at org.springframework.web.filter.OncePerRequestFilter.doFilter(OncePerRequestFilter.java:119) ~[spring-web-5.3.12.jar:5.3.12]
?[0m?[0;34m	at org.springframework.security.web.FilterChainProxy$VirtualFilterChain.doFilter(FilterChainProxy.java:336) ~[spring-security-web-5.5.3.jar:5.5.3]
?[0m?[0;34m	at org.springframework.security.web.context.SecurityContextPersistenceFilter.doFilter(SecurityContextPersistenceFilter.java:110) ~[spring-security-web-5.5.3.jar:5.5.3]
?[0m?[0;34m	at org.springframework.security.web.context.SecurityContextPersistenceFilter.doFilter(SecurityContextPersistenceFilter.java:80) ~[spring-security-web-5.5.3.jar:5.5.3]
?[0m?[0;34m	at org.springframework.security.web.FilterChainProxy$VirtualFilterChain.doFilter(FilterChainProxy.java:336) ~[spring-security-web-5.5.3.jar:5.5.3]
?[0m?[0;34m	at org.springframework.security.web.context.request.async.WebAsyncManagerIntegrationFilter.doFilterInternal(WebAsyncManagerIntegrationFilter.java:55) ~[spring-security-web-5.5.3.jar:5.5.3]
?[0m?[0;34m	at org.springframework.web.filter.OncePerRequestFilter.doFilter(OncePerRequestFilter.java:119) ~[spring-web-5.3.12.jar:5.3.12]
?[0m?[0;34m	at org.springframework.security.web.FilterChainProxy$VirtualFilterChain.doFilter(FilterChainProxy.java:336) ~[spring-security-web-5.5.3.jar:5.5.3]
?[0m?[0;34m	at org.springframework.security.web.FilterChainProxy.doFilterInternal(FilterChainProxy.java:211) ~[spring-security-web-5.5.3.jar:5.5.3]
?[0m?[0;34m	at org.springframework.security.web.FilterChainProxy.doFilter(FilterChainProxy.java:183) ~[spring-security-web-5.5.3.jar:5.5.3]
?[0m?[0;34m	at org.springframework.web.filter.DelegatingFilterProxy.invokeDelegate(DelegatingFilterProxy.java:358) ~[spring-web-5.3.12.jar:5.3.12]
?[0m?[0;34m	at org.springframework.web.filter.DelegatingFilterProxy.doFilter(DelegatingFilterProxy.java:271) ~[spring-web-5.3.12.jar:5.3.12]
?[0m?[0;34m	at jdk.internal.reflect.GeneratedMethodAccessor56.invoke(Unknown Source) ~[na:na]
?[0m?[0;34m	at java.base/jdk.internal.reflect.DelegatingMethodAccessorImpl.invoke(DelegatingMethodAccessorImpl.java:43) ~[na:na]
?[0m?[0;34m	at java.base/java.lang.reflect.Method.invoke(Method.java:568) ~[na:na]
?[0m?[0;34m	at org.apache.catalina.security.SecurityUtil.lambda$execute$0(SecurityUtil.java:280) ~[tomcat-embed-core-9.0.54.jar:9.0.54]
?[0m?[0;34m	at java.base/java.security.AccessController.doPrivileged(AccessController.java:712) ~[na:na]
?[0m?[0;34m	at java.base/javax.security.auth.Subject.doAsPrivileged(Subject.java:584) ~[na:na]
?[0m?[0;34m	at org.apache.catalina.security.SecurityUtil.execute(SecurityUtil.java:311) ~[tomcat-embed-core-9.0.54.jar:9.0.54]
?[0m?[0;34m	at org.apache.catalina.security.SecurityUtil.doAsPrivilege(SecurityUtil.java:253) ~[tomcat-embed-core-9.0.54.jar:9.0.54]
?[0m?[0;34m	at org.apache.catalina.core.ApplicationFilterChain.internalDoFilter(ApplicationFilterChain.java:187) ~[tomcat-embed-core-9.0.54.jar:9.0.54]
?[0m?[0;34m	at org.apache.catalina.core.ApplicationFilterChain.lambda$doFilter$0(ApplicationFilterChain.java:145) ~[tomcat-embed-core-9.0.54.jar:9.0.54]
?[0m?[0;34m	at java.base/java.security.AccessController.doPrivileged(AccessController.java:569) ~[na:na]
?[0m?[0;34m	at org.apache.catalina.core.ApplicationFilterChain.doFilter(ApplicationFilterChain.java:143) ~[tomcat-embed-core-9.0.54.jar:9.0.54]
?[0m?[0;34m	at org.springframework.web.filter.RequestContextFilter.doFilterInternal(RequestContextFilter.java:100) ~[spring-web-5.3.12.jar:5.3.12]
?[0m?[0;34m	at org.springframework.web.filter.OncePerRequestFilter.doFilter(OncePerRequestFilter.java:119) ~[spring-web-5.3.12.jar:5.3.12]
?[0m?[0;34m	at jdk.internal.reflect.GeneratedMethodAccessor56.invoke(Unknown Source) ~[na:na]
?[0m?[0;34m	at java.base/jdk.internal.reflect.DelegatingMethodAccessorImpl.invoke(DelegatingMethodAccessorImpl.java:43) ~[na:na]
?[0m?[0;34m	at java.base/java.lang.reflect.Method.invoke(Method.java:568) ~[na:na]
?[0m?[0;34m	at org.apache.catalina.security.SecurityUtil.lambda$execute$0(SecurityUtil.java:280) ~[tomcat-embed-core-9.0.54.jar:9.0.54]
?[0m?[0;34m	at java.base/java.security.AccessController.doPrivileged(AccessController.java:712) ~[na:na]
?[0m?[0;34m	at java.base/javax.security.auth.Subject.doAsPrivileged(Subject.java:584) ~[na:na]
?[0m?[0;34m	at org.apache.catalina.security.SecurityUtil.execute(SecurityUtil.java:311) ~[tomcat-embed-core-9.0.54.jar:9.0.54]
?[0m?[0;34m	at org.apache.catalina.security.SecurityUtil.doAsPrivilege(SecurityUtil.java:253) ~[tomcat-embed-core-9.0.54.jar:9.0.54]
?[0m?[0;34m	at org.apache.catalina.core.ApplicationFilterChain.internalDoFilter(ApplicationFilterChain.java:187) ~[tomcat-embed-core-9.0.54.jar:9.0.54]
?[0m?[0;34m	at org.apache.catalina.core.ApplicationFilterChain.lambda$doFilter$0(ApplicationFilterChain.java:145) ~[tomcat-embed-core-9.0.54.jar:9.0.54]
?[0m?[0;34m	at java.base/java.security.AccessController.doPrivileged(AccessController.java:569) ~[na:na]
?[0m?[0;34m	at org.apache.catalina.core.ApplicationFilterChain.doFilter(ApplicationFilterChain.java:143) ~[tomcat-embed-core-9.0.54.jar:9.0.54]
?[0m?[0;34m	at org.springframework.web.filter.FormContentFilter.doFilterInternal(FormContentFilter.java:93) ~[spring-web-5.3.12.jar:5.3.12]
?[0m?[0;34m	at org.springframework.web.filter.OncePerRequestFilter.doFilter(OncePerRequestFilter.java:119) ~[spring-web-5.3.12.jar:5.3.12]
?[0m?[0;34m	at jdk.internal.reflect.GeneratedMethodAccessor56.invoke(Unknown Source) ~[na:na]
?[0m?[0;34m	at java.base/jdk.internal.reflect.DelegatingMethodAccessorImpl.invoke(DelegatingMethodAccessorImpl.java:43) ~[na:na]
?[0m?[0;34m	at java.base/java.lang.reflect.Method.invoke(Method.java:568) ~[na:na]
?[0m?[0;34m	at org.apache.catalina.security.SecurityUtil.lambda$execute$0(SecurityUtil.java:280) ~[tomcat-embed-core-9.0.54.jar:9.0.54]
?[0m?[0;34m	at java.base/java.security.AccessController.doPrivileged(AccessController.java:712) ~[na:na]
?[0m?[0;34m	at java.base/javax.security.auth.Subject.doAsPrivileged(Subject.java:584) ~[na:na]
?[0m?[0;34m	at org.apache.catalina.security.SecurityUtil.execute(SecurityUtil.java:311) ~[tomcat-embed-core-9.0.54.jar:9.0.54]
?[0m?[0;34m	at org.apache.catalina.security.SecurityUtil.doAsPrivilege(SecurityUtil.java:253) ~[tomcat-embed-core-9.0.54.jar:9.0.54]
?[0m?[0;34m	at org.apache.catalina.core.ApplicationFilterChain.internalDoFilter(ApplicationFilterChain.java:187) ~[tomcat-embed-core-9.0.54.jar:9.0.54]
?[0m?[0;34m	at org.apache.catalina.core.ApplicationFilterChain.lambda$doFilter$0(ApplicationFilterChain.java:145) ~[tomcat-embed-core-9.0.54.jar:9.0.54]
?[0m?[0;34m	at java.base/java.security.AccessController.doPrivileged(AccessController.java:569) ~[na:na]
?[0m?[0;34m	at org.apache.catalina.core.ApplicationFilterChain.doFilter(ApplicationFilterChain.java:143) ~[tomcat-embed-core-9.0.54.jar:9.0.54]
?[0m?[0;34m	at org.springframework.boot.actuate.metrics.web.servlet.WebMvcMetricsFilter.doFilterInternal(WebMvcMetricsFilter.java:96) ~[spring-boot-actuator-2.5.6.jar:2.5.6]
?[0m?[0;34m	at org.springframework.web.filter.OncePerRequestFilter.doFilter(OncePerRequestFilter.java:119) ~[spring-web-5.3.12.jar:5.3.12]
?[0m?[0;34m	at jdk.internal.reflect.GeneratedMethodAccessor56.invoke(Unknown Source) ~[na:na]
?[0m?[0;34m	at java.base/jdk.internal.reflect.DelegatingMethodAccessorImpl.invoke(DelegatingMethodAccessorImpl.java:43) ~[na:na]
?[0m?[0;34m	at java.base/java.lang.reflect.Method.invoke(Method.java:568) ~[na:na]
?[0m?[0;34m	at org.apache.catalina.security.SecurityUtil.lambda$execute$0(SecurityUtil.java:280) ~[tomcat-embed-core-9.0.54.jar:9.0.54]
?[0m?[0;34m	at java.base/java.security.AccessController.doPrivileged(AccessController.java:712) ~[na:na]
?[0m?[0;34m	at java.base/javax.security.auth.Subject.doAsPrivileged(Subject.java:584) ~[na:na]
?[0m?[0;34m	at org.apache.catalina.security.SecurityUtil.execute(SecurityUtil.java:311) ~[tomcat-embed-core-9.0.54.jar:9.0.54]
?[0m?[0;34m	at org.apache.catalina.security.SecurityUtil.doAsPrivilege(SecurityUtil.java:253) ~[tomcat-embed-core-9.0.54.jar:9.0.54]
?[0m?[0;34m	at org.apache.catalina.core.ApplicationFilterChain.internalDoFilter(ApplicationFilterChain.java:187) ~[tomcat-embed-core-9.0.54.jar:9.0.54]
?[0m?[0;34m	at org.apache.catalina.core.ApplicationFilterChain.lambda$doFilter$0(ApplicationFilterChain.java:145) ~[tomcat-embed-core-9.0.54.jar:9.0.54]
?[0m?[0;34m	at java.base/java.security.AccessController.doPrivileged(AccessController.java:569) ~[na:na]
?[0m?[0;34m	at org.apache.catalina.core.ApplicationFilterChain.doFilter(ApplicationFilterChain.java:143) ~[tomcat-embed-core-9.0.54.jar:9.0.54]
?[0m?[0;34m	at org.springframework.web.filter.CharacterEncodingFilter.doFilterInternal(CharacterEncodingFilter.java:201) ~[spring-web-5.3.12.jar:5.3.12]
?[0m?[0;34m	at org.springframework.web.filter.OncePerRequestFilter.doFilter(OncePerRequestFilter.java:119) ~[spring-web-5.3.12.jar:5.3.12]
?[0m?[0;34m	at jdk.internal.reflect.GeneratedMethodAccessor56.invoke(Unknown Source) ~[na:na]
?[0m?[0;34m	at java.base/jdk.internal.reflect.DelegatingMethodAccessorImpl.invoke(DelegatingMethodAccessorImpl.java:43) ~[na:na]
?[0m?[0;34m	at java.base/java.lang.reflect.Method.invoke(Method.java:568) ~[na:na]
?[0m?[0;34m	at org.apache.catalina.security.SecurityUtil.lambda$execute$0(SecurityUtil.java:280) ~[tomcat-embed-core-9.0.54.jar:9.0.54]
?[0m?[0;34m	at java.base/java.security.AccessController.doPrivileged(AccessController.java:712) ~[na:na]
?[0m?[0;34m	at java.base/javax.security.auth.Subject.doAsPrivileged(Subject.java:584) ~[na:na]
?[0m?[0;34m	at org.apache.catalina.security.SecurityUtil.execute(SecurityUtil.java:311) ~[tomcat-embed-core-9.0.54.jar:9.0.54]
?[0m?[0;34m	at org.apache.catalina.security.SecurityUtil.doAsPrivilege(SecurityUtil.java:253) ~[tomcat-embed-core-9.0.54.jar:9.0.54]
?[0m?[0;34m	at org.apache.catalina.core.ApplicationFilterChain.internalDoFilter(ApplicationFilterChain.java:187) ~[tomcat-embed-core-9.0.54.jar:9.0.54]
?[0m?[0;34m	at org.apache.catalina.core.ApplicationFilterChain.lambda$doFilter$0(ApplicationFilterChain.java:145) ~[tomcat-embed-core-9.0.54.jar:9.0.54]
?[0m?[0;34m	at java.base/java.security.AccessController.doPrivileged(AccessController.java:569) ~[na:na]
?[0m?[0;34m	at org.apache.catalina.core.ApplicationFilterChain.doFilter(ApplicationFilterChain.java:143) ~[tomcat-embed-core-9.0.54.jar:9.0.54]
?[0m?[0;34m	at org.apache.catalina.core.StandardWrapperValve.invoke(StandardWrapperValve.java:197) ~[tomcat-embed-core-9.0.54.jar:9.0.54]
?[0m?[0;34m	at org.apache.catalina.core.StandardContextValve.invoke(StandardContextValve.java:97) ~[tomcat-embed-core-9.0.54.jar:9.0.54]
?[0m?[0;34m	at org.apache.catalina.authenticator.AuthenticatorBase.invoke(AuthenticatorBase.java:540) ~[tomcat-embed-core-9.0.54.jar:9.0.54]
?[0m?[0;34m	at org.apache.catalina.core.StandardHostValve.invoke(StandardHostValve.java:135) ~[tomcat-embed-core-9.0.54.jar:9.0.54]
?[0m?[0;34m	at org.apache.catalina.valves.ErrorReportValve.invoke(ErrorReportValve.java:92) ~[tomcat-embed-core-9.0.54.jar:9.0.54]
?[0m?[0;34m	at org.apache.catalina.core.StandardEngineValve.invoke(StandardEngineValve.java:78) ~[tomcat-embed-core-9.0.54.jar:9.0.54]
?[0m?[0;34m	at org.apache.catalina.connector.CoyoteAdapter.service(CoyoteAdapter.java:357) ~[tomcat-embed-core-9.0.54.jar:9.0.54]
?[0m?[0;34m	at org.apache.coyote.http11.Http11Processor.service(Http11Processor.java:382) ~[tomcat-embed-core-9.0.54.jar:9.0.54]
?[0m?[0;34m	at org.apache.coyote.AbstractProcessorLight.process(AbstractProcessorLight.java:65) ~[tomcat-embed-core-9.0.54.jar:9.0.54]
?[0m?[0;34m	at org.apache.coyote.AbstractProtocol$ConnectionHandler.process(AbstractProtocol.java:895) ~[tomcat-embed-core-9.0.54.jar:9.0.54]
?[0m?[0;34m	at org.apache.tomcat.util.net.NioEndpoint$SocketProcessor.doRun(NioEndpoint.java:1722) ~[tomcat-embed-core-9.0.54.jar:9.0.54]
?[0m?[0;34m	at org.apache.tomcat.util.net.SocketProcessorBase.run(SocketProcessorBase.java:49) ~[tomcat-embed-core-9.0.54.jar:9.0.54]
?[0m?[0;34m	at org.apache.tomcat.util.threads.ThreadPoolExecutor.runWorker(ThreadPoolExecutor.java:1191) ~[tomcat-embed-core-9.0.54.jar:9.0.54]
?[0m?[0;34m	at org.apache.tomcat.util.threads.ThreadPoolExecutor$Worker.run(ThreadPoolExecutor.java:659) ~[tomcat-embed-core-9.0.54.jar:9.0.54]
?[0m?[0;34m	at org.apache.tomcat.util.threads.TaskThread$WrappingRunnable.run(TaskThread.java:61) ~[tomcat-embed-core-9.0.54.jar:9.0.54]
?[0m?[0;34m	at java.base/java.lang.Thread.run(Thread.java:833) ~[na:na]
?[0m?[0;34m
?[0m?[0;34m2023-02-15 18:26:25.217 DEBUG 1091321 --- [nio-8881-exec-1] s.w.a.DelegatingAuthenticationEntryPoint : Trying to match using RequestHeaderRequestMatcher [expectedHeaderName=X-Requested-With, expectedHeaderValue=XMLHttpRequest]
?[0m?[0;34m2023-02-15 18:26:25.217 DEBUG 1091321 --- [nio-8881-exec-1] s.w.a.DelegatingAuthenticationEntryPoint : No match found. Using default entry point org.springframework.security.web.authentication.www.BasicAuthenticationEntryPoint@49f52a3c
?[0m?[0;34m2023-02-15 18:26:25.217 DEBUG 1091321 --- [nio-8881-exec-1] w.c.HttpSessionSecurityContextRepository : Did not store empty SecurityContext
?[0m?[0;34m2023-02-15 18:26:25.217 DEBUG 1091321 --- [nio-8881-exec-1] w.c.HttpSessionSecurityContextRepository : Did not store empty SecurityContext
?[0m?[0;34m2023-02-15 18:26:25.217 DEBUG 1091321 --- [nio-8881-exec-1] s.s.w.c.SecurityContextPersistenceFilter : Cleared SecurityContextHolder to complete request
?[0m?[0;34m2023-02-15 18:26:25.217 DEBUG 1091321 --- [nio-8881-exec-1] o.s.security.web.FilterChainProxy        : Securing GET /error?category=dessert
?[0m?[0;34m2023-02-15 18:26:25.217 DEBUG 1091321 --- [nio-8881-exec-1] s.s.w.c.SecurityContextPersistenceFilter : Set SecurityContextHolder to empty SecurityContext
?[0m?[0;34m2023-02-15 18:26:25.217 DEBUG 1091321 --- [nio-8881-exec-1] o.s.s.w.a.AnonymousAuthenticationFilter  : Set SecurityContextHolder to anonymous SecurityContext
?[0m?[0;34m2023-02-15 18:26:25.218 DEBUG 1091321 --- [nio-8881-exec-1] o.s.s.w.a.i.FilterSecurityInterceptor    : Authorized filter invocation [GET /error?category=dessert] with attributes [permitAll]
?[0m?[0;34m2023-02-15 18:26:25.218 DEBUG 1091321 --- [nio-8881-exec-1] o.s.security.web.FilterChainProxy        : Secured GET /error?category=dessert
?[0m?[0;34m2023-02-15 18:26:25.219 DEBUG 1091321 --- [nio-8881-exec-1] w.c.HttpSessionSecurityContextRepository : Did not store anonymous SecurityContext
?[0m?[0;34m2023-02-15 18:26:25.219 DEBUG 1091321 --- [nio-8881-exec-1] w.c.HttpSessionSecurityContextRepository : Did not store anonymous SecurityContext
?[0m?[0;34m2023-02-15 18:26:25.219 DEBUG 1091321 --- [nio-8881-exec-1] s.s.w.c.SecurityContextPersistenceFilter : Cleared SecurityContextHolder to complete request
?[1;31m
Start test 75?[0m
?[0m?[0;34m2023-02-15 18:26:25.222 DEBUG 1091321 --- [nio-8881-exec-2] o.s.security.web.FilterChainProxy        : Securing GET /api/recipe/search/?name=ice-cream
?[0m?[0;34m2023-02-15 18:26:25.223 DEBUG 1091321 --- [nio-8881-exec-2] s.s.w.c.SecurityContextPersistenceFilter : Set SecurityContextHolder to empty SecurityContext
?[0m?[0;34m2023-02-15 18:26:25.223 DEBUG 1091321 --- [nio-8881-exec-2] o.s.s.p.JdbcUserDetailsManager           : Query returned no results for user 'abc@test.com'
?[0m?[0;34m2023-02-15 18:26:25.279 DEBUG 1091321 --- [nio-8881-exec-2] o.s.s.a.dao.DaoAuthenticationProvider    : Failed to find user 'abc@test.com'
?[0m?[0;34m2023-02-15 18:26:25.280 DEBUG 1091321 --- [nio-8881-exec-2] o.s.s.w.a.www.BasicAuthenticationFilter  : Failed to process authentication request
?[0m?[0;34m
?[0m?[0;34morg.springframework.security.authentication.BadCredentialsException: Bad credentials
?[0m?[0;34m	at org.springframework.security.authentication.dao.AbstractUserDetailsAuthenticationProvider.authenticate(AbstractUserDetailsAuthenticationProvider.java:141) ~[spring-security-core-5.5.3.jar:5.5.3]
?[0m?[0;34m	at org.springframework.security.authentication.ProviderManager.authenticate(ProviderManager.java:182) ~[spring-security-core-5.5.3.jar:5.5.3]
?[0m?[0;34m	at org.springframework.security.authentication.ProviderManager.authenticate(ProviderManager.java:201) ~[spring-security-core-5.5.3.jar:5.5.3]
?[0m?[0;34m	at org.springframework.security.web.authentication.www.BasicAuthenticationFilter.doFilterInternal(BasicAuthenticationFilter.java:155) ~[spring-security-web-5.5.3.jar:5.5.3]
?[0m?[0;34m	at org.springframework.web.filter.OncePerRequestFilter.doFilter(OncePerRequestFilter.java:119) ~[spring-web-5.3.12.jar:5.3.12]
?[0m?[0;34m	at org.springframework.security.web.FilterChainProxy$VirtualFilterChain.doFilter(FilterChainProxy.java:336) ~[spring-security-web-5.5.3.jar:5.5.3]
?[0m?[0;34m	at org.springframework.security.web.authentication.logout.LogoutFilter.doFilter(LogoutFilter.java:103) ~[spring-security-web-5.5.3.jar:5.5.3]
?[0m?[0;34m	at org.springframework.security.web.authentication.logout.LogoutFilter.doFilter(LogoutFilter.java:89) ~[spring-security-web-5.5.3.jar:5.5.3]
?[0m?[0;34m	at org.springframework.security.web.FilterChainProxy$VirtualFilterChain.doFilter(FilterChainProxy.java:336) ~[spring-security-web-5.5.3.jar:5.5.3]
?[0m?[0;34m	at org.springframework.security.web.header.HeaderWriterFilter.doHeadersAfter(HeaderWriterFilter.java:90) ~[spring-security-web-5.5.3.jar:5.5.3]
?[0m?[0;34m	at org.springframework.security.web.header.HeaderWriterFilter.doFilterInternal(HeaderWriterFilter.java:75) ~[spring-security-web-5.5.3.jar:5.5.3]
?[0m?[0;34m	at org.springframework.web.filter.OncePerRequestFilter.doFilter(OncePerRequestFilter.java:119) ~[spring-web-5.3.12.jar:5.3.12]
?[0m?[0;34m	at org.springframework.security.web.FilterChainProxy$VirtualFilterChain.doFilter(FilterChainProxy.java:336) ~[spring-security-web-5.5.3.jar:5.5.3]
?[0m?[0;34m	at org.springframework.security.web.context.SecurityContextPersistenceFilter.doFilter(SecurityContextPersistenceFilter.java:110) ~[spring-security-web-5.5.3.jar:5.5.3]
?[0m?[0;34m	at org.springframework.security.web.context.SecurityContextPersistenceFilter.doFilter(SecurityContextPersistenceFilter.java:80) ~[spring-security-web-5.5.3.jar:5.5.3]
?[0m?[0;34m	at org.springframework.security.web.FilterChainProxy$VirtualFilterChain.doFilter(FilterChainProxy.java:336) ~[spring-security-web-5.5.3.jar:5.5.3]
?[0m?[0;34m	at org.springframework.security.web.context.request.async.WebAsyncManagerIntegrationFilter.doFilterInternal(WebAsyncManagerIntegrationFilter.java:55) ~[spring-security-web-5.5.3.jar:5.5.3]
?[0m?[0;34m	at org.springframework.web.filter.OncePerRequestFilter.doFilter(OncePerRequestFilter.java:119) ~[spring-web-5.3.12.jar:5.3.12]
?[0m?[0;34m	at org.springframework.security.web.FilterChainProxy$VirtualFilterChain.doFilter(FilterChainProxy.java:336) ~[spring-security-web-5.5.3.jar:5.5.3]
?[0m?[0;34m	at org.springframework.security.web.FilterChainProxy.doFilterInternal(FilterChainProxy.java:211) ~[spring-security-web-5.5.3.jar:5.5.3]
?[0m?[0;34m	at org.springframework.security.web.FilterChainProxy.doFilter(FilterChainProxy.java:183) ~[spring-security-web-5.5.3.jar:5.5.3]
?[0m?[0;34m	at org.springframework.web.filter.DelegatingFilterProxy.invokeDelegate(DelegatingFilterProxy.java:358) ~[spring-web-5.3.12.jar:5.3.12]
?[0m?[0;34m	at org.springframework.web.filter.DelegatingFilterProxy.doFilter(DelegatingFilterProxy.java:271) ~[spring-web-5.3.12.jar:5.3.12]
?[0m?[0;34m	at jdk.internal.reflect.GeneratedMethodAccessor56.invoke(Unknown Source) ~[na:na]
?[0m?[0;34m	at java.base/jdk.internal.reflect.DelegatingMethodAccessorImpl.invoke(DelegatingMethodAccessorImpl.java:43) ~[na:na]
?[0m?[0;34m	at java.base/java.lang.reflect.Method.invoke(Method.java:568) ~[na:na]
?[0m?[0;34m	at org.apache.catalina.security.SecurityUtil.lambda$execute$0(SecurityUtil.java:280) ~[tomcat-embed-core-9.0.54.jar:9.0.54]
?[0m?[0;34m	at java.base/java.security.AccessController.doPrivileged(AccessController.java:712) ~[na:na]
?[0m?[0;34m	at java.base/javax.security.auth.Subject.doAsPrivileged(Subject.java:584) ~[na:na]
?[0m?[0;34m	at org.apache.catalina.security.SecurityUtil.execute(SecurityUtil.java:311) ~[tomcat-embed-core-9.0.54.jar:9.0.54]
?[0m?[0;34m	at org.apache.catalina.security.SecurityUtil.doAsPrivilege(SecurityUtil.java:253) ~[tomcat-embed-core-9.0.54.jar:9.0.54]
?[0m?[0;34m	at org.apache.catalina.core.ApplicationFilterChain.internalDoFilter(ApplicationFilterChain.java:187) ~[tomcat-embed-core-9.0.54.jar:9.0.54]
?[0m?[0;34m	at org.apache.catalina.core.ApplicationFilterChain.lambda$doFilter$0(ApplicationFilterChain.java:145) ~[tomcat-embed-core-9.0.54.jar:9.0.54]
?[0m?[0;34m	at java.base/java.security.AccessController.doPrivileged(AccessController.java:569) ~[na:na]
?[0m?[0;34m	at org.apache.catalina.core.ApplicationFilterChain.doFilter(ApplicationFilterChain.java:143) ~[tomcat-embed-core-9.0.54.jar:9.0.54]
?[0m?[0;34m	at org.springframework.web.filter.RequestContextFilter.doFilterInternal(RequestContextFilter.java:100) ~[spring-web-5.3.12.jar:5.3.12]
?[0m?[0;34m	at org.springframework.web.filter.OncePerRequestFilter.doFilter(OncePerRequestFilter.java:119) ~[spring-web-5.3.12.jar:5.3.12]
?[0m?[0;34m	at jdk.internal.reflect.GeneratedMethodAccessor56.invoke(Unknown Source) ~[na:na]
?[0m?[0;34m	at java.base/jdk.internal.reflect.DelegatingMethodAccessorImpl.invoke(DelegatingMethodAccessorImpl.java:43) ~[na:na]
?[0m?[0;34m	at java.base/java.lang.reflect.Method.invoke(Method.java:568) ~[na:na]
?[0m?[0;34m	at org.apache.catalina.security.SecurityUtil.lambda$execute$0(SecurityUtil.java:280) ~[tomcat-embed-core-9.0.54.jar:9.0.54]
?[0m?[0;34m	at java.base/java.security.AccessController.doPrivileged(AccessController.java:712) ~[na:na]
?[0m?[0;34m	at java.base/javax.security.auth.Subject.doAsPrivileged(Subject.java:584) ~[na:na]
?[0m?[0;34m	at org.apache.catalina.security.SecurityUtil.execute(SecurityUtil.java:311) ~[tomcat-embed-core-9.0.54.jar:9.0.54]
?[0m?[0;34m	at org.apache.catalina.security.SecurityUtil.doAsPrivilege(SecurityUtil.java:253) ~[tomcat-embed-core-9.0.54.jar:9.0.54]
?[0m?[0;34m	at org.apache.catalina.core.ApplicationFilterChain.internalDoFilter(ApplicationFilterChain.java:187) ~[tomcat-embed-core-9.0.54.jar:9.0.54]
?[0m?[0;34m	at org.apache.catalina.core.ApplicationFilterChain.lambda$doFilter$0(ApplicationFilterChain.java:145) ~[tomcat-embed-core-9.0.54.jar:9.0.54]
?[0m?[0;34m	at java.base/java.security.AccessController.doPrivileged(AccessController.java:569) ~[na:na]
?[0m?[0;34m	at org.apache.catalina.core.ApplicationFilterChain.doFilter(ApplicationFilterChain.java:143) ~[tomcat-embed-core-9.0.54.jar:9.0.54]
?[0m?[0;34m	at org.springframework.web.filter.FormContentFilter.doFilterInternal(FormContentFilter.java:93) ~[spring-web-5.3.12.jar:5.3.12]
?[0m?[0;34m	at org.springframework.web.filter.OncePerRequestFilter.doFilter(OncePerRequestFilter.java:119) ~[spring-web-5.3.12.jar:5.3.12]
?[0m?[0;34m	at jdk.internal.reflect.GeneratedMethodAccessor56.invoke(Unknown Source) ~[na:na]
?[0m?[0;34m	at java.base/jdk.internal.reflect.DelegatingMethodAccessorImpl.invoke(DelegatingMethodAccessorImpl.java:43) ~[na:na]
?[0m?[0;34m	at java.base/java.lang.reflect.Method.invoke(Method.java:568) ~[na:na]
?[0m?[0;34m	at org.apache.catalina.security.SecurityUtil.lambda$execute$0(SecurityUtil.java:280) ~[tomcat-embed-core-9.0.54.jar:9.0.54]
?[0m?[0;34m	at java.base/java.security.AccessController.doPrivileged(AccessController.java:712) ~[na:na]
?[0m?[0;34m	at java.base/javax.security.auth.Subject.doAsPrivileged(Subject.java:584) ~[na:na]
?[0m?[0;34m	at org.apache.catalina.security.SecurityUtil.execute(SecurityUtil.java:311) ~[tomcat-embed-core-9.0.54.jar:9.0.54]
?[0m?[0;34m	at org.apache.catalina.security.SecurityUtil.doAsPrivilege(SecurityUtil.java:253) ~[tomcat-embed-core-9.0.54.jar:9.0.54]
?[0m?[0;34m	at org.apache.catalina.core.ApplicationFilterChain.internalDoFilter(ApplicationFilterChain.java:187) ~[tomcat-embed-core-9.0.54.jar:9.0.54]
?[0m?[0;34m	at org.apache.catalina.core.ApplicationFilterChain.lambda$doFilter$0(ApplicationFilterChain.java:145) ~[tomcat-embed-core-9.0.54.jar:9.0.54]
?[0m?[0;34m	at java.base/java.security.AccessController.doPrivileged(AccessController.java:569) ~[na:na]
?[0m?[0;34m	at org.apache.catalina.core.ApplicationFilterChain.doFilter(ApplicationFilterChain.java:143) ~[tomcat-embed-core-9.0.54.jar:9.0.54]
?[0m?[0;34m	at org.springframework.boot.actuate.metrics.web.servlet.WebMvcMetricsFilter.doFilterInternal(WebMvcMetricsFilter.java:96) ~[spring-boot-actuator-2.5.6.jar:2.5.6]
?[0m?[0;34m	at org.springframework.web.filter.OncePerRequestFilter.doFilter(OncePerRequestFilter.java:119) ~[spring-web-5.3.12.jar:5.3.12]
?[0m?[0;34m	at jdk.internal.reflect.GeneratedMethodAccessor56.invoke(Unknown Source) ~[na:na]
?[0m?[0;34m	at java.base/jdk.internal.reflect.DelegatingMethodAccessorImpl.invoke(DelegatingMethodAccessorImpl.java:43) ~[na:na]
?[0m?[0;34m	at java.base/java.lang.reflect.Method.invoke(Method.java:568) ~[na:na]
?[0m?[0;34m	at org.apache.catalina.security.SecurityUtil.lambda$execute$0(SecurityUtil.java:280) ~[tomcat-embed-core-9.0.54.jar:9.0.54]
?[0m?[0;34m	at java.base/java.security.AccessController.doPrivileged(AccessController.java:712) ~[na:na]
?[0m?[0;34m	at java.base/javax.security.auth.Subject.doAsPrivileged(Subject.java:584) ~[na:na]
?[0m?[0;34m	at org.apache.catalina.security.SecurityUtil.execute(SecurityUtil.java:311) ~[tomcat-embed-core-9.0.54.jar:9.0.54]
?[0m?[0;34m	at org.apache.catalina.security.SecurityUtil.doAsPrivilege(SecurityUtil.java:253) ~[tomcat-embed-core-9.0.54.jar:9.0.54]
?[0m?[0;34m	at org.apache.catalina.core.ApplicationFilterChain.internalDoFilter(ApplicationFilterChain.java:187) ~[tomcat-embed-core-9.0.54.jar:9.0.54]
?[0m?[0;34m	at org.apache.catalina.core.ApplicationFilterChain.lambda$doFilter$0(ApplicationFilterChain.java:145) ~[tomcat-embed-core-9.0.54.jar:9.0.54]
?[0m?[0;34m	at java.base/java.security.AccessController.doPrivileged(AccessController.java:569) ~[na:na]
?[0m?[0;34m	at org.apache.catalina.core.ApplicationFilterChain.doFilter(ApplicationFilterChain.java:143) ~[tomcat-embed-core-9.0.54.jar:9.0.54]
?[0m?[0;34m	at org.springframework.web.filter.CharacterEncodingFilter.doFilterInternal(CharacterEncodingFilter.java:201) ~[spring-web-5.3.12.jar:5.3.12]
?[0m?[0;34m	at org.springframework.web.filter.OncePerRequestFilter.doFilter(OncePerRequestFilter.java:119) ~[spring-web-5.3.12.jar:5.3.12]
?[0m?[0;34m	at jdk.internal.reflect.GeneratedMethodAccessor56.invoke(Unknown Source) ~[na:na]
?[0m?[0;34m	at java.base/jdk.internal.reflect.DelegatingMethodAccessorImpl.invoke(DelegatingMethodAccessorImpl.java:43) ~[na:na]
?[0m?[0;34m	at java.base/java.lang.reflect.Method.invoke(Method.java:568) ~[na:na]
?[0m?[0;34m	at org.apache.catalina.security.SecurityUtil.lambda$execute$0(SecurityUtil.java:280) ~[tomcat-embed-core-9.0.54.jar:9.0.54]
?[0m?[0;34m	at java.base/java.security.AccessController.doPrivileged(AccessController.java:712) ~[na:na]
?[0m?[0;34m	at java.base/javax.security.auth.Subject.doAsPrivileged(Subject.java:584) ~[na:na]
?[0m?[0;34m	at org.apache.catalina.security.SecurityUtil.execute(SecurityUtil.java:311) ~[tomcat-embed-core-9.0.54.jar:9.0.54]
?[0m?[0;34m	at org.apache.catalina.security.SecurityUtil.doAsPrivilege(SecurityUtil.java:253) ~[tomcat-embed-core-9.0.54.jar:9.0.54]
?[0m?[0;34m	at org.apache.catalina.core.ApplicationFilterChain.internalDoFilter(ApplicationFilterChain.java:187) ~[tomcat-embed-core-9.0.54.jar:9.0.54]
?[0m?[0;34m	at org.apache.catalina.core.ApplicationFilterChain.lambda$doFilter$0(ApplicationFilterChain.java:145) ~[tomcat-embed-core-9.0.54.jar:9.0.54]
?[0m?[0;34m	at java.base/java.security.AccessController.doPrivileged(AccessController.java:569) ~[na:na]
?[0m?[0;34m	at org.apache.catalina.core.ApplicationFilterChain.doFilter(ApplicationFilterChain.java:143) ~[tomcat-embed-core-9.0.54.jar:9.0.54]
?[0m?[0;34m	at org.apache.catalina.core.StandardWrapperValve.invoke(StandardWrapperValve.java:197) ~[tomcat-embed-core-9.0.54.jar:9.0.54]
?[0m?[0;34m	at org.apache.catalina.core.StandardContextValve.invoke(StandardContextValve.java:97) ~[tomcat-embed-core-9.0.54.jar:9.0.54]
?[0m?[0;34m	at org.apache.catalina.authenticator.AuthenticatorBase.invoke(AuthenticatorBase.java:540) ~[tomcat-embed-core-9.0.54.jar:9.0.54]
?[0m?[0;34m	at org.apache.catalina.core.StandardHostValve.invoke(StandardHostValve.java:135) ~[tomcat-embed-core-9.0.54.jar:9.0.54]
?[0m?[0;34m	at org.apache.catalina.valves.ErrorReportValve.invoke(ErrorReportValve.java:92) ~[tomcat-embed-core-9.0.54.jar:9.0.54]
?[0m?[0;34m	at org.apache.catalina.core.StandardEngineValve.invoke(StandardEngineValve.java:78) ~[tomcat-embed-core-9.0.54.jar:9.0.54]
?[0m?[0;34m	at org.apache.catalina.connector.CoyoteAdapter.service(CoyoteAdapter.java:357) ~[tomcat-embed-core-9.0.54.jar:9.0.54]
?[0m?[0;34m	at org.apache.coyote.http11.Http11Processor.service(Http11Processor.java:382) ~[tomcat-embed-core-9.0.54.jar:9.0.54]
?[0m?[0;34m	at org.apache.coyote.AbstractProcessorLight.process(AbstractProcessorLight.java:65) ~[tomcat-embed-core-9.0.54.jar:9.0.54]
?[0m?[0;34m	at org.apache.coyote.AbstractProtocol$ConnectionHandler.process(AbstractProtocol.java:895) ~[tomcat-embed-core-9.0.54.jar:9.0.54]
?[0m?[0;34m	at org.apache.tomcat.util.net.NioEndpoint$SocketProcessor.doRun(NioEndpoint.java:1722) ~[tomcat-embed-core-9.0.54.jar:9.0.54]
?[0m?[0;34m	at org.apache.tomcat.util.net.SocketProcessorBase.run(SocketProcessorBase.java:49) ~[tomcat-embed-core-9.0.54.jar:9.0.54]
?[0m?[0;34m	at org.apache.tomcat.util.threads.ThreadPoolExecutor.runWorker(ThreadPoolExecutor.java:1191) ~[tomcat-embed-core-9.0.54.jar:9.0.54]
?[0m?[0;34m	at org.apache.tomcat.util.threads.ThreadPoolExecutor$Worker.run(ThreadPoolExecutor.java:659) ~[tomcat-embed-core-9.0.54.jar:9.0.54]
?[0m?[0;34m	at org.apache.tomcat.util.threads.TaskThread$WrappingRunnable.run(TaskThread.java:61) ~[tomcat-embed-core-9.0.54.jar:9.0.54]
?[0m?[0;34m	at java.base/java.lang.Thread.run(Thread.java:833) ~[na:na]
?[0m?[0;34m
?[0m?[0;34m2023-02-15 18:26:25.281 DEBUG 1091321 --- [nio-8881-exec-2] s.w.a.DelegatingAuthenticationEntryPoint : Trying to match using RequestHeaderRequestMatcher [expectedHeaderName=X-Requested-With, expectedHeaderValue=XMLHttpRequest]
?[0m?[0;34m2023-02-15 18:26:25.281 DEBUG 1091321 --- [nio-8881-exec-2] s.w.a.DelegatingAuthenticationEntryPoint : No match found. Using default entry point org.springframework.security.web.authentication.www.BasicAuthenticationEntryPoint@49f52a3c
?[0m?[0;34m2023-02-15 18:26:25.281 DEBUG 1091321 --- [nio-8881-exec-2] w.c.HttpSessionSecurityContextRepository : Did not store empty SecurityContext
?[0m?[0;34m2023-02-15 18:26:25.281 DEBUG 1091321 --- [nio-8881-exec-2] w.c.HttpSessionSecurityContextRepository : Did not store empty SecurityContext
?[0m?[0;34m2023-02-15 18:26:25.281 DEBUG 1091321 --- [nio-8881-exec-2] s.s.w.c.SecurityContextPersistenceFilter : Cleared SecurityContextHolder to complete request
?[0m?[0;34m2023-02-15 18:26:25.281 DEBUG 1091321 --- [nio-8881-exec-2] o.s.security.web.FilterChainProxy        : Securing GET /error?name=ice-cream
?[0m?[0;34m2023-02-15 18:26:25.281 DEBUG 1091321 --- [nio-8881-exec-2] s.s.w.c.SecurityContextPersistenceFilter : Set SecurityContextHolder to empty SecurityContext
?[0m?[0;34m2023-02-15 18:26:25.281 DEBUG 1091321 --- [nio-8881-exec-2] o.s.s.w.a.AnonymousAuthenticationFilter  : Set SecurityContextHolder to anonymous SecurityContext
?[0m?[0;34m2023-02-15 18:26:25.282 DEBUG 1091321 --- [nio-8881-exec-2] o.s.s.w.a.i.FilterSecurityInterceptor    : Authorized filter invocation [GET /error?name=ice-cream] with attributes [permitAll]
?[0m?[0;34m2023-02-15 18:26:25.282 DEBUG 1091321 --- [nio-8881-exec-2] o.s.security.web.FilterChainProxy        : Secured GET /error?name=ice-cream
?[0m?[0;34m2023-02-15 18:26:25.283 DEBUG 1091321 --- [nio-8881-exec-2] w.c.HttpSessionSecurityContextRepository : Did not store anonymous SecurityContext
?[0m?[0;34m2023-02-15 18:26:25.283 DEBUG 1091321 --- [nio-8881-exec-2] w.c.HttpSessionSecurityContextRepository : Did not store anonymous SecurityContext
?[0m?[0;34m2023-02-15 18:26:25.283 DEBUG 1091321 --- [nio-8881-exec-2] s.s.w.c.SecurityContextPersistenceFilter : Cleared SecurityContextHolder to complete request
?[1;31m
Start test 76?[0m
?[0m?[0;34m2023-02-15 18:26:25.286 DEBUG 1091321 --- [nio-8881-exec-3] o.s.security.web.FilterChainProxy        : Securing POST /api/recipe/new
?[0m?[0;34m2023-02-15 18:26:25.287 DEBUG 1091321 --- [nio-8881-exec-3] s.s.w.c.SecurityContextPersistenceFilter : Set SecurityContextHolder to empty SecurityContext
?[0m?[0;34m2023-02-15 18:26:25.287 DEBUG 1091321 --- [nio-8881-exec-3] o.s.s.w.a.AnonymousAuthenticationFilter  : Set SecurityContextHolder to anonymous SecurityContext
?[0m?[0;34m2023-02-15 18:26:25.287 DEBUG 1091321 --- [nio-8881-exec-3] o.s.s.w.a.i.FilterSecurityInterceptor    : Failed to authorize filter invocation [POST /api/recipe/new] with attributes [authenticated]
?[0m?[0;34m2023-02-15 18:26:25.289 DEBUG 1091321 --- [nio-8881-exec-3] o.s.s.w.s.HttpSessionRequestCache        : Saved request http://localhost:8881/api/recipe/new to session
?[0m?[0;34m2023-02-15 18:26:25.289 DEBUG 1091321 --- [nio-8881-exec-3] s.w.a.DelegatingAuthenticationEntryPoint : Trying to match using RequestHeaderRequestMatcher [expectedHeaderName=X-Requested-With, expectedHeaderValue=XMLHttpRequest]
?[0m?[0;34m2023-02-15 18:26:25.289 DEBUG 1091321 --- [nio-8881-exec-3] s.w.a.DelegatingAuthenticationEntryPoint : No match found. Using default entry point org.springframework.security.web.authentication.www.BasicAuthenticationEntryPoint@49f52a3c
?[0m?[0;34m2023-02-15 18:26:25.289 DEBUG 1091321 --- [nio-8881-exec-3] w.c.HttpSessionSecurityContextRepository : Did not store empty SecurityContext
?[0m?[0;34m2023-02-15 18:26:25.289 DEBUG 1091321 --- [nio-8881-exec-3] w.c.HttpSessionSecurityContextRepository : Did not store empty SecurityContext
?[0m?[0;34m2023-02-15 18:26:25.289 DEBUG 1091321 --- [nio-8881-exec-3] s.s.w.c.SecurityContextPersistenceFilter : Cleared SecurityContextHolder to complete request
?[0m?[0;34m2023-02-15 18:26:25.289 DEBUG 1091321 --- [nio-8881-exec-3] o.s.security.web.FilterChainProxy        : Securing POST /error
?[0m?[0;34m2023-02-15 18:26:25.289 DEBUG 1091321 --- [nio-8881-exec-3] s.s.w.c.SecurityContextPersistenceFilter : Set SecurityContextHolder to empty SecurityContext
?[0m?[0;34m2023-02-15 18:26:25.289 DEBUG 1091321 --- [nio-8881-exec-3] o.s.s.w.a.AnonymousAuthenticationFilter  : Set SecurityContextHolder to anonymous SecurityContext
?[0m?[0;34m2023-02-15 18:26:25.289 DEBUG 1091321 --- [nio-8881-exec-3] o.s.security.web.FilterChainProxy        : Secured POST /error
?[0m?[0;34m2023-02-15 18:26:25.290 DEBUG 1091321 --- [nio-8881-exec-3] w.c.HttpSessionSecurityContextRepository : Did not store anonymous SecurityContext
?[0m?[0;34m2023-02-15 18:26:25.291 DEBUG 1091321 --- [nio-8881-exec-3] w.c.HttpSessionSecurityContextRepository : Did not store anonymous SecurityContext
?[0m?[0;34m2023-02-15 18:26:25.291 DEBUG 1091321 --- [nio-8881-exec-3] s.s.w.c.SecurityContextPersistenceFilter : Cleared SecurityContextHolder to complete request
?[1;31m
Start test 77?[0m
?[0m?[0;34m2023-02-15 18:26:25.294 DEBUG 1091321 --- [nio-8881-exec-4] o.s.security.web.FilterChainProxy        : Securing GET /api/recipe/1
?[0m?[0;34m2023-02-15 18:26:25.294 DEBUG 1091321 --- [nio-8881-exec-4] s.s.w.c.SecurityContextPersistenceFilter : Set SecurityContextHolder to empty SecurityContext
?[0m?[0;34m2023-02-15 18:26:25.294 DEBUG 1091321 --- [nio-8881-exec-4] o.s.s.w.a.AnonymousAuthenticationFilter  : Set SecurityContextHolder to anonymous SecurityContext
?[0m?[0;34m2023-02-15 18:26:25.295 DEBUG 1091321 --- [nio-8881-exec-4] o.s.s.w.a.i.FilterSecurityInterceptor    : Failed to authorize filter invocation [GET /api/recipe/1] with attributes [authenticated]
?[0m?[0;34m2023-02-15 18:26:25.295 DEBUG 1091321 --- [nio-8881-exec-4] o.s.s.w.s.HttpSessionRequestCache        : Saved request http://localhost:8881/api/recipe/1 to session
?[0m?[0;34m2023-02-15 18:26:25.295 DEBUG 1091321 --- [nio-8881-exec-4] s.w.a.DelegatingAuthenticationEntryPoint : Trying to match using RequestHeaderRequestMatcher [expectedHeaderName=X-Requested-With, expectedHeaderValue=XMLHttpRequest]
?[0m?[0;34m2023-02-15 18:26:25.295 DEBUG 1091321 --- [nio-8881-exec-4] s.w.a.DelegatingAuthenticationEntryPoint : No match found. Using default entry point org.springframework.security.web.authentication.www.BasicAuthenticationEntryPoint@49f52a3c
?[0m?[0;34m2023-02-15 18:26:25.295 DEBUG 1091321 --- [nio-8881-exec-4] w.c.HttpSessionSecurityContextRepository : Did not store empty SecurityContext
?[0m?[0;34m2023-02-15 18:26:25.295 DEBUG 1091321 --- [nio-8881-exec-4] w.c.HttpSessionSecurityContextRepository : Did not store empty SecurityContext
?[0m?[0;34m2023-02-15 18:26:25.295 DEBUG 1091321 --- [nio-8881-exec-4] s.s.w.c.SecurityContextPersistenceFilter : Cleared SecurityContextHolder to complete request
?[0m?[0;34m2023-02-15 18:26:25.295 DEBUG 1091321 --- [nio-8881-exec-4] o.s.security.web.FilterChainProxy        : Securing GET /error
?[0m?[0;34m2023-02-15 18:26:25.295 DEBUG 1091321 --- [nio-8881-exec-4] s.s.w.c.SecurityContextPersistenceFilter : Set SecurityContextHolder to empty SecurityContext
?[0m?[0;34m2023-02-15 18:26:25.295 DEBUG 1091321 --- [nio-8881-exec-4] o.s.s.w.a.AnonymousAuthenticationFilter  : Set SecurityContextHolder to anonymous SecurityContext
?[0m?[0;34m2023-02-15 18:26:25.295 DEBUG 1091321 --- [nio-8881-exec-4] o.s.security.web.FilterChainProxy        : Secured GET /error
?[0m?[0;34m2023-02-15 18:26:25.296 DEBUG 1091321 --- [nio-8881-exec-4] w.c.HttpSessionSecurityContextRepository : Did not store anonymous SecurityContext
?[0m?[0;34m2023-02-15 18:26:25.296 DEBUG 1091321 --- [nio-8881-exec-4] w.c.HttpSessionSecurityContextRepository : Did not store anonymous SecurityContext
?[0m?[0;34m2023-02-15 18:26:25.296 DEBUG 1091321 --- [nio-8881-exec-4] s.s.w.c.SecurityContextPersistenceFilter : Cleared SecurityContextHolder to complete request
?[1;31m
Start test 78?[0m
?[0m?[0;34m2023-02-15 18:26:25.300 DEBUG 1091321 --- [nio-8881-exec-5] o.s.security.web.FilterChainProxy        : Securing PUT /api/recipe/1
?[0m?[0;34m2023-02-15 18:26:25.300 DEBUG 1091321 --- [nio-8881-exec-5] s.s.w.c.SecurityContextPersistenceFilter : Set SecurityContextHolder to empty SecurityContext
?[0m?[0;34m2023-02-15 18:26:25.300 DEBUG 1091321 --- [nio-8881-exec-5] o.s.s.w.a.AnonymousAuthenticationFilter  : Set SecurityContextHolder to anonymous SecurityContext
?[0m?[0;34m2023-02-15 18:26:25.300 DEBUG 1091321 --- [nio-8881-exec-5] o.s.s.w.a.i.FilterSecurityInterceptor    : Failed to authorize filter invocation [PUT /api/recipe/1] with attributes [authenticated]
?[0m?[0;34m2023-02-15 18:26:25.301 DEBUG 1091321 --- [nio-8881-exec-5] o.s.s.w.s.HttpSessionRequestCache        : Saved request http://localhost:8881/api/recipe/1 to session
?[0m?[0;34m2023-02-15 18:26:25.301 DEBUG 1091321 --- [nio-8881-exec-5] s.w.a.DelegatingAuthenticationEntryPoint : Trying to match using RequestHeaderRequestMatcher [expectedHeaderName=X-Requested-With, expectedHeaderValue=XMLHttpRequest]
?[0m?[0;34m2023-02-15 18:26:25.301 DEBUG 1091321 --- [nio-8881-exec-5] s.w.a.DelegatingAuthenticationEntryPoint : No match found. Using default entry point org.springframework.security.web.authentication.www.BasicAuthenticationEntryPoint@49f52a3c
?[0m?[0;34m2023-02-15 18:26:25.301 DEBUG 1091321 --- [nio-8881-exec-5] w.c.HttpSessionSecurityContextRepository : Did not store empty SecurityContext
?[0m?[0;34m2023-02-15 18:26:25.301 DEBUG 1091321 --- [nio-8881-exec-5] w.c.HttpSessionSecurityContextRepository : Did not store empty SecurityContext
?[0m?[0;34m2023-02-15 18:26:25.301 DEBUG 1091321 --- [nio-8881-exec-5] s.s.w.c.SecurityContextPersistenceFilter : Cleared SecurityContextHolder to complete request
?[0m?[0;34m2023-02-15 18:26:25.301 DEBUG 1091321 --- [nio-8881-exec-5] o.s.security.web.FilterChainProxy        : Securing PUT /error
?[0m?[0;34m2023-02-15 18:26:25.301 DEBUG 1091321 --- [nio-8881-exec-5] s.s.w.c.SecurityContextPersistenceFilter : Set SecurityContextHolder to empty SecurityContext
?[0m?[0;34m2023-02-15 18:26:25.301 DEBUG 1091321 --- [nio-8881-exec-5] o.s.s.w.a.AnonymousAuthenticationFilter  : Set SecurityContextHolder to anonymous SecurityContext
?[0m?[0;34m2023-02-15 18:26:25.301 DEBUG 1091321 --- [nio-8881-exec-5] o.s.security.web.FilterChainProxy        : Secured PUT /error
?[0m?[0;34m2023-02-15 18:26:25.302 DEBUG 1091321 --- [nio-8881-exec-5] w.c.HttpSessionSecurityContextRepository : Did not store anonymous SecurityContext
?[0m?[0;34m2023-02-15 18:26:25.302 DEBUG 1091321 --- [nio-8881-exec-5] w.c.HttpSessionSecurityContextRepository : Did not store anonymous SecurityContext
?[0m?[0;34m2023-02-15 18:26:25.302 DEBUG 1091321 --- [nio-8881-exec-5] s.s.w.c.SecurityContextPersistenceFilter : Cleared SecurityContextHolder to complete request
?[1;31m
Start test 79?[0m
?[0m?[0;34m2023-02-15 18:26:25.305 DEBUG 1091321 --- [nio-8881-exec-6] o.s.security.web.FilterChainProxy        : Securing DELETE /api/recipe/1
?[0m?[0;34m2023-02-15 18:26:25.305 DEBUG 1091321 --- [nio-8881-exec-6] s.s.w.c.SecurityContextPersistenceFilter : Set SecurityContextHolder to empty SecurityContext
?[0m?[0;34m2023-02-15 18:26:25.305 DEBUG 1091321 --- [nio-8881-exec-6] o.s.s.w.a.AnonymousAuthenticationFilter  : Set SecurityContextHolder to anonymous SecurityContext
?[0m?[0;34m2023-02-15 18:26:25.306 DEBUG 1091321 --- [nio-8881-exec-6] o.s.s.w.a.i.FilterSecurityInterceptor    : Failed to authorize filter invocation [DELETE /api/recipe/1] with attributes [authenticated]
?[0m?[0;34m2023-02-15 18:26:25.306 DEBUG 1091321 --- [nio-8881-exec-6] o.s.s.w.s.HttpSessionRequestCache        : Saved request http://localhost:8881/api/recipe/1 to session
?[0m?[0;34m2023-02-15 18:26:25.306 DEBUG 1091321 --- [nio-8881-exec-6] s.w.a.DelegatingAuthenticationEntryPoint : Trying to match using RequestHeaderRequestMatcher [expectedHeaderName=X-Requested-With, expectedHeaderValue=XMLHttpRequest]
?[0m?[0;34m2023-02-15 18:26:25.306 DEBUG 1091321 --- [nio-8881-exec-6] s.w.a.DelegatingAuthenticationEntryPoint : No match found. Using default entry point org.springframework.security.web.authentication.www.BasicAuthenticationEntryPoint@49f52a3c
?[0m?[0;34m2023-02-15 18:26:25.306 DEBUG 1091321 --- [nio-8881-exec-6] w.c.HttpSessionSecurityContextRepository : Did not store empty SecurityContext
?[0m?[0;34m2023-02-15 18:26:25.306 DEBUG 1091321 --- [nio-8881-exec-6] w.c.HttpSessionSecurityContextRepository : Did not store empty SecurityContext
?[0m?[0;34m2023-02-15 18:26:25.306 DEBUG 1091321 --- [nio-8881-exec-6] s.s.w.c.SecurityContextPersistenceFilter : Cleared SecurityContextHolder to complete request
?[0m?[0;34m2023-02-15 18:26:25.306 DEBUG 1091321 --- [nio-8881-exec-6] o.s.security.web.FilterChainProxy        : Securing DELETE /error
?[0m?[0;34m2023-02-15 18:26:25.306 DEBUG 1091321 --- [nio-8881-exec-6] s.s.w.c.SecurityContextPersistenceFilter : Set SecurityContextHolder to empty SecurityContext
?[0m?[0;34m2023-02-15 18:26:25.306 DEBUG 1091321 --- [nio-8881-exec-6] o.s.s.w.a.AnonymousAuthenticationFilter  : Set SecurityContextHolder to anonymous SecurityContext
?[0m?[0;34m2023-02-15 18:26:25.306 DEBUG 1091321 --- [nio-8881-exec-6] o.s.security.web.FilterChainProxy        : Secured DELETE /error
?[0m?[0;34m2023-02-15 18:26:25.307 DEBUG 1091321 --- [nio-8881-exec-6] w.c.HttpSessionSecurityContextRepository : Did not store anonymous SecurityContext
?[0m?[0;34m2023-02-15 18:26:25.308 DEBUG 1091321 --- [nio-8881-exec-6] w.c.HttpSessionSecurityContextRepository : Did not store anonymous SecurityContext
?[0m?[0;34m2023-02-15 18:26:25.308 DEBUG 1091321 --- [nio-8881-exec-6] s.s.w.c.SecurityContextPersistenceFilter : Cleared SecurityContextHolder to complete request
?[1;31m
Start test 80?[0m
?[0m?[0;34m2023-02-15 18:26:25.311 DEBUG 1091321 --- [nio-8881-exec-7] o.s.security.web.FilterChainProxy        : Securing GET /api/recipe/search/?category=dessert
?[0m?[0;34m2023-02-15 18:26:25.311 DEBUG 1091321 --- [nio-8881-exec-7] s.s.w.c.SecurityContextPersistenceFilter : Set SecurityContextHolder to empty SecurityContext
?[0m?[0;34m2023-02-15 18:26:25.311 DEBUG 1091321 --- [nio-8881-exec-7] o.s.s.w.a.AnonymousAuthenticationFilter  : Set SecurityContextHolder to anonymous SecurityContext
?[0m?[0;34m2023-02-15 18:26:25.312 DEBUG 1091321 --- [nio-8881-exec-7] o.s.s.w.a.i.FilterSecurityInterceptor    : Failed to authorize filter invocation [GET /api/recipe/search/?category=dessert] with attributes [authenticated]
?[0m?[0;34m2023-02-15 18:26:25.312 DEBUG 1091321 --- [nio-8881-exec-7] o.s.s.w.s.HttpSessionRequestCache        : Saved request http://localhost:8881/api/recipe/search/?category=dessert to session
?[0m?[0;34m2023-02-15 18:26:25.312 DEBUG 1091321 --- [nio-8881-exec-7] s.w.a.DelegatingAuthenticationEntryPoint : Trying to match using RequestHeaderRequestMatcher [expectedHeaderName=X-Requested-With, expectedHeaderValue=XMLHttpRequest]
?[0m?[0;34m2023-02-15 18:26:25.312 DEBUG 1091321 --- [nio-8881-exec-7] s.w.a.DelegatingAuthenticationEntryPoint : No match found. Using default entry point org.springframework.security.web.authentication.www.BasicAuthenticationEntryPoint@49f52a3c
?[0m?[0;34m2023-02-15 18:26:25.312 DEBUG 1091321 --- [nio-8881-exec-7] w.c.HttpSessionSecurityContextRepository : Did not store empty SecurityContext
?[0m?[0;34m2023-02-15 18:26:25.312 DEBUG 1091321 --- [nio-8881-exec-7] w.c.HttpSessionSecurityContextRepository : Did not store empty SecurityContext
?[0m?[0;34m2023-02-15 18:26:25.312 DEBUG 1091321 --- [nio-8881-exec-7] s.s.w.c.SecurityContextPersistenceFilter : Cleared SecurityContextHolder to complete request
?[0m?[0;34m2023-02-15 18:26:25.312 DEBUG 1091321 --- [nio-8881-exec-7] o.s.security.web.FilterChainProxy        : Securing GET /error?category=dessert
?[0m?[0;34m2023-02-15 18:26:25.312 DEBUG 1091321 --- [nio-8881-exec-7] s.s.w.c.SecurityContextPersistenceFilter : Set SecurityContextHolder to empty SecurityContext
?[0m?[0;34m2023-02-15 18:26:25.312 DEBUG 1091321 --- [nio-8881-exec-7] o.s.s.w.a.AnonymousAuthenticationFilter  : Set SecurityContextHolder to anonymous SecurityContext
?[0m?[0;34m2023-02-15 18:26:25.312 DEBUG 1091321 --- [nio-8881-exec-7] o.s.security.web.FilterChainProxy        : Secured GET /error?category=dessert
?[0m?[0;34m2023-02-15 18:26:25.313 DEBUG 1091321 --- [nio-8881-exec-7] w.c.HttpSessionSecurityContextRepository : Did not store anonymous SecurityContext
?[0m?[0;34m2023-02-15 18:26:25.314 DEBUG 1091321 --- [nio-8881-exec-7] w.c.HttpSessionSecurityContextRepository : Did not store anonymous SecurityContext
?[0m?[0;34m2023-02-15 18:26:25.314 DEBUG 1091321 --- [nio-8881-exec-7] s.s.w.c.SecurityContextPersistenceFilter : Cleared SecurityContextHolder to complete request
?[1;31m
Start test 81?[0m
?[0m?[0;34m2023-02-15 18:26:25.316 DEBUG 1091321 --- [nio-8881-exec-8] o.s.security.web.FilterChainProxy        : Securing GET /api/recipe/search/?name=ice-cream
?[0m?[0;34m2023-02-15 18:26:25.317 DEBUG 1091321 --- [nio-8881-exec-8] s.s.w.c.SecurityContextPersistenceFilter : Set SecurityContextHolder to empty SecurityContext
?[0m?[0;34m2023-02-15 18:26:25.317 DEBUG 1091321 --- [nio-8881-exec-8] o.s.s.w.a.AnonymousAuthenticationFilter  : Set SecurityContextHolder to anonymous SecurityContext
?[0m?[0;34m2023-02-15 18:26:25.317 DEBUG 1091321 --- [nio-8881-exec-8] o.s.s.w.a.i.FilterSecurityInterceptor    : Failed to authorize filter invocation [GET /api/recipe/search/?name=ice-cream] with attributes [authenticated]
?[0m?[0;34m2023-02-15 18:26:25.317 DEBUG 1091321 --- [nio-8881-exec-8] o.s.s.w.s.HttpSessionRequestCache        : Saved request http://localhost:8881/api/recipe/search/?name=ice-cream to session
?[0m?[0;34m2023-02-15 18:26:25.317 DEBUG 1091321 --- [nio-8881-exec-8] s.w.a.DelegatingAuthenticationEntryPoint : Trying to match using RequestHeaderRequestMatcher [expectedHeaderName=X-Requested-With, expectedHeaderValue=XMLHttpRequest]
?[0m?[0;34m2023-02-15 18:26:25.317 DEBUG 1091321 --- [nio-8881-exec-8] s.w.a.DelegatingAuthenticationEntryPoint : No match found. Using default entry point org.springframework.security.web.authentication.www.BasicAuthenticationEntryPoint@49f52a3c
?[0m?[0;34m2023-02-15 18:26:25.317 DEBUG 1091321 --- [nio-8881-exec-8] w.c.HttpSessionSecurityContextRepository : Did not store empty SecurityContext
?[0m?[0;34m2023-02-15 18:26:25.317 DEBUG 1091321 --- [nio-8881-exec-8] w.c.HttpSessionSecurityContextRepository : Did not store empty SecurityContext
?[0m?[0;34m2023-02-15 18:26:25.317 DEBUG 1091321 --- [nio-8881-exec-8] s.s.w.c.SecurityContextPersistenceFilter : Cleared SecurityContextHolder to complete request
?[0m?[0;34m2023-02-15 18:26:25.318 DEBUG 1091321 --- [nio-8881-exec-8] o.s.security.web.FilterChainProxy        : Securing GET /error?name=ice-cream
?[0m?[0;34m2023-02-15 18:26:25.318 DEBUG 1091321 --- [nio-8881-exec-8] s.s.w.c.SecurityContextPersistenceFilter : Set SecurityContextHolder to empty SecurityContext
?[0m?[0;34m2023-02-15 18:26:25.318 DEBUG 1091321 --- [nio-8881-exec-8] o.s.s.w.a.AnonymousAuthenticationFilter  : Set SecurityContextHolder to anonymous SecurityContext
?[0m?[0;34m2023-02-15 18:26:25.318 DEBUG 1091321 --- [nio-8881-exec-8] o.s.security.web.FilterChainProxy        : Secured GET /error?name=ice-cream
?[0m?[0;34m2023-02-15 18:26:25.319 DEBUG 1091321 --- [nio-8881-exec-8] w.c.HttpSessionSecurityContextRepository : Did not store anonymous SecurityContext
?[0m?[0;34m2023-02-15 18:26:25.319 DEBUG 1091321 --- [nio-8881-exec-8] w.c.HttpSessionSecurityContextRepository : Did not store anonymous SecurityContext
?[0m?[0;34m2023-02-15 18:26:25.319 DEBUG 1091321 --- [nio-8881-exec-8] s.s.w.c.SecurityContextPersistenceFilter : Cleared SecurityContextHolder to complete request
?[0m2023-02-15 18:26:25.322 DEBUG 1091321 --- [nio-8881-exec-9] o.s.security.web.FilterChainProxy        : Securing POST /actuator/shutdown
2023-02-15 18:26:25.322 DEBUG 1091321 --- [nio-8881-exec-9] s.s.w.c.SecurityContextPersistenceFilter : Set SecurityContextHolder to empty SecurityContext
2023-02-15 18:26:25.323 DEBUG 1091321 --- [nio-8881-exec-9] o.s.s.w.a.AnonymousAuthenticationFilter  : Set SecurityContextHolder to anonymous SecurityContext
2023-02-15 18:26:25.323 DEBUG 1091321 --- [nio-8881-exec-9] o.s.s.w.a.i.FilterSecurityInterceptor    : Authorized public object filter invocation [POST /actuator/shutdown]
2023-02-15 18:26:25.323 DEBUG 1091321 --- [nio-8881-exec-9] o.s.security.web.FilterChainProxy        : Secured POST /actuator/shutdown
2023-02-15 18:26:25.325 DEBUG 1091321 --- [nio-8881-exec-9] w.c.HttpSessionSecurityContextRepository : Did not store anonymous SecurityContext
2023-02-15 18:26:25.325 DEBUG 1091321 --- [nio-8881-exec-9] w.c.HttpSessionSecurityContextRepository : Did not store anonymous SecurityContext
2023-02-15 18:26:25.325 DEBUG 1091321 --- [nio-8881-exec-9] s.s.w.c.SecurityContextPersistenceFilter : Cleared SecurityContextHolder to complete request
]]></system-out>
  <system-err><![CDATA[]]></system-err>
</testsuite>
